Log file open, 07/21/17 11:10:40
LogInit:Display: Running engine for game: DSHockeyGame
LogPlatformFile: Not using cached read wrapper
LogInit:Display: RandInit(468234589) SRandInit(468234589).
LogTaskGraph: Started task graph with 5 named threads and 10 total threads with 1 sets of task threads.
LogStats: Stats thread started at 0.115101
LogInit: Using libcurl 7.47.1
LogInit:  - built for x86_64-pc-win32
LogInit:  - supports SSL with OpenSSL/1.0.2g
LogInit:  - supports HTTP deflate (compression) using libz 1.2.8
LogInit:  - other features:
LogInit:      CURL_VERSION_SSL
LogInit:      CURL_VERSION_LIBZ
LogInit:      CURL_VERSION_IPV6
LogInit:      CURL_VERSION_ASYNCHDNS
LogInit:      CURL_VERSION_LARGEFILE
LogInit:      CURL_VERSION_IDN
LogInit:  CurlRequestOptions (configurable via config and command line):
LogInit:  - bVerifyPeer = false  - Libcurl will NOT verify peer certificate
LogInit:  - bUseHttpProxy = false  - Libcurl will NOT use HTTP proxy
LogInit:  - bDontReuseConnections = false  - Libcurl will reuse connections
LogInit:  - CertBundlePath = nullptr  - Libcurl will use whatever was configured at build time.
LogInit: Build: ++UE4+Release-4.16-CL-3514769
LogInit: Engine Version: 4.16.2-3514769+++UE4+Release-4.16
LogInit: Compatible Engine Version: 4.16.0-3452394+++UE4+Release-4.16
LogInit: Net CL: 3452394
LogDevObjectVersion: Number of dev versions registered: 16
LogDevObjectVersion:   Dev-Blueprints (B0D832E4-1F89-4F0D-ACCF-7EB736FD4AA2): 9
LogDevObjectVersion:   Dev-Build (E1C64328-A22C-4D53-A36C-8E866417BD8C): 0
LogDevObjectVersion:   Dev-Core (375EC13C-06E4-48FB-B500-84F0262A717E): 2
LogDevObjectVersion:   Dev-Editor (E4B068ED-F494-42E9-A231-DA0B2E46BB41): 17
LogDevObjectVersion:   Dev-Framework (CFFC743F-43B0-4480-9391-14DF171D2073): 23
LogDevObjectVersion:   Dev-Mobile (B02B49B5-BB20-44E9-A304-32B752E40360): 0
LogDevObjectVersion:   Dev-Networking (A4E4105C-59A1-49B5-A7C5-40C4547EDFEE): 0
LogDevObjectVersion:   Dev-Online (39C831C9-5AE6-47DC-9A44-9C173E1C8E7C): 0
LogDevObjectVersion:   Dev-Physics (78F01B33-EBEA-4F98-B9B4-84EACCB95AA2): 0
LogDevObjectVersion:   Dev-Platform (6631380F-2D4D-43E0-8009-CF276956A95A): 0
LogDevObjectVersion:   Dev-Rendering (12F88B9F-8875-4AFC-A67C-D90C383ABD29): 15
LogDevObjectVersion:   Dev-Sequencer (7B5AE74C-D270-4C10-A958-57980B212A5A): 4
LogDevObjectVersion:   Dev-VR (D7296918-1DD6-4BDD-9DE2-64A83CC13884): 0
LogDevObjectVersion:   Dev-LoadTimes (C2A15278-BFE7-4AFE-6C17-90FF531DF755): 1
LogDevObjectVersion:   Private-Geometry (6EACA3D4-40EC-4CC1-B786-8BED09428FC5): 1
LogDevObjectVersion:   Dev-AnimPhys (29E575DD-E0A3-4627-9D10-D276232CDCEA): 3
LogInit: Compiled (64-bit): Jun 29 2017 02:03:24
LogInit: Compiled with Visual C++: 19.00.24215.01
LogInit: Build Configuration: Development
LogInit: Branch Name: ++UE4+Release-4.16
LogInit: Command line: -EpicPortal 
LogInit: Base directory: C:/Program Files/Epic Games/UE_4.16/Engine/Binaries/Win64/
LogInit: Installed Engine Build: 1
LogInit: Presizing for max 8388607 objects, including 0 objects not considered by GC, pre-allocating 0 bytes for permanent pool.
LogInit: Object subsystem initialized
[2017.07.21-09.10.41:263][  0]LogInit: Selected Device Profile: [Windows]
[2017.07.21-09.10.41:263][  0]LogInit: Applying CVar settings loaded from the selected device profile: [Windows]
[2017.07.21-09.10.41:277][  0]LogInit: Computer: PC1011604132
[2017.07.21-09.10.41:277][  0]LogInit: User: LocalAdmin
[2017.07.21-09.10.41:277][  0]LogInit: CPU Page size=4096, Cores=6
[2017.07.21-09.10.41:277][  0]LogInit: High frequency timer resolution =3.220792 MHz
[2017.07.21-09.10.41:277][  0]LogMemory: Memory total: Physical=15.9GB (16GB approx)
[2017.07.21-09.10.41:277][  0]LogMemory: Platform Memory Stats for Windows
[2017.07.21-09.10.41:277][  0]LogMemory: Process Physical Memory: 272.45 MB used, 272.45 MB peak
[2017.07.21-09.10.41:277][  0]LogMemory: Process Virtual Memory: 259.17 MB used, 259.17 MB peak
[2017.07.21-09.10.41:277][  0]LogMemory: Physical Memory: 3556.10 MB used,  12738.93 MB free, 16295.03 MB total
[2017.07.21-09.10.41:277][  0]LogMemory: Virtual Memory: 639.95 MB used,  12738.93 MB free, 134217728.00 MB total
[2017.07.21-09.10.41:365][  0]LogInit: Using OS detected language (de-DE).
[2017.07.21-09.10.41:365][  0]LogInit: Using OS detected locale (de-DE).
[2017.07.21-09.10.41:369][  0]LogTextLocalizationManager: No localization for 'de-DE' exists, so 'en' will be used for the language.
[2017.07.21-09.10.41:369][  0]LogTextLocalizationManager: No localization for 'de-DE' exists, so 'en' will be used for the locale.
[2017.07.21-09.10.42:369][  0]LogD3D11RHI: D3D11 adapters:
[2017.07.21-09.10.42:396][  0]LogD3D11RHI:    0. 'NVIDIA GeForce GTX 980 Ti' (Feature Level 11_0)
[2017.07.21-09.10.42:396][  0]LogD3D11RHI:       6102/0/8147 MB DedicatedVideo/DedicatedSystem/SharedSystem, Outputs:1, VendorId:0x10de
[2017.07.21-09.10.42:398][  0]LogD3D11RHI:    1. 'Microsoft Basic Render Driver' (Feature Level 11_0)
[2017.07.21-09.10.42:398][  0]LogD3D11RHI:       0/0/8147 MB DedicatedVideo/DedicatedSystem/SharedSystem, Outputs:0, VendorId:0x1414
[2017.07.21-09.10.42:398][  0]LogD3D11RHI: Chosen D3D11 Adapter: 0
[2017.07.21-09.10.42:402][  0]LogD3D11RHI: Creating new Direct3DDevice
[2017.07.21-09.10.42:402][  0]LogD3D11RHI:     GPU DeviceId: 0x17c8 (for the marketing name, search the web for "GPU Device Id")
[2017.07.21-09.10.42:402][  0]LogWindows: EnumDisplayDevices:
[2017.07.21-09.10.42:402][  0]LogWindows:    0. 'NVIDIA GeForce GTX 980 Ti' (P:1 D:1)
[2017.07.21-09.10.42:403][  0]LogWindows:    1. 'NVIDIA GeForce GTX 980 Ti' (P:0 D:0)
[2017.07.21-09.10.42:403][  0]LogWindows:    2. 'NVIDIA GeForce GTX 980 Ti' (P:0 D:0)
[2017.07.21-09.10.42:403][  0]LogWindows:    3. 'NVIDIA GeForce GTX 980 Ti' (P:0 D:0)
[2017.07.21-09.10.42:404][  0]LogWindows: DebugString: FoundDriverCount:4 
[2017.07.21-09.10.42:404][  0]LogD3D11RHI:     Adapter Name: NVIDIA GeForce GTX 980 Ti
[2017.07.21-09.10.42:404][  0]LogD3D11RHI:   Driver Version: 376.53 (internal:21.21.13.7653, unified:376.53)
[2017.07.21-09.10.42:404][  0]LogD3D11RHI:      Driver Date: 12-29-2016
[2017.07.21-09.10.42:404][  0]LogRHI: Texture pool is 1361 MB (70% of 1945 MB)
[2017.07.21-09.10.42:423][  0]LogD3D11RHI: Async texture creation enabled
[2017.07.21-09.10.42:435][  0]LogD3D11RHI: GPU Timing Frequency: 1000.000000 (Debug: 2 1)
[2017.07.21-09.10.42:478][  0]LogShaderCompilers: Guid format shader working directory is 17 characters bigger than the processId version (D:/MA Daniel Schmidl/Masterarbeit/Intermediate/Shaders/WorkingDirectory/10168/).
[2017.07.21-09.10.42:479][  0]LogShaderCompilers: Cleaned the shader compiler working directory 'C:/Users/LocalAdmin/AppData/Local/Temp/UnrealShaderWorkingDir/4C092FD24CC56F5404FE3886EC78D30B/'.
[2017.07.21-09.10.42:479][  0]LogShaderCompilers:Display: Using Local Shader Compiler.
[2017.07.21-09.10.43:732][  0]LogTemp:Display: Loaded TP AllDesktopTargetPlatform
[2017.07.21-09.10.43:805][  0]LogTemp:Display: Loaded TP MacClientTargetPlatform
[2017.07.21-09.10.43:878][  0]LogTemp:Display: Loaded TP MacNoEditorTargetPlatform
[2017.07.21-09.10.43:944][  0]LogTemp:Display: Loaded TP MacServerTargetPlatform
[2017.07.21-09.10.44:012][  0]LogTemp:Display: Loaded TP MacTargetPlatform
[2017.07.21-09.10.44:077][  0]LogTemp:Display: Loaded TP WindowsClientTargetPlatform
[2017.07.21-09.10.44:141][  0]LogTemp:Display: Loaded TP WindowsNoEditorTargetPlatform
[2017.07.21-09.10.44:205][  0]LogTemp:Display: Loaded TP WindowsServerTargetPlatform
[2017.07.21-09.10.44:263][  0]LogTemp:Display: Loaded TP WindowsTargetPlatform
[2017.07.21-09.10.44:335][  0]LogTemp:Display: Loaded TP AndroidTargetPlatform
[2017.07.21-09.10.44:400][  0]LogTemp:Display: Loaded TP Android_ASTCTargetPlatform
[2017.07.21-09.10.44:466][  0]LogTemp:Display: Loaded TP Android_ATCTargetPlatform
[2017.07.21-09.10.44:533][  0]LogTemp:Display: Loaded TP Android_DXTTargetPlatform
[2017.07.21-09.10.44:601][  0]LogTemp:Display: Loaded TP Android_ETC1TargetPlatform
[2017.07.21-09.10.44:672][  0]LogTemp:Display: Loaded TP Android_ETC2TargetPlatform
[2017.07.21-09.10.44:801][  0]LogTemp:Display: Loaded TP Android_MultiTargetPlatform
[2017.07.21-09.10.44:801][  0]LogTemp:Display: Loaded TP Android_PVRTCTargetPlatform
[2017.07.21-09.10.44:854][  0]LogTemp:Display: Loaded TP HTML5TargetPlatform
[2017.07.21-09.10.44:969][  0]LogTemp:Display: Loaded TP IOSTargetPlatform
[2017.07.21-09.10.45:007][  0]LogTemp:Display: Loaded TP TVOSTargetPlatform
[2017.07.21-09.10.45:071][  0]LogTemp:Display: Loaded TP LinuxClientTargetPlatform
[2017.07.21-09.10.45:133][  0]LogTemp:Display: Loaded TP LinuxNoEditorTargetPlatform
[2017.07.21-09.10.45:196][  0]LogTemp:Display: Loaded TP LinuxServerTargetPlatform
[2017.07.21-09.10.45:260][  0]LogTemp:Display: Loaded TP LinuxTargetPlatform
[2017.07.21-09.10.45:260][  0]LogTargetPlatformManager:Display: Building Assets For Windows
[2017.07.21-09.10.45:924][  0]LogDerivedDataCache:Display: Max Cache Size: 512 MB
[2017.07.21-09.10.46:005][  0]LogDerivedDataCache: Loaded boot cache 0.08s 94MB C:/Users/LocalAdmin/AppData/Local/UnrealEngine/4.16/DerivedDataCache/Boot.ddc.
[2017.07.21-09.10.46:005][  0]LogDerivedDataCache:Display: Loaded Boot cache: C:/Users/LocalAdmin/AppData/Local/UnrealEngine/4.16/DerivedDataCache/Boot.ddc
[2017.07.21-09.10.46:005][  0]LogDerivedDataCache: FDerivedDataBackendGraph:  Pak pak cache file D:/MA Daniel Schmidl/Masterarbeit/DerivedDataCache/DDC.ddp not found, will not use a pak cache.
[2017.07.21-09.10.46:005][  0]LogDerivedDataCache: Unable to find inner node Pak for hierarchical cache Hierarchy.
[2017.07.21-09.10.46:005][  0]LogDerivedDataCache: FDerivedDataBackendGraph:  CompressedPak pak cache file D:/MA Daniel Schmidl/Masterarbeit/DerivedDataCache/Compressed.ddp not found, will not use a pak cache.
[2017.07.21-09.10.46:005][  0]LogDerivedDataCache: Unable to find inner node CompressedPak for hierarchical cache Hierarchy.
[2017.07.21-09.10.46:024][  0]LogDerivedDataCache:Display: Pak cache opened for reading ../../../Engine/DerivedDataCache/Compressed.ddp.
[2017.07.21-09.10.46:036][  0]LogDerivedDataCache: Using Local data cache path C:/Users/LocalAdmin/AppData/Local/UnrealEngine/Common/DerivedDataCache: Writable
[2017.07.21-09.10.46:046][  0]LogMaterial: Verifying Global Shaders for PCD3D_SM5
[2017.07.21-09.10.46:046][  0]LogSlate: Using Freetype 2.6.0
[2017.07.21-09.10.46:047][  0]LogSlate: SlateFontCache - WITH_FREETYPE: 1, WITH_HARFBUZZ: 1
[2017.07.21-09.10.46:047][  0]LogSlate: SlateFontCache - WITH_FREETYPE: 1, WITH_HARFBUZZ: 1
[2017.07.21-09.10.46:393][  0]LogInit: Selected Device Profile: [Windows]
[2017.07.21-09.10.46:460][  0]LogContentStreaming: Texture pool size is 0.00 MB
[2017.07.21-09.10.46:649][  0]LogMeshUtilities: Using QuadricMeshReduction for automatic static mesh reduction
[2017.07.21-09.10.46:711][  0]LogSimplygon: Simplygon DLL not present - disabling.
[2017.07.21-09.10.46:776][  0]LogMeshUtilities: Using SimplygonSwarm for distributed automatic mesh merging
[2017.07.21-09.10.46:776][  0]LogMeshUtilities: No automatic skeletal mesh reduction module available
[2017.07.21-09.10.46:776][  0]LogMeshUtilities: No automatic mesh merging module available
[2017.07.21-09.10.47:379][  0]LogNetVersion: DSHockeyGame , NetCL: 3452394, EngineNetVer: 2, GameNetVer: 0 (Checksum: 256397287)
[2017.07.21-09.10.47:447][  0]LogAssetRegistry: FAssetRegistry took 0.0249 seconds to start up
[2017.07.21-09.10.47:495][  0]LogPackageLocalizationCache: Processed 4 localized package path(s) for 1 prioritized culture(s) in 0.012960 seconds
[2017.07.21-09.10.47:500][  0]LogUObjectArray: 34194 objects as part of root set at end of initial load.
[2017.07.21-09.10.47:500][  0]LogUObjectAllocator: 7260424 out of 0 bytes used by permanent object pool.
[2017.07.21-09.10.47:500][  0]LogUObjectArray: CloseDisregardForGC: 0/0 objects in disregard for GC pool
[2017.07.21-09.10.47:591][  0]LogInit: WinSock: version 1.1 (2.2), MaxSocks=32767, MaxUdp=65467
[2017.07.21-09.10.50:522][  0]LogTcpMessaging: Initializing TcpMessaging bridge
[2017.07.21-09.10.50:572][  0]LogUdpMessaging: Initializing bridge on interface 0.0.0.0:0 to multicast group 230.0.0.1:6666.
[2017.07.21-09.10.51:242][  0]LogMaterial: Uniform references updated for custom material expression Custom.
[2017.07.21-09.10.51:763][  0]SourceControl: Info Source control is disabled
[2017.07.21-09.10.51:764][  0]SourceControl: Info Source control is disabled
[2017.07.21-09.10.51:830][  0]SourceControl: Info Source control is disabled
[2017.07.21-09.10.51:893][  0]SourceControl: Info Source control is disabled
[2017.07.21-09.10.52:821][  0]LogAndroidPermission: UAndroidPermissionCallbackProxy::GetInstance
[2017.07.21-09.10.53:617][  0]LogEngine: Initializing Engine...
[2017.07.21-09.10.54:146][  0]LogHMD: SteamVR initialized.  Driver: lighthouse  Display: LHR-F79729DE
[2017.07.21-09.10.54:402][  0]LogStats: UGameplayTagsManager::ConstructGameplayTagTree: Construct from data asset -  0.000 s
[2017.07.21-09.10.54:402][  0]LogStats: UGameplayTagsManager::ConstructGameplayTagTree: GameplayTagTreeChangedEvent.Broadcast -  0.000 s
[2017.07.21-09.10.54:563][  0]LogAIModule: Creating AISystem for world Untitled
[2017.07.21-09.10.54:581][  0]LogInit: XAudio2 using 'Lautsprecher (USB Audio Device)' : 2 channels at 44.1 kHz using 16 bits per sample (channel mask 0x3)
[2017.07.21-09.10.54:593][  0]LogInit: FAudioDevice initialized.
[2017.07.21-09.10.54:638][  0]LogDerivedDataCache: Saved boot cache 0.05s 103MB C:/Users/LocalAdmin/AppData/Local/UnrealEngine/4.16/DerivedDataCache/Boot.ddc.
[2017.07.21-09.10.54:649][  0]LogInit: Texture streaming: Enabled
[2017.07.21-09.10.54:777][  0]LogEngineSessionManager: EngineSessionManager initialized
[2017.07.21-09.10.55:053][  0]LogInit: Transaction tracking system initialized
[2017.07.21-09.10.55:458][  0]BlueprintLog: New page: Editor Load
[2017.07.21-09.10.56:671][  0]LocalizationService: Info Localization service is disabled
[2017.07.21-09.10.57:546][  0]LogConsoleResponse:Display: 
[2017.07.21-09.10.57:735][  0]LogCook:Display: Max memory allowance for cook 16384mb min free memory 0mb
[2017.07.21-09.10.57:735][  0]LogCook:Display: Mobile HDR setting 1
[2017.07.21-09.10.57:807][  0]LogFileCache: Scanning file cache for directory 'D:/MA Daniel Schmidl/Masterarbeit/Content/' took 0.01s
[2017.07.21-09.10.59:046][  0]SourceControl: Info Source control is disabled
[2017.07.21-09.10.59:046][  0]Cmd: MAP LOAD FILE="D:/MA Daniel Schmidl/Masterarbeit/Content/VirtualRealityBP/Maps/StartupMap.umap" TEMPLATE=0 SHOWPROGRESS=1 FEATURELEVEL=3
[2017.07.21-09.10.59:049][  0]LightingResults: New page: Lighting Build
[2017.07.21-09.10.59:102][  0]MapCheck: New page: Map Check
[2017.07.21-09.10.59:102][  0]LightingResults: New page: Lighting Build
[2017.07.21-09.10.59:204][  0]LogAIModule: Creating AISystem for world StartupMap
[2017.07.21-09.10.59:212][  0]LogEditorServer: Finished looking for orphan Actors (0.000 secs)
[2017.07.21-09.10.59:219][  0]Cmd: MAP CHECKDEP NOCLEARLOG
[2017.07.21-09.10.59:280][  0]MapCheck: Info Map check complete: 0 Error(s), 0 Warning(s), took 61.006ms to complete.
[2017.07.21-09.10.59:280][  0]LogFileHelpers: Loading map 'StartupMap' took 0.234
[2017.07.21-09.10.59:341][  0]LogWindowsTextInputMethodSystem:Display: IME system now deactivated.
[2017.07.21-09.10.59:424][  0]LogCollectionManager: Loaded 0 collections in 0.001704 seconds
[2017.07.21-09.10.59:517][  0]LogFileCache: Scanning file cache for directory 'D:/MA Daniel Schmidl/Masterarbeit/Saved/Collections/' took 0.01s
[2017.07.21-09.10.59:517][  0]LogFileCache: Scanning file cache for directory 'D:/MA Daniel Schmidl/Masterarbeit/Content/Developers/LocalAdmin/Collections/' took 0.01s
[2017.07.21-09.10.59:517][  0]LogFileCache: Scanning file cache for directory 'D:/MA Daniel Schmidl/Masterarbeit/Content/Collections/' took 0.01s
[2017.07.21-09.10.59:517][  0]LogCollectionManager: Rebuilt the GUID cache for 0 collections in 0.000002 seconds
[2017.07.21-09.10.59:527][  0]LogContentBrowser: Native class hierarchy populated in 0.0102 seconds. Added 2329 classes and 491 folders.
[2017.07.21-09.10.59:612][  0]LogContentBrowser: Native class hierarchy updated for 'WidgetCarousel' in 0.0006 seconds. Added 0 classes and 0 folders.
[2017.07.21-09.10.59:718][  0]LogContentBrowser: Native class hierarchy updated for 'AddContentDialog' in 0.0006 seconds. Added 0 classes and 0 folders.
[2017.07.21-09.10.59:775][  0]LogContentBrowser: Native class hierarchy updated for 'SceneOutliner' in 0.0006 seconds. Added 1 classes and 2 folders.
[2017.07.21-09.10.59:824][  0]LogCrashTracker: Crashtracker disabled due to settings.
[2017.07.21-09.10.59:828][  0]LogSlate: Took 0.000228 seconds to synchronously load lazily loaded font '../../../Engine/Content/Slate/Fonts/Roboto-Regular.ttf' (155K)
[2017.07.21-09.10.59:829][  0]LogSlate: Took 0.000202 seconds to synchronously load lazily loaded font '../../../Engine/Content/Slate/Fonts/Roboto-Bold.ttf' (160K)
[2017.07.21-09.10.59:835][  0]LogSlate: Took 0.001051 seconds to synchronously load lazily loaded font '../../../Engine/Content/Editor/Slate/Fonts/FontAwesome.ttf' (139K)
[2017.07.21-09.10.59:933][  0]LogRenderer: Reallocating scene render targets to support 1616x808 NumSamples 1 (Frame:1).
[2017.07.21-09.11.00:128][  0]LogContentBrowser: Native class hierarchy updated for 'HierarchicalLODOutliner' in 0.0006 seconds. Added 1 classes and 2 folders.
[2017.07.21-09.11.00:128][  0]LogLoad: (Engine Initialization) Total time: 20.74 seconds
[2017.07.21-09.11.00:128][  0]LogLoad: (Engine Initialization) Total Blueprint compile time: 0.06 seconds
[2017.07.21-09.11.00:128][  0]LogExternalProfiler: No external profilers were discovered.  External profiling features will not be available.
[2017.07.21-09.11.00:137][  0]LogOcInput: OculusInput pre-init called
[2017.07.21-09.11.00:137][  0]LogHMD: Starting GearVRController plugin
[2017.07.21-09.11.00:155][  0]LogContentStreaming: Texture pool size now 1000 MB
[2017.07.21-09.11.00:245][  1]LogAssetRegistry: Asset discovery search completed in 12.8190 seconds
[2017.07.21-09.11.00:246][  1]LogCollectionManager: Rebuilt the object cache for 0 collections in 0.000000 seconds (found 0 objects)
[2017.07.21-09.11.00:246][  1]LogCollectionManager: Fixed up redirectors for 0 collections in 0.000024 seconds (updated 0 objects)
[2017.07.21-09.11.01:151][104]LogSlate: Took 0.001168 seconds to synchronously load lazily loaded font '../../../Engine/Content/Slate/Fonts/Roboto-Light.ttf' (159K)
[2017.07.21-09.14.29:864][ 42]LogSlate: Took 0.000261 seconds to synchronously load lazily loaded font '../../../Engine/Content/Slate/Fonts/Roboto-Light.ttf' (159K)
[2017.07.21-09.14.31:405][222]Cmd: MAP LOAD FILE="D:/MA Daniel Schmidl/Masterarbeit/Content/VirtualRealityBP/Maps/PrototypeMap.umap" TEMPLATE=0 SHOWPROGRESS=1 FEATURELEVEL=3
[2017.07.21-09.14.31:409][222]LogSlate: Took 0.000250 seconds to synchronously load lazily loaded font '../../../Engine/Content/Slate/Fonts/Roboto-Light.ttf' (159K)
[2017.07.21-09.14.31:415][222]LightingResults: New page: Lighting Build
[2017.07.21-09.14.31:415][222]LoadErrors: New page: Loading map: PrototypeMap.umap
[2017.07.21-09.14.31:418][222]MapCheck: New page: Map Check
[2017.07.21-09.14.31:418][222]LightingResults: New page: Lighting Build
[2017.07.21-09.14.31:583][222]LogBlueprint:Warning: [Compiler BP_MotionController] Warning  ProjectPointToNavigation_DEPRECATED  is deprecated; This version of ProjectPointToNavigation is deprecated. Please use the new version
[2017.07.21-09.14.31:602][222]LogBlueprint:Warning: [Compiler BP_MotionController] Warning [0232.21] Compile of BP_MotionController successful, but with 1 Warning(s) [in 31 ms] (/Game/VirtualRealityBP/Blueprints/BP_MotionController.BP_MotionController)
[2017.07.21-09.14.31:603][222]LogBlueprint:Warning: [Compiler BP_MotionController] Warning [0232.21] Compile of BP_MotionController successful, but with 2 Warning(s) [in 0 ms] (/Game/VirtualRealityBP/Blueprints/BP_MotionController.BP_MotionController)
[2017.07.21-09.14.31:603][222]LogBlueprint:Warning: [Compiler BP_MotionController] Warning [0232.21] Compile of BP_MotionController successful, but with 3 Warning(s) [in 0 ms] (/Game/VirtualRealityBP/Blueprints/BP_MotionController.BP_MotionController)
[2017.07.21-09.14.31:627][222]LogBlueprint:Warning: [Compiler BP_MotionController] Warning  ProjectPointToNavigation_DEPRECATED  is deprecated; This version of ProjectPointToNavigation is deprecated. Please use the new version
[2017.07.21-09.14.31:648][222]LogBlueprint:Warning: [Compiler BP_MotionController] Warning [0232.26] Compile of BP_MotionController successful, but with 1 Warning(s) [in 38 ms] (/Game/VirtualRealityBP/Blueprints/BP_MotionController.BP_MotionController)
[2017.07.21-09.14.31:648][222]LogBlueprint:Warning: [Compiler BP_MotionController] Warning [0232.26] Compile of BP_MotionController successful, but with 2 Warning(s) [in 0 ms] (/Game/VirtualRealityBP/Blueprints/BP_MotionController.BP_MotionController)
[2017.07.21-09.14.31:648][222]LogBlueprint:Warning: [Compiler BP_MotionController] Warning [0232.26] Compile of BP_MotionController successful, but with 3 Warning(s) [in 0 ms] (/Game/VirtualRealityBP/Blueprints/BP_MotionController.BP_MotionController)
[2017.07.21-09.14.32:101][222]LogAIModule: Creating AISystem for world PrototypeMap
[2017.07.21-09.14.32:121][222]LogEditorServer: Finished looking for orphan Actors (0.000 secs)
[2017.07.21-09.14.32:157][222]Cmd: MAP CHECKDEP NOCLEARLOG
[2017.07.21-09.14.32:227][222]MapCheck: Info Map check complete: 0 Error(s), 0 Warning(s), took 69.672ms to complete.
[2017.07.21-09.14.32:227][222]LogFileHelpers: Loading map 'PrototypeMap' took 0.822
[2017.07.21-09.14.34:483][430]LogPlayLevel: PlayLevel: No blueprints needed recompiling
[2017.07.21-09.14.34:483][430]PIE: New page: PIE session: PrototypeMap (Jul 21, 2017, 1:14:34 PM)
[2017.07.21-09.14.34:483][430]LogPlayLevel: Creating play world package: /Game/VirtualRealityBP/Maps/UEDPIE_0_PrototypeMap
[2017.07.21-09.14.34:486][430]LogPlayLevel: PIE: StaticDuplicateObject took: (0.002334s)
[2017.07.21-09.14.34:486][430]LogAIModule: Creating AISystem for world PrototypeMap
[2017.07.21-09.14.34:486][430]LogPlayLevel: PIE: World Init took: (0.000631s)
[2017.07.21-09.14.34:487][430]LogPlayLevel: PIE: Created PIE world by copying editor world from /Game/VirtualRealityBP/Maps/PrototypeMap.PrototypeMap to /Game/VirtualRealityBP/Maps/UEDPIE_0_PrototypeMap.PrototypeMap (0.003177s)
[2017.07.21-09.14.34:511][430]LogInit: XAudio2 using 'Lautsprecher (USB Audio Device)' : 2 channels at 44.1 kHz using 16 bits per sample (channel mask 0x3)
[2017.07.21-09.14.34:522][430]LogInit: FAudioDevice initialized.
[2017.07.21-09.14.40:099][430]LogHMD: SteamVR initialized.  Driver: lighthouse  Display: LHR-F79729DE
[2017.07.21-09.14.40:147][430]LogLoad: Game class is 'Prototype_Gamemode_C'
[2017.07.21-09.14.40:150][430]LogWorld: Bringing World /Game/VirtualRealityBP/Maps/UEDPIE_0_PrototypeMap.PrototypeMap up for play (max tick rate 0) at 2017.07.21-11.14.40
[2017.07.21-09.14.40:152][430]LogWorld: Bringing up level for play took: 0.002595
[2017.07.21-09.14.40:213][430]LogContentBrowser: Native class hierarchy updated for 'MovieSceneCapture' in 0.0006 seconds. Added 11 classes and 0 folders.
[2017.07.21-09.14.40:222][430]PIE: Info Play in editor start time for /Game/VirtualRealityBP/Maps/UEDPIE_0_PrototypeMap 6.159
[2017.07.21-09.14.40:255][431]LogRenderer: Reallocating scene render targets to support 3024x1680 NumSamples 1 (Frame:1).
[2017.07.21-09.28.12:334][513]LogContentBrowser: Native class hierarchy updated for 'BlueprintGraph' in 0.0010 seconds. Added 112 classes and 0 folders.
[2017.07.21-09.28.12:883][513]LogSlate: Took 0.000158 seconds to synchronously load lazily loaded font '../../../Engine/Content/Slate/Fonts/Roboto-Regular.ttf' (155K)
[2017.07.21-09.28.12:948][513]LogSlate: Took 0.001072 seconds to synchronously load lazily loaded font '../../../Engine/Content/Editor/Slate/Fonts/Roboto-BoldCondensed.ttf' (158K)
[2017.07.21-09.28.13:077][514]LogSlate: Took 0.001053 seconds to synchronously load lazily loaded font '../../../Engine/Content/Editor/Slate/Fonts/Roboto-Italic.ttf' (157K)
[2017.07.21-09.29.16:494][295]LogTemp: Repeting last play command: VR Preview
[2017.07.21-09.29.16:508][295]LogPlayLevel: PlayLevel: No blueprints needed recompiling
[2017.07.21-09.29.16:509][295]PIE: New page: PIE session: PrototypeMap (Jul 21, 2017, 1:29:16 PM)
[2017.07.21-09.29.16:509][295]LogPlayLevel: Creating play world package: /Game/VirtualRealityBP/Maps/UEDPIE_0_PrototypeMap
[2017.07.21-09.29.16:511][295]LogPlayLevel: PIE: StaticDuplicateObject took: (0.001973s)
[2017.07.21-09.29.16:511][295]LogAIModule: Creating AISystem for world PrototypeMap
[2017.07.21-09.29.16:511][295]LogPlayLevel: PIE: World Init took: (0.000755s)
[2017.07.21-09.29.16:512][295]LogPlayLevel: PIE: Created PIE world by copying editor world from /Game/VirtualRealityBP/Maps/PrototypeMap.PrototypeMap to /Game/VirtualRealityBP/Maps/UEDPIE_0_PrototypeMap.PrototypeMap (0.002932s)
[2017.07.21-09.29.16:570][295]LogInit: XAudio2 using 'Lautsprecher (USB Audio Device)' : 2 channels at 44.1 kHz using 16 bits per sample (channel mask 0x3)
[2017.07.21-09.29.16:578][295]LogInit: FAudioDevice initialized.
[2017.07.21-09.29.16:670][295]LogLoad: Game class is 'Prototype_Gamemode_C'
[2017.07.21-09.29.16:672][295]LogWorld: Bringing World /Game/VirtualRealityBP/Maps/UEDPIE_0_PrototypeMap.PrototypeMap up for play (max tick rate 0) at 2017.07.21-11.29.16
[2017.07.21-09.29.16:672][295]LogWorld: Bringing up level for play took: 0.001136
[2017.07.21-09.29.16:685][295]PIE: Info Play in editor start time for /Game/VirtualRealityBP/Maps/UEDPIE_0_PrototypeMap 0.622
[2017.07.21-09.29.37:116][121]LogBlueprintUserMessages: [TriggerBoxGoal_Blueprint] false
[2017.07.21-09.30.20:380][675]BlueprintLog: New page: Compile MotionControllerPawn
[2017.07.21-09.30.20:851][686]Cmd: OBJ SAVEPACKAGE PACKAGE="/Game/VirtualRealityBP/Blueprints/MotionControllerPawn" FILE="D:/MA Daniel Schmidl/Masterarbeit/Content/VirtualRealityBP/Blueprints/MotionControllerPawn.uasset" SILENT=true
[2017.07.21-09.30.21:021][686]LogSavePackage: Save=162.00ms
[2017.07.21-09.30.21:021][686]LogSavePackage: Moving 'D:/MA Daniel Schmidl/Masterarbeit/Saved/MotionControllerPawn67D862B84F98AA95CB4A46AE13ECC6CA.tmp' to 'D:/MA Daniel Schmidl/Masterarbeit/Content/VirtualRealityBP/Blueprints/MotionControllerPawn.uasset'
[2017.07.21-09.30.21:023][686]LogSavePackage:Display: Finished SavePackage D:/MA Daniel Schmidl/Masterarbeit/Content/VirtualRealityBP/Blueprints/MotionControllerPawn.uasset
[2017.07.21-09.30.22:483][824]LogTemp: Repeting last play command: VR Preview
[2017.07.21-09.30.22:494][824]LogPlayLevel: PlayLevel: No blueprints needed recompiling
[2017.07.21-09.30.22:494][824]PIE: New page: PIE session: PrototypeMap (Jul 21, 2017, 1:30:22 PM)
[2017.07.21-09.30.22:494][824]LogPlayLevel: Creating play world package: /Game/VirtualRealityBP/Maps/UEDPIE_0_PrototypeMap
[2017.07.21-09.30.22:496][824]LogPlayLevel: PIE: StaticDuplicateObject took: (0.001900s)
[2017.07.21-09.30.22:497][824]LogAIModule: Creating AISystem for world PrototypeMap
[2017.07.21-09.30.22:497][824]LogPlayLevel: PIE: World Init took: (0.000715s)
[2017.07.21-09.30.22:497][824]LogPlayLevel: PIE: Created PIE world by copying editor world from /Game/VirtualRealityBP/Maps/PrototypeMap.PrototypeMap to /Game/VirtualRealityBP/Maps/UEDPIE_0_PrototypeMap.PrototypeMap (0.002801s)
[2017.07.21-09.30.22:552][824]LogInit: XAudio2 using 'Lautsprecher (USB Audio Device)' : 2 channels at 44.1 kHz using 16 bits per sample (channel mask 0x3)
[2017.07.21-09.30.22:560][824]LogInit: FAudioDevice initialized.
[2017.07.21-09.30.22:659][824]LogLoad: Game class is 'Prototype_Gamemode_C'
[2017.07.21-09.30.22:661][824]LogWorld: Bringing World /Game/VirtualRealityBP/Maps/UEDPIE_0_PrototypeMap.PrototypeMap up for play (max tick rate 0) at 2017.07.21-11.30.22
[2017.07.21-09.30.22:661][824]LogWorld: Bringing up level for play took: 0.001082
[2017.07.21-09.30.22:675][824]PIE: Info Play in editor start time for /Game/VirtualRealityBP/Maps/UEDPIE_0_PrototypeMap 0.612
[2017.07.21-09.30.43:840][579]BlueprintLog: New page: Compile MotionControllerPawn
[2017.07.21-09.30.44:293][591]Cmd: OBJ SAVEPACKAGE PACKAGE="/Game/VirtualRealityBP/Blueprints/MotionControllerPawn" FILE="D:/MA Daniel Schmidl/Masterarbeit/Content/VirtualRealityBP/Blueprints/MotionControllerPawn.uasset" SILENT=true
[2017.07.21-09.30.44:456][591]LogSavePackage: Save=160.75ms
[2017.07.21-09.30.44:456][591]LogSavePackage: Moving 'D:/MA Daniel Schmidl/Masterarbeit/Saved/MotionControllerPawn4FAEDA944B2E12D19D082BA1F2655E88.tmp' to 'D:/MA Daniel Schmidl/Masterarbeit/Content/VirtualRealityBP/Blueprints/MotionControllerPawn.uasset'
[2017.07.21-09.30.44:458][591]LogSavePackage:Display: Finished SavePackage D:/MA Daniel Schmidl/Masterarbeit/Content/VirtualRealityBP/Blueprints/MotionControllerPawn.uasset
[2017.07.21-09.30.46:764][789]LogTemp: Repeting last play command: VR Preview
[2017.07.21-09.30.46:776][789]LogPlayLevel: PlayLevel: No blueprints needed recompiling
[2017.07.21-09.30.46:776][789]PIE: New page: PIE session: PrototypeMap (Jul 21, 2017, 1:30:46 PM)
[2017.07.21-09.30.46:776][789]LogPlayLevel: Creating play world package: /Game/VirtualRealityBP/Maps/UEDPIE_0_PrototypeMap
[2017.07.21-09.30.46:778][789]LogPlayLevel: PIE: StaticDuplicateObject took: (0.001824s)
[2017.07.21-09.30.46:778][789]LogAIModule: Creating AISystem for world PrototypeMap
[2017.07.21-09.30.46:778][789]LogPlayLevel: PIE: World Init took: (0.000590s)
[2017.07.21-09.30.46:778][789]LogPlayLevel: PIE: Created PIE world by copying editor world from /Game/VirtualRealityBP/Maps/PrototypeMap.PrototypeMap to /Game/VirtualRealityBP/Maps/UEDPIE_0_PrototypeMap.PrototypeMap (0.002602s)
[2017.07.21-09.30.46:836][789]LogInit: XAudio2 using 'Lautsprecher (USB Audio Device)' : 2 channels at 44.1 kHz using 16 bits per sample (channel mask 0x3)
[2017.07.21-09.30.46:844][789]LogInit: FAudioDevice initialized.
[2017.07.21-09.30.46:953][789]LogLoad: Game class is 'Prototype_Gamemode_C'
[2017.07.21-09.30.46:955][789]LogWorld: Bringing World /Game/VirtualRealityBP/Maps/UEDPIE_0_PrototypeMap.PrototypeMap up for play (max tick rate 0) at 2017.07.21-11.30.46
[2017.07.21-09.30.46:955][789]LogWorld: Bringing up level for play took: 0.001155
[2017.07.21-09.30.46:972][789]PIE: Info Play in editor start time for /Game/VirtualRealityBP/Maps/UEDPIE_0_PrototypeMap 0.909
[2017.07.21-09.31.08:581][399]BlueprintLog: New page: Compile MotionControllerPawn
[2017.07.21-09.31.09:002][409]Cmd: OBJ SAVEPACKAGE PACKAGE="/Game/VirtualRealityBP/Blueprints/MotionControllerPawn" FILE="D:/MA Daniel Schmidl/Masterarbeit/Content/VirtualRealityBP/Blueprints/MotionControllerPawn.uasset" SILENT=true
[2017.07.21-09.31.09:162][409]LogSavePackage: Save=157.48ms
[2017.07.21-09.31.09:162][409]LogSavePackage: Moving 'D:/MA Daniel Schmidl/Masterarbeit/Saved/MotionControllerPawn5570649B4F9358B3543BDB88F1F281D4.tmp' to 'D:/MA Daniel Schmidl/Masterarbeit/Content/VirtualRealityBP/Blueprints/MotionControllerPawn.uasset'
[2017.07.21-09.31.09:164][409]LogSavePackage:Display: Finished SavePackage D:/MA Daniel Schmidl/Masterarbeit/Content/VirtualRealityBP/Blueprints/MotionControllerPawn.uasset
[2017.07.21-09.31.11:532][602]LogTemp: Repeting last play command: VR Preview
[2017.07.21-09.31.11:544][602]LogPlayLevel: PlayLevel: No blueprints needed recompiling
[2017.07.21-09.31.11:544][602]PIE: New page: PIE session: PrototypeMap (Jul 21, 2017, 1:31:11 PM)
[2017.07.21-09.31.11:544][602]LogPlayLevel: Creating play world package: /Game/VirtualRealityBP/Maps/UEDPIE_0_PrototypeMap
[2017.07.21-09.31.11:546][602]LogPlayLevel: PIE: StaticDuplicateObject took: (0.001824s)
[2017.07.21-09.31.11:546][602]LogAIModule: Creating AISystem for world PrototypeMap
[2017.07.21-09.31.11:547][602]LogPlayLevel: PIE: World Init took: (0.000729s)
[2017.07.21-09.31.11:547][602]LogPlayLevel: PIE: Created PIE world by copying editor world from /Game/VirtualRealityBP/Maps/PrototypeMap.PrototypeMap to /Game/VirtualRealityBP/Maps/UEDPIE_0_PrototypeMap.PrototypeMap (0.002754s)
[2017.07.21-09.31.11:601][602]LogInit: XAudio2 using 'Lautsprecher (USB Audio Device)' : 2 channels at 44.1 kHz using 16 bits per sample (channel mask 0x3)
[2017.07.21-09.31.11:609][602]LogInit: FAudioDevice initialized.
[2017.07.21-09.31.11:717][602]LogLoad: Game class is 'Prototype_Gamemode_C'
[2017.07.21-09.31.11:719][602]LogWorld: Bringing World /Game/VirtualRealityBP/Maps/UEDPIE_0_PrototypeMap.PrototypeMap up for play (max tick rate 0) at 2017.07.21-11.31.11
[2017.07.21-09.31.11:719][602]LogWorld: Bringing up level for play took: 0.001139
[2017.07.21-09.31.11:737][602]PIE: Info Play in editor start time for /Game/VirtualRealityBP/Maps/UEDPIE_0_PrototypeMap -0.327
[2017.07.21-09.31.12:714][686]LogBlueprintUserMessages: [TriggerBoxGoal_Blueprint] tor
[2017.07.21-09.31.12:714][686]LogScript:Warning: Accessed None trying to read property gamemode
	TriggerBoxGoal_Blueprint_C /Game/VirtualRealityBP/Maps/UEDPIE_0_PrototypeMap.PrototypeMap:PersistentLevel.TriggerBoxGoal_Blueprint
	Function /Game/VirtualRealityBP/Blueprints/TriggerBoxGoal_Blueprint.TriggerBoxGoal_Blueprint_C:ExecuteUbergraph_TriggerBoxGoal_Blueprint:00B9
[2017.07.21-09.31.12:714][686]PIE:Error: Error Blueprint Runtime Error: Accessed None trying to read property gamemode from function: 'ExecuteUbergraph_TriggerBoxGoal_Blueprint' from node: Set Goal Score in graph: EventGraph in object: TriggerBoxGoal_Blueprint with description: Accessed None trying to read property gamemode
[2017.07.21-09.31.34:681][519]BlueprintLog: New page: Compile MotionControllerPawn
[2017.07.21-09.31.35:199][535]Cmd: OBJ SAVEPACKAGE PACKAGE="/Game/VirtualRealityBP/Blueprints/MotionControllerPawn" FILE="D:/MA Daniel Schmidl/Masterarbeit/Content/VirtualRealityBP/Blueprints/MotionControllerPawn.uasset" SILENT=true
[2017.07.21-09.31.35:360][535]LogSavePackage: Save=158.47ms
[2017.07.21-09.31.35:360][535]LogSavePackage: Moving 'D:/MA Daniel Schmidl/Masterarbeit/Saved/MotionControllerPawn46EFA732416AF66AB6ADF4A01718D4C5.tmp' to 'D:/MA Daniel Schmidl/Masterarbeit/Content/VirtualRealityBP/Blueprints/MotionControllerPawn.uasset'
[2017.07.21-09.31.35:361][535]LogSavePackage:Display: Finished SavePackage D:/MA Daniel Schmidl/Masterarbeit/Content/VirtualRealityBP/Blueprints/MotionControllerPawn.uasset
[2017.07.21-09.31.37:369][700]LogTemp: Repeting last play command: VR Preview
[2017.07.21-09.31.37:381][700]LogPlayLevel: PlayLevel: No blueprints needed recompiling
[2017.07.21-09.31.37:381][700]PIE: New page: PIE session: PrototypeMap (Jul 21, 2017, 1:31:37 PM)
[2017.07.21-09.31.37:381][700]LogPlayLevel: Creating play world package: /Game/VirtualRealityBP/Maps/UEDPIE_0_PrototypeMap
[2017.07.21-09.31.37:383][700]LogPlayLevel: PIE: StaticDuplicateObject took: (0.002101s)
[2017.07.21-09.31.37:384][700]LogAIModule: Creating AISystem for world PrototypeMap
[2017.07.21-09.31.37:384][700]LogPlayLevel: PIE: World Init took: (0.000822s)
[2017.07.21-09.31.37:384][700]LogPlayLevel: PIE: Created PIE world by copying editor world from /Game/VirtualRealityBP/Maps/PrototypeMap.PrototypeMap to /Game/VirtualRealityBP/Maps/UEDPIE_0_PrototypeMap.PrototypeMap (0.003124s)
[2017.07.21-09.31.37:441][700]LogInit: XAudio2 using 'Lautsprecher (USB Audio Device)' : 2 channels at 44.1 kHz using 16 bits per sample (channel mask 0x3)
[2017.07.21-09.31.37:449][700]LogInit: FAudioDevice initialized.
[2017.07.21-09.31.37:556][700]LogLoad: Game class is 'Prototype_Gamemode_C'
[2017.07.21-09.31.37:558][700]LogWorld: Bringing World /Game/VirtualRealityBP/Maps/UEDPIE_0_PrototypeMap.PrototypeMap up for play (max tick rate 0) at 2017.07.21-11.31.37
[2017.07.21-09.31.37:559][700]LogWorld: Bringing up level for play took: 0.001103
[2017.07.21-09.31.37:575][700]PIE: Info Play in editor start time for /Game/VirtualRealityBP/Maps/UEDPIE_0_PrototypeMap -0.489
[2017.07.21-09.31.38:447][776]LogBlueprintUserMessages: [TriggerBoxGoal_Blueprint] tor
[2017.07.21-09.31.38:448][776]LogScript:Warning: Accessed None trying to read property gamemode
	TriggerBoxGoal_Blueprint_C /Game/VirtualRealityBP/Maps/UEDPIE_0_PrototypeMap.PrototypeMap:PersistentLevel.TriggerBoxGoal_Blueprint
	Function /Game/VirtualRealityBP/Blueprints/TriggerBoxGoal_Blueprint.TriggerBoxGoal_Blueprint_C:ExecuteUbergraph_TriggerBoxGoal_Blueprint:00B9
[2017.07.21-09.31.38:448][776]PIE:Error: Error Blueprint Runtime Error: Accessed None trying to read property gamemode from function: 'ExecuteUbergraph_TriggerBoxGoal_Blueprint' from node: Set Goal Score in graph: EventGraph in object: TriggerBoxGoal_Blueprint with description: Accessed None trying to read property gamemode
[2017.07.21-09.32.06:835][237]BlueprintLog: New page: Compile MotionControllerPawn
[2017.07.21-09.32.07:323][250]Cmd: OBJ SAVEPACKAGE PACKAGE="/Game/VirtualRealityBP/Blueprints/MotionControllerPawn" FILE="D:/MA Daniel Schmidl/Masterarbeit/Content/VirtualRealityBP/Blueprints/MotionControllerPawn.uasset" SILENT=true
[2017.07.21-09.32.07:484][250]LogSavePackage: Save=158.82ms
[2017.07.21-09.32.07:484][250]LogSavePackage: Moving 'D:/MA Daniel Schmidl/Masterarbeit/Saved/MotionControllerPawn2F31D9264E66BD225A958FA91C05E53E.tmp' to 'D:/MA Daniel Schmidl/Masterarbeit/Content/VirtualRealityBP/Blueprints/MotionControllerPawn.uasset'
[2017.07.21-09.32.07:485][250]LogSavePackage:Display: Finished SavePackage D:/MA Daniel Schmidl/Masterarbeit/Content/VirtualRealityBP/Blueprints/MotionControllerPawn.uasset
[2017.07.21-09.32.09:957][475]LogTemp: Repeting last play command: VR Preview
[2017.07.21-09.32.09:968][475]LogPlayLevel: PlayLevel: No blueprints needed recompiling
[2017.07.21-09.32.09:969][475]PIE: New page: PIE session: PrototypeMap (Jul 21, 2017, 1:32:09 PM)
[2017.07.21-09.32.09:969][475]LogPlayLevel: Creating play world package: /Game/VirtualRealityBP/Maps/UEDPIE_0_PrototypeMap
[2017.07.21-09.32.09:971][475]LogPlayLevel: PIE: StaticDuplicateObject took: (0.001844s)
[2017.07.21-09.32.09:971][475]LogAIModule: Creating AISystem for world PrototypeMap
[2017.07.21-09.32.09:971][475]LogPlayLevel: PIE: World Init took: (0.000747s)
[2017.07.21-09.32.09:971][475]LogPlayLevel: PIE: Created PIE world by copying editor world from /Game/VirtualRealityBP/Maps/PrototypeMap.PrototypeMap to /Game/VirtualRealityBP/Maps/UEDPIE_0_PrototypeMap.PrototypeMap (0.002801s)
[2017.07.21-09.32.10:031][475]LogInit: XAudio2 using 'Lautsprecher (USB Audio Device)' : 2 channels at 44.1 kHz using 16 bits per sample (channel mask 0x3)
[2017.07.21-09.32.10:039][475]LogInit: FAudioDevice initialized.
[2017.07.21-09.32.10:146][475]LogLoad: Game class is 'Prototype_Gamemode_C'
[2017.07.21-09.32.10:149][475]LogWorld: Bringing World /Game/VirtualRealityBP/Maps/UEDPIE_0_PrototypeMap.PrototypeMap up for play (max tick rate 0) at 2017.07.21-11.32.10
[2017.07.21-09.32.10:149][475]LogWorld: Bringing up level for play took: 0.001143
[2017.07.21-09.32.10:167][475]PIE: Info Play in editor start time for /Game/VirtualRealityBP/Maps/UEDPIE_0_PrototypeMap 0.103
[2017.07.21-09.32.51:107][876]LogSavePackage: Save=33.22ms
[2017.07.21-09.32.51:107][876]LogSavePackage: Moving 'D:/MA Daniel Schmidl/Masterarbeit/Saved/PrototypeMap_Auto1B3E39CE749F48AC1E5E7219936677BB9.tmp' to 'D:/MA Daniel Schmidl/Masterarbeit/Saved/Autosaves/Game/VirtualRealityBP/Maps/PrototypeMap_Auto1.umap'
[2017.07.21-09.32.51:108][876]LogSavePackage:Display: Finished SavePackage D:/MA Daniel Schmidl/Masterarbeit/Saved/Autosaves/Game/VirtualRealityBP/Maps/PrototypeMap_Auto1.umap
[2017.07.21-09.32.51:109][876]LogFileHelpers: Editor autosave (incl. sublevels) for '/Game/VirtualRealityBP/Maps/PrototypeMap' took 0.056
[2017.07.21-09.32.51:109][876]LogFileHelpers: Editor autosave (incl. sublevels) for all levels took 0.056
[2017.07.21-09.33.49:771][909]LogTemp: Repeting last play command: VR Preview
[2017.07.21-09.33.49:782][909]LogPlayLevel: PlayLevel: No blueprints needed recompiling
[2017.07.21-09.33.49:782][909]PIE: New page: PIE session: PrototypeMap (Jul 21, 2017, 1:33:49 PM)
[2017.07.21-09.33.49:782][909]LogPlayLevel: Creating play world package: /Game/VirtualRealityBP/Maps/UEDPIE_0_PrototypeMap
[2017.07.21-09.33.49:784][909]LogPlayLevel: PIE: StaticDuplicateObject took: (0.002016s)
[2017.07.21-09.33.49:785][909]LogAIModule: Creating AISystem for world PrototypeMap
[2017.07.21-09.33.49:785][909]LogPlayLevel: PIE: World Init took: (0.000788s)
[2017.07.21-09.33.49:785][909]LogPlayLevel: PIE: Created PIE world by copying editor world from /Game/VirtualRealityBP/Maps/PrototypeMap.PrototypeMap to /Game/VirtualRealityBP/Maps/UEDPIE_0_PrototypeMap.PrototypeMap (0.003010s)
[2017.07.21-09.33.49:845][909]LogInit: XAudio2 using 'Lautsprecher (USB Audio Device)' : 2 channels at 44.1 kHz using 16 bits per sample (channel mask 0x3)
[2017.07.21-09.33.49:853][909]LogInit: FAudioDevice initialized.
[2017.07.21-09.33.49:937][909]LogLoad: Game class is 'Prototype_Gamemode_C'
[2017.07.21-09.33.49:939][909]LogWorld: Bringing World /Game/VirtualRealityBP/Maps/UEDPIE_0_PrototypeMap.PrototypeMap up for play (max tick rate 0) at 2017.07.21-11.33.49
[2017.07.21-09.33.49:939][909]LogWorld: Bringing up level for play took: 0.001202
[2017.07.21-09.33.49:949][909]PIE: Info Play in editor start time for /Game/VirtualRealityBP/Maps/UEDPIE_0_PrototypeMap -0.114
[2017.07.21-09.34.05:031][154]Cmd: OBJ SAVEPACKAGE PACKAGE="/Game/VirtualRealityBP/Blueprints/MotionControllerPawn" FILE="D:/MA Daniel Schmidl/Masterarbeit/Content/VirtualRealityBP/Blueprints/MotionControllerPawn.uasset" SILENT=true
[2017.07.21-09.34.05:191][154]LogSavePackage: Save=156.97ms
[2017.07.21-09.34.05:191][154]LogSavePackage: Moving 'D:/MA Daniel Schmidl/Masterarbeit/Saved/MotionControllerPawn98F77C0C4425C9E4E30E3C9BEA7A521F.tmp' to 'D:/MA Daniel Schmidl/Masterarbeit/Content/VirtualRealityBP/Blueprints/MotionControllerPawn.uasset'
[2017.07.21-09.34.05:192][154]LogSavePackage:Display: Finished SavePackage D:/MA Daniel Schmidl/Masterarbeit/Content/VirtualRealityBP/Blueprints/MotionControllerPawn.uasset
[2017.07.21-09.34.06:646][243]BlueprintLog: New page: Compile MotionControllerPawn
[2017.07.21-09.34.08:965][413]LogTemp: Repeting last play command: VR Preview
[2017.07.21-09.34.08:976][413]LogPlayLevel: PlayLevel: No blueprints needed recompiling
[2017.07.21-09.34.08:976][413]PIE: New page: PIE session: PrototypeMap (Jul 21, 2017, 1:34:08 PM)
[2017.07.21-09.34.08:976][413]LogPlayLevel: Creating play world package: /Game/VirtualRealityBP/Maps/UEDPIE_0_PrototypeMap
[2017.07.21-09.34.08:978][413]LogPlayLevel: PIE: StaticDuplicateObject took: (0.001810s)
[2017.07.21-09.34.08:978][413]LogAIModule: Creating AISystem for world PrototypeMap
[2017.07.21-09.34.08:978][413]LogPlayLevel: PIE: World Init took: (0.000675s)
[2017.07.21-09.34.08:979][413]LogPlayLevel: PIE: Created PIE world by copying editor world from /Game/VirtualRealityBP/Maps/PrototypeMap.PrototypeMap to /Game/VirtualRealityBP/Maps/UEDPIE_0_PrototypeMap.PrototypeMap (0.002718s)
[2017.07.21-09.34.09:036][413]LogInit: XAudio2 using 'Lautsprecher (USB Audio Device)' : 2 channels at 44.1 kHz using 16 bits per sample (channel mask 0x3)
[2017.07.21-09.34.09:044][413]LogInit: FAudioDevice initialized.
[2017.07.21-09.34.09:151][413]LogLoad: Game class is 'Prototype_Gamemode_C'
[2017.07.21-09.34.09:153][413]LogWorld: Bringing World /Game/VirtualRealityBP/Maps/UEDPIE_0_PrototypeMap.PrototypeMap up for play (max tick rate 0) at 2017.07.21-11.34.09
[2017.07.21-09.34.09:153][413]LogWorld: Bringing up level for play took: 0.001106
[2017.07.21-09.34.09:169][413]PIE: Info Play in editor start time for /Game/VirtualRealityBP/Maps/UEDPIE_0_PrototypeMap 1.106
[2017.07.21-09.34.25:481][764]BlueprintLog: New page: Compile MotionControllerPawn
[2017.07.21-09.34.25:928][775]Cmd: OBJ SAVEPACKAGE PACKAGE="/Game/VirtualRealityBP/Blueprints/MotionControllerPawn" FILE="D:/MA Daniel Schmidl/Masterarbeit/Content/VirtualRealityBP/Blueprints/MotionControllerPawn.uasset" SILENT=true
[2017.07.21-09.34.26:087][775]LogSavePackage: Save=156.86ms
[2017.07.21-09.34.26:087][775]LogSavePackage: Moving 'D:/MA Daniel Schmidl/Masterarbeit/Saved/MotionControllerPawn56DB24D141A5A85AE1837B95A2D7F3C7.tmp' to 'D:/MA Daniel Schmidl/Masterarbeit/Content/VirtualRealityBP/Blueprints/MotionControllerPawn.uasset'
[2017.07.21-09.34.26:088][775]LogSavePackage:Display: Finished SavePackage D:/MA Daniel Schmidl/Masterarbeit/Content/VirtualRealityBP/Blueprints/MotionControllerPawn.uasset
[2017.07.21-09.34.28:151][938]LogTemp: Repeting last play command: VR Preview
[2017.07.21-09.34.28:163][938]LogPlayLevel: PlayLevel: No blueprints needed recompiling
[2017.07.21-09.34.28:163][938]PIE: New page: PIE session: PrototypeMap (Jul 21, 2017, 1:34:28 PM)
[2017.07.21-09.34.28:163][938]LogPlayLevel: Creating play world package: /Game/VirtualRealityBP/Maps/UEDPIE_0_PrototypeMap
[2017.07.21-09.34.28:165][938]LogPlayLevel: PIE: StaticDuplicateObject took: (0.001855s)
[2017.07.21-09.34.28:165][938]LogAIModule: Creating AISystem for world PrototypeMap
[2017.07.21-09.34.28:165][938]LogPlayLevel: PIE: World Init took: (0.000713s)
[2017.07.21-09.34.28:166][938]LogPlayLevel: PIE: Created PIE world by copying editor world from /Game/VirtualRealityBP/Maps/PrototypeMap.PrototypeMap to /Game/VirtualRealityBP/Maps/UEDPIE_0_PrototypeMap.PrototypeMap (0.002806s)
[2017.07.21-09.34.28:218][938]LogInit: XAudio2 using 'Lautsprecher (USB Audio Device)' : 2 channels at 44.1 kHz using 16 bits per sample (channel mask 0x3)
[2017.07.21-09.34.28:226][938]LogInit: FAudioDevice initialized.
[2017.07.21-09.34.28:336][938]LogLoad: Game class is 'Prototype_Gamemode_C'
[2017.07.21-09.34.28:338][938]LogWorld: Bringing World /Game/VirtualRealityBP/Maps/UEDPIE_0_PrototypeMap.PrototypeMap up for play (max tick rate 0) at 2017.07.21-11.34.28
[2017.07.21-09.34.28:338][938]LogWorld: Bringing up level for play took: 0.001121
[2017.07.21-09.34.28:354][938]PIE: Info Play in editor start time for /Game/VirtualRealityBP/Maps/UEDPIE_0_PrototypeMap 0.291
[2017.07.21-09.34.29:139][  6]LogBlueprintUserMessages: [TriggerBoxGoal_Blueprint] tor
[2017.07.21-09.34.29:139][  6]LogScript:Warning: Accessed None trying to read property gamemode
	TriggerBoxGoal_Blueprint_C /Game/VirtualRealityBP/Maps/UEDPIE_0_PrototypeMap.PrototypeMap:PersistentLevel.TriggerBoxGoal_Blueprint
	Function /Game/VirtualRealityBP/Blueprints/TriggerBoxGoal_Blueprint.TriggerBoxGoal_Blueprint_C:ExecuteUbergraph_TriggerBoxGoal_Blueprint:00B9
[2017.07.21-09.34.29:139][  6]PIE:Error: Error Blueprint Runtime Error: Accessed None trying to read property gamemode from function: 'ExecuteUbergraph_TriggerBoxGoal_Blueprint' from node: Set Goal Score in graph: EventGraph in object: TriggerBoxGoal_Blueprint with description: Accessed None trying to read property gamemode
[2017.07.21-09.34.49:477][816]LogBlueprintUserMessages: [TriggerBoxGoal_Blueprint] tor
[2017.07.21-09.34.49:477][816]LogScript:Warning: Accessed None trying to read property gamemode
	TriggerBoxGoal_Blueprint_C /Game/VirtualRealityBP/Maps/UEDPIE_0_PrototypeMap.PrototypeMap:PersistentLevel.TriggerBoxGoal_Blueprint
	Function /Game/VirtualRealityBP/Blueprints/TriggerBoxGoal_Blueprint.TriggerBoxGoal_Blueprint_C:ExecuteUbergraph_TriggerBoxGoal_Blueprint:00B9
[2017.07.21-09.34.49:477][816]PIE:Error: Error Blueprint Runtime Error: Accessed None trying to read property gamemode from function: 'ExecuteUbergraph_TriggerBoxGoal_Blueprint' from node: Set Goal Score in graph: EventGraph in object: TriggerBoxGoal_Blueprint with description: Accessed None trying to read property gamemode
[2017.07.21-09.37.48:618][ 84]LogSavePackage: Save=32.95ms
[2017.07.21-09.37.48:618][ 84]LogSavePackage: Moving 'D:/MA Daniel Schmidl/Masterarbeit/Saved/PrototypeMap290F3BEE4EDE574C73E355A46E96FF5C.tmp' to 'D:/MA Daniel Schmidl/Masterarbeit/Content/VirtualRealityBP/Maps/PrototypeMap.umap'
[2017.07.21-09.37.48:620][ 84]LogSavePackage:Display: Finished SavePackage D:/MA Daniel Schmidl/Masterarbeit/Content/VirtualRealityBP/Maps/PrototypeMap.umap
[2017.07.21-09.37.48:635][ 84]LogFileHelpers: Saving map 'PrototypeMap' took 0.140
[2017.07.21-09.37.48:744][ 84]LogActorComponent: UnregisterComponent: (/Engine/Transient.EditorFloorComp) Not registered. Aborting.
[2017.07.21-09.37.48:800][ 84]LogWindowsTextInputMethodSystem:Display: IME system now deactivated.
[2017.07.21-09.37.48:987][ 85]Cmd: QUIT_EDITOR
[2017.07.21-09.37.49:180][ 85]LogExit: Preparing to exit.
[2017.07.21-09.37.50:055][ 85]LogExit: Editor shut down
[2017.07.21-09.37.50:063][ 85]LogExit: Transaction tracking system shut down
[2017.07.21-09.37.50:156][ 85]LogObj: Freed 0b from 0 cluster array pools.
[2017.07.21-09.37.50:156][ 85]LogExit: Object subsystem successfully closed.
[2017.07.21-09.37.50:183][ 85]LogD3D11RHI: Shutdown
[2017.07.21-09.37.50:183][ 85]LogD3D11RHI: CleanupD3DDevice
[2017.07.21-09.37.50:185][ 85]LogD3D11RHI: ~FD3D11DynamicRHI
[2017.07.21-09.37.50:202][ 85]LogModuleManager: Shutting down and abandoning module BlueprintGraph (530)
[2017.07.21-09.37.50:202][ 85]LogModuleManager: Shutting down and abandoning module BlueprintProfiler (528)
[2017.07.21-09.37.50:202][ 85]LogModuleManager: Shutting down and abandoning module MovieSceneCapture (526)
[2017.07.21-09.37.50:202][ 85]LogModuleManager: Shutting down and abandoning module HierarchicalLODOutliner (524)
[2017.07.21-09.37.50:202][ 85]LogModuleManager: Shutting down and abandoning module CrashTracker (522)
[2017.07.21-09.37.50:202][ 85]LogModuleManager: Shutting down and abandoning module SceneOutliner (520)
[2017.07.21-09.37.50:202][ 85]LogModuleManager: Shutting down and abandoning module AddContentDialog (518)
[2017.07.21-09.37.50:202][ 85]LogDirectoryWatcher: A directory notification for 'C:/Program Files/Epic Games/UE_4.16/FeaturePacks/' was aborted.
[2017.07.21-09.37.50:203][ 85]LogModuleManager: Shutting down and abandoning module WidgetCarousel (517)
[2017.07.21-09.37.50:203][ 85]LogModuleManager: Shutting down and abandoning module EditorWidgets (514)
[2017.07.21-09.37.50:203][ 85]LogModuleManager: Shutting down and abandoning module CollectionManager (512)
[2017.07.21-09.37.50:203][ 85]LogDirectoryWatcher: A directory notification for 'D:/MA Daniel Schmidl/Masterarbeit/Content/Collections/' was aborted.
[2017.07.21-09.37.50:203][ 85]LogDirectoryWatcher: A directory notification for 'D:/MA Daniel Schmidl/Masterarbeit/Content/Developers/LocalAdmin/Collections/' was aborted.
[2017.07.21-09.37.50:203][ 85]LogDirectoryWatcher: A directory notification for 'D:/MA Daniel Schmidl/Masterarbeit/Saved/Collections/' was aborted.
[2017.07.21-09.37.50:203][ 85]LogModuleManager: Shutting down and abandoning module StatsViewer (510)
[2017.07.21-09.37.50:203][ 85]LogModuleManager: Shutting down and abandoning module FoliageEdit (508)
[2017.07.21-09.37.50:203][ 85]LogModuleManager: Shutting down and abandoning module LandscapeEditor (506)
[2017.07.21-09.37.50:203][ 85]LogModuleManager: Shutting down and abandoning module MeshPaintMode (504)
[2017.07.21-09.37.50:203][ 85]LogModuleManager: Shutting down and abandoning module SceneDepthPickerMode (502)
[2017.07.21-09.37.50:203][ 85]LogModuleManager: Shutting down and abandoning module ActorPickerMode (500)
[2017.07.21-09.37.50:203][ 85]LogModuleManager: Shutting down and abandoning module GeometryMode (498)
[2017.07.21-09.37.50:203][ 85]LogModuleManager: Shutting down and abandoning module TextureAlignMode (496)
[2017.07.21-09.37.50:203][ 85]LogModuleManager: Shutting down and abandoning module BspMode (494)
[2017.07.21-09.37.50:203][ 85]LogModuleManager: Shutting down and abandoning module HardwareSurvey (492)
[2017.07.21-09.37.50:203][ 85]LogModuleManager: Shutting down and abandoning module SequenceRecorderSections (490)
[2017.07.21-09.37.50:203][ 85]LogModuleManager: Shutting down and abandoning module AutomationWorker (488)
[2017.07.21-09.37.50:203][ 85]LogModuleManager: Shutting down and abandoning module MatineeToLevelSequence (486)
[2017.07.21-09.37.50:203][ 85]LogModuleManager: Shutting down and abandoning module LevelSequenceEditor (484)
[2017.07.21-09.37.50:203][ 85]LogModuleManager: Shutting down and abandoning module PlacementMode (483)
[2017.07.21-09.37.50:203][ 85]LogModuleManager: Shutting down and abandoning module WmfMediaFactory (480)
[2017.07.21-09.37.50:203][ 85]LogModuleManager: Shutting down and abandoning module WmfMediaEditor (478)
[2017.07.21-09.37.50:203][ 85]LogModuleManager: Shutting down and abandoning module AvfMediaFactory (476)
[2017.07.21-09.37.50:203][ 85]LogModuleManager: Shutting down and abandoning module AvfMediaEditor (474)
[2017.07.21-09.37.50:203][ 85]LogModuleManager: Shutting down and abandoning module AndroidMediaFactory (472)
[2017.07.21-09.37.50:203][ 85]LogModuleManager: Shutting down and abandoning module Media (471)
[2017.07.21-09.37.50:204][ 85]LogModuleManager: Shutting down and abandoning module AndroidMediaEditor (468)
[2017.07.21-09.37.50:204][ 85]LogModuleManager: Shutting down and abandoning module CharacterAI (466)
[2017.07.21-09.37.50:204][ 85]LogModuleManager: Shutting down and abandoning module AudioCapture (464)
[2017.07.21-09.37.50:204][ 85]LogModuleManager: Shutting down and abandoning module SequenceRecorder (463)
[2017.07.21-09.37.50:204][ 85]LogModuleManager: Shutting down and abandoning module SmartSnapping (460)
[2017.07.21-09.37.50:204][ 85]LogModuleManager: Shutting down and abandoning module SessionServices (458)
[2017.07.21-09.37.50:204][ 85]LogModuleManager: Shutting down and abandoning module ViewportSnapping (456)
[2017.07.21-09.37.50:204][ 85]LogModuleManager: Shutting down and abandoning module ViewportInteraction (454)
[2017.07.21-09.37.50:204][ 85]LogModuleManager: Shutting down and abandoning module ClothPainter (452)
[2017.07.21-09.37.50:204][ 85]LogModuleManager: Shutting down and abandoning module LogVisualizer (450)
[2017.07.21-09.37.50:204][ 85]LogModuleManager: Shutting down and abandoning module IntroTutorials (448)
[2017.07.21-09.37.50:204][ 85]LogModuleManager: Shutting down and abandoning module GameProjectGeneration (447)
[2017.07.21-09.37.50:204][ 85]LogModuleManager: Shutting down and abandoning module EditorLiveStreaming (444)
[2017.07.21-09.37.50:204][ 85]LogModuleManager: Shutting down and abandoning module IOSPlatformEditor (442)
[2017.07.21-09.37.50:204][ 85]LogModuleManager: Shutting down and abandoning module HTML5PlatformEditor (440)
[2017.07.21-09.37.50:204][ 85]LogModuleManager: Shutting down and abandoning module AndroidPlatformEditor (438)
[2017.07.21-09.37.50:204][ 85]LogModuleManager: Shutting down and abandoning module AndroidDeviceDetection (437)
[2017.07.21-09.37.50:507][ 85]LogModuleManager: Shutting down and abandoning module IOSRuntimeSettings (434)
[2017.07.21-09.37.50:507][ 85]LogModuleManager: Shutting down and abandoning module AndroidRuntimeSettings (432)
[2017.07.21-09.37.50:507][ 85]LogModuleManager: Shutting down and abandoning module InputBindingEditor (430)
[2017.07.21-09.37.50:507][ 85]LogModuleManager: Shutting down and abandoning module MergeActors (428)
[2017.07.21-09.37.50:507][ 85]LogModuleManager: Shutting down and abandoning module SizeMap (426)
[2017.07.21-09.37.50:507][ 85]LogModuleManager: Shutting down and abandoning module TreeMap (424)
[2017.07.21-09.37.50:507][ 85]LogModuleManager: Shutting down and abandoning module ReferenceViewer (422)
[2017.07.21-09.37.50:507][ 85]LogModuleManager: Shutting down and abandoning module LocalizationDashboard (420)
[2017.07.21-09.37.50:507][ 85]LogModuleManager: Shutting down and abandoning module LocalizationService (419)
[2017.07.21-09.37.50:507][ 85]LogModuleManager: Shutting down and abandoning module HardwareTargeting (416)
[2017.07.21-09.37.50:507][ 85]LogModuleManager: Shutting down and abandoning module DeviceProfileEditor (414)
[2017.07.21-09.37.50:507][ 85]LogModuleManager: Shutting down and abandoning module UndoHistory (412)
[2017.07.21-09.37.50:507][ 85]LogModuleManager: Shutting down and abandoning module UserFeedback (410)
[2017.07.21-09.37.50:507][ 85]LogModuleManager: Shutting down and abandoning module XmlParser (408)
[2017.07.21-09.37.50:507][ 85]LogModuleManager: Shutting down and abandoning module Blutility (406)
[2017.07.21-09.37.50:507][ 85]LogModuleManager: Shutting down and abandoning module ProjectSettingsViewer (404)
[2017.07.21-09.37.50:507][ 85]LogModuleManager: Shutting down and abandoning module ProjectTargetPlatformEditor (403)
[2017.07.21-09.37.50:507][ 85]LogModuleManager: Shutting down and abandoning module EditorSettingsViewer (400)
[2017.07.21-09.37.50:508][ 85]LogModuleManager: Shutting down and abandoning module SettingsEditor (398)
[2017.07.21-09.37.50:508][ 85]LogModuleManager: Shutting down and abandoning module ProjectLauncher (396)
[2017.07.21-09.37.50:508][ 85]LogModuleManager: Shutting down and abandoning module SessionFrontend (394)
[2017.07.21-09.37.50:508][ 85]LogModuleManager: Shutting down and abandoning module ProfilerClient (392)
[2017.07.21-09.37.50:508][ 85]LogModuleManager: Shutting down and abandoning module DeviceManager (390)
[2017.07.21-09.37.50:508][ 85]LogModuleManager: Shutting down and abandoning module TargetDeviceServices (389)
[2017.07.21-09.37.50:561][ 85]LogModuleManager: Shutting down and abandoning module AutomationController (386)
[2017.07.21-09.37.50:561][ 85]LogModuleManager: Shutting down and abandoning module AutomationWindow (384)
[2017.07.21-09.37.50:561][ 85]LogModuleManager: Shutting down and abandoning module Layers (382)
[2017.07.21-09.37.50:561][ 85]LogModuleManager: Shutting down and abandoning module ComponentVisualizers (380)
[2017.07.21-09.37.50:561][ 85]LogModuleManager: Shutting down and abandoning module DetailCustomizations (378)
[2017.07.21-09.37.50:561][ 85]LogModuleManager: Shutting down and abandoning module PackagesDialog (376)
[2017.07.21-09.37.50:561][ 85]LogModuleManager: Shutting down and abandoning module Persona (374)
[2017.07.21-09.37.50:561][ 85]LogModuleManager: Shutting down and abandoning module AdvancedPreviewScene (373)
[2017.07.21-09.37.50:561][ 85]LogModuleManager: Shutting down and abandoning module AnimGraph (371)
[2017.07.21-09.37.50:561][ 85]LogModuleManager: Shutting down and abandoning module Kismet (368)
[2017.07.21-09.37.50:568][ 85]LogModuleManager: Shutting down and abandoning module ClassViewer (366)
[2017.07.21-09.37.50:568][ 85]LogModuleManager: Shutting down and abandoning module Toolbox (364)
[2017.07.21-09.37.50:568][ 85]LogModuleManager: Shutting down and abandoning module ModuleUI (362)
[2017.07.21-09.37.50:568][ 85]LogModuleManager: Shutting down and abandoning module MovieSceneTools (360)
[2017.07.21-09.37.50:568][ 85]LogModuleManager: Shutting down and abandoning module OutputLog (358)
[2017.07.21-09.37.50:568][ 85]LogModuleManager: Shutting down and abandoning module GammaUI (356)
[2017.07.21-09.37.50:568][ 85]LogModuleManager: Shutting down and abandoning module Documentation (354)
[2017.07.21-09.37.50:568][ 85]LogModuleManager: Shutting down and abandoning module MovieSceneTracks (352)
[2017.07.21-09.37.50:568][ 85]LogModuleManager: Shutting down and abandoning module MovieScene (350)
[2017.07.21-09.37.50:568][ 85]LogModuleManager: Shutting down and abandoning module Niagara (348)
[2017.07.21-09.37.50:568][ 85]LogModuleManager: Shutting down and abandoning module NiagaraEditor (347)
[2017.07.21-09.37.50:568][ 85]LogModuleManager: Shutting down and abandoning module StreamingPauseRendering (344)
[2017.07.21-09.37.50:568][ 85]LogModuleManager: Shutting down and abandoning module AnalyticsET (342)
[2017.07.21-09.37.50:568][ 85]LogModuleManager: Shutting down and abandoning module PortalServices (340)
[2017.07.21-09.37.50:568][ 85]LogModuleManager: Shutting down and abandoning module PortalRpc (338)
[2017.07.21-09.37.50:568][ 85]LogModuleManager: Shutting down and abandoning module MessagingRpc (336)
[2017.07.21-09.37.50:568][ 85]LogModuleManager: Shutting down and abandoning module AIModule (334)
[2017.07.21-09.37.50:568][ 85]LogModuleManager: Shutting down and abandoning module GameplayDebugger (333)
[2017.07.21-09.37.50:568][ 85]LogModuleManager: Shutting down and abandoning module AITestSuite (331)
[2017.07.21-09.37.50:568][ 85]LogModuleManager: Shutting down and abandoning module ProfilerService (328)
[2017.07.21-09.37.50:642][ 85]LogModuleManager: Shutting down and abandoning module TaskGraph (326)
[2017.07.21-09.37.50:642][ 85]LogModuleManager: Shutting down and abandoning module SteamVRController (324)
[2017.07.21-09.37.50:642][ 85]LogModuleManager: Shutting down and abandoning module SteamVR (322)
[2017.07.21-09.37.50:642][ 85]LogModuleManager: Shutting down and abandoning module ProceduralMeshComponentEditor (320)
[2017.07.21-09.37.50:642][ 85]LogModuleManager: Shutting down and abandoning module ProceduralMeshComponent (318)
[2017.07.21-09.37.50:642][ 85]LogModuleManager: Shutting down and abandoning module OculusLibrary (316)
[2017.07.21-09.37.50:642][ 85]LogModuleManager: Shutting down and abandoning module OculusInput (314)
[2017.07.21-09.37.50:642][ 85]LogModuleManager: Shutting down and abandoning module MobilePatchingUtils (312)
[2017.07.21-09.37.50:642][ 85]LogModuleManager: Shutting down and abandoning module CustomMeshComponent (310)
[2017.07.21-09.37.50:642][ 85]LogModuleManager: Shutting down and abandoning module CableComponent (308)
[2017.07.21-09.37.50:642][ 85]LogModuleManager: Shutting down and abandoning module ArchVisCharacter (306)
[2017.07.21-09.37.50:642][ 85]LogModuleManager: Shutting down and abandoning module AndroidPermission (304)
[2017.07.21-09.37.50:642][ 85]LogModuleManager: Shutting down and abandoning module MediaPlayerEditor (300)
[2017.07.21-09.37.50:642][ 85]LogModuleManager: Shutting down and abandoning module HTML5Networking (298)
[2017.07.21-09.37.50:642][ 85]LogModuleManager: Shutting down and abandoning module AlembicImporter (296)
[2017.07.21-09.37.50:642][ 85]LogModuleManager: Shutting down and abandoning module AlembicLibrary (295)
[2017.07.21-09.37.50:642][ 85]LogModuleManager: Shutting down and abandoning module GeometryCache (294)
[2017.07.21-09.37.50:642][ 85]LogModuleManager: Shutting down and abandoning module GeometryCacheEd (293)
[2017.07.21-09.37.50:642][ 85]LogModuleManager: Shutting down and abandoning module SuperSearchEditor (288)
[2017.07.21-09.37.50:642][ 85]LogModuleManager: Shutting down and abandoning module SuperSearch (287)
[2017.07.21-09.37.50:642][ 85]LogModuleManager: Shutting down and abandoning module SpeedTreeImporter (284)
[2017.07.21-09.37.50:642][ 85]LogModuleManager: Shutting down and abandoning module PluginBrowser (282)
[2017.07.21-09.37.50:643][ 85]LogModuleManager: Shutting down and abandoning module MobileLauncherProfileWizard (280)
[2017.07.21-09.37.50:643][ 85]LogModuleManager: Shutting down and abandoning module VisualStudioSourceCodeAccess (278)
[2017.07.21-09.37.50:643][ 85]LogModuleManager: Shutting down and abandoning module DesktopPlatform (277)
[2017.07.21-09.37.50:643][ 85]LogModuleManager: Shutting down and abandoning module UObjectPlugin (274)
[2017.07.21-09.37.50:643][ 85]LogModuleManager: Shutting down and abandoning module SubversionSourceControl (272)
[2017.07.21-09.37.50:643][ 85]LogModuleManager: Shutting down and abandoning module PerforceSourceControl (270)
[2017.07.21-09.37.50:643][ 85]LogModuleManager: Shutting down and abandoning module GitSourceControl (268)
[2017.07.21-09.37.50:643][ 85]LogModuleManager: Shutting down and abandoning module SourceControl (267)
[2017.07.21-09.37.50:643][ 85]LogModuleManager: Shutting down and abandoning module LightPropagationVolumeEditor (264)
[2017.07.21-09.37.50:643][ 85]LogModuleManager: Shutting down and abandoning module PaperTiledImporter (262)
[2017.07.21-09.37.50:643][ 85]LogModuleManager: Shutting down and abandoning module PaperSpriteSheetImporter (260)
[2017.07.21-09.37.50:643][ 85]LogModuleManager: Shutting down and abandoning module Paper2DEditor (258)
[2017.07.21-09.37.50:643][ 85]LogModuleManager: Shutting down and abandoning module MeshPaint (257)
[2017.07.21-09.37.50:643][ 85]LogModuleManager: Shutting down and abandoning module LevelEditor (255)
[2017.07.21-09.37.50:643][ 85]LogModuleManager: Shutting down and abandoning module PixelInspectorModule (254)
[2017.07.21-09.37.50:643][ 85]LogModuleManager: Shutting down and abandoning module MainFrame (252)
[2017.07.21-09.37.50:643][ 85]LogModuleManager: Shutting down and abandoning module HotReload (251)
[2017.07.21-09.37.50:644][ 85]LogModuleManager: Shutting down and abandoning module PhysXVehiclesEditor (246)
[2017.07.21-09.37.50:644][ 85]LogModuleManager: Shutting down and abandoning module PhysXVehicles (244)
[2017.07.21-09.37.50:644][ 85]LogModuleManager: Shutting down and abandoning module LocationServicesBPLibrary (242)
[2017.07.21-09.37.50:644][ 85]LogModuleManager: Shutting down and abandoning module ImmediatePhysicsEditor (240)
[2017.07.21-09.37.50:644][ 85]LogModuleManager: Shutting down and abandoning module ImmediatePhysics (238)
[2017.07.21-09.37.50:644][ 85]LogModuleManager: Shutting down and abandoning module UdpMessaging (236)
[2017.07.21-09.37.50:745][ 85]LogModuleManager: Shutting down and abandoning module TcpMessaging (234)
[2017.07.21-09.37.50:845][ 85]LogModuleManager: Shutting down and abandoning module GameplayTagsEditor (232)
[2017.07.21-09.37.50:845][ 85]LogModuleManager: Shutting down and abandoning module FacialAnimationEditor (230)
[2017.07.21-09.37.50:845][ 85]LogModuleManager: Shutting down and abandoning module FacialAnimation (228)
[2017.07.21-09.37.50:845][ 85]LogModuleManager: Shutting down and abandoning module AssetManagerEditor (226)
[2017.07.21-09.37.50:845][ 85]LogModuleManager: Shutting down and abandoning module GraphEditor (225)
[2017.07.21-09.37.50:845][ 85]LogModuleManager: Shutting down and abandoning module ContentBrowser (223)
[2017.07.21-09.37.50:846][ 85]LogModuleManager: Shutting down and abandoning module LightPropagationVolumeRuntime (220)
[2017.07.21-09.37.50:846][ 85]LogModuleManager: Shutting down and abandoning module Paper2D (218)
[2017.07.21-09.37.50:846][ 85]LogModuleManager: Shutting down and abandoning module WindowsMoviePlayer (216)
[2017.07.21-09.37.50:846][ 85]LogModuleManager: Shutting down and abandoning module WmfMedia (214)
[2017.07.21-09.37.50:846][ 85]LogModuleManager: Shutting down and abandoning module ClothingSystemEditor (212)
[2017.07.21-09.37.50:846][ 85]LogModuleManager: Shutting down and abandoning module ClothingSystemRuntime (210)
[2017.07.21-09.37.50:846][ 85]LogModuleManager: Shutting down and abandoning module MediaAssets (208)
[2017.07.21-09.37.50:846][ 85]LogModuleManager: Shutting down and abandoning module GameLiveStreaming (206)
[2017.07.21-09.37.50:846][ 85]LogModuleManager: Shutting down and abandoning module VREditor (204)
[2017.07.21-09.37.50:846][ 85]LogModuleManager: Shutting down and abandoning module StringTableEditor (202)
[2017.07.21-09.37.50:846][ 85]LogModuleManager: Shutting down and abandoning module GameplayTasksEditor (200)
[2017.07.21-09.37.50:846][ 85]LogModuleManager: Shutting down and abandoning module BehaviorTreeEditor (198)
[2017.07.21-09.37.50:846][ 85]LogModuleManager: Shutting down and abandoning module FunctionalTesting (196)
[2017.07.21-09.37.50:846][ 85]LogModuleManager: Shutting down and abandoning module CollisionAnalyzer (194)
[2017.07.21-09.37.50:846][ 85]LogModuleManager: Shutting down and abandoning module UMG (192)
[2017.07.21-09.37.50:846][ 85]LogModuleManager: Shutting down and abandoning module UMGEditor (191)
[2017.07.21-09.37.50:846][ 85]LogModuleManager: Shutting down and abandoning module Sequencer (190)
[2017.07.21-09.37.50:846][ 85]LogModuleManager: Shutting down and abandoning module AssetTools (188)
[2017.07.21-09.37.50:846][ 85]LogModuleManager: Shutting down and abandoning module MessageLog (187)
[2017.07.21-09.37.50:846][ 85]LogModuleManager: Shutting down and abandoning module WorkspaceMenuStructure (186)
[2017.07.21-09.37.50:846][ 85]LogModuleManager: Shutting down and abandoning module SlateReflector (180)
[2017.07.21-09.37.50:846][ 85]LogModuleManager: Shutting down and abandoning module Slate (178)
[2017.07.21-09.37.50:846][ 85]LogModuleManager: Shutting down and abandoning module EditorStyle (176)
[2017.07.21-09.37.50:849][ 85]LogModuleManager: Shutting down and abandoning module SourceCodeAccess (174)
[2017.07.21-09.37.50:849][ 85]LogModuleManager: Shutting down and abandoning module HeadMountedDisplay (172)
[2017.07.21-09.37.50:849][ 85]LogModuleManager: Shutting down and abandoning module XAudio2 (170)
[2017.07.21-09.37.50:849][ 85]LogModuleManager: Shutting down and abandoning module Networking (168)
[2017.07.21-09.37.50:849][ 85]LogModuleManager: Shutting down and abandoning module Core (164)
[2017.07.21-09.37.50:849][ 85]LogModuleManager: Shutting down and abandoning module AssetRegistry (162)
[2017.07.21-09.37.51:056][ 85]LogDirectoryWatcher: A directory notification for '../../../Engine/Content/' was aborted.
[2017.07.21-09.37.51:056][ 85]LogDirectoryWatcher: A directory notification for 'D:/MA Daniel Schmidl/Masterarbeit/Content/' was aborted.
[2017.07.21-09.37.51:056][ 85]LogDirectoryWatcher: A directory notification for '../../../Engine/Plugins/2D/Paper2D/Content/' was aborted.
[2017.07.21-09.37.51:056][ 85]LogDirectoryWatcher: A directory notification for '../../../Engine/Plugins/Runtime/GearVR/Content/' was aborted.
[2017.07.21-09.37.51:059][ 85]LogModuleManager: Shutting down and abandoning module DirectoryWatcher (161)
[2017.07.21-09.37.51:059][ 85]LogModuleManager: Shutting down and abandoning module KismetCompiler (158)
[2017.07.21-09.37.51:059][ 85]LogModuleManager: Shutting down and abandoning module LevelSequence (156)
[2017.07.21-09.37.51:059][ 85]LogModuleManager: Shutting down and abandoning module PhysXFormats (154)
[2017.07.21-09.37.51:059][ 85]LogModuleManager: Shutting down and abandoning module MeshUtilities (152)
[2017.07.21-09.37.51:060][ 85]LogModuleManager: Shutting down and abandoning module SimplygonSwarm (151)
[2017.07.21-09.37.51:060][ 85]LogModuleManager: Shutting down and abandoning module SimplygonMeshReduction (149)
[2017.07.21-09.37.51:060][ 85]LogModuleManager: Shutting down and abandoning module QuadricMeshReduction (147)
[2017.07.21-09.37.51:060][ 85]LogModuleManager: Shutting down and abandoning module DerivedDataCache (144)
[2017.07.21-09.37.51:105][ 85]LogDerivedDataCache: Shutdown
[2017.07.21-09.37.51:105][ 85]LogModuleManager: Shutting down and abandoning module TargetPlatform (142)
[2017.07.21-09.37.51:105][ 85]LogModuleManager: Shutting down and abandoning module VulkanShaderFormat (141)
[2017.07.21-09.37.51:105][ 85]LogModuleManager: Shutting down and abandoning module ShaderFormatVectorVM (139)
[2017.07.21-09.37.51:105][ 85]LogModuleManager: Shutting down and abandoning module ShaderFormatOpenGL (137)
[2017.07.21-09.37.51:105][ 85]LogModuleManager: Shutting down and abandoning module ShaderFormatD3D (135)
[2017.07.21-09.37.51:105][ 85]LogModuleManager: Shutting down and abandoning module MetalShaderFormat (133)
[2017.07.21-09.37.51:105][ 85]LogModuleManager: Shutting down and abandoning module TextureFormatUncompressed (131)
[2017.07.21-09.37.51:105][ 85]LogModuleManager: Shutting down and abandoning module TextureFormatPVR (129)
[2017.07.21-09.37.51:105][ 85]LogModuleManager: Shutting down and abandoning module TextureFormatDXT (127)
[2017.07.21-09.37.51:105][ 85]LogModuleManager: Shutting down and abandoning module TextureFormatIntelISPCTexComp (125)
[2017.07.21-09.37.51:105][ 85]LogModuleManager: Shutting down and abandoning module TextureFormatASTC (123)
[2017.07.21-09.37.51:105][ 85]LogModuleManager: Shutting down and abandoning module ImageWrapper (122)
[2017.07.21-09.37.51:105][ 85]LogModuleManager: Shutting down and abandoning module TextureFormatAndroid (119)
[2017.07.21-09.37.51:105][ 85]LogModuleManager: Shutting down and abandoning module AudioFormatOpus (117)
[2017.07.21-09.37.51:105][ 85]LogModuleManager: Shutting down and abandoning module AudioFormatOgg (115)
[2017.07.21-09.37.51:105][ 85]LogModuleManager: Shutting down and abandoning module AudioFormatADPCM (113)
[2017.07.21-09.37.51:105][ 85]LogModuleManager: Shutting down and abandoning module LinuxTargetPlatform (111)
[2017.07.21-09.37.51:105][ 85]LogModuleManager: Shutting down and abandoning module LinuxServerTargetPlatform (109)
[2017.07.21-09.37.51:105][ 85]LogModuleManager: Shutting down and abandoning module LinuxNoEditorTargetPlatform (107)
[2017.07.21-09.37.51:105][ 85]LogModuleManager: Shutting down and abandoning module LinuxClientTargetPlatform (105)
[2017.07.21-09.37.51:105][ 85]LogModuleManager: Shutting down and abandoning module TVOSTargetPlatform (103)
[2017.07.21-09.37.51:105][ 85]LogModuleManager: Shutting down and abandoning module Messaging (101)
[2017.07.21-09.37.51:105][ 85]LogModuleManager: Shutting down and abandoning module IOSTargetPlatform (99)
[2017.07.21-09.37.51:105][ 85]LogModuleManager: Shutting down and abandoning module HTML5TargetPlatform (97)
[2017.07.21-09.37.51:105][ 85]LogModuleManager: Shutting down and abandoning module Android_PVRTCTargetPlatform (95)
[2017.07.21-09.37.51:105][ 85]LogModuleManager: Shutting down and abandoning module Android_MultiTargetPlatform (93)
[2017.07.21-09.37.51:106][ 85]LogModuleManager: Shutting down and abandoning module Android_ETC2TargetPlatform (91)
[2017.07.21-09.37.51:106][ 85]LogModuleManager: Shutting down and abandoning module Android_ETC1TargetPlatform (89)
[2017.07.21-09.37.51:106][ 85]LogModuleManager: Shutting down and abandoning module Android_DXTTargetPlatform (87)
[2017.07.21-09.37.51:106][ 85]LogModuleManager: Shutting down and abandoning module Android_ATCTargetPlatform (85)
[2017.07.21-09.37.51:106][ 85]LogModuleManager: Shutting down and abandoning module Android_ASTCTargetPlatform (83)
[2017.07.21-09.37.51:106][ 85]LogModuleManager: Shutting down and abandoning module AndroidTargetPlatform (81)
[2017.07.21-09.37.51:106][ 85]LogModuleManager: Shutting down and abandoning module WindowsTargetPlatform (79)
[2017.07.21-09.37.51:106][ 85]LogModuleManager: Shutting down and abandoning module WindowsServerTargetPlatform (77)
[2017.07.21-09.37.51:106][ 85]LogModuleManager: Shutting down and abandoning module WindowsNoEditorTargetPlatform (75)
[2017.07.21-09.37.51:106][ 85]LogModuleManager: Shutting down and abandoning module WindowsClientTargetPlatform (73)
[2017.07.21-09.37.51:106][ 85]LogModuleManager: Shutting down and abandoning module MacTargetPlatform (71)
[2017.07.21-09.37.51:106][ 85]LogModuleManager: Shutting down and abandoning module MacServerTargetPlatform (69)
[2017.07.21-09.37.51:106][ 85]LogModuleManager: Shutting down and abandoning module MacNoEditorTargetPlatform (67)
[2017.07.21-09.37.51:106][ 85]LogModuleManager: Shutting down and abandoning module MacClientTargetPlatform (65)
[2017.07.21-09.37.51:106][ 85]LogModuleManager: Shutting down and abandoning module AllDesktopTargetPlatform (63)
[2017.07.21-09.37.51:106][ 85]LogModuleManager: Shutting down and abandoning module InputCore (60)
[2017.07.21-09.37.51:106][ 85]LogModuleManager: Shutting down and abandoning module Settings (58)
[2017.07.21-09.37.51:106][ 85]LogModuleManager: Shutting down and abandoning module OculusRift (56)
[2017.07.21-09.37.51:106][ 85]LogModuleManager: Shutting down and abandoning module GearVRController (54)
[2017.07.21-09.37.51:106][ 85]LogModuleManager: Shutting down and abandoning module GearVR (52)
[2017.07.21-09.37.51:106][ 85]LogModuleManager: Shutting down and abandoning module ExampleDeviceProfileSelector (50)
[2017.07.21-09.37.51:106][ 85]LogModuleManager: Shutting down and abandoning module OnlineBlueprintSupport (48)
[2017.07.21-09.37.51:106][ 85]LogModuleManager: Shutting down and abandoning module OnlineSubsystem (44)
[2017.07.21-09.37.51:106][ 85]LogOnline:Display: Unloading online subsystem: NULL
[2017.07.21-09.37.51:106][ 85]LogModuleManager: Shutting down and abandoning module XMPP (43)
[2017.07.21-09.37.51:106][ 85]LogModuleManager: Shutting down and abandoning module HTTP (41)
[2017.07.21-09.37.51:106][ 85]LogHttp:Display: Http module shutting down, but needs to wait on 1 outstanding Http requests:
[2017.07.21-09.37.51:106][ 85]LogHttp:Display: 	verb=[POST] url=[https://datarouter.ol.epicgames.com/datarouter/api/v1/public/data?SessionID=%7B23334C47-44EF-1C81-1420-8FAD4DEE21CC%7D&AppID=UEEditor.Rocket.Release&AppVersion=4.16.2-3514769%2B%2B%2BUE4%2BRelease-4.16&UserID=f8179dad484facb1bbe537a2f6f6f875%7C6de05fa92587480fb7882ffc140bd849%7Ca8421cad-14d1-4c31-b419-d88541bd8cac&AppEnvironment=datacollector-binary&UploadType=eteventstream] status=Processing
[2017.07.21-09.37.51:132][ 85]LogModuleManager: Shutting down and abandoning module SSL (40)
[2017.07.21-09.37.51:133][ 85]LogModuleManager: Shutting down and abandoning module HTTPChunkInstaller (36)
[2017.07.21-09.37.51:133][ 85]LogModuleManager: Shutting down and abandoning module AnimationModifiers (34)
[2017.07.21-09.37.51:133][ 85]LogModuleManager: Shutting down and abandoning module PropertyEditor (33)
[2017.07.21-09.37.51:133][ 85]LogModuleManager: Shutting down and abandoning module AudioEditor (30)
[2017.07.21-09.37.51:133][ 85]LogModuleManager: Shutting down and abandoning module TextureCompressor (28)
[2017.07.21-09.37.51:133][ 85]LogModuleManager: Shutting down and abandoning module ShaderCore (26)
[2017.07.21-09.37.51:133][ 85]LogModuleManager: Shutting down and abandoning module Landscape (24)
[2017.07.21-09.37.51:133][ 85]LogModuleManager: Shutting down and abandoning module SlateRHIRenderer (22)
[2017.07.21-09.37.51:135][ 85]LogModuleManager: Shutting down and abandoning module OpenGLDrv (20)
[2017.07.21-09.37.51:135][ 85]LogModuleManager: Shutting down and abandoning module D3D11RHI (18)
[2017.07.21-09.37.51:135][ 85]LogModuleManager: Shutting down and abandoning module AnimGraphRuntime (16)
[2017.07.21-09.37.51:135][ 85]LogModuleManager: Shutting down and abandoning module Renderer (14)
[2017.07.21-09.37.51:135][ 85]LogModuleManager: Shutting down and abandoning module Engine (12)
[2017.07.21-09.37.51:135][ 85]LogModuleManager: Shutting down and abandoning module CoreUObject (10)
[2017.07.21-09.37.51:135][ 85]LogModuleManager: Shutting down and abandoning module NetworkFile (8)
[2017.07.21-09.37.51:135][ 85]LogModuleManager: Shutting down and abandoning module StreamingFile (6)
[2017.07.21-09.37.51:135][ 85]LogModuleManager: Shutting down and abandoning module SandboxFile (4)
[2017.07.21-09.37.51:135][ 85]LogModuleManager: Shutting down and abandoning module PakFile (2)
[2017.07.21-09.37.51:136][ 85]LogExit: Exiting.
[2017.07.21-09.37.51:145][ 85]Log file closed, 07/21/17 11:37:51
