Log file open, 09/02/17 13:27:26
LogWindows: LoadLibraryWithSearchPaths failed for file aqProf.dll. GetLastError=0
LogWindows: LoadLibraryWithSearchPaths failed for file VSPerf140.dll. GetLastError=0
LogWindows: LoadLibraryWithSearchPaths failed for file VtuneApi.dll. GetLastError=0
LogWindows: LoadLibraryWithSearchPaths failed for file VtuneApi32e.dll. GetLastError=0
LogInit: Display: Running engine for game: DSHockeyGame
LogPlatformFile: Not using cached read wrapper
LogInit: Display: RandInit(-1501264439) SRandInit(-1501264439).
LogTaskGraph: Started task graph with 5 named threads and 20 total threads with 3 sets of task threads.
LogStats: Stats thread started at 0.252131
LogD3D11RHI: Aftermath initialized
LogPluginManager: Mounting plugin Paper2D
LogPluginManager: Mounting plugin LightPropagationVolume
LogPluginManager: Mounting plugin CodeLiteSourceCodeAccess
LogPluginManager: Mounting plugin GitSourceControl
LogPluginManager: Mounting plugin KDevelopSourceCodeAccess
LogPluginManager: Mounting plugin NullSourceCodeAccess
LogPluginManager: Mounting plugin PerforceSourceControl
LogPluginManager: Mounting plugin SubversionSourceControl
LogPluginManager: Mounting plugin UObjectPlugin
LogPluginManager: Mounting plugin VisualStudioSourceCodeAccess
LogPluginManager: Mounting plugin XCodeSourceCodeAccess
LogPluginManager: Mounting plugin AssetManagerEditor
LogPluginManager: Mounting plugin AudioCapture
LogPluginManager: Mounting plugin FacialAnimation
LogPluginManager: Mounting plugin GameplayTagsEditor
LogPluginManager: Mounting plugin MobileLauncherProfileWizard
LogPluginManager: Mounting plugin PluginBrowser
LogPluginManager: Mounting plugin SpeedTreeImporter
LogPluginManager: Mounting plugin AlembicImporter
LogPluginManager: Mounting plugin CharacterAI
LogPluginManager: Mounting plugin HTML5Networking
LogPluginManager: Mounting plugin AndroidMedia
LogPluginManager: Mounting plugin AvfMedia
LogPluginManager: Mounting plugin MediaPlayerEditor
LogPluginManager: Mounting plugin WmfMedia
LogPluginManager: Mounting plugin TcpMessaging
LogPluginManager: Mounting plugin UdpMessaging
LogPluginManager: Mounting plugin LevelSequenceEditor
LogPluginManager: Mounting plugin MatineeToLevelSequence
LogPluginManager: Mounting plugin OnlineSubsystemGooglePlay
LogPluginManager: Mounting plugin OnlineSubsystemIOS
LogPluginManager: Mounting plugin OnlineSubsystem
LogPluginManager: Mounting plugin OnlineSubsystemNull
LogPluginManager: Mounting plugin OnlineSubsystemUtils
LogPluginManager: Mounting plugin AndroidDeviceProfileSelector
LogPluginManager: Mounting plugin AndroidMoviePlayer
LogPluginManager: Mounting plugin AndroidPermission
LogPluginManager: Mounting plugin AppleMoviePlayer
LogPluginManager: Mounting plugin ArchVisCharacter
LogPluginManager: Mounting plugin CableComponent
LogPluginManager: Mounting plugin CustomMeshComponent
LogPluginManager: Mounting plugin ExampleDeviceProfileSelector
LogPluginManager: Mounting plugin GoogleCloudMessaging
LogPluginManager: Mounting plugin ImmediatePhysics
LogPluginManager: Mounting plugin IOSDeviceProfileSelector
LogPluginManager: Mounting plugin LinuxDeviceProfileSelector
LogPluginManager: Mounting plugin LocationServicesBPLibrary
LogPluginManager: Mounting plugin MobilePatchingUtils
LogPluginManager: Mounting plugin OculusVR
LogPluginManager: Mounting plugin PhysXVehicles
LogPluginManager: Mounting plugin ProceduralMeshComponent
LogPluginManager: Mounting plugin RuntimePhysXCooking
LogPluginManager: Mounting plugin SteamVR
LogPluginManager: Mounting plugin WindowsMoviePlayer
LogInit: Using libcurl 7.47.1
LogInit:  - built for x86_64-pc-win32
LogInit:  - supports SSL with OpenSSL/1.0.2g
LogInit:  - supports HTTP deflate (compression) using libz 1.2.8
LogInit:  - other features:
LogInit:      CURL_VERSION_SSL
LogInit:      CURL_VERSION_LIBZ
LogInit:      CURL_VERSION_IPV6
LogInit:      CURL_VERSION_ASYNCHDNS
LogInit:      CURL_VERSION_LARGEFILE
LogInit:      CURL_VERSION_IDN
LogInit:  CurlRequestOptions (configurable via config and command line):
LogInit:  - bVerifyPeer = false  - Libcurl will NOT verify peer certificate
LogInit:  - bUseHttpProxy = false  - Libcurl will NOT use HTTP proxy
LogInit:  - bDontReuseConnections = false  - Libcurl will reuse connections
LogInit:  - CertBundlePath = nullptr  - Libcurl will use whatever was configured at build time.
LogInit: Build: ++UE4+Release-4.17-CL-3586342
LogInit: Engine Version: 4.17.1-3586342+++UE4+Release-4.17
LogInit: Compatible Engine Version: 4.17.0-3573198+++UE4+Release-4.17
LogInit: Net CL: 3573198
LogDevObjectVersion: Number of dev versions registered: 16
LogDevObjectVersion:   Dev-Blueprints (B0D832E4-1F89-4F0D-ACCF-7EB736FD4AA2): 10
LogDevObjectVersion:   Dev-Build (E1C64328-A22C-4D53-A36C-8E866417BD8C): 0
LogDevObjectVersion:   Dev-Core (375EC13C-06E4-48FB-B500-84F0262A717E): 2
LogDevObjectVersion:   Dev-Editor (E4B068ED-F494-42E9-A231-DA0B2E46BB41): 20
LogDevObjectVersion:   Dev-Framework (CFFC743F-43B0-4480-9391-14DF171D2073): 28
LogDevObjectVersion:   Dev-Mobile (B02B49B5-BB20-44E9-A304-32B752E40360): 0
LogDevObjectVersion:   Dev-Networking (A4E4105C-59A1-49B5-A7C5-40C4547EDFEE): 0
LogDevObjectVersion:   Dev-Online (39C831C9-5AE6-47DC-9A44-9C173E1C8E7C): 0
LogDevObjectVersion:   Dev-Physics (78F01B33-EBEA-4F98-B9B4-84EACCB95AA2): 0
LogDevObjectVersion:   Dev-Platform (6631380F-2D4D-43E0-8009-CF276956A95A): 0
LogDevObjectVersion:   Dev-Rendering (12F88B9F-8875-4AFC-A67C-D90C383ABD29): 19
LogDevObjectVersion:   Dev-Sequencer (7B5AE74C-D270-4C10-A958-57980B212A5A): 4
LogDevObjectVersion:   Dev-VR (D7296918-1DD6-4BDD-9DE2-64A83CC13884): 0
LogDevObjectVersion:   Dev-LoadTimes (C2A15278-BFE7-4AFE-6C17-90FF531DF755): 1
LogDevObjectVersion:   Private-Geometry (6EACA3D4-40EC-4CC1-B786-8BED09428FC5): 1
LogDevObjectVersion:   Dev-AnimPhys (29E575DD-E0A3-4627-9D10-D276232CDCEA): 7
LogInit: Compiled (64-bit): Aug 15 2017 02:05:26
LogInit: Compiled with Visual C++: 19.00.24215.01
LogInit: Build Configuration: Development
LogInit: Branch Name: ++UE4+Release-4.17
LogInit: Command line:  
LogInit: Base directory: D:/UE_4.17/Engine/Binaries/Win64/
LogInit: Installed Engine Build: 1
LogInit: Presizing for max 8388607 objects, including 0 objects not considered by GC, pre-allocating 0 bytes for permanent pool.
LogInit: Object subsystem initialized
[2017.09.02-11.27.26:767][  0]LogInit: Selected Device Profile: [Windows]
[2017.09.02-11.27.26:767][  0]LogInit: Applying CVar settings loaded from the selected device profile: [Windows]
[2017.09.02-11.27.26:782][  0]LogInit: Computer: PC1011604140
[2017.09.02-11.27.26:782][  0]LogInit: User: LocalAdmin
[2017.09.02-11.27.26:782][  0]LogInit: CPU Page size=4096, Cores=6
[2017.09.02-11.27.26:782][  0]LogInit: High frequency timer resolution =3.220788 MHz
[2017.09.02-11.27.26:782][  0]LogMemory: Memory total: Physical=15.9GB (16GB approx)
[2017.09.02-11.27.26:782][  0]LogMemory: Platform Memory Stats for Windows
[2017.09.02-11.27.26:782][  0]LogMemory: Process Physical Memory: 279.84 MB used, 279.84 MB peak
[2017.09.02-11.27.26:782][  0]LogMemory: Process Virtual Memory: 282.96 MB used, 282.96 MB peak
[2017.09.02-11.27.26:782][  0]LogMemory: Physical Memory: 2534.16 MB used,  13760.78 MB free, 16294.94 MB total
[2017.09.02-11.27.26:782][  0]LogMemory: Virtual Memory: 683.29 MB used,  13760.78 MB free, 134217728.00 MB total
[2017.09.02-11.27.27:011][  0]LogInit: Using OS detected language (de-DE).
[2017.09.02-11.27.27:011][  0]LogInit: Using OS detected locale (de-DE).
[2017.09.02-11.27.27:020][  0]LogTextLocalizationManager: No localization for 'de-DE' exists, so 'en' will be used for the language.
[2017.09.02-11.27.27:020][  0]LogTextLocalizationManager: No localization for 'de-DE' exists, so 'en' will be used for the locale.
[2017.09.02-11.27.27:796][  0]LogD3D11RHI: D3D11 adapters:
[2017.09.02-11.27.27:820][  0]LogD3D11RHI:    0. 'NVIDIA GeForce GTX 980 Ti' (Feature Level 11_0)
[2017.09.02-11.27.27:820][  0]LogD3D11RHI:       6102/0/8147 MB DedicatedVideo/DedicatedSystem/SharedSystem, Outputs:1, VendorId:0x10de
[2017.09.02-11.27.27:821][  0]LogD3D11RHI:    1. 'Microsoft Basic Render Driver' (Feature Level 11_0)
[2017.09.02-11.27.27:821][  0]LogD3D11RHI:       0/0/8147 MB DedicatedVideo/DedicatedSystem/SharedSystem, Outputs:0, VendorId:0x1414
[2017.09.02-11.27.27:821][  0]LogD3D11RHI: Chosen D3D11 Adapter: 0
[2017.09.02-11.27.27:824][  0]LogD3D11RHI: Creating new Direct3DDevice
[2017.09.02-11.27.27:824][  0]LogD3D11RHI:     GPU DeviceId: 0x17c8 (for the marketing name, search the web for "GPU Device Id")
[2017.09.02-11.27.27:824][  0]LogWindows: EnumDisplayDevices:
[2017.09.02-11.27.27:825][  0]LogWindows:    0. 'NVIDIA GeForce GTX 980 Ti' (P:1 D:1)
[2017.09.02-11.27.27:825][  0]LogWindows:    1. 'NVIDIA GeForce GTX 980 Ti' (P:0 D:0)
[2017.09.02-11.27.27:825][  0]LogWindows:    2. 'NVIDIA GeForce GTX 980 Ti' (P:0 D:0)
[2017.09.02-11.27.27:825][  0]LogWindows:    3. 'NVIDIA GeForce GTX 980 Ti' (P:0 D:0)
[2017.09.02-11.27.27:825][  0]LogWindows: DebugString: FoundDriverCount:4 
[2017.09.02-11.27.27:825][  0]LogD3D11RHI:     Adapter Name: NVIDIA GeForce GTX 980 Ti
[2017.09.02-11.27.27:825][  0]LogD3D11RHI:   Driver Version: 376.53 (internal:21.21.13.7653, unified:376.53)
[2017.09.02-11.27.27:825][  0]LogD3D11RHI:      Driver Date: 12-29-2016
[2017.09.02-11.27.27:825][  0]LogRHI: Texture pool is 1361 MB (70% of 1945 MB)
[2017.09.02-11.27.27:844][  0]LogD3D11RHI: Async texture creation enabled
[2017.09.02-11.27.27:862][  0]LogD3D11RHI: GPU Timing Frequency: 1000.000000 (Debug: 2 1)
[2017.09.02-11.27.27:913][  0]LogShaderCompilers: Guid format shader working directory is 4 characters bigger than the processId version (../../../../MA Daniel Schmidl/Masterarbeit 4.17/Intermediate/Shaders/WorkingDirectory/1104/).
[2017.09.02-11.27.27:913][  0]LogShaderCompilers: Cleaned the shader compiler working directory 'C:/Users/LocalAdmin/AppData/Local/Temp/UnrealShaderWorkingDir/5D7739A148F79CAF4B0C4294B3B78BE6/'.
[2017.09.02-11.27.27:914][  0]LogShaderCompilers: Display: Using Local Shader Compiler.
[2017.09.02-11.27.29:122][  0]LogTemp: Display: Loaded TP AllDesktopTargetPlatform
[2017.09.02-11.27.29:161][  0]LogTemp: Display: Loaded TP MacClientTargetPlatform
[2017.09.02-11.27.29:198][  0]LogTemp: Display: Loaded TP MacNoEditorTargetPlatform
[2017.09.02-11.27.29:236][  0]LogTemp: Display: Loaded TP MacServerTargetPlatform
[2017.09.02-11.27.29:278][  0]LogTemp: Display: Loaded TP MacTargetPlatform
[2017.09.02-11.27.29:315][  0]LogTemp: Display: Loaded TP WindowsClientTargetPlatform
[2017.09.02-11.27.29:354][  0]LogTemp: Display: Loaded TP WindowsNoEditorTargetPlatform
[2017.09.02-11.27.29:393][  0]LogTemp: Display: Loaded TP WindowsServerTargetPlatform
[2017.09.02-11.27.29:423][  0]LogTemp: Display: Loaded TP WindowsTargetPlatform
[2017.09.02-11.27.29:462][  0]LogTemp: Display: Loaded TP AndroidTargetPlatform
[2017.09.02-11.27.29:500][  0]LogTemp: Display: Loaded TP Android_ASTCTargetPlatform
[2017.09.02-11.27.29:536][  0]LogTemp: Display: Loaded TP Android_ATCTargetPlatform
[2017.09.02-11.27.29:572][  0]LogTemp: Display: Loaded TP Android_DXTTargetPlatform
[2017.09.02-11.27.29:609][  0]LogTemp: Display: Loaded TP Android_ETC1TargetPlatform
[2017.09.02-11.27.29:646][  0]LogTemp: Display: Loaded TP Android_ETC2TargetPlatform
[2017.09.02-11.27.29:718][  0]LogTemp: Display: Loaded TP Android_MultiTargetPlatform
[2017.09.02-11.27.29:718][  0]LogTemp: Display: Loaded TP Android_PVRTCTargetPlatform
[2017.09.02-11.27.29:745][  0]LogTemp: Display: Loaded TP HTML5TargetPlatform
[2017.09.02-11.27.29:835][  0]LogTemp: Display: Loaded TP IOSTargetPlatform
[2017.09.02-11.27.29:856][  0]LogTemp: Display: Loaded TP TVOSTargetPlatform
[2017.09.02-11.27.29:892][  0]LogTemp: Display: Loaded TP LinuxClientTargetPlatform
[2017.09.02-11.27.29:927][  0]LogTemp: Display: Loaded TP LinuxNoEditorTargetPlatform
[2017.09.02-11.27.29:962][  0]LogTemp: Display: Loaded TP LinuxServerTargetPlatform
[2017.09.02-11.27.30:000][  0]LogTemp: Display: Loaded TP LinuxTargetPlatform
[2017.09.02-11.27.30:000][  0]LogTargetPlatformManager: Display: Building Assets For Windows
[2017.09.02-11.27.30:560][  0]LogDerivedDataCache: Display: Max Cache Size: 512 MB
[2017.09.02-11.27.30:833][  0]LogDerivedDataCache: Loaded boot cache 0.27s 93MB C:/Users/LocalAdmin/AppData/Local/UnrealEngine/4.17/DerivedDataCache/Boot.ddc.
[2017.09.02-11.27.30:833][  0]LogDerivedDataCache: Display: Loaded Boot cache: C:/Users/LocalAdmin/AppData/Local/UnrealEngine/4.17/DerivedDataCache/Boot.ddc
[2017.09.02-11.27.30:833][  0]LogDerivedDataCache: FDerivedDataBackendGraph:  Pak pak cache file ../../../../MA Daniel Schmidl/Masterarbeit 4.17/DerivedDataCache/DDC.ddp not found, will not use a pak cache.
[2017.09.02-11.27.30:833][  0]LogDerivedDataCache: Unable to find inner node Pak for hierarchical cache Hierarchy.
[2017.09.02-11.27.30:833][  0]LogDerivedDataCache: FDerivedDataBackendGraph:  CompressedPak pak cache file ../../../../MA Daniel Schmidl/Masterarbeit 4.17/DerivedDataCache/Compressed.ddp not found, will not use a pak cache.
[2017.09.02-11.27.30:833][  0]LogDerivedDataCache: Unable to find inner node CompressedPak for hierarchical cache Hierarchy.
[2017.09.02-11.27.30:854][  0]LogDerivedDataCache: Display: Pak cache opened for reading ../../../Engine/DerivedDataCache/Compressed.ddp.
[2017.09.02-11.27.30:866][  0]LogDerivedDataCache: Using Local data cache path C:/Users/LocalAdmin/AppData/Local/UnrealEngine/Common/DerivedDataCache: Writable
[2017.09.02-11.27.30:878][  0]LogMaterial: Verifying Global Shaders for PCD3D_SM5
[2017.09.02-11.27.30:879][  0]LogSlate: Using Freetype 2.6.0
[2017.09.02-11.27.30:881][  0]LogSlate: SlateFontCache - WITH_FREETYPE: 1, WITH_HARFBUZZ: 1
[2017.09.02-11.27.30:881][  0]LogSlate: SlateFontCache - WITH_FREETYPE: 1, WITH_HARFBUZZ: 1
[2017.09.02-11.27.33:540][  0]LogAssetRegistry: FAssetRegistry took 0.0266 seconds to start up
[2017.09.02-11.27.33:662][  0]LogInit: Selected Device Profile: [Windows]
[2017.09.02-11.27.33:843][  0]LogContentStreaming: Texture pool size is 0.00 MB
[2017.09.02-11.27.34:169][  0]LogSimplygon: Simplygon DLL not present - disabling.
[2017.09.02-11.27.34:196][  0]LogMeshReduction: Using SimplygonSwarm for distributed automatic mesh merging
[2017.09.02-11.27.34:196][  0]LogMeshReduction: Using QuadricMeshReduction for automatic static mesh reduction
[2017.09.02-11.27.34:196][  0]LogMeshReduction: No automatic skeletal mesh reduction module available
[2017.09.02-11.27.34:196][  0]LogMeshReduction: No automatic mesh merging module available
[2017.09.02-11.27.34:196][  0]LogMeshMerging: No automatic mesh merging module available
[2017.09.02-11.27.34:567][  0]LogNetVersion: DSHockeyGame , NetCL: 3573198, EngineNetVer: 2, GameNetVer: 0 (Checksum: 4108346606)
[2017.09.02-11.27.34:753][  0]LogPackageLocalizationCache: Processed 5 localized package path(s) for 1 prioritized culture(s) in 0.018312 seconds
[2017.09.02-11.27.34:758][  0]LogUObjectArray: 35825 objects as part of root set at end of initial load.
[2017.09.02-11.27.34:758][  0]LogUObjectAllocator: 7529112 out of 0 bytes used by permanent object pool.
[2017.09.02-11.27.34:758][  0]LogUObjectArray: CloseDisregardForGC: 0/0 objects in disregard for GC pool
[2017.09.02-11.27.34:793][  0]LogInit: WinSock: version 1.1 (2.2), MaxSocks=32767, MaxUdp=65467
[2017.09.02-11.27.37:608][  0]LogTcpMessaging: Initializing TcpMessaging bridge
[2017.09.02-11.27.37:637][  0]LogUdpMessaging: Initializing bridge on interface 0.0.0.0:0 to multicast group 230.0.0.1:6666.
[2017.09.02-11.27.38:120][  0]LogMaterial: Uniform references updated for custom material expression Custom.
[2017.09.02-11.27.38:419][  0]SourceControl: Source control is disabled
[2017.09.02-11.27.38:419][  0]SourceControl: Source control is disabled
[2017.09.02-11.27.38:450][  0]SourceControl: Source control is disabled
[2017.09.02-11.27.38:481][  0]SourceControl: Source control is disabled
[2017.09.02-11.27.38:868][  0]LogAndroidPermission: UAndroidPermissionCallbackProxy::GetInstance
[2017.09.02-11.27.39:026][  0]LogOcInput: OculusInput pre-init called
[2017.09.02-11.27.39:210][  0]LogEngine: Initializing Engine...
[2017.09.02-11.27.41:437][  0]LogHMD: SteamVR initialized.  Driver: lighthouse  Display: LHR-7E24A3A3
[2017.09.02-11.27.41:665][  0]LogStats: UGameplayTagsManager::ConstructGameplayTagTree: Construct from data asset -  0.000 s
[2017.09.02-11.27.41:665][  0]LogStats: UGameplayTagsManager::ConstructGameplayTagTree: GameplayTagTreeChangedEvent.Broadcast -  0.000 s
[2017.09.02-11.27.41:768][  0]LogAIModule: Creating AISystem for world Untitled
[2017.09.02-11.27.41:796][  0]LogInit: XAudio2 using 'HTC-VIVE-4 (NVIDIA High Definition Audio)' : 2 channels at 48 kHz using 16 bits per sample (channel mask 0x3)
[2017.09.02-11.27.41:812][  0]LogInit: FAudioDevice initialized.
[2017.09.02-11.27.41:898][  0]LogDerivedDataCache: Saved boot cache 0.09s 93MB C:/Users/LocalAdmin/AppData/Local/UnrealEngine/4.17/DerivedDataCache/Boot.ddc.
[2017.09.02-11.27.41:909][  0]LogInit: Texture streaming: Enabled
[2017.09.02-11.27.41:982][  0]LogEngineSessionManager: EngineSessionManager initialized
[2017.09.02-11.27.42:138][  0]LogInit: Transaction tracking system initialized
[2017.09.02-11.27.42:354][  0]BlueprintLog: New page: Editor Load
[2017.09.02-11.27.42:949][  0]LocalizationService: Localization service is disabled
[2017.09.02-11.27.43:435][  0]LogConsoleResponse: Display: 
[2017.09.02-11.27.43:615][  0]LogCook: Display: Max memory allowance for cook 16384mb min free memory 0mb
[2017.09.02-11.27.43:615][  0]LogCook: Display: Mobile HDR setting 1
[2017.09.02-11.27.43:615][  0]LogGameplayTags: Display: UGameplayTagsManager::DoneAddingNativeTags. DelegateIsBound: 0
[2017.09.02-11.27.43:714][  0]LogFileCache: Scanning file cache for directory 'D:/MA Daniel Schmidl/Masterarbeit 4.17/Content/' took 0.01s
[2017.09.02-11.27.44:354][  0]SourceControl: Source control is disabled
[2017.09.02-11.27.44:354][  0]Cmd: MAP LOAD FILE="../../../../MA Daniel Schmidl/Masterarbeit 4.17/Content/VirtualRealityBP/Maps/PrototypeMap.umap" TEMPLATE=0 SHOWPROGRESS=1 FEATURELEVEL=3
[2017.09.02-11.27.44:355][  0]LightingResults: New page: Lighting Build
[2017.09.02-11.27.44:382][  0]MapCheck: New page: Map Check
[2017.09.02-11.27.44:382][  0]LightingResults: New page: Lighting Build
[2017.09.02-11.27.44:595][  0]LogBlueprint: Warning: [Compiler BP_MotionController] ProjectPointToNavigation_DEPRECATED  is deprecated; This version of ProjectPointToNavigation is deprecated. Please use the new version
[2017.09.02-11.27.44:614][  0]LogBlueprint: Warning: [Compiler BP_MotionController] [0020.33] Compile of BP_MotionController successful, but with 1 Warning(s) [in 40 ms] (/Game/VirtualRealityBP/Blueprints/BP_MotionController.BP_MotionController)
[2017.09.02-11.27.45:071][  0]LogAIModule: Creating AISystem for world PrototypeMap
[2017.09.02-11.27.45:086][  0]LogEditorServer: Finished looking for orphan Actors (0.000 secs)
[2017.09.02-11.27.45:107][  0]Cmd: MAP CHECKDEP NOCLEARLOG
[2017.09.02-11.27.45:163][  0]MapCheck: Map check complete: 0 Error(s), 0 Warning(s), took 56.207ms to complete.
[2017.09.02-11.27.45:163][  0]LogFileHelpers: Loading map 'PrototypeMap' took 0.810
[2017.09.02-11.27.45:318][  0]LogCollectionManager: Loaded 0 collections in 0.000909 seconds
[2017.09.02-11.27.45:382][  0]LogFileCache: Scanning file cache for directory 'D:/MA Daniel Schmidl/Masterarbeit 4.17/Saved/Collections/' took 0.01s
[2017.09.02-11.27.45:383][  0]LogFileCache: Scanning file cache for directory 'D:/MA Daniel Schmidl/Masterarbeit 4.17/Content/Developers/LocalAdmin/Collections/' took 0.01s
[2017.09.02-11.27.45:383][  0]LogFileCache: Scanning file cache for directory 'D:/MA Daniel Schmidl/Masterarbeit 4.17/Content/Collections/' took 0.01s
[2017.09.02-11.27.45:383][  0]LogCollectionManager: Rebuilt the GUID cache for 0 collections in 0.000000 seconds
[2017.09.02-11.27.45:392][  0]LogContentBrowser: Native class hierarchy populated in 0.0088 seconds. Added 2386 classes and 500 folders.
[2017.09.02-11.27.45:435][  0]LogContentBrowser: Native class hierarchy updated for 'WidgetCarousel' in 0.0007 seconds. Added 0 classes and 0 folders.
[2017.09.02-11.27.45:525][  0]LogContentBrowser: Native class hierarchy updated for 'AddContentDialog' in 0.0006 seconds. Added 0 classes and 0 folders.
[2017.09.02-11.27.45:555][  0]LogContentBrowser: Native class hierarchy updated for 'SceneOutliner' in 0.0007 seconds. Added 1 classes and 2 folders.
[2017.09.02-11.27.45:580][  0]LogSlate: Took 0.000922 seconds to synchronously load lazily loaded font '../../../Engine/Content/Slate/Fonts/Roboto-Regular.ttf' (155K)
[2017.09.02-11.27.45:582][  0]LogSlate: Took 0.000900 seconds to synchronously load lazily loaded font '../../../Engine/Content/Slate/Fonts/Roboto-Bold.ttf' (160K)
[2017.09.02-11.27.45:589][  0]LogSlate: Took 0.000857 seconds to synchronously load lazily loaded font '../../../Engine/Content/Editor/Slate/Fonts/FontAwesome.ttf' (139K)
[2017.09.02-11.27.45:688][  0]LogRenderer: Reallocating scene render targets to support 1208x576 Format 26 NumSamples 1 (Frame:1).
[2017.09.02-11.27.45:736][  0]LogSlate: Took 0.001090 seconds to synchronously load lazily loaded font '../../../Engine/Content/Slate/Fonts/Roboto-Light.ttf' (159K)
[2017.09.02-11.27.45:835][  0]LogContentBrowser: Native class hierarchy updated for 'HierarchicalLODOutliner' in 0.0007 seconds. Added 1 classes and 2 folders.
[2017.09.02-11.27.45:835][  0]LogLoad: (Engine Initialization) Total time: 21.55 seconds
[2017.09.02-11.27.45:835][  0]LogLoad: (Engine Initialization) Total Blueprint compile time: 0.00 seconds
[2017.09.02-11.27.45:835][  0]LogExternalProfiler: No external profilers were discovered.  External profiling features will not be available.
[2017.09.02-11.27.46:196][  0]LogContentStreaming: Texture pool size now 1000 MB
[2017.09.02-11.27.46:521][  1]LogAssetRegistry: Asset discovery search completed in 13.0031 seconds
[2017.09.02-11.27.46:523][  1]LogCollectionManager: Rebuilt the object cache for 0 collections in 0.000001 seconds (found 0 objects)
[2017.09.02-11.27.46:523][  1]LogCollectionManager: Fixed up redirectors for 0 collections in 0.000060 seconds (updated 0 objects)
[2017.09.02-11.29.49:508][370]LogSteamVRController: Tracker device 1 is being assigned unreal hand: Special 1, for player 0
[2017.09.02-11.51.56:750][246]Cmd: MAP LOAD FILE="../../../../MA Daniel Schmidl/Masterarbeit 4.17/Content/VirtualRealityBP/Maps/EVR_Map.umap" TEMPLATE=0 SHOWPROGRESS=1 FEATURELEVEL=3
[2017.09.02-11.51.56:754][246]LogSlate: Took 0.000176 seconds to synchronously load lazily loaded font '../../../Engine/Content/Slate/Fonts/Roboto-Light.ttf' (159K)
[2017.09.02-11.51.56:760][246]LightingResults: New page: Lighting Build
[2017.09.02-11.51.56:760][246]LoadErrors: New page: Loading map: EVR_Map.umap
[2017.09.02-11.51.56:763][246]MapCheck: New page: Map Check
[2017.09.02-11.51.56:763][246]LightingResults: New page: Lighting Build
[2017.09.02-11.51.57:565][246]LogAIModule: Creating AISystem for world EVR_Map
[2017.09.02-11.51.57:590][246]LogEditorServer: Finished looking for orphan Actors (0.000 secs)
[2017.09.02-11.51.57:636][246]Cmd: MAP CHECKDEP NOCLEARLOG
[2017.09.02-11.51.57:696][246]MapCheck: Map check complete: 0 Error(s), 0 Warning(s), took 59.978ms to complete.
[2017.09.02-11.51.57:696][246]LogFileHelpers: Loading map 'EVR_Map' took 0.947
[2017.09.02-11.56.23:610][315]LogEditorViewport: Clicking on Actor (LMB): BlockingVolume (BlockingVolume_Pfosten2)
[2017.09.02-11.56.24:880][459]Cmd: EDIT COPY
[2017.09.02-11.56.25:220][499]Cmd: EDIT PASTE
[2017.09.02-11.56.37:207][927]Cmd: DELETE
[2017.09.02-11.56.37:207][927]Cmd: ACTOR DELETE
[2017.09.02-11.56.37:207][927]LogEditorActor: Deleted Actor: BlockingVolume
[2017.09.02-11.56.37:222][927]LogEditorActor: Deleted 1 Actors (0.015 secs)
[2017.09.02-11.56.38:661][ 99]LogEditorViewport: Clicking on Actor (LMB): BlockingVolume (BlockingVolume_Pfosten2)
[2017.09.02-11.57.11:634][960]LogEditorViewport: Clicking on Actor (LMB): BlockingVolume (BlockingVolume_Pfosten1)
[2017.09.02-11.57.26:235][666]Cmd: EDIT COPY
[2017.09.02-11.57.26:488][696]Cmd: EDIT PASTE
[2017.09.02-11.57.57:664][380]LogSavePackage: Save=108.23ms
[2017.09.02-11.57.57:664][380]LogSavePackage: Moving '../../../../MA Daniel Schmidl/Masterarbeit 4.17/Saved/EVR_MapC875268C4EF3A08B637E378CD14F91CA.tmp' to '../../../../MA Daniel Schmidl/Masterarbeit 4.17/Content/VirtualRealityBP/Maps/EVR_Map.umap'
[2017.09.02-11.57.57:665][380]LogSavePackage: Display: Finished SavePackage ../../../../MA Daniel Schmidl/Masterarbeit 4.17/Content/VirtualRealityBP/Maps/EVR_Map.umap
[2017.09.02-12.01.56:850][750]LogPlayLevel: PlayLevel: No blueprints needed recompiling
[2017.09.02-12.01.56:851][750]PIE: New page: PIE session: EVR_Map (Sep 2, 2017, 4:01:56 PM)
[2017.09.02-12.01.56:851][750]LogPlayLevel: Creating play world package: /Game/VirtualRealityBP/Maps/UEDPIE_0_EVR_Map
[2017.09.02-12.01.56:857][750]LogPlayLevel: PIE: StaticDuplicateObject took: (0.005323s)
[2017.09.02-12.01.56:857][750]LogAIModule: Creating AISystem for world EVR_Map
[2017.09.02-12.01.56:857][750]LogPlayLevel: PIE: World Init took: (0.000742s)
[2017.09.02-12.01.56:858][750]LogPlayLevel: PIE: Created PIE world by copying editor world from /Game/VirtualRealityBP/Maps/EVR_Map.EVR_Map to /Game/VirtualRealityBP/Maps/UEDPIE_0_EVR_Map.EVR_Map (0.006321s)
[2017.09.02-12.01.56:893][750]LogInit: XAudio2 using 'Lautsprecher (Realtek High Definition Audio)' : 2 channels at 48 kHz using 32 bits per sample (channel mask 0x3)
[2017.09.02-12.01.56:907][750]LogInit: FAudioDevice initialized.
[2017.09.02-12.01.56:951][750]LogLoad: Game class is 'Prototype_Gamemode_C'
[2017.09.02-12.01.56:958][750]LogWorld: Bringing World /Game/VirtualRealityBP/Maps/UEDPIE_0_EVR_Map.EVR_Map up for play (max tick rate 0) at 2017.09.02-14.01.56
[2017.09.02-12.01.56:959][750]LogWorld: Bringing up level for play took: 0.004770
[2017.09.02-12.01.56:961][750]LogSpawn: Warning: SpawnActor failed because no class was specified
[2017.09.02-12.01.56:989][750]LogContentBrowser: Native class hierarchy updated for 'MovieSceneCapture' in 0.0007 seconds. Added 11 classes and 0 folders.
[2017.09.02-12.01.56:991][750]PIE: Play in editor start time for /Game/VirtualRealityBP/Maps/UEDPIE_0_EVR_Map -0.238
[2017.09.02-12.01.57:033][751]LogRenderer: Reallocating scene render targets to support 1692x804 Format 26 NumSamples 1 (Frame:1).
[2017.09.02-12.04.06:834][496]LogPlayLevel: PlayLevel: No blueprints needed recompiling
[2017.09.02-12.04.06:835][496]PIE: New page: PIE session: EVR_Map (Sep 2, 2017, 4:04:06 PM)
[2017.09.02-12.04.06:835][496]LogPlayLevel: Creating play world package: /Game/VirtualRealityBP/Maps/UEDPIE_0_EVR_Map
[2017.09.02-12.04.06:840][496]LogPlayLevel: PIE: StaticDuplicateObject took: (0.005578s)
[2017.09.02-12.04.06:841][496]LogAIModule: Creating AISystem for world EVR_Map
[2017.09.02-12.04.06:841][496]LogPlayLevel: PIE: World Init took: (0.000720s)
[2017.09.02-12.04.06:841][496]LogPlayLevel: PIE: Created PIE world by copying editor world from /Game/VirtualRealityBP/Maps/EVR_Map.EVR_Map to /Game/VirtualRealityBP/Maps/UEDPIE_0_EVR_Map.EVR_Map (0.006535s)
[2017.09.02-12.04.06:876][496]LogInit: XAudio2 using 'Lautsprecher (Realtek High Definition Audio)' : 2 channels at 48 kHz using 32 bits per sample (channel mask 0x3)
[2017.09.02-12.04.06:888][496]LogInit: FAudioDevice initialized.
[2017.09.02-12.04.06:961][496]LogLoad: Game class is 'Prototype_Gamemode_C'
[2017.09.02-12.04.06:964][496]LogWorld: Bringing World /Game/VirtualRealityBP/Maps/UEDPIE_0_EVR_Map.EVR_Map up for play (max tick rate 0) at 2017.09.02-14.04.06
[2017.09.02-12.04.06:965][496]LogWorld: Bringing up level for play took: 0.003407
[2017.09.02-12.04.06:965][496]LogSpawn: Warning: SpawnActor failed because no class was specified
[2017.09.02-12.04.06:969][496]PIE: Play in editor start time for /Game/VirtualRealityBP/Maps/UEDPIE_0_EVR_Map -0.26
[2017.09.02-12.04.07:031][497]LogRenderer: Reallocating scene render targets to support 3024x1680 Format 26 NumSamples 1 (Frame:1).
[2017.09.02-12.04.09:828][672]LogTemp: Repeating last play command: VR Preview
[2017.09.02-12.04.09:843][672]LogPlayLevel: PlayLevel: No blueprints needed recompiling
[2017.09.02-12.04.09:843][672]PIE: New page: PIE session: EVR_Map (Sep 2, 2017, 4:04:09 PM)
[2017.09.02-12.04.09:843][672]LogPlayLevel: Creating play world package: /Game/VirtualRealityBP/Maps/UEDPIE_0_EVR_Map
[2017.09.02-12.04.09:849][672]LogPlayLevel: PIE: StaticDuplicateObject took: (0.005154s)
[2017.09.02-12.04.09:849][672]LogAIModule: Creating AISystem for world EVR_Map
[2017.09.02-12.04.09:849][672]LogPlayLevel: PIE: World Init took: (0.000597s)
[2017.09.02-12.04.09:849][672]LogPlayLevel: PIE: Created PIE world by copying editor world from /Game/VirtualRealityBP/Maps/EVR_Map.EVR_Map to /Game/VirtualRealityBP/Maps/UEDPIE_0_EVR_Map.EVR_Map (0.005991s)
[2017.09.02-12.04.09:884][672]LogInit: XAudio2 using 'Lautsprecher (Realtek High Definition Audio)' : 2 channels at 48 kHz using 32 bits per sample (channel mask 0x3)
[2017.09.02-12.04.09:895][672]LogInit: FAudioDevice initialized.
[2017.09.02-12.04.09:963][672]LogLoad: Game class is 'Prototype_Gamemode_C'
[2017.09.02-12.04.09:966][672]LogWorld: Bringing World /Game/VirtualRealityBP/Maps/UEDPIE_0_EVR_Map.EVR_Map up for play (max tick rate 0) at 2017.09.02-14.04.09
[2017.09.02-12.04.09:967][672]LogWorld: Bringing up level for play took: 0.003476
[2017.09.02-12.04.09:967][672]LogSpawn: Warning: SpawnActor failed because no class was specified
[2017.09.02-12.04.09:972][672]PIE: Play in editor start time for /Game/VirtualRealityBP/Maps/UEDPIE_0_EVR_Map 0.743
[2017.09.02-12.04.13:802][179]LogPlayLevel: PlayLevel: No blueprints needed recompiling
[2017.09.02-12.04.13:803][179]PIE: New page: PIE session: EVR_Map (Sep 2, 2017, 4:04:13 PM)
[2017.09.02-12.04.13:803][179]LogPlayLevel: Creating play world package: /Game/VirtualRealityBP/Maps/UEDPIE_0_EVR_Map
[2017.09.02-12.04.13:808][179]LogPlayLevel: PIE: StaticDuplicateObject took: (0.005324s)
[2017.09.02-12.04.13:809][179]LogAIModule: Creating AISystem for world EVR_Map
[2017.09.02-12.04.13:809][179]LogPlayLevel: PIE: World Init took: (0.000828s)
[2017.09.02-12.04.13:809][179]LogPlayLevel: PIE: Created PIE world by copying editor world from /Game/VirtualRealityBP/Maps/EVR_Map.EVR_Map to /Game/VirtualRealityBP/Maps/UEDPIE_0_EVR_Map.EVR_Map (0.006427s)
[2017.09.02-12.04.13:844][179]LogInit: XAudio2 using 'Lautsprecher (Realtek High Definition Audio)' : 2 channels at 48 kHz using 32 bits per sample (channel mask 0x3)
[2017.09.02-12.04.13:855][179]LogInit: FAudioDevice initialized.
[2017.09.02-12.04.13:926][179]LogLoad: Game class is 'Prototype_Gamemode_C'
[2017.09.02-12.04.13:930][179]LogWorld: Bringing World /Game/VirtualRealityBP/Maps/UEDPIE_0_EVR_Map.EVR_Map up for play (max tick rate 0) at 2017.09.02-14.04.13
[2017.09.02-12.04.13:930][179]LogWorld: Bringing up level for play took: 0.003478
[2017.09.02-12.04.13:931][179]LogSpawn: Warning: SpawnActor failed because no class was specified
[2017.09.02-12.04.13:935][179]PIE: Play in editor start time for /Game/VirtualRealityBP/Maps/UEDPIE_0_EVR_Map 0.706
[2017.09.02-12.05.21:836][ 36]LogTemp: Repeating last play command: VR Preview
[2017.09.02-12.05.21:851][ 36]LogPlayLevel: PlayLevel: No blueprints needed recompiling
[2017.09.02-12.05.21:851][ 36]PIE: New page: PIE session: EVR_Map (Sep 2, 2017, 4:05:21 PM)
[2017.09.02-12.05.21:851][ 36]LogPlayLevel: Creating play world package: /Game/VirtualRealityBP/Maps/UEDPIE_0_EVR_Map
[2017.09.02-12.05.21:857][ 36]LogPlayLevel: PIE: StaticDuplicateObject took: (0.005134s)
[2017.09.02-12.05.21:857][ 36]LogAIModule: Creating AISystem for world EVR_Map
[2017.09.02-12.05.21:857][ 36]LogPlayLevel: PIE: World Init took: (0.000664s)
[2017.09.02-12.05.21:858][ 36]LogPlayLevel: PIE: Created PIE world by copying editor world from /Game/VirtualRealityBP/Maps/EVR_Map.EVR_Map to /Game/VirtualRealityBP/Maps/UEDPIE_0_EVR_Map.EVR_Map (0.006033s)
[2017.09.02-12.05.21:892][ 36]LogInit: XAudio2 using 'Lautsprecher (Realtek High Definition Audio)' : 2 channels at 48 kHz using 32 bits per sample (channel mask 0x3)
[2017.09.02-12.05.21:903][ 36]LogInit: FAudioDevice initialized.
[2017.09.02-12.05.21:968][ 36]LogLoad: Game class is 'Prototype_Gamemode_C'
[2017.09.02-12.05.21:972][ 36]LogWorld: Bringing World /Game/VirtualRealityBP/Maps/UEDPIE_0_EVR_Map.EVR_Map up for play (max tick rate 0) at 2017.09.02-14.05.21
[2017.09.02-12.05.21:972][ 36]LogWorld: Bringing up level for play took: 0.003444
[2017.09.02-12.05.21:973][ 36]LogSpawn: Warning: SpawnActor failed because no class was specified
[2017.09.02-12.05.21:977][ 36]PIE: Play in editor start time for /Game/VirtualRealityBP/Maps/UEDPIE_0_EVR_Map 0.748
[2017.09.02-12.05.24:840][422]LogTemp: Repeating last play command: VR Preview
[2017.09.02-12.05.24:855][422]LogPlayLevel: PlayLevel: No blueprints needed recompiling
[2017.09.02-12.05.24:855][422]PIE: New page: PIE session: EVR_Map (Sep 2, 2017, 4:05:24 PM)
[2017.09.02-12.05.24:855][422]LogPlayLevel: Creating play world package: /Game/VirtualRealityBP/Maps/UEDPIE_0_EVR_Map
[2017.09.02-12.05.24:860][422]LogPlayLevel: PIE: StaticDuplicateObject took: (0.005016s)
[2017.09.02-12.05.24:860][422]LogAIModule: Creating AISystem for world EVR_Map
[2017.09.02-12.05.24:860][422]LogPlayLevel: PIE: World Init took: (0.000600s)
[2017.09.02-12.05.24:861][422]LogPlayLevel: PIE: Created PIE world by copying editor world from /Game/VirtualRealityBP/Maps/EVR_Map.EVR_Map to /Game/VirtualRealityBP/Maps/UEDPIE_0_EVR_Map.EVR_Map (0.005838s)
[2017.09.02-12.05.24:895][422]LogInit: XAudio2 using 'Lautsprecher (Realtek High Definition Audio)' : 2 channels at 48 kHz using 32 bits per sample (channel mask 0x3)
[2017.09.02-12.05.24:906][422]LogInit: FAudioDevice initialized.
[2017.09.02-12.05.24:979][422]LogLoad: Game class is 'Prototype_Gamemode_C'
[2017.09.02-12.05.24:983][422]LogWorld: Bringing World /Game/VirtualRealityBP/Maps/UEDPIE_0_EVR_Map.EVR_Map up for play (max tick rate 0) at 2017.09.02-14.05.24
[2017.09.02-12.05.24:983][422]LogWorld: Bringing up level for play took: 0.003546
[2017.09.02-12.05.24:984][422]LogSpawn: Warning: SpawnActor failed because no class was specified
[2017.09.02-12.05.24:988][422]PIE: Play in editor start time for /Game/VirtualRealityBP/Maps/UEDPIE_0_EVR_Map -0.241
[2017.09.02-12.06.19:894][542]LogTemp: Repeating last play command: VR Preview
[2017.09.02-12.06.19:908][542]LogPlayLevel: PlayLevel: No blueprints needed recompiling
[2017.09.02-12.06.19:909][542]PIE: New page: PIE session: EVR_Map (Sep 2, 2017, 4:06:19 PM)
[2017.09.02-12.06.19:909][542]LogPlayLevel: Creating play world package: /Game/VirtualRealityBP/Maps/UEDPIE_0_EVR_Map
[2017.09.02-12.06.19:914][542]LogPlayLevel: PIE: StaticDuplicateObject took: (0.005208s)
[2017.09.02-12.06.19:914][542]LogAIModule: Creating AISystem for world EVR_Map
[2017.09.02-12.06.19:915][542]LogPlayLevel: PIE: World Init took: (0.000655s)
[2017.09.02-12.06.19:915][542]LogPlayLevel: PIE: Created PIE world by copying editor world from /Game/VirtualRealityBP/Maps/EVR_Map.EVR_Map to /Game/VirtualRealityBP/Maps/UEDPIE_0_EVR_Map.EVR_Map (0.006107s)
[2017.09.02-12.06.19:950][542]LogInit: XAudio2 using 'Lautsprecher (Realtek High Definition Audio)' : 2 channels at 48 kHz using 32 bits per sample (channel mask 0x3)
[2017.09.02-12.06.19:961][542]LogInit: FAudioDevice initialized.
[2017.09.02-12.06.20:030][542]LogLoad: Game class is 'Prototype_Gamemode_C'
[2017.09.02-12.06.20:033][542]LogWorld: Bringing World /Game/VirtualRealityBP/Maps/UEDPIE_0_EVR_Map.EVR_Map up for play (max tick rate 0) at 2017.09.02-14.06.20
[2017.09.02-12.06.20:034][542]LogWorld: Bringing up level for play took: 0.003448
[2017.09.02-12.06.20:034][542]LogSpawn: Warning: SpawnActor failed because no class was specified
[2017.09.02-12.06.20:039][542]PIE: Play in editor start time for /Game/VirtualRealityBP/Maps/UEDPIE_0_EVR_Map 0.81
[2017.09.02-12.06.23:367][963]LogPlayLevel: PlayLevel: No blueprints needed recompiling
[2017.09.02-12.06.23:367][963]PIE: New page: PIE session: EVR_Map (Sep 2, 2017, 4:06:23 PM)
[2017.09.02-12.06.23:368][963]LogPlayLevel: Creating play world package: /Game/VirtualRealityBP/Maps/UEDPIE_0_EVR_Map
[2017.09.02-12.06.23:373][963]LogPlayLevel: PIE: StaticDuplicateObject took: (0.005135s)
[2017.09.02-12.06.23:373][963]LogAIModule: Creating AISystem for world EVR_Map
[2017.09.02-12.06.23:373][963]LogPlayLevel: PIE: World Init took: (0.000634s)
[2017.09.02-12.06.23:374][963]LogPlayLevel: PIE: Created PIE world by copying editor world from /Game/VirtualRealityBP/Maps/EVR_Map.EVR_Map to /Game/VirtualRealityBP/Maps/UEDPIE_0_EVR_Map.EVR_Map (0.005994s)
[2017.09.02-12.06.23:409][963]LogInit: XAudio2 using 'Lautsprecher (Realtek High Definition Audio)' : 2 channels at 48 kHz using 32 bits per sample (channel mask 0x3)
[2017.09.02-12.06.23:420][963]LogInit: FAudioDevice initialized.
[2017.09.02-12.06.23:493][963]LogLoad: Game class is 'Prototype_Gamemode_C'
[2017.09.02-12.06.23:497][963]LogWorld: Bringing World /Game/VirtualRealityBP/Maps/UEDPIE_0_EVR_Map.EVR_Map up for play (max tick rate 0) at 2017.09.02-14.06.23
[2017.09.02-12.06.23:497][963]LogWorld: Bringing up level for play took: 0.003460
[2017.09.02-12.06.23:498][963]LogSpawn: Warning: SpawnActor failed because no class was specified
[2017.09.02-12.06.23:502][963]PIE: Play in editor start time for /Game/VirtualRealityBP/Maps/UEDPIE_0_EVR_Map 0.274
[2017.09.02-12.06.36:664][ 91]LogContentBrowser: Native class hierarchy updated for 'BlueprintGraph' in 0.0011 seconds. Added 113 classes and 0 folders.
[2017.09.02-12.06.37:336][ 91]LogSlate: Took 0.000160 seconds to synchronously load lazily loaded font '../../../Engine/Content/Slate/Fonts/Roboto-Regular.ttf' (155K)
[2017.09.02-12.06.37:410][ 91]LogSlate: Took 0.001054 seconds to synchronously load lazily loaded font '../../../Engine/Content/Editor/Slate/Fonts/Roboto-BoldCondensed.ttf' (158K)
[2017.09.02-12.06.37:698][ 92]LogSlate: Took 0.001087 seconds to synchronously load lazily loaded font '../../../Engine/Content/Editor/Slate/Fonts/Roboto-Italic.ttf' (157K)
[2017.09.02-12.06.42:362][399]BlueprintLog: New page: Compile MotionControllerPawn
[2017.09.02-12.06.43:211][426]LogTemp: Repeating last play command: VR Preview
[2017.09.02-12.06.43:230][426]LogPlayLevel: PlayLevel: No blueprints needed recompiling
[2017.09.02-12.06.43:230][426]PIE: New page: PIE session: EVR_Map (Sep 2, 2017, 4:06:43 PM)
[2017.09.02-12.06.43:230][426]LogPlayLevel: Creating play world package: /Game/VirtualRealityBP/Maps/UEDPIE_0_EVR_Map
[2017.09.02-12.06.43:235][426]LogPlayLevel: PIE: StaticDuplicateObject took: (0.005125s)
[2017.09.02-12.06.43:236][426]LogAIModule: Creating AISystem for world EVR_Map
[2017.09.02-12.06.43:236][426]LogPlayLevel: PIE: World Init took: (0.000728s)
[2017.09.02-12.06.43:236][426]LogPlayLevel: PIE: Created PIE world by copying editor world from /Game/VirtualRealityBP/Maps/EVR_Map.EVR_Map to /Game/VirtualRealityBP/Maps/UEDPIE_0_EVR_Map.EVR_Map (0.006078s)
[2017.09.02-12.06.43:278][426]LogInit: XAudio2 using 'Lautsprecher (Realtek High Definition Audio)' : 2 channels at 48 kHz using 32 bits per sample (channel mask 0x3)
[2017.09.02-12.06.43:289][426]LogInit: FAudioDevice initialized.
[2017.09.02-12.06.43:381][426]LogLoad: Game class is 'Prototype_Gamemode_C'
[2017.09.02-12.06.43:385][426]LogWorld: Bringing World /Game/VirtualRealityBP/Maps/UEDPIE_0_EVR_Map.EVR_Map up for play (max tick rate 0) at 2017.09.02-14.06.43
[2017.09.02-12.06.43:385][426]LogWorld: Bringing up level for play took: 0.003538
[2017.09.02-12.06.43:386][426]LogSpawn: Warning: SpawnActor failed because no class was specified
[2017.09.02-12.06.43:398][426]PIE: Play in editor start time for /Game/VirtualRealityBP/Maps/UEDPIE_0_EVR_Map 0.17
[2017.09.02-12.06.46:810][757]LogPlayLevel: PlayLevel: No blueprints needed recompiling
[2017.09.02-12.06.46:810][757]PIE: New page: PIE session: EVR_Map (Sep 2, 2017, 4:06:46 PM)
[2017.09.02-12.06.46:810][757]LogPlayLevel: Creating play world package: /Game/VirtualRealityBP/Maps/UEDPIE_0_EVR_Map
[2017.09.02-12.06.46:815][757]LogPlayLevel: PIE: StaticDuplicateObject took: (0.005148s)
[2017.09.02-12.06.46:816][757]LogAIModule: Creating AISystem for world EVR_Map
[2017.09.02-12.06.46:816][757]LogPlayLevel: PIE: World Init took: (0.000729s)
[2017.09.02-12.06.46:816][757]LogPlayLevel: PIE: Created PIE world by copying editor world from /Game/VirtualRealityBP/Maps/EVR_Map.EVR_Map to /Game/VirtualRealityBP/Maps/UEDPIE_0_EVR_Map.EVR_Map (0.006108s)
[2017.09.02-12.06.46:857][757]LogInit: XAudio2 using 'Lautsprecher (Realtek High Definition Audio)' : 2 channels at 48 kHz using 32 bits per sample (channel mask 0x3)
[2017.09.02-12.06.46:869][757]LogInit: FAudioDevice initialized.
[2017.09.02-12.06.46:990][757]LogLoad: Game class is 'Prototype_Gamemode_C'
[2017.09.02-12.06.46:994][757]LogWorld: Bringing World /Game/VirtualRealityBP/Maps/UEDPIE_0_EVR_Map.EVR_Map up for play (max tick rate 0) at 2017.09.02-14.06.46
[2017.09.02-12.06.46:994][757]LogWorld: Bringing up level for play took: 0.003514
[2017.09.02-12.06.46:994][757]LogSpawn: Warning: SpawnActor failed because no class was specified
[2017.09.02-12.06.47:008][757]PIE: Play in editor start time for /Game/VirtualRealityBP/Maps/UEDPIE_0_EVR_Map -0.22
[2017.09.02-12.06.51:557][ 11]BlueprintLog: New page: Compile MotionControllerPawn
[2017.09.02-12.06.52:470][ 27]LogSavePackage: Save=184.00ms
[2017.09.02-12.06.52:470][ 27]LogSavePackage: Moving '../../../../MA Daniel Schmidl/Masterarbeit 4.17/Saved/MotionControllerPawn4C12B8D84501E0377D3E149CA84D43E8.tmp' to '../../../../MA Daniel Schmidl/Masterarbeit 4.17/Content/VirtualRealityBP/Blueprints/MotionControllerPawn.uasset'
[2017.09.02-12.06.52:472][ 27]LogSavePackage: Display: Finished SavePackage ../../../../MA Daniel Schmidl/Masterarbeit 4.17/Content/VirtualRealityBP/Blueprints/MotionControllerPawn.uasset
[2017.09.02-12.06.54:299][152]LogPlayLevel: PlayLevel: No blueprints needed recompiling
[2017.09.02-12.06.54:299][152]PIE: New page: PIE session: EVR_Map (Sep 2, 2017, 4:06:54 PM)
[2017.09.02-12.06.54:299][152]LogPlayLevel: Creating play world package: /Game/VirtualRealityBP/Maps/UEDPIE_0_EVR_Map
[2017.09.02-12.06.54:305][152]LogPlayLevel: PIE: StaticDuplicateObject took: (0.005089s)
[2017.09.02-12.06.54:305][152]LogAIModule: Creating AISystem for world EVR_Map
[2017.09.02-12.06.54:305][152]LogPlayLevel: PIE: World Init took: (0.000711s)
[2017.09.02-12.06.54:305][152]LogPlayLevel: PIE: Created PIE world by copying editor world from /Game/VirtualRealityBP/Maps/EVR_Map.EVR_Map to /Game/VirtualRealityBP/Maps/UEDPIE_0_EVR_Map.EVR_Map (0.006021s)
[2017.09.02-12.06.54:347][152]LogInit: XAudio2 using 'Lautsprecher (Realtek High Definition Audio)' : 2 channels at 48 kHz using 32 bits per sample (channel mask 0x3)
[2017.09.02-12.06.54:358][152]LogInit: FAudioDevice initialized.
[2017.09.02-12.06.54:465][152]LogLoad: Game class is 'Prototype_Gamemode_C'
[2017.09.02-12.06.54:469][152]LogWorld: Bringing World /Game/VirtualRealityBP/Maps/UEDPIE_0_EVR_Map.EVR_Map up for play (max tick rate 0) at 2017.09.02-14.06.54
[2017.09.02-12.06.54:469][152]LogWorld: Bringing up level for play took: 0.003394
[2017.09.02-12.06.54:470][152]LogSpawn: Warning: SpawnActor failed because no class was specified
[2017.09.02-12.06.54:483][152]PIE: Play in editor start time for /Game/VirtualRealityBP/Maps/UEDPIE_0_EVR_Map -0.746
[2017.09.02-12.07.02:705][593]BlueprintLog: New page: Compile MotionControllerPawn
[2017.09.02-12.07.03:709][616]LogSavePackage: Save=182.41ms
[2017.09.02-12.07.03:709][616]LogSavePackage: Moving '../../../../MA Daniel Schmidl/Masterarbeit 4.17/Saved/MotionControllerPawn17A1B76B4D6F587BC0184FAE91714065.tmp' to '../../../../MA Daniel Schmidl/Masterarbeit 4.17/Content/VirtualRealityBP/Blueprints/MotionControllerPawn.uasset'
[2017.09.02-12.07.03:711][616]LogSavePackage: Display: Finished SavePackage ../../../../MA Daniel Schmidl/Masterarbeit 4.17/Content/VirtualRealityBP/Blueprints/MotionControllerPawn.uasset
[2017.09.02-12.07.04:676][684]LogTemp: Repeating last play command: VR Preview
[2017.09.02-12.07.04:691][684]LogPlayLevel: PlayLevel: No blueprints needed recompiling
[2017.09.02-12.07.04:692][684]PIE: New page: PIE session: EVR_Map (Sep 2, 2017, 4:07:04 PM)
[2017.09.02-12.07.04:692][684]LogPlayLevel: Creating play world package: /Game/VirtualRealityBP/Maps/UEDPIE_0_EVR_Map
[2017.09.02-12.07.04:697][684]LogPlayLevel: PIE: StaticDuplicateObject took: (0.005146s)
[2017.09.02-12.07.04:697][684]LogAIModule: Creating AISystem for world EVR_Map
[2017.09.02-12.07.04:697][684]LogPlayLevel: PIE: World Init took: (0.000621s)
[2017.09.02-12.07.04:698][684]LogPlayLevel: PIE: Created PIE world by copying editor world from /Game/VirtualRealityBP/Maps/EVR_Map.EVR_Map to /Game/VirtualRealityBP/Maps/UEDPIE_0_EVR_Map.EVR_Map (0.006006s)
[2017.09.02-12.07.04:739][684]LogInit: XAudio2 using 'Lautsprecher (Realtek High Definition Audio)' : 2 channels at 48 kHz using 32 bits per sample (channel mask 0x3)
[2017.09.02-12.07.04:751][684]LogInit: FAudioDevice initialized.
[2017.09.02-12.07.04:864][684]LogLoad: Game class is 'Prototype_Gamemode_C'
[2017.09.02-12.07.04:868][684]LogWorld: Bringing World /Game/VirtualRealityBP/Maps/UEDPIE_0_EVR_Map.EVR_Map up for play (max tick rate 0) at 2017.09.02-14.07.04
[2017.09.02-12.07.04:868][684]LogWorld: Bringing up level for play took: 0.003409
[2017.09.02-12.07.04:868][684]LogSpawn: Warning: SpawnActor failed because no class was specified
[2017.09.02-12.07.04:882][684]PIE: Play in editor start time for /Game/VirtualRealityBP/Maps/UEDPIE_0_EVR_Map -0.347
[2017.09.02-12.07.11:981][ 64]BlueprintLog: New page: Compile MotionControllerPawn
[2017.09.02-12.07.13:122][ 97]LogSavePackage: Save=182.62ms
[2017.09.02-12.07.13:122][ 97]LogSavePackage: Moving '../../../../MA Daniel Schmidl/Masterarbeit 4.17/Saved/MotionControllerPawn7083CD8B4C60FCC6B281C0A219C1ACF6.tmp' to '../../../../MA Daniel Schmidl/Masterarbeit 4.17/Content/VirtualRealityBP/Blueprints/MotionControllerPawn.uasset'
[2017.09.02-12.07.13:124][ 97]LogSavePackage: Display: Finished SavePackage ../../../../MA Daniel Schmidl/Masterarbeit 4.17/Content/VirtualRealityBP/Blueprints/MotionControllerPawn.uasset
[2017.09.02-12.07.13:832][147]LogTemp: Repeating last play command: VR Preview
[2017.09.02-12.07.13:847][147]LogPlayLevel: PlayLevel: No blueprints needed recompiling
[2017.09.02-12.07.13:847][147]PIE: New page: PIE session: EVR_Map (Sep 2, 2017, 4:07:13 PM)
[2017.09.02-12.07.13:847][147]LogPlayLevel: Creating play world package: /Game/VirtualRealityBP/Maps/UEDPIE_0_EVR_Map
[2017.09.02-12.07.13:852][147]LogPlayLevel: PIE: StaticDuplicateObject took: (0.005035s)
[2017.09.02-12.07.13:852][147]LogAIModule: Creating AISystem for world EVR_Map
[2017.09.02-12.07.13:853][147]LogPlayLevel: PIE: World Init took: (0.000607s)
[2017.09.02-12.07.13:853][147]LogPlayLevel: PIE: Created PIE world by copying editor world from /Game/VirtualRealityBP/Maps/EVR_Map.EVR_Map to /Game/VirtualRealityBP/Maps/UEDPIE_0_EVR_Map.EVR_Map (0.005865s)
[2017.09.02-12.07.13:894][147]LogInit: XAudio2 using 'Lautsprecher (Realtek High Definition Audio)' : 2 channels at 48 kHz using 32 bits per sample (channel mask 0x3)
[2017.09.02-12.07.13:905][147]LogInit: FAudioDevice initialized.
[2017.09.02-12.07.14:012][147]LogLoad: Game class is 'Prototype_Gamemode_C'
[2017.09.02-12.07.14:015][147]LogWorld: Bringing World /Game/VirtualRealityBP/Maps/UEDPIE_0_EVR_Map.EVR_Map up for play (max tick rate 0) at 2017.09.02-14.07.14
[2017.09.02-12.07.14:016][147]LogWorld: Bringing up level for play took: 0.003407
[2017.09.02-12.07.14:016][147]LogSpawn: Warning: SpawnActor failed because no class was specified
[2017.09.02-12.07.14:030][147]PIE: Play in editor start time for /Game/VirtualRealityBP/Maps/UEDPIE_0_EVR_Map 0.801
[2017.09.02-12.07.20:875][506]BlueprintLog: New page: Compile MotionControllerPawn
[2017.09.02-12.07.21:851][527]LogSavePackage: Save=182.44ms
[2017.09.02-12.07.21:851][527]LogSavePackage: Moving '../../../../MA Daniel Schmidl/Masterarbeit 4.17/Saved/MotionControllerPawn8272211748055AC8C36AF2BE708F3A02.tmp' to '../../../../MA Daniel Schmidl/Masterarbeit 4.17/Content/VirtualRealityBP/Blueprints/MotionControllerPawn.uasset'
[2017.09.02-12.07.21:853][527]LogSavePackage: Display: Finished SavePackage ../../../../MA Daniel Schmidl/Masterarbeit 4.17/Content/VirtualRealityBP/Blueprints/MotionControllerPawn.uasset
[2017.09.02-12.07.25:330][771]LogTemp: Repeating last play command: VR Preview
[2017.09.02-12.07.25:345][771]LogPlayLevel: PlayLevel: No blueprints needed recompiling
[2017.09.02-12.07.25:345][771]PIE: New page: PIE session: EVR_Map (Sep 2, 2017, 4:07:25 PM)
[2017.09.02-12.07.25:345][771]LogPlayLevel: Creating play world package: /Game/VirtualRealityBP/Maps/UEDPIE_0_EVR_Map
[2017.09.02-12.07.25:350][771]LogPlayLevel: PIE: StaticDuplicateObject took: (0.005113s)
[2017.09.02-12.07.25:351][771]LogAIModule: Creating AISystem for world EVR_Map
[2017.09.02-12.07.25:351][771]LogPlayLevel: PIE: World Init took: (0.000614s)
[2017.09.02-12.07.25:351][771]LogPlayLevel: PIE: Created PIE world by copying editor world from /Game/VirtualRealityBP/Maps/EVR_Map.EVR_Map to /Game/VirtualRealityBP/Maps/UEDPIE_0_EVR_Map.EVR_Map (0.005964s)
[2017.09.02-12.07.25:392][771]LogInit: XAudio2 using 'Lautsprecher (Realtek High Definition Audio)' : 2 channels at 48 kHz using 32 bits per sample (channel mask 0x3)
[2017.09.02-12.07.25:403][771]LogInit: FAudioDevice initialized.
[2017.09.02-12.07.25:517][771]LogLoad: Game class is 'Prototype_Gamemode_C'
[2017.09.02-12.07.25:520][771]LogWorld: Bringing World /Game/VirtualRealityBP/Maps/UEDPIE_0_EVR_Map.EVR_Map up for play (max tick rate 0) at 2017.09.02-14.07.25
[2017.09.02-12.07.25:521][771]LogWorld: Bringing up level for play took: 0.003483
[2017.09.02-12.07.25:521][771]LogSpawn: Warning: SpawnActor failed because no class was specified
[2017.09.02-12.07.25:534][771]PIE: Play in editor start time for /Game/VirtualRealityBP/Maps/UEDPIE_0_EVR_Map 0.306
[2017.09.02-12.07.32:965][162]BlueprintLog: New page: Compile MotionControllerPawn
[2017.09.02-12.07.33:808][173]LogSavePackage: Save=185.88ms
[2017.09.02-12.07.33:808][173]LogSavePackage: Moving '../../../../MA Daniel Schmidl/Masterarbeit 4.17/Saved/MotionControllerPawnEC5E236444F383F6513248A853F51F5D.tmp' to '../../../../MA Daniel Schmidl/Masterarbeit 4.17/Content/VirtualRealityBP/Blueprints/MotionControllerPawn.uasset'
[2017.09.02-12.07.33:810][173]LogSavePackage: Display: Finished SavePackage ../../../../MA Daniel Schmidl/Masterarbeit 4.17/Content/VirtualRealityBP/Blueprints/MotionControllerPawn.uasset
[2017.09.02-12.07.34:256][204]LogTemp: Repeating last play command: VR Preview
[2017.09.02-12.07.34:271][204]LogPlayLevel: PlayLevel: No blueprints needed recompiling
[2017.09.02-12.07.34:271][204]PIE: New page: PIE session: EVR_Map (Sep 2, 2017, 4:07:34 PM)
[2017.09.02-12.07.34:271][204]LogPlayLevel: Creating play world package: /Game/VirtualRealityBP/Maps/UEDPIE_0_EVR_Map
[2017.09.02-12.07.34:276][204]LogPlayLevel: PIE: StaticDuplicateObject took: (0.005077s)
[2017.09.02-12.07.34:277][204]LogAIModule: Creating AISystem for world EVR_Map
[2017.09.02-12.07.34:277][204]LogPlayLevel: PIE: World Init took: (0.000637s)
[2017.09.02-12.07.34:277][204]LogPlayLevel: PIE: Created PIE world by copying editor world from /Game/VirtualRealityBP/Maps/EVR_Map.EVR_Map to /Game/VirtualRealityBP/Maps/UEDPIE_0_EVR_Map.EVR_Map (0.005942s)
[2017.09.02-12.07.34:319][204]LogInit: XAudio2 using 'Lautsprecher (Realtek High Definition Audio)' : 2 channels at 48 kHz using 32 bits per sample (channel mask 0x3)
[2017.09.02-12.07.34:330][204]LogInit: FAudioDevice initialized.
[2017.09.02-12.07.34:442][204]LogLoad: Game class is 'Prototype_Gamemode_C'
[2017.09.02-12.07.34:446][204]LogWorld: Bringing World /Game/VirtualRealityBP/Maps/UEDPIE_0_EVR_Map.EVR_Map up for play (max tick rate 0) at 2017.09.02-14.07.34
[2017.09.02-12.07.34:447][204]LogWorld: Bringing up level for play took: 0.003472
[2017.09.02-12.07.34:447][204]LogSpawn: Warning: SpawnActor failed because no class was specified
[2017.09.02-12.07.34:461][204]PIE: Play in editor start time for /Game/VirtualRealityBP/Maps/UEDPIE_0_EVR_Map -0.768
[2017.09.02-12.07.45:210][899]LogEditorViewport: Clicking on Actor (LMB): Puck_BP_C (Puck_BP)
[2017.09.02-12.07.47:496][164]LogTemp: Repeating last play command: VR Preview
[2017.09.02-12.07.47:511][164]LogPlayLevel: PlayLevel: No blueprints needed recompiling
[2017.09.02-12.07.47:511][164]PIE: New page: PIE session: EVR_Map (Sep 2, 2017, 4:07:47 PM)
[2017.09.02-12.07.47:511][164]LogPlayLevel: Creating play world package: /Game/VirtualRealityBP/Maps/UEDPIE_0_EVR_Map
[2017.09.02-12.07.47:517][164]LogPlayLevel: PIE: StaticDuplicateObject took: (0.005180s)
[2017.09.02-12.07.47:517][164]LogAIModule: Creating AISystem for world EVR_Map
[2017.09.02-12.07.47:517][164]LogPlayLevel: PIE: World Init took: (0.000639s)
[2017.09.02-12.07.47:517][164]LogPlayLevel: PIE: Created PIE world by copying editor world from /Game/VirtualRealityBP/Maps/EVR_Map.EVR_Map to /Game/VirtualRealityBP/Maps/UEDPIE_0_EVR_Map.EVR_Map (0.006051s)
[2017.09.02-12.07.47:558][164]LogInit: XAudio2 using 'Lautsprecher (Realtek High Definition Audio)' : 2 channels at 48 kHz using 32 bits per sample (channel mask 0x3)
[2017.09.02-12.07.47:569][164]LogInit: FAudioDevice initialized.
[2017.09.02-12.07.47:680][164]LogLoad: Game class is 'Prototype_Gamemode_C'
[2017.09.02-12.07.47:684][164]LogWorld: Bringing World /Game/VirtualRealityBP/Maps/UEDPIE_0_EVR_Map.EVR_Map up for play (max tick rate 0) at 2017.09.02-14.07.47
[2017.09.02-12.07.47:685][164]LogWorld: Bringing up level for play took: 0.003510
[2017.09.02-12.07.47:685][164]LogSpawn: Warning: SpawnActor failed because no class was specified
[2017.09.02-12.07.47:698][164]PIE: Play in editor start time for /Game/VirtualRealityBP/Maps/UEDPIE_0_EVR_Map 0.469
[2017.09.02-12.08.14:372][356]LogBlueprintUserMessages: [EVR_TriggerBoxNoGoal_BP_Blueprint_5] Hello
[2017.09.02-12.08.14:372][356]LogScript: Warning: Accessed None trying to read property Puck
	EVR_TriggerBoxNoGoal_BP_Blueprint_C /Game/VirtualRealityBP/Maps/UEDPIE_0_EVR_Map.EVR_Map:PersistentLevel.EVR_TriggerBoxNoGoal_BP_Blueprint_5
	Function /Game/VirtualRealityBP/Blueprints/Level_EVR/EVR_TriggerBoxNoGoal_BP_Blueprint.EVR_TriggerBoxNoGoal_BP_Blueprint_C:ExecuteUbergraph_EVR_TriggerBoxNoGoal_BP_Blueprint:00FD
[2017.09.02-12.08.14:372][356]PIE: Error: Blueprint Runtime Error: Accessed None trying to read property Puck from function: 'ExecuteUbergraph_EVR_TriggerBoxNoGoal_BP_Blueprint' from node: Teleport in graph: EventGraph in object: EVR_TriggerBoxNoGoal_BP_Blueprint with description: Accessed None trying to read property Puck
[2017.09.02-12.08.18:951][561]LogBlueprintUserMessages: [EVR_TriggerBoxNoGoal_BP_Blueprint_5] Hello
[2017.09.02-12.08.18:951][561]LogScript: Warning: Accessed None trying to read property Puck
	EVR_TriggerBoxNoGoal_BP_Blueprint_C /Game/VirtualRealityBP/Maps/UEDPIE_0_EVR_Map.EVR_Map:PersistentLevel.EVR_TriggerBoxNoGoal_BP_Blueprint_5
	Function /Game/VirtualRealityBP/Blueprints/Level_EVR/EVR_TriggerBoxNoGoal_BP_Blueprint.EVR_TriggerBoxNoGoal_BP_Blueprint_C:ExecuteUbergraph_EVR_TriggerBoxNoGoal_BP_Blueprint:00FD
[2017.09.02-12.08.18:951][561]PIE: Error: Blueprint Runtime Error: Accessed None trying to read property Puck from function: 'ExecuteUbergraph_EVR_TriggerBoxNoGoal_BP_Blueprint' from node: Teleport in graph: EventGraph in object: EVR_TriggerBoxNoGoal_BP_Blueprint with description: Accessed None trying to read property Puck
[2017.09.02-12.08.20:852][646]LogBlueprintUserMessages: [EVR_TriggerBoxNoGoal_BP_Blueprint_5] Hello
[2017.09.02-12.08.20:852][646]LogScript: Warning: Accessed None trying to read property Puck
	EVR_TriggerBoxNoGoal_BP_Blueprint_C /Game/VirtualRealityBP/Maps/UEDPIE_0_EVR_Map.EVR_Map:PersistentLevel.EVR_TriggerBoxNoGoal_BP_Blueprint_5
	Function /Game/VirtualRealityBP/Blueprints/Level_EVR/EVR_TriggerBoxNoGoal_BP_Blueprint.EVR_TriggerBoxNoGoal_BP_Blueprint_C:ExecuteUbergraph_EVR_TriggerBoxNoGoal_BP_Blueprint:00FD
[2017.09.02-12.08.20:852][646]PIE: Error: Blueprint Runtime Error: Accessed None trying to read property Puck from function: 'ExecuteUbergraph_EVR_TriggerBoxNoGoal_BP_Blueprint' from node: Teleport in graph: EventGraph in object: EVR_TriggerBoxNoGoal_BP_Blueprint with description: Accessed None trying to read property Puck
[2017.09.02-12.08.21:052][655]LogBlueprintUserMessages: [EVR_TriggerBoxNoGoal_BP_Blueprint_5] Hello
[2017.09.02-12.08.21:053][655]LogScript: Warning: Accessed None trying to read property Puck
	EVR_TriggerBoxNoGoal_BP_Blueprint_C /Game/VirtualRealityBP/Maps/UEDPIE_0_EVR_Map.EVR_Map:PersistentLevel.EVR_TriggerBoxNoGoal_BP_Blueprint_5
	Function /Game/VirtualRealityBP/Blueprints/Level_EVR/EVR_TriggerBoxNoGoal_BP_Blueprint.EVR_TriggerBoxNoGoal_BP_Blueprint_C:ExecuteUbergraph_EVR_TriggerBoxNoGoal_BP_Blueprint:00FD
[2017.09.02-12.08.21:053][655]PIE: Error: Blueprint Runtime Error: Accessed None trying to read property Puck from function: 'ExecuteUbergraph_EVR_TriggerBoxNoGoal_BP_Blueprint' from node: Teleport in graph: EventGraph in object: EVR_TriggerBoxNoGoal_BP_Blueprint with description: Accessed None trying to read property Puck
[2017.09.02-12.08.22:451][759]LogTemp: Repeating last play command: VR Preview
[2017.09.02-12.08.22:466][759]LogPlayLevel: PlayLevel: No blueprints needed recompiling
[2017.09.02-12.08.22:466][759]PIE: New page: PIE session: EVR_Map (Sep 2, 2017, 4:08:22 PM)
[2017.09.02-12.08.22:466][759]LogPlayLevel: Creating play world package: /Game/VirtualRealityBP/Maps/UEDPIE_0_EVR_Map
[2017.09.02-12.08.22:471][759]LogPlayLevel: PIE: StaticDuplicateObject took: (0.005111s)
[2017.09.02-12.08.22:472][759]LogAIModule: Creating AISystem for world EVR_Map
[2017.09.02-12.08.22:472][759]LogPlayLevel: PIE: World Init took: (0.000641s)
[2017.09.02-12.08.22:472][759]LogPlayLevel: PIE: Created PIE world by copying editor world from /Game/VirtualRealityBP/Maps/EVR_Map.EVR_Map to /Game/VirtualRealityBP/Maps/UEDPIE_0_EVR_Map.EVR_Map (0.005984s)
[2017.09.02-12.08.22:514][759]LogInit: XAudio2 using 'Lautsprecher (Realtek High Definition Audio)' : 2 channels at 48 kHz using 32 bits per sample (channel mask 0x3)
[2017.09.02-12.08.22:525][759]LogInit: FAudioDevice initialized.
[2017.09.02-12.08.22:612][759]LogLoad: Game class is 'Prototype_Gamemode_C'
[2017.09.02-12.08.22:616][759]LogWorld: Bringing World /Game/VirtualRealityBP/Maps/UEDPIE_0_EVR_Map.EVR_Map up for play (max tick rate 0) at 2017.09.02-14.08.22
[2017.09.02-12.08.22:616][759]LogWorld: Bringing up level for play took: 0.003481
[2017.09.02-12.08.22:616][759]LogSpawn: Warning: SpawnActor failed because no class was specified
[2017.09.02-12.08.22:623][759]PIE: Play in editor start time for /Game/VirtualRealityBP/Maps/UEDPIE_0_EVR_Map -0.606
[2017.09.02-12.08.32:792][213]LogBlueprintUserMessages: [EVR_TriggerBoxGoal_Blueprint_2] tor
[2017.09.02-12.08.33:663][252]LogBlueprintUserMessages: [EVR_TriggerBoxNoGoal_BP_Blueprint_5] kein tor
[2017.09.02-12.08.41:560][606]LogAudio: Warning: Current Audio Device with ID {0.0.0.00000000}.{d737e6d9-a960-4da0-824c-e7b5bb722100} was removed. Shutting down audio device.
[2017.09.02-12.08.41:560][606]LogAudio: Warning: Current Audio Device with ID {0.0.0.00000000}.{d737e6d9-a960-4da0-824c-e7b5bb722100} was removed. Shutting down audio device.
[2017.09.02-12.09.12:647][994]LogBlueprintUserMessages: [EVR_TriggerBoxNoGoal_BP_Blueprint_5] kein tor
[2017.09.02-12.09.23:458][478]LogBlueprintUserMessages: [EVR_TriggerBoxNoGoal_BP_Blueprint_5] kein tor
[2017.09.02-12.09.33:849][943]LogBlueprintUserMessages: [EVR_TriggerBoxGoal_Blueprint_2] tor
[2017.09.02-12.09.35:367][ 11]LogBlueprintUserMessages: [EVR_TriggerBoxNoGoal_BP_Blueprint_5] kein tor
[2017.09.02-12.10.14:539][845]LogHMD: Warning:  SteamVR Compositor had an error on present (108)
[2017.09.02-12.10.14:539][845]LogHMD: Warning:  SteamVR Compositor had an error on present (108)
[2017.09.02-12.10.14:551][846]LogHMD: Warning:  SteamVR Compositor had an error on present (108)
[2017.09.02-12.10.39:933][575]LogTemp: Executing iPhonePackager certificates Engine -bundlename com.YourCompany.DSHockeyGame
[2017.09.02-12.10.39:933][575]LogTemp: CWD: D:\UE_4.17\Engine\Binaries\DotNET\IOS
[2017.09.02-12.10.39:933][575]LogTemp: Initial Dir: D:\UE_4.17
[2017.09.02-12.10.39:933][575]LogTemp: Env CWD: D:\UE_4.17\Engine\Binaries\DotNET\IOS
[2017.09.02-12.10.39:942][576]LogTemp: BranchPath = PC1011604140/D/UE_4.17/Engine/Binaries --- GameBranchPath = PC1011604140/D/UE_4.17/Engine/Binaries
[2017.09.02-12.10.39:962][578]LogTemp: IPP ERROR: Could not find provision directory 'C:\Users\LocalAdmin\AppData\Local/Apple Computer/MobileDevice/Provisioning Profiles/'.
[2017.09.02-12.11.22:947][546]LogSavePackage: Save=110.02ms
[2017.09.02-12.11.22:947][546]LogSavePackage: Moving '../../../../MA Daniel Schmidl/Masterarbeit 4.17/Saved/EVR_Map58E422D14DA5E9A487F375874D9F5276.tmp' to '../../../../MA Daniel Schmidl/Masterarbeit 4.17/Content/VirtualRealityBP/Maps/EVR_Map.umap'
[2017.09.02-12.11.22:948][546]LogSavePackage: Display: Finished SavePackage ../../../../MA Daniel Schmidl/Masterarbeit 4.17/Content/VirtualRealityBP/Maps/EVR_Map.umap
[2017.09.02-12.11.23:858][638]LogWindowsTextInputMethodSystem: Display: IME system now deactivated.
[2017.09.02-12.11.24:020][639]Cmd: QUIT_EDITOR
[2017.09.02-12.11.24:856][639]LogExit: Preparing to exit.
[2017.09.02-12.11.25:803][639]LogDirectoryWatcher: A directory notification for 'D:/MA Daniel Schmidl/Masterarbeit 4.17/Content/' was aborted.
[2017.09.02-12.11.25:806][639]PIE: UWidget::RemoveFromParent() called on '/Game/VirtualRealityBP/Maps/EVR_Map.EVR_Map:None' which has no UMG parent (if it was added directly to a native Slate widget via TakeWidget() then it must be removed explicitly rather than via RemoveFromParent())
[2017.09.02-12.11.25:807][639]PIE: UWidget::RemoveFromParent() called on '/Game/VirtualRealityBP/Maps/EVR_Map.EVR_Map:None' which has no UMG parent (if it was added directly to a native Slate widget via TakeWidget() then it must be removed explicitly rather than via RemoveFromParent())
[2017.09.02-12.11.25:839][639]LogExit: Editor shut down
[2017.09.02-12.11.25:848][639]LogExit: Transaction tracking system shut down
[2017.09.02-12.11.25:993][639]LogDirectoryWatcher: A directory notification for '../../../Engine/Content/' was aborted.
[2017.09.02-12.11.25:993][639]LogDirectoryWatcher: A directory notification for '../../../../MA Daniel Schmidl/Masterarbeit 4.17/Content/' was aborted.
[2017.09.02-12.11.25:993][639]LogDirectoryWatcher: A directory notification for '../../../Engine/Plugins/2D/Paper2D/Content/' was aborted.
[2017.09.02-12.11.25:993][639]LogDirectoryWatcher: A directory notification for '../../../Engine/Plugins/Runtime/Oculus/OculusVR/Content/' was aborted.
[2017.09.02-12.11.25:993][639]LogDirectoryWatcher: A directory notification for '../../../Engine/Plugins/Runtime/Steam/SteamVR/Content/' was aborted.
[2017.09.02-12.11.26:090][639]LogExit: Object subsystem successfully closed.
[2017.09.02-12.11.26:120][639]LogD3D11RHI: Shutdown
[2017.09.02-12.11.26:120][639]LogD3D11RHI: CleanupD3DDevice
[2017.09.02-12.11.26:123][639]LogD3D11RHI: ~FD3D11DynamicRHI
[2017.09.02-12.11.26:131][639]LogModuleManager: Shutting down and abandoning module ExternalImagePicker (538)
[2017.09.02-12.11.26:131][639]LogModuleManager: Shutting down and abandoning module BlueprintGraph (536)
[2017.09.02-12.11.26:131][639]LogModuleManager: Shutting down and abandoning module BlueprintProfiler (534)
[2017.09.02-12.11.26:131][639]LogModuleManager: Shutting down and abandoning module MovieSceneCapture (532)
[2017.09.02-12.11.26:131][639]LogModuleManager: Shutting down and abandoning module HierarchicalLODOutliner (530)
[2017.09.02-12.11.26:131][639]LogModuleManager: Shutting down and abandoning module SceneOutliner (528)
[2017.09.02-12.11.26:131][639]LogModuleManager: Shutting down and abandoning module AddContentDialog (526)
[2017.09.02-12.11.26:131][639]LogDirectoryWatcher: A directory notification for 'D:/UE_4.17/FeaturePacks/' was aborted.
[2017.09.02-12.11.26:132][639]LogModuleManager: Shutting down and abandoning module WidgetCarousel (525)
[2017.09.02-12.11.26:132][639]LogModuleManager: Shutting down and abandoning module EditorWidgets (522)
[2017.09.02-12.11.26:132][639]LogModuleManager: Shutting down and abandoning module CollectionManager (520)
[2017.09.02-12.11.26:132][639]LogDirectoryWatcher: A directory notification for 'D:/MA Daniel Schmidl/Masterarbeit 4.17/Content/Collections/' was aborted.
[2017.09.02-12.11.26:132][639]LogDirectoryWatcher: A directory notification for 'D:/MA Daniel Schmidl/Masterarbeit 4.17/Content/Developers/LocalAdmin/Collections/' was aborted.
[2017.09.02-12.11.26:132][639]LogDirectoryWatcher: A directory notification for 'D:/MA Daniel Schmidl/Masterarbeit 4.17/Saved/Collections/' was aborted.
[2017.09.02-12.11.26:132][639]LogModuleManager: Shutting down and abandoning module StatsViewer (518)
[2017.09.02-12.11.26:132][639]LogModuleManager: Shutting down and abandoning module FoliageEdit (516)
[2017.09.02-12.11.26:133][639]LogModuleManager: Shutting down and abandoning module LandscapeEditor (514)
[2017.09.02-12.11.26:133][639]LogModuleManager: Shutting down and abandoning module MeshPaintMode (512)
[2017.09.02-12.11.26:133][639]LogModuleManager: Shutting down and abandoning module SceneDepthPickerMode (510)
[2017.09.02-12.11.26:133][639]LogModuleManager: Shutting down and abandoning module ActorPickerMode (508)
[2017.09.02-12.11.26:133][639]LogModuleManager: Shutting down and abandoning module GeometryMode (506)
[2017.09.02-12.11.26:133][639]LogModuleManager: Shutting down and abandoning module TextureAlignMode (504)
[2017.09.02-12.11.26:133][639]LogModuleManager: Shutting down and abandoning module BspMode (502)
[2017.09.02-12.11.26:133][639]LogModuleManager: Shutting down and abandoning module PIEPreviewDeviceProfileSelector (500)
[2017.09.02-12.11.26:133][639]LogModuleManager: Shutting down and abandoning module HardwareSurvey (498)
[2017.09.02-12.11.26:133][639]LogModuleManager: Shutting down and abandoning module SequenceRecorderSections (496)
[2017.09.02-12.11.26:133][639]LogModuleManager: Shutting down and abandoning module AutomationWorker (494)
[2017.09.02-12.11.26:133][639]LogModuleManager: Shutting down and abandoning module MatineeToLevelSequence (492)
[2017.09.02-12.11.26:133][639]LogModuleManager: Shutting down and abandoning module LevelSequenceEditor (490)
[2017.09.02-12.11.26:133][639]LogModuleManager: Shutting down and abandoning module PlacementMode (489)
[2017.09.02-12.11.26:133][639]LogModuleManager: Shutting down and abandoning module WmfMediaFactory (486)
[2017.09.02-12.11.26:133][639]LogModuleManager: Shutting down and abandoning module WmfMediaEditor (484)
[2017.09.02-12.11.26:133][639]LogModuleManager: Shutting down and abandoning module AvfMediaFactory (482)
[2017.09.02-12.11.26:133][639]LogModuleManager: Shutting down and abandoning module AvfMediaEditor (480)
[2017.09.02-12.11.26:133][639]LogModuleManager: Shutting down and abandoning module AndroidMediaFactory (478)
[2017.09.02-12.11.26:133][639]LogModuleManager: Shutting down and abandoning module Media (477)
[2017.09.02-12.11.26:133][639]LogModuleManager: Shutting down and abandoning module AndroidMediaEditor (474)
[2017.09.02-12.11.26:133][639]LogModuleManager: Shutting down and abandoning module CharacterAI (472)
[2017.09.02-12.11.26:133][639]LogModuleManager: Shutting down and abandoning module AudioCapture (470)
[2017.09.02-12.11.26:133][639]LogModuleManager: Shutting down and abandoning module SequenceRecorder (469)
[2017.09.02-12.11.26:133][639]LogModuleManager: Shutting down and abandoning module SmartSnapping (466)
[2017.09.02-12.11.26:133][639]LogModuleManager: Shutting down and abandoning module SessionServices (464)
[2017.09.02-12.11.26:133][639]LogModuleManager: Shutting down and abandoning module ViewportSnapping (462)
[2017.09.02-12.11.26:133][639]LogModuleManager: Shutting down and abandoning module ViewportInteraction (460)
[2017.09.02-12.11.26:133][639]LogModuleManager: Shutting down and abandoning module ClothPainter (458)
[2017.09.02-12.11.26:133][639]LogModuleManager: Shutting down and abandoning module LogVisualizer (456)
[2017.09.02-12.11.26:133][639]LogModuleManager: Shutting down and abandoning module IntroTutorials (454)
[2017.09.02-12.11.26:133][639]LogModuleManager: Shutting down and abandoning module GameProjectGeneration (453)
[2017.09.02-12.11.26:133][639]LogModuleManager: Shutting down and abandoning module IOSPlatformEditor (450)
[2017.09.02-12.11.26:134][639]LogModuleManager: Shutting down and abandoning module HTML5PlatformEditor (448)
[2017.09.02-12.11.26:134][639]LogModuleManager: Shutting down and abandoning module AndroidPlatformEditor (446)
[2017.09.02-12.11.26:134][639]LogModuleManager: Shutting down and abandoning module AndroidDeviceDetection (445)
[2017.09.02-12.11.26:344][639]LogModuleManager: Shutting down and abandoning module WindowsPlatformEditor (442)
[2017.09.02-12.11.26:344][639]LogModuleManager: Shutting down and abandoning module IOSRuntimeSettings (440)
[2017.09.02-12.11.26:344][639]LogModuleManager: Shutting down and abandoning module AndroidRuntimeSettings (438)
[2017.09.02-12.11.26:344][639]LogModuleManager: Shutting down and abandoning module InputBindingEditor (436)
[2017.09.02-12.11.26:344][639]LogModuleManager: Shutting down and abandoning module MergeActors (434)
[2017.09.02-12.11.26:344][639]LogModuleManager: Shutting down and abandoning module SizeMap (432)
[2017.09.02-12.11.26:344][639]LogModuleManager: Shutting down and abandoning module TreeMap (430)
[2017.09.02-12.11.26:344][639]LogModuleManager: Shutting down and abandoning module ReferenceViewer (428)
[2017.09.02-12.11.26:344][639]LogModuleManager: Shutting down and abandoning module LocalizationDashboard (426)
[2017.09.02-12.11.26:344][639]LogModuleManager: Shutting down and abandoning module LocalizationService (425)
[2017.09.02-12.11.26:344][639]LogModuleManager: Shutting down and abandoning module HardwareTargeting (422)
[2017.09.02-12.11.26:344][639]LogModuleManager: Shutting down and abandoning module DeviceProfileEditor (420)
[2017.09.02-12.11.26:344][639]LogModuleManager: Shutting down and abandoning module UndoHistory (418)
[2017.09.02-12.11.26:344][639]LogModuleManager: Shutting down and abandoning module XmlParser (416)
[2017.09.02-12.11.26:344][639]LogModuleManager: Shutting down and abandoning module Blutility (414)
[2017.09.02-12.11.26:344][639]LogModuleManager: Shutting down and abandoning module ProjectSettingsViewer (412)
[2017.09.02-12.11.26:344][639]LogModuleManager: Shutting down and abandoning module ProjectTargetPlatformEditor (411)
[2017.09.02-12.11.26:344][639]LogModuleManager: Shutting down and abandoning module EditorSettingsViewer (408)
[2017.09.02-12.11.26:344][639]LogModuleManager: Shutting down and abandoning module SettingsEditor (406)
[2017.09.02-12.11.26:344][639]LogModuleManager: Shutting down and abandoning module ProjectLauncher (404)
[2017.09.02-12.11.26:344][639]LogModuleManager: Shutting down and abandoning module SessionFrontend (402)
[2017.09.02-12.11.26:344][639]LogModuleManager: Shutting down and abandoning module ProfilerClient (400)
[2017.09.02-12.11.26:344][639]LogModuleManager: Shutting down and abandoning module DeviceManager (398)
[2017.09.02-12.11.26:344][639]LogModuleManager: Shutting down and abandoning module TargetDeviceServices (397)
[2017.09.02-12.11.26:397][639]LogModuleManager: Shutting down and abandoning module AutomationController (394)
[2017.09.02-12.11.26:397][639]LogModuleManager: Shutting down and abandoning module AutomationWindow (392)
[2017.09.02-12.11.26:397][639]LogModuleManager: Shutting down and abandoning module Layers (390)
[2017.09.02-12.11.26:397][639]LogModuleManager: Shutting down and abandoning module ComponentVisualizers (388)
[2017.09.02-12.11.26:397][639]LogModuleManager: Shutting down and abandoning module DetailCustomizations (386)
[2017.09.02-12.11.26:397][639]LogModuleManager: Shutting down and abandoning module PackagesDialog (384)
[2017.09.02-12.11.26:398][639]LogModuleManager: Shutting down and abandoning module Persona (382)
[2017.09.02-12.11.26:398][639]LogModuleManager: Shutting down and abandoning module AdvancedPreviewScene (381)
[2017.09.02-12.11.26:398][639]LogModuleManager: Shutting down and abandoning module AnimGraph (379)
[2017.09.02-12.11.26:398][639]LogModuleManager: Shutting down and abandoning module Kismet (376)
[2017.09.02-12.11.26:405][639]LogModuleManager: Shutting down and abandoning module ClassViewer (374)
[2017.09.02-12.11.26:405][639]LogModuleManager: Shutting down and abandoning module Toolbox (372)
[2017.09.02-12.11.26:405][639]LogModuleManager: Shutting down and abandoning module ModuleUI (370)
[2017.09.02-12.11.26:405][639]LogModuleManager: Shutting down and abandoning module MovieSceneTools (368)
[2017.09.02-12.11.26:405][639]LogModuleManager: Shutting down and abandoning module OutputLog (366)
[2017.09.02-12.11.26:405][639]LogModuleManager: Shutting down and abandoning module GammaUI (364)
[2017.09.02-12.11.26:405][639]LogModuleManager: Shutting down and abandoning module Documentation (362)
[2017.09.02-12.11.26:405][639]LogModuleManager: Shutting down and abandoning module MovieSceneTracks (360)
[2017.09.02-12.11.26:405][639]LogModuleManager: Shutting down and abandoning module MovieScene (358)
[2017.09.02-12.11.26:405][639]LogModuleManager: Shutting down and abandoning module Niagara (356)
[2017.09.02-12.11.26:405][639]LogModuleManager: Shutting down and abandoning module NiagaraEditor (355)
[2017.09.02-12.11.26:405][639]LogModuleManager: Shutting down and abandoning module StreamingPauseRendering (352)
[2017.09.02-12.11.26:405][639]LogModuleManager: Shutting down and abandoning module LauncherPlatform (350)
[2017.09.02-12.11.26:405][639]LogModuleManager: Shutting down and abandoning module AnalyticsET (348)
[2017.09.02-12.11.26:405][639]LogModuleManager: Shutting down and abandoning module PortalServices (346)
[2017.09.02-12.11.26:405][639]LogModuleManager: Shutting down and abandoning module PortalRpc (344)
[2017.09.02-12.11.26:405][639]LogModuleManager: Shutting down and abandoning module MessagingRpc (342)
[2017.09.02-12.11.26:405][639]LogModuleManager: Shutting down and abandoning module AIModule (340)
[2017.09.02-12.11.26:405][639]LogModuleManager: Shutting down and abandoning module GameplayDebugger (339)
[2017.09.02-12.11.26:405][639]LogModuleManager: Shutting down and abandoning module AITestSuite (337)
[2017.09.02-12.11.26:405][639]LogModuleManager: Shutting down and abandoning module ProfilerService (334)
[2017.09.02-12.11.26:655][639]LogModuleManager: Shutting down and abandoning module TaskGraph (332)
[2017.09.02-12.11.26:655][639]LogModuleManager: Shutting down and abandoning module SteamVRController (330)
[2017.09.02-12.11.26:655][639]LogModuleManager: Shutting down and abandoning module ProceduralMeshComponentEditor (328)
[2017.09.02-12.11.26:655][639]LogModuleManager: Shutting down and abandoning module ProceduralMeshComponent (326)
[2017.09.02-12.11.26:655][639]LogModuleManager: Shutting down and abandoning module OculusInput (324)
[2017.09.02-12.11.26:655][639]LogModuleManager: Shutting down and abandoning module MobilePatchingUtils (322)
[2017.09.02-12.11.26:655][639]LogModuleManager: Shutting down and abandoning module CustomMeshComponent (320)
[2017.09.02-12.11.26:655][639]LogModuleManager: Shutting down and abandoning module CableComponent (318)
[2017.09.02-12.11.26:655][639]LogModuleManager: Shutting down and abandoning module ArchVisCharacter (316)
[2017.09.02-12.11.26:655][639]LogModuleManager: Shutting down and abandoning module AndroidPermission (314)
[2017.09.02-12.11.26:655][639]LogModuleManager: Shutting down and abandoning module MediaPlayerEditor (310)
[2017.09.02-12.11.26:655][639]LogModuleManager: Shutting down and abandoning module HTML5Networking (308)
[2017.09.02-12.11.26:655][639]LogModuleManager: Shutting down and abandoning module AlembicImporter (306)
[2017.09.02-12.11.26:655][639]LogModuleManager: Shutting down and abandoning module AlembicLibrary (305)
[2017.09.02-12.11.26:655][639]LogModuleManager: Shutting down and abandoning module GeometryCache (304)
[2017.09.02-12.11.26:655][639]LogModuleManager: Shutting down and abandoning module GeometryCacheEd (303)
[2017.09.02-12.11.26:655][639]LogModuleManager: Shutting down and abandoning module SpeedTreeImporter (298)
[2017.09.02-12.11.26:655][639]LogModuleManager: Shutting down and abandoning module PluginBrowser (296)
[2017.09.02-12.11.26:656][639]LogModuleManager: Shutting down and abandoning module MobileLauncherProfileWizard (294)
[2017.09.02-12.11.26:656][639]LogModuleManager: Shutting down and abandoning module VisualStudioSourceCodeAccess (292)
[2017.09.02-12.11.26:656][639]LogModuleManager: Shutting down and abandoning module DesktopPlatform (291)
[2017.09.02-12.11.26:656][639]LogModuleManager: Shutting down and abandoning module UObjectPlugin (288)
[2017.09.02-12.11.26:656][639]LogModuleManager: Shutting down and abandoning module SubversionSourceControl (286)
[2017.09.02-12.11.26:656][639]LogModuleManager: Shutting down and abandoning module PerforceSourceControl (284)
[2017.09.02-12.11.26:656][639]LogModuleManager: Shutting down and abandoning module GitSourceControl (282)
[2017.09.02-12.11.26:656][639]LogModuleManager: Shutting down and abandoning module SourceControl (281)
[2017.09.02-12.11.26:656][639]LogModuleManager: Shutting down and abandoning module LightPropagationVolumeEditor (278)
[2017.09.02-12.11.26:656][639]LogModuleManager: Shutting down and abandoning module PaperTiledImporter (276)
[2017.09.02-12.11.26:656][639]LogModuleManager: Shutting down and abandoning module PaperSpriteSheetImporter (274)
[2017.09.02-12.11.26:656][639]LogModuleManager: Shutting down and abandoning module Paper2DEditor (272)
[2017.09.02-12.11.26:656][639]LogModuleManager: Shutting down and abandoning module MeshPaint (271)
[2017.09.02-12.11.26:656][639]LogModuleManager: Shutting down and abandoning module LevelEditor (269)
[2017.09.02-12.11.26:657][639]LogModuleManager: Shutting down and abandoning module PixelInspectorModule (268)
[2017.09.02-12.11.26:657][639]LogModuleManager: Shutting down and abandoning module MainFrame (266)
[2017.09.02-12.11.26:657][639]LogModuleManager: Shutting down and abandoning module HotReload (265)
[2017.09.02-12.11.26:657][639]LogModuleManager: Shutting down and abandoning module RuntimePhysXCooking (260)
[2017.09.02-12.11.26:657][639]LogModuleManager: Shutting down and abandoning module PhysXVehiclesEditor (258)
[2017.09.02-12.11.26:657][639]LogModuleManager: Shutting down and abandoning module PhysXVehicles (256)
[2017.09.02-12.11.26:657][639]LogModuleManager: Shutting down and abandoning module OculusEditor (254)
[2017.09.02-12.11.26:657][639]LogModuleManager: Shutting down and abandoning module LocationServicesBPLibrary (252)
[2017.09.02-12.11.26:657][639]LogModuleManager: Shutting down and abandoning module ImmediatePhysicsEditor (250)
[2017.09.02-12.11.26:657][639]LogModuleManager: Shutting down and abandoning module ImmediatePhysics (248)
[2017.09.02-12.11.26:657][639]LogModuleManager: Shutting down and abandoning module UdpMessaging (246)
[2017.09.02-12.11.26:758][639]LogModuleManager: Shutting down and abandoning module TcpMessaging (244)
[2017.09.02-12.11.26:859][639]LogModuleManager: Shutting down and abandoning module GameplayTagsEditor (242)
[2017.09.02-12.11.26:859][639]LogModuleManager: Shutting down and abandoning module FacialAnimationEditor (240)
[2017.09.02-12.11.26:859][639]LogModuleManager: Shutting down and abandoning module FacialAnimation (238)
[2017.09.02-12.11.26:859][639]LogModuleManager: Shutting down and abandoning module AssetManagerEditor (236)
[2017.09.02-12.11.26:859][639]LogModuleManager: Shutting down and abandoning module GraphEditor (235)
[2017.09.02-12.11.26:859][639]LogModuleManager: Shutting down and abandoning module ContentBrowser (233)
[2017.09.02-12.11.26:860][639]LogModuleManager: Shutting down and abandoning module LightPropagationVolumeRuntime (230)
[2017.09.02-12.11.26:860][639]LogModuleManager: Shutting down and abandoning module Paper2D (228)
[2017.09.02-12.11.26:860][639]LogModuleManager: Shutting down and abandoning module WindowsMoviePlayer (226)
[2017.09.02-12.11.26:860][639]LogModuleManager: Shutting down and abandoning module WmfMedia (224)
[2017.09.02-12.11.26:860][639]LogModuleManager: Shutting down and abandoning module PacketHandler (222)
[2017.09.02-12.11.26:860][639]LogModuleManager: Shutting down and abandoning module ClothingSystemEditor (220)
[2017.09.02-12.11.26:860][639]LogModuleManager: Shutting down and abandoning module ClothingSystemRuntime (218)
[2017.09.02-12.11.26:863][639]LogModuleManager: Shutting down and abandoning module Overlay (216)
[2017.09.02-12.11.26:863][639]LogModuleManager: Shutting down and abandoning module OverlayEditor (215)
[2017.09.02-12.11.26:863][639]LogModuleManager: Shutting down and abandoning module MediaAssets (212)
[2017.09.02-12.11.26:863][639]LogModuleManager: Shutting down and abandoning module VREditor (210)
[2017.09.02-12.11.26:863][639]LogModuleManager: Shutting down and abandoning module StringTableEditor (208)
[2017.09.02-12.11.26:863][639]LogModuleManager: Shutting down and abandoning module GameplayTasksEditor (206)
[2017.09.02-12.11.26:863][639]LogModuleManager: Shutting down and abandoning module BehaviorTreeEditor (204)
[2017.09.02-12.11.26:863][639]LogModuleManager: Shutting down and abandoning module FunctionalTesting (202)
[2017.09.02-12.11.26:863][639]LogModuleManager: Shutting down and abandoning module CollisionAnalyzer (200)
[2017.09.02-12.11.26:863][639]LogModuleManager: Shutting down and abandoning module WorkspaceMenuStructure (199)
[2017.09.02-12.11.26:863][639]LogModuleManager: Shutting down and abandoning module UMG (196)
[2017.09.02-12.11.26:863][639]LogModuleManager: Shutting down and abandoning module UMGEditor (195)
[2017.09.02-12.11.26:863][639]LogModuleManager: Shutting down and abandoning module Sequencer (194)
[2017.09.02-12.11.26:863][639]LogModuleManager: Shutting down and abandoning module MessageLog (191)
[2017.09.02-12.11.26:863][639]LogModuleManager: Shutting down and abandoning module SlateReflector (186)
[2017.09.02-12.11.26:863][639]LogModuleManager: Shutting down and abandoning module Slate (184)
[2017.09.02-12.11.26:863][639]LogModuleManager: Shutting down and abandoning module EditorStyle (182)
[2017.09.02-12.11.26:865][639]LogModuleManager: Shutting down and abandoning module MRMesh (180)
[2017.09.02-12.11.26:865][639]LogModuleManager: Shutting down and abandoning module SourceCodeAccess (178)
[2017.09.02-12.11.26:865][639]LogModuleManager: Shutting down and abandoning module HeadMountedDisplay (176)
[2017.09.02-12.11.26:865][639]LogModuleManager: Shutting down and abandoning module XAudio2 (174)
[2017.09.02-12.11.26:865][639]LogModuleManager: Shutting down and abandoning module Networking (172)
[2017.09.02-12.11.26:865][639]LogModuleManager: Shutting down and abandoning module Core (168)
[2017.09.02-12.11.26:865][639]LogModuleManager: Shutting down and abandoning module KismetCompiler (164)
[2017.09.02-12.11.26:865][639]LogModuleManager: Shutting down and abandoning module LevelSequence (162)
[2017.09.02-12.11.26:865][639]LogModuleManager: Shutting down and abandoning module MeshUtilities (160)
[2017.09.02-12.11.26:865][639]LogModuleManager: Shutting down and abandoning module MeshMergeUtilities (159)
[2017.09.02-12.11.26:865][639]LogModuleManager: Shutting down and abandoning module MeshReductionInterface (158)
[2017.09.02-12.11.26:865][639]LogModuleManager: Shutting down and abandoning module SimplygonSwarm (157)
[2017.09.02-12.11.26:866][639]LogModuleManager: Shutting down and abandoning module SimplygonMeshReduction (155)
[2017.09.02-12.11.26:866][639]LogModuleManager: Shutting down and abandoning module QuadricMeshReduction (153)
[2017.09.02-12.11.26:866][639]LogModuleManager: Shutting down and abandoning module MaterialBaking (149)
[2017.09.02-12.11.26:866][639]LogModuleManager: Shutting down and abandoning module DirectoryWatcher (146)
[2017.09.02-12.11.26:867][639]LogModuleManager: Shutting down and abandoning module DerivedDataCache (144)
[2017.09.02-12.11.26:900][639]LogDerivedDataCache: Shutdown
[2017.09.02-12.11.26:900][639]LogModuleManager: Shutting down and abandoning module TargetPlatform (142)
[2017.09.02-12.11.26:900][639]LogModuleManager: Shutting down and abandoning module VulkanShaderFormat (141)
[2017.09.02-12.11.26:900][639]LogModuleManager: Shutting down and abandoning module ShaderFormatVectorVM (139)
[2017.09.02-12.11.26:900][639]LogModuleManager: Shutting down and abandoning module ShaderFormatOpenGL (137)
[2017.09.02-12.11.26:900][639]LogModuleManager: Shutting down and abandoning module ShaderFormatD3D (135)
[2017.09.02-12.11.26:900][639]LogModuleManager: Shutting down and abandoning module MetalShaderFormat (133)
[2017.09.02-12.11.26:900][639]LogModuleManager: Shutting down and abandoning module TextureFormatUncompressed (131)
[2017.09.02-12.11.26:900][639]LogModuleManager: Shutting down and abandoning module TextureFormatPVR (129)
[2017.09.02-12.11.26:900][639]LogModuleManager: Shutting down and abandoning module TextureFormatDXT (127)
[2017.09.02-12.11.26:900][639]LogModuleManager: Shutting down and abandoning module TextureFormatIntelISPCTexComp (125)
[2017.09.02-12.11.26:900][639]LogModuleManager: Shutting down and abandoning module TextureFormatASTC (123)
[2017.09.02-12.11.26:900][639]LogModuleManager: Shutting down and abandoning module ImageWrapper (122)
[2017.09.02-12.11.26:900][639]LogModuleManager: Shutting down and abandoning module TextureFormatAndroid (119)
[2017.09.02-12.11.26:900][639]LogModuleManager: Shutting down and abandoning module AudioFormatOpus (117)
[2017.09.02-12.11.26:900][639]LogModuleManager: Shutting down and abandoning module AudioFormatOgg (115)
[2017.09.02-12.11.26:901][639]LogModuleManager: Shutting down and abandoning module AudioFormatADPCM (113)
[2017.09.02-12.11.26:901][639]LogModuleManager: Shutting down and abandoning module LinuxTargetPlatform (111)
[2017.09.02-12.11.26:901][639]LogModuleManager: Shutting down and abandoning module LinuxServerTargetPlatform (109)
[2017.09.02-12.11.26:901][639]LogModuleManager: Shutting down and abandoning module LinuxNoEditorTargetPlatform (107)
[2017.09.02-12.11.26:901][639]LogModuleManager: Shutting down and abandoning module LinuxClientTargetPlatform (105)
[2017.09.02-12.11.26:901][639]LogModuleManager: Shutting down and abandoning module TVOSTargetPlatform (103)
[2017.09.02-12.11.26:901][639]LogModuleManager: Shutting down and abandoning module Messaging (101)
[2017.09.02-12.11.26:901][639]LogModuleManager: Shutting down and abandoning module IOSTargetPlatform (99)
[2017.09.02-12.11.26:901][639]LogModuleManager: Shutting down and abandoning module HTML5TargetPlatform (97)
[2017.09.02-12.11.26:901][639]LogModuleManager: Shutting down and abandoning module Android_PVRTCTargetPlatform (95)
[2017.09.02-12.11.26:901][639]LogModuleManager: Shutting down and abandoning module Android_MultiTargetPlatform (93)
[2017.09.02-12.11.26:901][639]LogModuleManager: Shutting down and abandoning module Android_ETC2TargetPlatform (91)
[2017.09.02-12.11.26:901][639]LogModuleManager: Shutting down and abandoning module Android_ETC1TargetPlatform (89)
[2017.09.02-12.11.26:901][639]LogModuleManager: Shutting down and abandoning module Android_DXTTargetPlatform (87)
[2017.09.02-12.11.26:901][639]LogModuleManager: Shutting down and abandoning module Android_ATCTargetPlatform (85)
[2017.09.02-12.11.26:901][639]LogModuleManager: Shutting down and abandoning module Android_ASTCTargetPlatform (83)
[2017.09.02-12.11.26:901][639]LogModuleManager: Shutting down and abandoning module AndroidTargetPlatform (81)
[2017.09.02-12.11.26:901][639]LogModuleManager: Shutting down and abandoning module WindowsTargetPlatform (79)
[2017.09.02-12.11.26:901][639]LogModuleManager: Shutting down and abandoning module WindowsServerTargetPlatform (77)
[2017.09.02-12.11.26:901][639]LogModuleManager: Shutting down and abandoning module WindowsNoEditorTargetPlatform (75)
[2017.09.02-12.11.26:901][639]LogModuleManager: Shutting down and abandoning module WindowsClientTargetPlatform (73)
[2017.09.02-12.11.26:901][639]LogModuleManager: Shutting down and abandoning module MacTargetPlatform (71)
[2017.09.02-12.11.26:901][639]LogModuleManager: Shutting down and abandoning module MacServerTargetPlatform (69)
[2017.09.02-12.11.26:901][639]LogModuleManager: Shutting down and abandoning module MacNoEditorTargetPlatform (67)
[2017.09.02-12.11.26:901][639]LogModuleManager: Shutting down and abandoning module MacClientTargetPlatform (65)
[2017.09.02-12.11.26:901][639]LogModuleManager: Shutting down and abandoning module AllDesktopTargetPlatform (63)
[2017.09.02-12.11.26:901][639]LogModuleManager: Shutting down and abandoning module InputCore (60)
[2017.09.02-12.11.26:901][639]LogModuleManager: Shutting down and abandoning module Settings (58)
[2017.09.02-12.11.26:901][639]LogModuleManager: Shutting down and abandoning module PhysXCooking (56)
[2017.09.02-12.11.26:901][639]LogModuleManager: Shutting down and abandoning module SteamVR (54)
[2017.09.02-12.11.26:901][639]LogModuleManager: Shutting down and abandoning module OculusHMD (52)
[2017.09.02-12.11.26:901][639]LogModuleManager: Shutting down and abandoning module ExampleDeviceProfileSelector (50)
[2017.09.02-12.11.26:901][639]LogModuleManager: Shutting down and abandoning module OnlineBlueprintSupport (48)
[2017.09.02-12.11.26:901][639]LogModuleManager: Shutting down and abandoning module OnlineSubsystem (44)
[2017.09.02-12.11.26:901][639]LogOnline: Display: Unloading online subsystem: NULL
[2017.09.02-12.11.26:901][639]LogModuleManager: Shutting down and abandoning module XMPP (43)
[2017.09.02-12.11.26:901][639]LogModuleManager: Shutting down and abandoning module HTTP (41)
[2017.09.02-12.11.26:901][639]LogHttp: Display: Http module shutting down, but needs to wait on 1 outstanding Http requests:
[2017.09.02-12.11.26:901][639]LogHttp: Display: 	verb=[POST] url=[https://datarouter.ol.epicgames.com/datarouter/api/v1/public/data?SessionID=%7B0F540D7A-47A3-A68C-3D8E-06A39CC6C4A6%7D&AppID=UEEditor.Rocket.Release&AppVersion=4.17.1-3586342%2B%2B%2BUE4%2BRelease-4.17&UserID=6627429149c0467dd618e39c8403c829%7C6de05fa92587480fb7882ffc140bd849%7C16e26e44-c5e4-472c-9b9e-204f442cc2d7&AppEnvironment=datacollector-binary&UploadType=eteventstream] status=Processing
[2017.09.02-12.11.26:908][639]LogModuleManager: Shutting down and abandoning module SSL (40)
[2017.09.02-12.11.26:909][639]LogModuleManager: Shutting down and abandoning module AnimationModifiers (36)
[2017.09.02-12.11.26:909][639]LogModuleManager: Shutting down and abandoning module PropertyEditor (35)
[2017.09.02-12.11.26:909][639]LogModuleManager: Shutting down and abandoning module AudioEditor (32)
[2017.09.02-12.11.26:909][639]LogModuleManager: Shutting down and abandoning module TextureCompressor (30)
[2017.09.02-12.11.26:910][639]LogModuleManager: Shutting down and abandoning module ShaderCore (28)
[2017.09.02-12.11.26:910][639]LogModuleManager: Shutting down and abandoning module Landscape (26)
[2017.09.02-12.11.26:910][639]LogModuleManager: Shutting down and abandoning module SlateRHIRenderer (24)
[2017.09.02-12.11.26:911][639]LogModuleManager: Shutting down and abandoning module OpenGLDrv (22)
[2017.09.02-12.11.26:911][639]LogModuleManager: Shutting down and abandoning module D3D11RHI (20)
[2017.09.02-12.11.26:911][639]LogModuleManager: Shutting down and abandoning module AnimGraphRuntime (18)
[2017.09.02-12.11.26:911][639]LogModuleManager: Shutting down and abandoning module Renderer (16)
[2017.09.02-12.11.26:911][639]LogModuleManager: Shutting down and abandoning module Engine (14)
[2017.09.02-12.11.26:911][639]LogModuleManager: Shutting down and abandoning module CoreUObject (12)
[2017.09.02-12.11.26:911][639]LogModuleManager: Shutting down and abandoning module NetworkFile (10)
[2017.09.02-12.11.26:911][639]LogModuleManager: Shutting down and abandoning module CookedIterativeFile (8)
[2017.09.02-12.11.26:911][639]LogModuleManager: Shutting down and abandoning module StreamingFile (6)
[2017.09.02-12.11.26:911][639]LogModuleManager: Shutting down and abandoning module SandboxFile (4)
[2017.09.02-12.11.26:911][639]LogModuleManager: Shutting down and abandoning module PakFile (2)
[2017.09.02-12.11.26:914][639]LogExit: Exiting.
[2017.09.02-12.11.26:928][639]Log file closed, 09/02/17 14:11:26
