Log file open, 09/25/17 11:08:52
LogWindows: LoadLibraryWithSearchPaths failed for file aqProf.dll. GetLastError=0
LogWindows: LoadLibraryWithSearchPaths failed for file VtuneApi.dll. GetLastError=0
LogWindows: LoadLibraryWithSearchPaths failed for file VtuneApi32e.dll. GetLastError=0
LogInit: Display: Running engine for game: DSHockeyGame
LogPlatformFile: Not using cached read wrapper
LogInit: Display: RandInit(1447406565) SRandInit(1447406565).
LogTaskGraph: Started task graph with 5 named threads and 8 total threads with 3 sets of task threads.
LogStats: Stats thread started at 6.548225
LogD3D11RHI: Aftermath initialized
LogPluginManager: Mounting plugin Paper2D
LogPluginManager: Mounting plugin LightPropagationVolume
LogPluginManager: Mounting plugin CodeLiteSourceCodeAccess
LogPluginManager: Mounting plugin GitSourceControl
LogPluginManager: Mounting plugin KDevelopSourceCodeAccess
LogPluginManager: Mounting plugin NullSourceCodeAccess
LogPluginManager: Mounting plugin PerforceSourceControl
LogPluginManager: Mounting plugin SubversionSourceControl
LogPluginManager: Mounting plugin UObjectPlugin
LogPluginManager: Mounting plugin VisualStudioSourceCodeAccess
LogPluginManager: Mounting plugin XCodeSourceCodeAccess
LogPluginManager: Mounting plugin AssetManagerEditor
LogPluginManager: Mounting plugin AudioCapture
LogPluginManager: Mounting plugin FacialAnimation
LogPluginManager: Mounting plugin GameplayTagsEditor
LogPluginManager: Mounting plugin MobileLauncherProfileWizard
LogPluginManager: Mounting plugin PluginBrowser
LogPluginManager: Mounting plugin SpeedTreeImporter
LogPluginManager: Mounting plugin AlembicImporter
LogPluginManager: Mounting plugin CharacterAI
LogPluginManager: Mounting plugin HTML5Networking
LogPluginManager: Mounting plugin AndroidMedia
LogPluginManager: Mounting plugin AvfMedia
LogPluginManager: Mounting plugin MediaPlayerEditor
LogPluginManager: Mounting plugin WmfMedia
LogPluginManager: Mounting plugin TcpMessaging
LogPluginManager: Mounting plugin UdpMessaging
LogPluginManager: Mounting plugin LevelSequenceEditor
LogPluginManager: Mounting plugin MatineeToLevelSequence
LogPluginManager: Mounting plugin OnlineSubsystemGooglePlay
LogPluginManager: Mounting plugin OnlineSubsystemIOS
LogPluginManager: Mounting plugin OnlineSubsystem
LogPluginManager: Mounting plugin OnlineSubsystemNull
LogPluginManager: Mounting plugin OnlineSubsystemUtils
LogPluginManager: Mounting plugin AndroidDeviceProfileSelector
LogPluginManager: Mounting plugin AndroidMoviePlayer
LogPluginManager: Mounting plugin AndroidPermission
LogPluginManager: Mounting plugin AppleMoviePlayer
LogPluginManager: Mounting plugin ArchVisCharacter
LogPluginManager: Mounting plugin CableComponent
LogPluginManager: Mounting plugin CustomMeshComponent
LogPluginManager: Mounting plugin ExampleDeviceProfileSelector
LogPluginManager: Mounting plugin GoogleCloudMessaging
LogPluginManager: Mounting plugin ImmediatePhysics
LogPluginManager: Mounting plugin IOSDeviceProfileSelector
LogPluginManager: Mounting plugin LinuxDeviceProfileSelector
LogPluginManager: Mounting plugin LocationServicesBPLibrary
LogPluginManager: Mounting plugin MobilePatchingUtils
LogPluginManager: Mounting plugin OculusVR
LogPluginManager: Mounting plugin PhysXVehicles
LogPluginManager: Mounting plugin ProceduralMeshComponent
LogPluginManager: Mounting plugin RuntimePhysXCooking
LogPluginManager: Mounting plugin SteamVR
LogPluginManager: Mounting plugin WindowsMoviePlayer
LogPluginManager: Mounting plugin VictoryBPLibrary
LogInit: Using libcurl 7.47.1
LogInit:  - built for x86_64-pc-win32
LogInit:  - supports SSL with OpenSSL/1.0.2g
LogInit:  - supports HTTP deflate (compression) using libz 1.2.8
LogInit:  - other features:
LogInit:      CURL_VERSION_SSL
LogInit:      CURL_VERSION_LIBZ
LogInit:      CURL_VERSION_IPV6
LogInit:      CURL_VERSION_ASYNCHDNS
LogInit:      CURL_VERSION_LARGEFILE
LogInit:      CURL_VERSION_IDN
LogInit:  CurlRequestOptions (configurable via config and command line):
LogInit:  - bVerifyPeer = false  - Libcurl will NOT verify peer certificate
LogInit:  - bUseHttpProxy = false  - Libcurl will NOT use HTTP proxy
LogInit:  - bDontReuseConnections = false  - Libcurl will reuse connections
LogInit:  - CertBundlePath = nullptr  - Libcurl will use whatever was configured at build time.
LogInit: Build: ++UE4+Release-4.17-CL-3586342
LogInit: Engine Version: 4.17.1-3586342+++UE4+Release-4.17
LogInit: Compatible Engine Version: 4.17.0-3573198+++UE4+Release-4.17
LogInit: Net CL: 3573198
LogDevObjectVersion: Number of dev versions registered: 16
LogDevObjectVersion:   Dev-Blueprints (B0D832E4-1F89-4F0D-ACCF-7EB736FD4AA2): 10
LogDevObjectVersion:   Dev-Build (E1C64328-A22C-4D53-A36C-8E866417BD8C): 0
LogDevObjectVersion:   Dev-Core (375EC13C-06E4-48FB-B500-84F0262A717E): 2
LogDevObjectVersion:   Dev-Editor (E4B068ED-F494-42E9-A231-DA0B2E46BB41): 20
LogDevObjectVersion:   Dev-Framework (CFFC743F-43B0-4480-9391-14DF171D2073): 28
LogDevObjectVersion:   Dev-Mobile (B02B49B5-BB20-44E9-A304-32B752E40360): 0
LogDevObjectVersion:   Dev-Networking (A4E4105C-59A1-49B5-A7C5-40C4547EDFEE): 0
LogDevObjectVersion:   Dev-Online (39C831C9-5AE6-47DC-9A44-9C173E1C8E7C): 0
LogDevObjectVersion:   Dev-Physics (78F01B33-EBEA-4F98-B9B4-84EACCB95AA2): 0
LogDevObjectVersion:   Dev-Platform (6631380F-2D4D-43E0-8009-CF276956A95A): 0
LogDevObjectVersion:   Dev-Rendering (12F88B9F-8875-4AFC-A67C-D90C383ABD29): 19
LogDevObjectVersion:   Dev-Sequencer (7B5AE74C-D270-4C10-A958-57980B212A5A): 4
LogDevObjectVersion:   Dev-VR (D7296918-1DD6-4BDD-9DE2-64A83CC13884): 0
LogDevObjectVersion:   Dev-LoadTimes (C2A15278-BFE7-4AFE-6C17-90FF531DF755): 1
LogDevObjectVersion:   Private-Geometry (6EACA3D4-40EC-4CC1-B786-8BED09428FC5): 1
LogDevObjectVersion:   Dev-AnimPhys (29E575DD-E0A3-4627-9D10-D276232CDCEA): 7
LogInit: Compiled (64-bit): Aug 15 2017 02:05:26
LogInit: Compiled with Visual C++: 19.00.24215.01
LogInit: Build Configuration: Development
LogInit: Branch Name: ++UE4+Release-4.17
LogInit: Command line:  
LogInit: Base directory: D:/UE_4.17/Engine/Binaries/Win64/
LogInit: Installed Engine Build: 1
LogInit: Presizing for max 8388607 objects, including 0 objects not considered by GC, pre-allocating 0 bytes for permanent pool.
LogInit: Object subsystem initialized
[2017.09.25-09.08.54:615][  0]LogInit: Selected Device Profile: [Windows]
[2017.09.25-09.08.54:615][  0]LogInit: Applying CVar settings loaded from the selected device profile: [Windows]
[2017.09.25-09.08.54:694][  0]LogInit: Computer: LAPTOP-ELQTR10M
[2017.09.25-09.08.54:694][  0]LogInit: User: danie
[2017.09.25-09.08.54:694][  0]LogInit: CPU Page size=4096, Cores=2
[2017.09.25-09.08.54:694][  0]LogInit: High frequency timer resolution =2.531245 MHz
[2017.09.25-09.08.54:695][  0]LogMemory: Memory total: Physical=7.9GB (8GB approx)
[2017.09.25-09.08.54:695][  0]LogMemory: Platform Memory Stats for Windows
[2017.09.25-09.08.54:695][  0]LogMemory: Process Physical Memory: 277.83 MB used, 277.83 MB peak
[2017.09.25-09.08.54:695][  0]LogMemory: Process Virtual Memory: 275.86 MB used, 275.86 MB peak
[2017.09.25-09.08.54:695][  0]LogMemory: Physical Memory: 3578.84 MB used,  4527.07 MB free, 8105.91 MB total
[2017.09.25-09.08.54:695][  0]LogMemory: Virtual Memory: 667.77 MB used,  4527.07 MB free, 134217728.00 MB total
[2017.09.25-09.08.55:852][  0]LogInit: Using OS detected language (de-DE).
[2017.09.25-09.08.55:852][  0]LogInit: Using OS detected locale (de-DE).
[2017.09.25-09.08.56:187][  0]LogTextLocalizationManager: No localization for 'de-DE' exists, so 'en' will be used for the language.
[2017.09.25-09.08.56:188][  0]LogTextLocalizationManager: No localization for 'de-DE' exists, so 'en' will be used for the locale.
[2017.09.25-09.08.59:167][  0]LogD3D11RHI: D3D11 adapters:
[2017.09.25-09.08.59:888][  0]LogD3D11RHI:    0. 'NVIDIA GeForce GTX 950M' (Feature Level 11_0)
[2017.09.25-09.08.59:888][  0]LogD3D11RHI:       4065/0/4052 MB DedicatedVideo/DedicatedSystem/SharedSystem, Outputs:1, VendorId:0x10de
[2017.09.25-09.08.59:998][  0]LogD3D11RHI:    1. 'Intel(R) HD Graphics 520' (Feature Level 11_0)
[2017.09.25-09.08.59:998][  0]LogD3D11RHI:       128/0/4052 MB DedicatedVideo/DedicatedSystem/SharedSystem, Outputs:0, VendorId:0x8086
[2017.09.25-09.08.59:999][  0]LogD3D11RHI:    2. 'Microsoft Basic Render Driver' (Feature Level 11_0)
[2017.09.25-09.08.59:999][  0]LogD3D11RHI:       0/0/4052 MB DedicatedVideo/DedicatedSystem/SharedSystem, Outputs:0, VendorId:0x1414
[2017.09.25-09.08.59:999][  0]LogD3D11RHI: Chosen D3D11 Adapter: 0
[2017.09.25-09.09.00:006][  0]LogD3D11RHI: Creating new Direct3DDevice
[2017.09.25-09.09.00:006][  0]LogD3D11RHI:     GPU DeviceId: 0x139a (for the marketing name, search the web for "GPU Device Id")
[2017.09.25-09.09.00:006][  0]LogWindows: EnumDisplayDevices:
[2017.09.25-09.09.00:007][  0]LogWindows:    0. 'Intel(R) HD Graphics 520' (P:1 D:1)
[2017.09.25-09.09.00:007][  0]LogWindows:    1. 'Intel(R) HD Graphics 520' (P:0 D:0)
[2017.09.25-09.09.00:007][  0]LogWindows:    2. 'Intel(R) HD Graphics 520' (P:0 D:0)
[2017.09.25-09.09.00:007][  0]LogWindows: DebugString: PrimaryIsNotTheChoosenAdapter PrimaryIsNotTheChoosenAdapter PrimaryIsNotTheChoosenAdapter FoundDriverCount:0 
[2017.09.25-09.09.00:007][  0]LogD3D11RHI:     Adapter Name: NVIDIA GeForce GTX 950M
[2017.09.25-09.09.00:007][  0]LogD3D11RHI:   Driver Version: Unknown (internal:Unknown, unified:Unknown)
[2017.09.25-09.09.00:007][  0]LogD3D11RHI:      Driver Date: Unknown
[2017.09.25-09.09.00:007][  0]LogRHI: Texture pool is 1361 MB (70% of 1945 MB)
[2017.09.25-09.09.00:773][  0]LogD3D11RHI: Async texture creation enabled
[2017.09.25-09.09.01:188][  0]LogD3D11RHI: GPU Timing Frequency: 1000.000000 (Debug: 2 2)
[2017.09.25-09.09.01:325][  0]LogShaderCompilers: Guid format shader working directory is 15 characters bigger than the processId version (../../../../Github/Masterarbeit/Intermediate/Shaders/WorkingDirectory/1668/).
[2017.09.25-09.09.01:325][  0]LogShaderCompilers: Cleaned the shader compiler working directory 'C:/Users/danie/AppData/Local/Temp/UnrealShaderWorkingDir/E1EBB065494FEA6C827885B3F5906F39/'.
[2017.09.25-09.09.01:347][  0]LogShaderCompilers: Display: Using Local Shader Compiler.
[2017.09.25-09.09.05:359][  0]LogTemp: Display: Loaded TP AllDesktopTargetPlatform
[2017.09.25-09.09.05:418][  0]LogTemp: Display: Loaded TP MacClientTargetPlatform
[2017.09.25-09.09.05:465][  0]LogTemp: Display: Loaded TP MacNoEditorTargetPlatform
[2017.09.25-09.09.05:510][  0]LogTemp: Display: Loaded TP MacServerTargetPlatform
[2017.09.25-09.09.05:562][  0]LogTemp: Display: Loaded TP MacTargetPlatform
[2017.09.25-09.09.05:637][  0]LogTemp: Display: Loaded TP WindowsClientTargetPlatform
[2017.09.25-09.09.05:706][  0]LogTemp: Display: Loaded TP WindowsNoEditorTargetPlatform
[2017.09.25-09.09.05:763][  0]LogTemp: Display: Loaded TP WindowsServerTargetPlatform
[2017.09.25-09.09.05:809][  0]LogTemp: Display: Loaded TP WindowsTargetPlatform
[2017.09.25-09.09.05:899][  0]LogTemp: Display: Loaded TP AndroidTargetPlatform
[2017.09.25-09.09.05:966][  0]LogTemp: Display: Loaded TP Android_ASTCTargetPlatform
[2017.09.25-09.09.06:027][  0]LogTemp: Display: Loaded TP Android_ATCTargetPlatform
[2017.09.25-09.09.06:071][  0]LogTemp: Display: Loaded TP Android_DXTTargetPlatform
[2017.09.25-09.09.06:126][  0]LogTemp: Display: Loaded TP Android_ETC1TargetPlatform
[2017.09.25-09.09.06:213][  0]LogTemp: Display: Loaded TP Android_ETC2TargetPlatform
[2017.09.25-09.09.06:325][  0]LogTemp: Display: Loaded TP Android_MultiTargetPlatform
[2017.09.25-09.09.06:325][  0]LogTemp: Display: Loaded TP Android_PVRTCTargetPlatform
[2017.09.25-09.09.06:360][  0]LogTemp: Display: Loaded TP HTML5TargetPlatform
[2017.09.25-09.09.06:551][  0]LogTemp: Display: Loaded TP IOSTargetPlatform
[2017.09.25-09.09.06:597][  0]LogTemp: Display: Loaded TP TVOSTargetPlatform
[2017.09.25-09.09.06:656][  0]LogTemp: Display: Loaded TP LinuxClientTargetPlatform
[2017.09.25-09.09.06:700][  0]LogTemp: Display: Loaded TP LinuxNoEditorTargetPlatform
[2017.09.25-09.09.06:745][  0]LogTemp: Display: Loaded TP LinuxServerTargetPlatform
[2017.09.25-09.09.06:806][  0]LogTemp: Display: Loaded TP LinuxTargetPlatform
[2017.09.25-09.09.06:806][  0]LogTargetPlatformManager: Display: Building Assets For Windows
[2017.09.25-09.09.08:289][  0]LogDerivedDataCache: Display: Max Cache Size: 512 MB
[2017.09.25-09.09.08:738][  0]LogDerivedDataCache: Loaded boot cache 0.45s 93MB C:/Users/danie/AppData/Local/UnrealEngine/4.17/DerivedDataCache/Boot.ddc.
[2017.09.25-09.09.08:738][  0]LogDerivedDataCache: Display: Loaded Boot cache: C:/Users/danie/AppData/Local/UnrealEngine/4.17/DerivedDataCache/Boot.ddc
[2017.09.25-09.09.08:738][  0]LogDerivedDataCache: FDerivedDataBackendGraph:  Pak pak cache file ../../../../Github/Masterarbeit/DerivedDataCache/DDC.ddp not found, will not use a pak cache.
[2017.09.25-09.09.08:738][  0]LogDerivedDataCache: Unable to find inner node Pak for hierarchical cache Hierarchy.
[2017.09.25-09.09.08:738][  0]LogDerivedDataCache: FDerivedDataBackendGraph:  CompressedPak pak cache file ../../../../Github/Masterarbeit/DerivedDataCache/Compressed.ddp not found, will not use a pak cache.
[2017.09.25-09.09.08:738][  0]LogDerivedDataCache: Unable to find inner node CompressedPak for hierarchical cache Hierarchy.
[2017.09.25-09.09.08:878][  0]LogDerivedDataCache: Display: Pak cache opened for reading ../../../Engine/DerivedDataCache/Compressed.ddp.
[2017.09.25-09.09.08:893][  0]LogDerivedDataCache: Using Local data cache path C:/Users/danie/AppData/Local/UnrealEngine/Common/DerivedDataCache: Writable
[2017.09.25-09.09.08:998][  0]LogMaterial: Verifying Global Shaders for PCD3D_SM5
[2017.09.25-09.09.09:044][  0]LogSlate: Using Freetype 2.6.0
[2017.09.25-09.09.09:162][  0]LogSlate: SlateFontCache - WITH_FREETYPE: 1, WITH_HARFBUZZ: 1
[2017.09.25-09.09.09:181][  0]LogSlate: SlateFontCache - WITH_FREETYPE: 1, WITH_HARFBUZZ: 1
[2017.09.25-09.09.17:477][  0]LogAssetRegistry: FAssetRegistry took 0.0319 seconds to start up
[2017.09.25-09.09.20:137][  0]LogInit: Selected Device Profile: [Windows]
[2017.09.25-09.09.21:136][  0]LogConfig: Warning: Failed to saved backup for config[GameplayTags]
[2017.09.25-09.09.23:646][  0]LogAssetRegistry: Error: Failed to open file for write ../../../../Github/Masterarbeit/Intermediate/CachedAssetRegistry.bin
[2017.09.25-09.09.23:646][  0]LogContentStreaming: Texture pool size is 0.00 MB
[2017.09.25-09.09.24:810][  0]LogSimplygon: Simplygon DLL not present - disabling.
[2017.09.25-09.09.24:903][  0]LogMeshReduction: Using SimplygonSwarm for distributed automatic mesh merging
[2017.09.25-09.09.24:922][  0]LogMeshReduction: Using QuadricMeshReduction for automatic static mesh reduction
[2017.09.25-09.09.24:922][  0]LogMeshReduction: No automatic skeletal mesh reduction module available
[2017.09.25-09.09.24:922][  0]LogMeshReduction: No automatic mesh merging module available
[2017.09.25-09.09.24:922][  0]LogMeshMerging: No automatic mesh merging module available
[2017.09.25-09.09.28:795][  0]LogNetVersion: DSHockeyGame , NetCL: 3573198, EngineNetVer: 2, GameNetVer: 0 (Checksum: 4108346606)
[2017.09.25-09.09.30:567][  0]LogAssetRegistry: Error: Failed to open file for write ../../../../Github/Masterarbeit/Intermediate/AssetRegistryCache/2657c409.bin
[2017.09.25-09.09.30:635][  0]LogAssetRegistry: Error: Failed to open file for write ../../../../Github/Masterarbeit/Intermediate/AssetRegistryCache/83628ce1.bin
[2017.09.25-09.09.30:638][  0]LogPackageLocalizationCache: Processed 6 localized package path(s) for 1 prioritized culture(s) in 0.154244 seconds
[2017.09.25-09.09.30:659][  0]LogUObjectArray: 35825 objects as part of root set at end of initial load.
[2017.09.25-09.09.30:660][  0]LogUObjectAllocator: 7529104 out of 0 bytes used by permanent object pool.
[2017.09.25-09.09.30:660][  0]LogUObjectArray: CloseDisregardForGC: 0/0 objects in disregard for GC pool
[2017.09.25-09.09.30:730][  0]LogInit: WinSock: version 1.1 (2.2), MaxSocks=32767, MaxUdp=65467
[2017.09.25-09.09.54:954][  0]LogTcpMessaging: Initializing TcpMessaging bridge
[2017.09.25-09.09.55:051][  0]LogUdpMessaging: Initializing bridge on interface 0.0.0.0:0 to multicast group 230.0.0.1:6666.
[2017.09.25-09.09.57:691][  0]LogConfig: Warning: Failed to saved backup for config[TranslationPickerSettings]
[2017.09.25-09.09.58:186][  0]LogMaterial: Uniform references updated for custom material expression Custom.
[2017.09.25-09.09.59:100][  0]SourceControl: Source control is disabled
[2017.09.25-09.09.59:101][  0]SourceControl: Source control is disabled
[2017.09.25-09.09.59:203][  0]SourceControl: Source control is disabled
[2017.09.25-09.09.59:284][  0]SourceControl: Source control is disabled
[2017.09.25-09.10.00:521][  0]LogAndroidPermission: UAndroidPermissionCallbackProxy::GetInstance
[2017.09.25-09.10.00:895][  0]LogOcInput: OculusInput pre-init called
[2017.09.25-09.10.01:849][  0]LogEngine: Initializing Engine...
[2017.09.25-09.10.01:882][  0]LogHMD: Failed to initialize OpenVR with code 110
[2017.09.25-09.10.03:014][  0]LogStats: UGameplayTagsManager::ConstructGameplayTagTree: Construct from data asset -  0.000 s
[2017.09.25-09.10.03:014][  0]LogStats: UGameplayTagsManager::ConstructGameplayTagTree: GameplayTagTreeChangedEvent.Broadcast -  0.000 s
[2017.09.25-09.10.03:608][  0]LogAIModule: Creating AISystem for world Untitled
[2017.09.25-09.10.03:801][  0]LogInit: XAudio2 using 'Lautsprecher (Realtek High Definition Audio(SST))' : 2 channels at 48 kHz using 32 bits per sample (channel mask 0x3)
[2017.09.25-09.10.04:417][  0]LogInit: FAudioDevice initialized.
[2017.09.25-09.10.04:428][  0]LogDerivedDataCache: Error: Could not save memory cache C:/Users/danie/AppData/Local/UnrealEngine/4.17/DerivedDataCache/Boot.ddc.
[2017.09.25-09.10.04:448][  0]LogInit: Texture streaming: Enabled
[2017.09.25-09.10.04:733][  0]LogEngineSessionManager: EngineSessionManager initialized
[2017.09.25-09.10.05:399][  0]LogInit: Transaction tracking system initialized
[2017.09.25-09.10.06:141][  0]BlueprintLog: New page: Editor Load
[2017.09.25-09.10.08:516][  0]LogConfig: Warning: Failed to saved backup for config[LocalizationServiceSettings]
[2017.09.25-09.10.08:518][  0]LocalizationService: Localization service is disabled
[2017.09.25-09.10.10:158][  0]LogConsoleResponse: Display: 
[2017.09.25-09.10.13:667][  0]LogFileCache: Scanning file cache for directory 'D:/Github/Masterarbeit/Content/' took 0.02s
[2017.09.25-09.10.13:667][  0]LogCook: Display: Max memory allowance for cook 16384mb min free memory 0mb
[2017.09.25-09.10.13:667][  0]LogCook: Display: Mobile HDR setting 1
[2017.09.25-09.10.13:762][  0]LogGameplayTags: Display: UGameplayTagsManager::DoneAddingNativeTags. DelegateIsBound: 0
[2017.09.25-09.10.16:439][  0]SourceControl: Source control is disabled
[2017.09.25-09.10.16:490][  0]Cmd: MAP LOAD FILE="../../../../Github/Masterarbeit/Content/VirtualRealityBP/Maps/PrototypeMap.umap" TEMPLATE=0 SHOWPROGRESS=1 FEATURELEVEL=3
[2017.09.25-09.10.16:545][  0]LightingResults: New page: Lighting Build
[2017.09.25-09.10.16:703][  0]MapCheck: New page: Map Check
[2017.09.25-09.10.16:703][  0]LightingResults: New page: Lighting Build
[2017.09.25-09.10.18:310][  0]LogBlueprint: Warning: [Compiler BP_MotionController] ProjectPointToNavigation_DEPRECATED  is deprecated; This version of ProjectPointToNavigation is deprecated. Please use the new version
[2017.09.25-09.10.18:341][  0]LogBlueprint: Warning: [Compiler BP_MotionController] [0102.81] Compile of BP_MotionController successful, but with 1 Warning(s) [in 99 ms] (/Game/VirtualRealityBP/Blueprints/BP_MotionController.BP_MotionController)
[2017.09.25-09.10.18:784][  0]LogBlueprint: Warning: [Puck_BP] 'TestTextArray' variable not found. Base class was probably changed.
[2017.09.25-09.10.18:784][  0]LogBlueprint: Warning: [Puck_BP] 'SaveDirectory' variable not found. Base class was probably changed.
[2017.09.25-09.10.19:901][  0]LogAIModule: Creating AISystem for world PrototypeMap
[2017.09.25-09.10.20:450][  0]LogEditorServer: Finished looking for orphan Actors (0.000 secs)
[2017.09.25-09.10.20:587][  0]Cmd: MAP CHECKDEP NOCLEARLOG
[2017.09.25-09.10.20:632][  0]MapCheck: Map check complete: 0 Error(s), 0 Warning(s), took 44.444ms to complete.
[2017.09.25-09.10.20:632][  0]LogFileHelpers: Loading map 'PrototypeMap' took 4.165
[2017.09.25-09.10.22:387][  0]LogCollectionManager: Loaded 0 collections in 0.001212 seconds
[2017.09.25-09.10.22:585][  0]LogFileCache: Scanning file cache for directory 'D:/Github/Masterarbeit/Saved/Collections/' took 0.01s
[2017.09.25-09.10.22:585][  0]LogFileCache: Scanning file cache for directory 'D:/Github/Masterarbeit/Content/Developers/danie/Collections/' took 0.01s
[2017.09.25-09.10.22:585][  0]LogFileCache: Scanning file cache for directory 'D:/Github/Masterarbeit/Content/Collections/' took 0.01s
[2017.09.25-09.10.22:585][  0]LogCollectionManager: Rebuilt the GUID cache for 0 collections in 0.000001 seconds
[2017.09.25-09.10.22:604][  0]LogContentBrowser: Native class hierarchy populated in 0.0175 seconds. Added 2392 classes and 503 folders.
[2017.09.25-09.10.22:730][  0]LogContentBrowser: Native class hierarchy updated for 'WidgetCarousel' in 0.0007 seconds. Added 0 classes and 0 folders.
[2017.09.25-09.10.23:743][  0]LogContentBrowser: Native class hierarchy updated for 'AddContentDialog' in 0.0007 seconds. Added 0 classes and 0 folders.
[2017.09.25-09.10.23:897][  0]LogContentBrowser: Native class hierarchy updated for 'SceneOutliner' in 0.0008 seconds. Added 1 classes and 2 folders.
[2017.09.25-09.10.25:862][  0]LogSlate: Took 0.019740 seconds to synchronously load lazily loaded font '../../../Engine/Content/Slate/Fonts/Roboto-Regular.ttf' (155K)
[2017.09.25-09.10.25:891][  0]LogSlate: Took 0.015819 seconds to synchronously load lazily loaded font '../../../Engine/Content/Slate/Fonts/Roboto-Bold.ttf' (160K)
[2017.09.25-09.10.25:976][  0]LogSlate: Took 0.015331 seconds to synchronously load lazily loaded font '../../../Engine/Content/Editor/Slate/Fonts/FontAwesome.ttf' (139K)
[2017.09.25-09.10.26:485][  0]LogRenderer: Reallocating scene render targets to support 1208x564 Format 26 NumSamples 1 (Frame:1).
[2017.09.25-09.10.27:577][  0]LogContentBrowser: Native class hierarchy updated for 'HierarchicalLODOutliner' in 0.0015 seconds. Added 1 classes and 2 folders.
[2017.09.25-09.10.27:578][  0]LogLoad: (Engine Initialization) Total time: 112.04 seconds
[2017.09.25-09.10.27:578][  0]LogLoad: (Engine Initialization) Total Blueprint compile time: 0.00 seconds
[2017.09.25-09.10.27:578][  0]LogExternalProfiler: Found external profiler: VSPerf
[2017.09.25-09.10.27:578][  0]LogExternalProfiler: Using external profiler: VSPerf
[2017.09.25-09.10.27:940][  0]LogContentStreaming: Texture pool size now 1000 MB
[2017.09.25-09.10.28:273][  1]LogAssetRegistry: Asset discovery search completed in 70.8192 seconds
[2017.09.25-09.10.28:278][  1]LogCollectionManager: Rebuilt the object cache for 0 collections in 0.000000 seconds (found 0 objects)
[2017.09.25-09.10.28:278][  1]LogCollectionManager: Fixed up redirectors for 0 collections in 0.000085 seconds (updated 0 objects)
[2017.09.25-09.11.39:134][211]LogHttp: Warning: 00000231852AC280: request failed, libcurl error: 6 (Couldn't resolve host name)
[2017.09.25-09.11.39:134][211]LogHttp: Warning: 00000231852AC280: libcurl info message cache 0 (Could not resolve host: datarouter.ol.epicgames.com)
[2017.09.25-09.11.39:134][211]LogHttp: Warning: 00000231852AC280: libcurl info message cache 1 (Closing connection 0)
[2017.09.25-09.13.39:555][568]LogHttp: Warning: 000002318521AE00: request failed, libcurl error: 6 (Couldn't resolve host name)
[2017.09.25-09.13.39:555][568]LogHttp: Warning: 000002318521AE00: libcurl info message cache 0 (Could not resolve host: datarouter.ol.epicgames.com)
[2017.09.25-09.13.39:555][568]LogHttp: Warning: 000002318521AE00: libcurl info message cache 1 (Closing connection 1)
[2017.09.25-09.15.40:202][928]LogHttp: Warning: 00000231F6B03100: request failed, libcurl error: 6 (Couldn't resolve host name)
[2017.09.25-09.15.40:202][928]LogHttp: Warning: 00000231F6B03100: libcurl info message cache 0 (Could not resolve host: datarouter.ol.epicgames.com)
[2017.09.25-09.15.40:202][928]LogHttp: Warning: 00000231F6B03100: libcurl info message cache 1 (Closing connection 2)
[2017.09.25-09.17.40:611][289]LogHttp: Warning: 00000231F6B03100: request failed, libcurl error: 6 (Couldn't resolve host name)
[2017.09.25-09.17.40:611][289]LogHttp: Warning: 00000231F6B03100: libcurl info message cache 0 (Could not resolve host: datarouter.ol.epicgames.com)
[2017.09.25-09.17.40:611][289]LogHttp: Warning: 00000231F6B03100: libcurl info message cache 1 (Closing connection 3)
[2017.09.25-09.19.41:167][649]LogHttp: Warning: 00000231F6B02E00: request failed, libcurl error: 6 (Couldn't resolve host name)
[2017.09.25-09.19.41:167][649]LogHttp: Warning: 00000231F6B02E00: libcurl info message cache 0 (Could not resolve host: datarouter.ol.epicgames.com)
[2017.09.25-09.19.41:167][649]LogHttp: Warning: 00000231F6B02E00: libcurl info message cache 1 (Closing connection 4)
