Log file open, 07/21/17 09:55:13
LogInit:Display: Running engine for game: DSHockeyGame
LogPlatformFile: Not using cached read wrapper
LogInit:Display: RandInit(-978591777) SRandInit(-978591777).
LogTaskGraph: Started task graph with 5 named threads and 10 total threads with 1 sets of task threads.
LogStats: Stats thread started at 0.358325
LogInit: Using libcurl 7.47.1
LogInit:  - built for x86_64-pc-win32
LogInit:  - supports SSL with OpenSSL/1.0.2g
LogInit:  - supports HTTP deflate (compression) using libz 1.2.8
LogInit:  - other features:
LogInit:      CURL_VERSION_SSL
LogInit:      CURL_VERSION_LIBZ
LogInit:      CURL_VERSION_IPV6
LogInit:      CURL_VERSION_ASYNCHDNS
LogInit:      CURL_VERSION_LARGEFILE
LogInit:      CURL_VERSION_IDN
LogInit:  CurlRequestOptions (configurable via config and command line):
LogInit:  - bVerifyPeer = false  - Libcurl will NOT verify peer certificate
LogInit:  - bUseHttpProxy = false  - Libcurl will NOT use HTTP proxy
LogInit:  - bDontReuseConnections = false  - Libcurl will reuse connections
LogInit:  - CertBundlePath = nullptr  - Libcurl will use whatever was configured at build time.
LogInit: Build: ++UE4+Release-4.16-CL-3514769
LogInit: Engine Version: 4.16.2-3514769+++UE4+Release-4.16
LogInit: Compatible Engine Version: 4.16.0-3452394+++UE4+Release-4.16
LogInit: Net CL: 3452394
LogDevObjectVersion: Number of dev versions registered: 16
LogDevObjectVersion:   Dev-Blueprints (B0D832E4-1F89-4F0D-ACCF-7EB736FD4AA2): 9
LogDevObjectVersion:   Dev-Build (E1C64328-A22C-4D53-A36C-8E866417BD8C): 0
LogDevObjectVersion:   Dev-Core (375EC13C-06E4-48FB-B500-84F0262A717E): 2
LogDevObjectVersion:   Dev-Editor (E4B068ED-F494-42E9-A231-DA0B2E46BB41): 17
LogDevObjectVersion:   Dev-Framework (CFFC743F-43B0-4480-9391-14DF171D2073): 23
LogDevObjectVersion:   Dev-Mobile (B02B49B5-BB20-44E9-A304-32B752E40360): 0
LogDevObjectVersion:   Dev-Networking (A4E4105C-59A1-49B5-A7C5-40C4547EDFEE): 0
LogDevObjectVersion:   Dev-Online (39C831C9-5AE6-47DC-9A44-9C173E1C8E7C): 0
LogDevObjectVersion:   Dev-Physics (78F01B33-EBEA-4F98-B9B4-84EACCB95AA2): 0
LogDevObjectVersion:   Dev-Platform (6631380F-2D4D-43E0-8009-CF276956A95A): 0
LogDevObjectVersion:   Dev-Rendering (12F88B9F-8875-4AFC-A67C-D90C383ABD29): 15
LogDevObjectVersion:   Dev-Sequencer (7B5AE74C-D270-4C10-A958-57980B212A5A): 4
LogDevObjectVersion:   Dev-VR (D7296918-1DD6-4BDD-9DE2-64A83CC13884): 0
LogDevObjectVersion:   Dev-LoadTimes (C2A15278-BFE7-4AFE-6C17-90FF531DF755): 1
LogDevObjectVersion:   Private-Geometry (6EACA3D4-40EC-4CC1-B786-8BED09428FC5): 1
LogDevObjectVersion:   Dev-AnimPhys (29E575DD-E0A3-4627-9D10-D276232CDCEA): 3
LogInit: Compiled (64-bit): Jun 29 2017 02:03:24
LogInit: Compiled with Visual C++: 19.00.24215.01
LogInit: Build Configuration: Development
LogInit: Branch Name: ++UE4+Release-4.16
LogInit: Command line:  
LogInit: Base directory: C:/Program Files/Epic Games/UE_4.16/Engine/Binaries/Win64/
LogInit: Installed Engine Build: 1
LogInit: Presizing for max 8388607 objects, including 0 objects not considered by GC, pre-allocating 0 bytes for permanent pool.
LogInit: Object subsystem initialized
[2017.07.21-07.55.14:386][  0]LogInit: Selected Device Profile: [Windows]
[2017.07.21-07.55.14:386][  0]LogInit: Applying CVar settings loaded from the selected device profile: [Windows]
[2017.07.21-07.55.14:408][  0]LogInit: Computer: PC1011604132
[2017.07.21-07.55.14:408][  0]LogInit: User: LocalAdmin
[2017.07.21-07.55.14:408][  0]LogInit: CPU Page size=4096, Cores=6
[2017.07.21-07.55.14:408][  0]LogInit: High frequency timer resolution =3.220792 MHz
[2017.07.21-07.55.14:408][  0]LogMemory: Memory total: Physical=15.9GB (16GB approx)
[2017.07.21-07.55.14:408][  0]LogMemory: Platform Memory Stats for Windows
[2017.07.21-07.55.14:408][  0]LogMemory: Process Physical Memory: 274.38 MB used, 274.38 MB peak
[2017.07.21-07.55.14:408][  0]LogMemory: Process Virtual Memory: 267.25 MB used, 267.25 MB peak
[2017.07.21-07.55.14:408][  0]LogMemory: Physical Memory: 4352.86 MB used,  11942.17 MB free, 16295.03 MB total
[2017.07.21-07.55.14:408][  0]LogMemory: Virtual Memory: 648.43 MB used,  11942.17 MB free, 134217728.00 MB total
[2017.07.21-07.55.14:694][  0]LogInit: Using OS detected language (de-DE).
[2017.07.21-07.55.14:694][  0]LogInit: Using OS detected locale (de-DE).
[2017.07.21-07.55.14:703][  0]LogTextLocalizationManager: No localization for 'de-DE' exists, so 'en' will be used for the language.
[2017.07.21-07.55.14:704][  0]LogTextLocalizationManager: No localization for 'de-DE' exists, so 'en' will be used for the locale.
[2017.07.21-07.55.16:199][  0]LogD3D11RHI: D3D11 adapters:
[2017.07.21-07.55.16:200][  0]LogD3D11RHI:    0. 'Microsoft Basic Render Driver' (Feature Level 11_0)
[2017.07.21-07.55.16:200][  0]LogD3D11RHI:       0/0/8147 MB DedicatedVideo/DedicatedSystem/SharedSystem, Outputs:1, VendorId:0x1414
[2017.07.21-07.55.16:201][  0]LogD3D11RHI:    1. 'Microsoft Basic Render Driver' (Feature Level 11_0)
[2017.07.21-07.55.16:201][  0]LogD3D11RHI:       0/0/8147 MB DedicatedVideo/DedicatedSystem/SharedSystem, Outputs:0, VendorId:0x1414
[2017.07.21-07.55.16:201][  0]LogD3D11RHI:Error: Failed to choose a D3D11 Adapter.
[2017.07.21-07.55.16:207][  0]LogWindowsTextInputMethodSystem:Display: IME system now deactivated.
[2017.07.21-07.55.28:949][  0]LogWindowsTextInputMethodSystem:Display: IME system now deactivated.
[2017.07.21-07.55.28:949][  0]LogWindowsTextInputMethodSystem:Display: IME system now deactivated.
[2017.07.21-07.55.28:949][  0]LogWindows: FPlatformMisc::RequestExit(1)
[2017.07.21-07.55.28:949][  0]Log file closed, 07/21/17 09:55:28
