Log file open, 07/18/17 10:49:47
LogInit:Display: Running engine for game: DSHockeyGame
LogPlatformFile: Not using cached read wrapper
LogInit:Display: RandInit(1862206927) SRandInit(1862206927).
LogTaskGraph: Started task graph with 5 named threads and 10 total threads with 1 sets of task threads.
LogStats: Stats thread started at 0.094344
LogInit: Using libcurl 7.47.1
LogInit:  - built for x86_64-pc-win32
LogInit:  - supports SSL with OpenSSL/1.0.2g
LogInit:  - supports HTTP deflate (compression) using libz 1.2.8
LogInit:  - other features:
LogInit:      CURL_VERSION_SSL
LogInit:      CURL_VERSION_LIBZ
LogInit:      CURL_VERSION_IPV6
LogInit:      CURL_VERSION_ASYNCHDNS
LogInit:      CURL_VERSION_LARGEFILE
LogInit:      CURL_VERSION_IDN
LogInit:  CurlRequestOptions (configurable via config and command line):
LogInit:  - bVerifyPeer = false  - Libcurl will NOT verify peer certificate
LogInit:  - bUseHttpProxy = false  - Libcurl will NOT use HTTP proxy
LogInit:  - bDontReuseConnections = false  - Libcurl will reuse connections
LogInit:  - CertBundlePath = nullptr  - Libcurl will use whatever was configured at build time.
LogInit: Build: ++UE4+Release-4.15-CL-3299760
LogInit: Engine Version: 4.15.0-3299760+++UE4+Release-4.15
LogInit: Compatible Engine Version: 4.15.0-3299760+++UE4+Release-4.15
LogInit: Net CL: 3299760
LogDevObjectVersion: Number of dev versions registered: 14
LogDevObjectVersion:   Dev-Blueprints (B0D832E4-1F89-4F0D-ACCF-7EB736FD4AA2): 8
LogDevObjectVersion:   Dev-Build (E1C64328-A22C-4D53-A36C-8E866417BD8C): 0
LogDevObjectVersion:   Dev-Core (375EC13C-06E4-48FB-B500-84F0262A717E): 2
LogDevObjectVersion:   Dev-Editor (E4B068ED-F494-42E9-A231-DA0B2E46BB41): 14
LogDevObjectVersion:   Dev-Framework (CFFC743F-43B0-4480-9391-14DF171D2073): 22
LogDevObjectVersion:   Dev-Mobile (B02B49B5-BB20-44E9-A304-32B752E40360): 0
LogDevObjectVersion:   Dev-Networking (A4E4105C-59A1-49B5-A7C5-40C4547EDFEE): 0
LogDevObjectVersion:   Dev-Online (39C831C9-5AE6-47DC-9A44-9C173E1C8E7C): 0
LogDevObjectVersion:   Dev-Physics (78F01B33-EBEA-4F98-B9B4-84EACCB95AA2): 0
LogDevObjectVersion:   Dev-Platform (6631380F-2D4D-43E0-8009-CF276956A95A): 0
LogDevObjectVersion:   Dev-Rendering (12F88B9F-8875-4AFC-A67C-D90C383ABD29): 12
LogDevObjectVersion:   Dev-Sequencer (7B5AE74C-D270-4C10-A958-57980B212A5A): 3
LogDevObjectVersion:   Dev-VR (D7296918-1DD6-4BDD-9DE2-64A83CC13884): 0
LogDevObjectVersion:   Dev-LoadTimes (C2A15278-BFE7-4AFE-6C17-90FF531DF755): 1
LogInit: Compiled (64-bit): Feb 14 2017 02:04:14
LogInit: Compiled with Visual C++: 19.00.23026.00
LogInit: Build Configuration: Development
LogInit: Branch Name: ++UE4+Release-4.15
LogInit: Command line:  
LogInit: Base directory: D:/Program Files/Epic Games/UE_4.15/Engine/Binaries/Win64/
LogInit: Installed Engine Build: 1
LogInit: Presizing for max 8388607 objects, including 0 objects not considered by GC, pre-allocating 0 bytes for permanent pool.
LogInit: Object subsystem initialized
[2017.07.18-08.49.48:349][  0]LogConsoleManager:Display: Setting the console variable 'r.RHICmdBypass' with 'SetByProjectSetting' was ignored as it is lower priority than the previous 'SetBySystemSettingsIni'. Value remains '1'
[2017.07.18-08.49.48:351][  0]LogInit: Selected Device Profile: [Windows]
[2017.07.18-08.49.48:351][  0]LogInit: Applying CVar settings loaded from the selected device profile: [Windows]
[2017.07.18-08.49.48:362][  0]LogInit: Computer: PC1011604132
[2017.07.18-08.49.48:362][  0]LogInit: User: fil
[2017.07.18-08.49.48:362][  0]LogInit: CPU Page size=65536, Cores=6
[2017.07.18-08.49.48:362][  0]LogInit: High frequency timer resolution =3.220792 MHz
[2017.07.18-08.49.48:362][  0]LogMemory: Memory total: Physical=15.9GB (16GB approx)
[2017.07.18-08.49.48:362][  0]LogMemory: Platform Memory Stats for Windows
[2017.07.18-08.49.48:362][  0]LogMemory: Process Physical Memory: 264.57 MB used, 264.57 MB peak
[2017.07.18-08.49.48:362][  0]LogMemory: Process Virtual Memory: 272.05 MB used, 272.05 MB peak
[2017.07.18-08.49.48:362][  0]LogMemory: Physical Memory: 4624.57 MB used,  11670.46 MB free, 16295.03 MB total
[2017.07.18-08.49.48:362][  0]LogMemory: Virtual Memory: 656.08 MB used,  11670.46 MB free, 134217728.00 MB total
[2017.07.18-08.49.48:426][  0]LogTextLocalizationManager: No translations for ('de-DE') exist, falling back to 'en' for localization and internationalization data.
[2017.07.18-08.49.49:056][  0]LogD3D11RHI: D3D11 adapters:
[2017.07.18-08.49.49:088][  0]LogD3D11RHI:    0. 'NVIDIA GeForce GTX 980 Ti' (Feature Level 11_0)
[2017.07.18-08.49.49:088][  0]LogD3D11RHI:       6103/0/8147 MB DedicatedVideo/DedicatedSystem/SharedSystem, Outputs:1, VendorId:0x10de
[2017.07.18-08.49.49:089][  0]LogD3D11RHI:    1. 'Microsoft Basic Render Driver' (Feature Level 11_0)
[2017.07.18-08.49.49:089][  0]LogD3D11RHI:       0/0/8147 MB DedicatedVideo/DedicatedSystem/SharedSystem, Outputs:0, VendorId:0x1414
[2017.07.18-08.49.49:089][  0]LogD3D11RHI: Chosen D3D11 Adapter: 0
[2017.07.18-08.49.49:093][  0]LogD3D11RHI: Creating new Direct3DDevice
[2017.07.18-08.49.49:093][  0]LogD3D11RHI:     GPU DeviceId: 0x17c8 (for the marketing name, search the web for "GPU Device Id")
[2017.07.18-08.49.49:093][  0]LogWindows: EnumDisplayDevices:
[2017.07.18-08.49.49:093][  0]LogWindows:    0. 'NVIDIA GeForce GTX 980 Ti' (P:1 D:1)
[2017.07.18-08.49.49:093][  0]LogWindows:    1. 'NVIDIA GeForce GTX 980 Ti' (P:0 D:0)
[2017.07.18-08.49.49:094][  0]LogWindows:    2. 'NVIDIA GeForce GTX 980 Ti' (P:0 D:0)
[2017.07.18-08.49.49:094][  0]LogWindows:    3. 'NVIDIA GeForce GTX 980 Ti' (P:0 D:0)
[2017.07.18-08.49.49:094][  0]LogWindows: DebugString: FoundDriverCount:4 
[2017.07.18-08.49.49:094][  0]LogD3D11RHI:     Adapter Name: NVIDIA GeForce GTX 980 Ti
[2017.07.18-08.49.49:094][  0]LogD3D11RHI:   Driver Version: 378.78 (internal:21.21.13.7878, unified:378.78)
[2017.07.18-08.49.49:094][  0]LogD3D11RHI:      Driver Date: 2-23-2017
[2017.07.18-08.49.49:094][  0]LogRHI: Texture pool is 1361 MB (70% of 1945 MB)
[2017.07.18-08.49.49:111][  0]LogD3D11RHI: Async texture creation enabled
[2017.07.18-08.49.49:122][  0]LogD3D11RHI: GPU Timing Frequency: 1000.000000 (Debug: 2 1)
[2017.07.18-08.49.49:164][  0]LogShaderCompilers: Guid format shader working directory is -1 characters bigger than the processId version (../../../../../../HockeyGame DS/Masterarbeit/Intermediate/Shaders/WorkingDirectory/12216/).
[2017.07.18-08.49.49:164][  0]LogShaderCompilers: Cleaned the shader compiler working directory 'C:/Users/fil/AppData/Local/Temp/UnrealShaderWorkingDir/B16AA6DB42373B6C3D933795213AA3C6/'.
[2017.07.18-08.49.49:164][  0]LogShaderCompilers:Display: Using Local Shader Compiler.
[2017.07.18-08.49.50:218][  0]LogTemp:Display: Loaded TP AllDesktopTargetPlatform
[2017.07.18-08.49.50:263][  0]LogTemp:Display: Loaded TP MacClientTargetPlatform
[2017.07.18-08.49.50:308][  0]LogTemp:Display: Loaded TP MacNoEditorTargetPlatform
[2017.07.18-08.49.50:354][  0]LogTemp:Display: Loaded TP MacServerTargetPlatform
[2017.07.18-08.49.50:399][  0]LogTemp:Display: Loaded TP MacTargetPlatform
[2017.07.18-08.49.50:444][  0]LogTemp:Display: Loaded TP WindowsClientTargetPlatform
[2017.07.18-08.49.50:489][  0]LogTemp:Display: Loaded TP WindowsNoEditorTargetPlatform
[2017.07.18-08.49.50:533][  0]LogTemp:Display: Loaded TP WindowsServerTargetPlatform
[2017.07.18-08.49.50:568][  0]LogTemp:Display: Loaded TP WindowsTargetPlatform
[2017.07.18-08.49.50:612][  0]LogTemp:Display: Loaded TP AndroidTargetPlatform
[2017.07.18-08.49.50:655][  0]LogTemp:Display: Loaded TP Android_ASTCTargetPlatform
[2017.07.18-08.49.50:699][  0]LogTemp:Display: Loaded TP Android_ATCTargetPlatform
[2017.07.18-08.49.50:743][  0]LogTemp:Display: Loaded TP Android_DXTTargetPlatform
[2017.07.18-08.49.50:788][  0]LogTemp:Display: Loaded TP Android_ETC1TargetPlatform
[2017.07.18-08.49.50:832][  0]LogTemp:Display: Loaded TP Android_ETC2TargetPlatform
[2017.07.18-08.49.50:920][  0]LogTemp:Display: Loaded TP Android_MultiTargetPlatform
[2017.07.18-08.49.50:920][  0]LogTemp:Display: Loaded TP Android_PVRTCTargetPlatform
[2017.07.18-08.49.50:949][  0]LogTemp:Display: Loaded TP HTML5TargetPlatform
[2017.07.18-08.49.51:029][  0]LogTemp:Display: Loaded TP IOSTargetPlatform
[2017.07.18-08.49.51:058][  0]LogTemp:Display: Loaded TP TVOSTargetPlatform
[2017.07.18-08.49.51:101][  0]LogTemp:Display: Loaded TP LinuxClientTargetPlatform
[2017.07.18-08.49.51:145][  0]LogTemp:Display: Loaded TP LinuxNoEditorTargetPlatform
[2017.07.18-08.49.51:189][  0]LogTemp:Display: Loaded TP LinuxServerTargetPlatform
[2017.07.18-08.49.51:233][  0]LogTemp:Display: Loaded TP LinuxTargetPlatform
[2017.07.18-08.49.51:233][  0]LogTargetPlatformManager:Display: Building Assets For Windows
[2017.07.18-08.49.51:556][  0]LogDerivedDataCache:Display: Max Cache Size: 512 MB
[2017.07.18-08.49.51:613][  0]LogDerivedDataCache: Loaded boot cache 0.06s 52MB C:/Users/fil/AppData/Local/UnrealEngine/4.15/DerivedDataCache/Boot.ddc.
[2017.07.18-08.49.51:613][  0]LogDerivedDataCache:Display: Loaded Boot cache: C:/Users/fil/AppData/Local/UnrealEngine/4.15/DerivedDataCache/Boot.ddc
[2017.07.18-08.49.51:613][  0]LogDerivedDataCache: FDerivedDataBackendGraph:  Pak pak cache file ../../../../../../HockeyGame DS/Masterarbeit/DerivedDataCache/DDC.ddp not found, will not use a pak cache.
[2017.07.18-08.49.51:613][  0]LogDerivedDataCache: Unable to find inner node Pak for hierarchical cache Hierarchy.
[2017.07.18-08.49.51:613][  0]LogDerivedDataCache: FDerivedDataBackendGraph:  CompressedPak pak cache file ../../../../../../HockeyGame DS/Masterarbeit/DerivedDataCache/Compressed.ddp not found, will not use a pak cache.
[2017.07.18-08.49.51:613][  0]LogDerivedDataCache: Unable to find inner node CompressedPak for hierarchical cache Hierarchy.
[2017.07.18-08.49.51:631][  0]LogDerivedDataCache:Display: Pak cache opened for reading ../../../Engine/DerivedDataCache/Compressed.ddp.
[2017.07.18-08.49.51:643][  0]LogDerivedDataCache: Using Local data cache path C:/Users/fil/AppData/Local/UnrealEngine/Common/DerivedDataCache: Writable
[2017.07.18-08.49.51:652][  0]LogSlate: Using Freetype 2.6.0
[2017.07.18-08.49.51:653][  0]LogSlate: SlateFontCache - WITH_FREETYPE: 1, WITH_HARFBUZZ: 1
[2017.07.18-08.49.51:653][  0]LogSlate: SlateFontCache - WITH_FREETYPE: 1, WITH_HARFBUZZ: 1
[2017.07.18-08.49.51:900][  0]LogInit: Selected Device Profile: [Windows]
[2017.07.18-08.49.51:902][  0]LogContentStreaming: Texture pool size is 0.00 MB
[2017.07.18-08.49.52:078][  0]LogMeshUtilities: Using QuadricMeshReduction for automatic static mesh reduction
[2017.07.18-08.49.52:110][  0]LogSimplygon: Simplygon DLL not present - disabling.
[2017.07.18-08.49.52:146][  0]LogMeshUtilities: Using SimplygonSwarm for distributed automatic mesh merging
[2017.07.18-08.49.52:146][  0]LogMeshUtilities: No automatic skeletal mesh reduction module available
[2017.07.18-08.49.52:146][  0]LogMeshUtilities: No automatic mesh merging module available
[2017.07.18-08.49.52:249][  0]LogLinker:Warning: Can't find file '/Game/VirtualRealityBP/Materials/M_FontColor_Book'
[2017.07.18-08.49.52:249][  0]LogLinker:Warning: Can't find file for asset '/Game/VirtualRealityBP/Materials/M_FontColor_Book' while loading ../../../Engine/Content/EngineMaterials/DefaultTextMaterialOpaque.uasset.
[2017.07.18-08.49.52:249][  0]LoadErrors:Error: Error /Engine/EngineMaterials/DefaultTextMaterialOpaque : Can't find file for asset. /Game/VirtualRealityBP/Materials/M_FontColor_Book
[2017.07.18-08.49.52:249][  0]LogLinker:Warning: Can't find file '/Game/VirtualRealityBP/Materials/M_FontColor_Book'
[2017.07.18-08.49.52:249][  0]LogLinker:Warning: Can't find file for asset '/Game/VirtualRealityBP/Materials/M_FontColor_Book' while loading ../../../Engine/Content/EngineMaterials/DefaultTextMaterialOpaque.uasset.
[2017.07.18-08.49.52:249][  0]LoadErrors:Error: Error /Engine/EngineMaterials/DefaultTextMaterialOpaque : Can't find file for asset. /Game/VirtualRealityBP/Materials/M_FontColor_Book
[2017.07.18-08.49.52:249][  0]LogLinker:Warning: Can't find file '/Game/VirtualRealityBP/Materials/M_FontColor_Book'
[2017.07.18-08.49.52:249][  0]LoadErrors: Info Failed to load /Game/VirtualRealityBP/Materials/M_FontColor_Book.M_FontColor_Book Referenced by DefaultTextMaterialOpaque
[2017.07.18-08.49.52:250][  0]LogLinker:Warning: Can't find file for asset '/Game/VirtualRealityBP/Materials/M_FontColor_Book' while loading NULL.
[2017.07.18-08.49.52:250][  0]LoadErrors: Info Failed to load /Game/VirtualRealityBP/Materials/M_FontColor_Book.M_FontColor_Book Referenced by DefaultTextMaterialOpaque
[2017.07.18-08.49.52:250][  0]LogLinker:Warning: Can't find file '/Game/VirtualRealityBP/Materials/M_FontColor_Book'
[2017.07.18-08.49.52:250][  0]LoadErrors: Info Failed to load /Game/VirtualRealityBP/Materials/M_FontColor_Book.M_FontColor_Book Referenced by MaterialExpressionMaterialFunctionCall_1
[2017.07.18-08.49.52:250][  0]LogLinker:Warning: Can't find file for asset '/Game/VirtualRealityBP/Materials/M_FontColor_Book' while loading NULL.
[2017.07.18-08.49.52:250][  0]LoadErrors: Info Failed to load /Game/VirtualRealityBP/Materials/M_FontColor_Book.M_FontColor_Book Referenced by MaterialExpressionMaterialFunctionCall_1
[2017.07.18-08.49.52:251][  0]LogMaterial: Missing cached shader map for material DefaultTextMaterialOpaque, compiling. 
[2017.07.18-08.49.52:252][  0]LogMaterial:Warning: Failed to compile Material /Engine/EngineMaterials/DefaultTextMaterialOpaque.DefaultTextMaterialOpaque for platform PCD3D_SM5, Default Material will be used in game.
[2017.07.18-08.49.52:252][  0]LogMaterial:Warning: 	Missing Material Function
[2017.07.18-08.49.52:621][  0]LogNetVersion: GetLocalNetworkVersion: CL: 3299760, ProjectName: dshockeygame, ProjectVersion: , EngineNetworkVersion: 2, GameNetworkVersion: 0, NetworkChecksum: 77995874
[2017.07.18-08.49.52:660][  0]LogAssetRegistry: FAssetRegistry took 0.0220 seconds to start up
[2017.07.18-08.49.52:687][  0]LogPackageLocalizationCache: Processed 3 localized package path(s) for 1 prioritized culture(s) in 0.012318 seconds
[2017.07.18-08.49.52:692][  0]LogUObjectArray: 32477 objects as part of root set at end of initial load.
[2017.07.18-08.49.52:692][  0]LogUObjectAllocator: 7074008 out of 0 bytes used by permanent object pool.
[2017.07.18-08.49.52:692][  0]LogUObjectArray: CloseDisregardForGC: 0/0 objects in disregard for GC pool
[2017.07.18-08.49.52:735][  0]LogInit: WinSock: version 1.1 (2.2), MaxSocks=32767, MaxUdp=65467
[2017.07.18-08.49.54:240][  0]LogTcpMessaging: Initializing TcpMessaging bridge
[2017.07.18-08.49.54:272][  0]LogUdpMessaging: Initializing bridge on interface 0.0.0.0:0 to multicast group 230.0.0.1:6666.
[2017.07.18-08.49.54:643][  0]LogMaterial: Uniform references updated for custom material expression Custom.
[2017.07.18-08.49.54:951][  0]SourceControl: Info Source control is disabled
[2017.07.18-08.49.54:982][  0]SourceControl: Info Source control is disabled
[2017.07.18-08.49.55:017][  0]SourceControl: Info Source control is disabled
[2017.07.18-08.49.55:051][  0]SourceControl: Info Source control is disabled
[2017.07.18-08.49.55:998][  0]LogEngine: Initializing Engine...
[2017.07.18-08.49.59:040][  0]LogHMD: SteamVR initialized.  Driver: lighthouse  Display: LHR-F79729DE
[2017.07.18-08.49.59:261][  0]LogAIModule: Creating AISystem for world Untitled
[2017.07.18-08.49.59:286][  0]LogInit: XAudio2 using 'Lautsprecher (Realtek High Definition Audio)' : 2 channels at 48 kHz using 32 bits per sample (channel mask 0x3)
[2017.07.18-08.49.59:302][  0]LogInit: FAudioDevice initialized.
[2017.07.18-08.49.59:327][  0]LogDerivedDataCache: Saved boot cache 0.03s 51MB C:/Users/fil/AppData/Local/UnrealEngine/4.15/DerivedDataCache/Boot.ddc.
[2017.07.18-08.49.59:331][  0]LogInit: Texture streaming: Enabled
[2017.07.18-08.49.59:400][  0]LogEngineSessionManager: EngineSessionManager initialized
[2017.07.18-08.49.59:468][  0]LogInit: Transaction tracking system initialized
[2017.07.18-08.49.59:730][  0]BlueprintLog: New page: Editor Load
[2017.07.18-08.50.00:403][  0]LocalizationService: Info Localization service is disabled
[2017.07.18-08.50.00:911][  0]LogConsoleResponse:Display: 
[2017.07.18-08.50.01:020][  0]LogCook:Display: Max memory allowance for cook 16384mb min free memory 0mb
[2017.07.18-08.50.01:020][  0]LogCook:Display: Mobile HDR setting 1
[2017.07.18-08.50.01:273][  0]LogFileCache: Scanning file cache for directory 'D:/HockeyGame DS/Masterarbeit/Content/' took 0.01s
[2017.07.18-08.50.01:864][  0]SourceControl: Info Source control is disabled
[2017.07.18-08.50.01:864][  0]Cmd: MAP LOAD FILE="../../../../../../HockeyGame DS/Masterarbeit/Content/VirtualRealityBP/Maps/StartupMap.umap" TEMPLATE=0 SHOWPROGRESS=1 FEATURELEVEL=3
[2017.07.18-08.50.01:865][  0]LightingResults: New page: Lighting Build
[2017.07.18-08.50.01:896][  0]MapCheck: New page: Map Check
[2017.07.18-08.50.01:896][  0]LightingResults: New page: Lighting Build
[2017.07.18-08.50.01:963][  0]LogAIModule: Creating AISystem for world StartupMap
[2017.07.18-08.50.01:969][  0]LogEditorServer: Finished looking for orphan Actors (0.000 secs)
[2017.07.18-08.50.01:970][  0]Cmd: MAP CHECKDEP NOCLEARLOG
[2017.07.18-08.50.02:014][  0]MapCheck: Info Map check complete: 0 Error(s), 0 Warning(s), took 44.014ms to complete.
[2017.07.18-08.50.02:014][  0]LogFileHelpers: Loading map 'StartupMap' took 0.150
[2017.07.18-08.50.02:077][  0]LogWindowsTextInputMethodSystem:Display: IME system now deactivated.
[2017.07.18-08.50.02:184][  0]LogCollectionManager: Loaded 0 collections in 0.001263 seconds
[2017.07.18-08.50.02:254][  0]LogFileCache: Scanning file cache for directory 'D:/HockeyGame DS/Masterarbeit/Saved/Collections/' took 0.01s
[2017.07.18-08.50.02:254][  0]LogFileCache: Scanning file cache for directory 'D:/HockeyGame DS/Masterarbeit/Content/Developers/fil/Collections/' took 0.01s
[2017.07.18-08.50.02:254][  0]LogFileCache: Scanning file cache for directory 'D:/HockeyGame DS/Masterarbeit/Content/Collections/' took 0.01s
[2017.07.18-08.50.02:254][  0]LogCollectionManager: Rebuilt the GUID cache for 0 collections in 0.000002 seconds
[2017.07.18-08.50.02:264][  0]LogContentBrowser: Native class hierarchy populated in 0.0106 seconds. Added 2244 classes and 450 folders.
[2017.07.18-08.50.02:268][  0]LogStats: UGameplayTagsManager::ConstructGameplayTagTree: Construct from data asset -  0.000 s
[2017.07.18-08.50.02:268][  0]LogStats: UGameplayTagsManager::ConstructGameplayTagTree: GameplayTagTreeChangedEvent.Broadcast -  0.000 s
[2017.07.18-08.50.02:320][  0]LogContentBrowser: Native class hierarchy updated for 'WidgetCarousel' in 0.0005 seconds. Added 0 classes and 0 folders.
[2017.07.18-08.50.02:365][  0]LogContentBrowser: Native class hierarchy updated for 'AddContentDialog' in 0.0005 seconds. Added 0 classes and 0 folders.
[2017.07.18-08.50.02:405][  0]LogContentBrowser: Native class hierarchy updated for 'SceneOutliner' in 0.0006 seconds. Added 1 classes and 2 folders.
[2017.07.18-08.50.02:508][  0]LogCrashTracker: Crashtracker disabled due to settings.
[2017.07.18-08.50.02:514][  0]LogUObjectGlobals:Warning: Failed to find object 'Class None.'
[2017.07.18-08.50.02:570][  0]LogContentBrowser: Native class hierarchy updated for 'HierarchicalLODOutliner' in 0.0006 seconds. Added 1 classes and 2 folders.
[2017.07.18-08.50.02:571][  0]LogLoad: (Engine Initialization) Total time: 15.93 seconds
[2017.07.18-08.50.02:571][  0]LogLoad: (Engine Initialization) Total Blueprint compile time: 0.03 seconds
[2017.07.18-08.50.02:571][  0]LogExternalProfiler: Found external profiler: VSPerf
[2017.07.18-08.50.02:571][  0]LogExternalProfiler: Using external profiler: VSPerf
[2017.07.18-08.50.02:580][  0]LogOcInput: OculusInput pre-init called
[2017.07.18-08.50.02:602][  0]LogContentStreaming: Texture pool size now 1000 MB
[2017.07.18-08.50.02:604][  0]LogSlate: Took 0.000435 seconds to synchronously load lazily loaded font '../../../Engine/Content/Slate/Fonts/Roboto-Regular.ttf' (155K)
[2017.07.18-08.50.02:608][  0]LogSlate: Took 0.000401 seconds to synchronously load lazily loaded font '../../../Engine/Content/Slate/Fonts/Roboto-Bold.ttf' (160K)
[2017.07.18-08.50.02:613][  0]LogSlate: Took 0.000322 seconds to synchronously load lazily loaded font '../../../Engine/Content/Editor/Slate/Fonts/FontAwesome.ttf' (139K)
[2017.07.18-08.50.02:770][  0]LogRenderer: Reallocating scene render targets to support 1644x704 NumSamples 1 (Frame:2).
[2017.07.18-08.50.02:829][  1]LogAssetRegistry: Asset discovery search completed in 10.1909 seconds
[2017.07.18-08.50.02:829][  1]LogCollectionManager: Rebuilt the object cache for 0 collections in 0.000005 seconds (found 0 objects)
[2017.07.18-08.50.02:829][  1]LogCollectionManager: Fixed up redirectors for 0 collections in 0.000026 seconds (updated 0 objects)
[2017.07.18-08.51.52:386][969]LogSlate: Took 0.000247 seconds to synchronously load lazily loaded font '../../../Engine/Content/Slate/Fonts/Roboto-Light.ttf' (159K)
[2017.07.18-08.51.56:684][483]Cmd: MAP LOAD FILE="../../../../../../HockeyGame DS/Masterarbeit/Content/VirtualRealityBP/Maps/PrototypeMap.umap" TEMPLATE=0 SHOWPROGRESS=1 FEATURELEVEL=3
[2017.07.18-08.51.56:688][483]LogSlate: Took 0.000182 seconds to synchronously load lazily loaded font '../../../Engine/Content/Slate/Fonts/Roboto-Light.ttf' (159K)
[2017.07.18-08.51.56:693][483]LightingResults: New page: Lighting Build
[2017.07.18-08.51.56:695][483]LoadErrors: New page: Loading map: PrototypeMap.umap
[2017.07.18-08.51.56:696][483]MapCheck: New page: Map Check
[2017.07.18-08.51.56:696][483]LightingResults: New page: Lighting Build
[2017.07.18-08.51.57:204][483]LogAIModule: Creating AISystem for world PrototypeMap
[2017.07.18-08.51.57:274][483]LogEditorServer: Finished looking for orphan Actors (0.000 secs)
[2017.07.18-08.51.57:291][483]Cmd: MAP CHECKDEP NOCLEARLOG
[2017.07.18-08.51.57:335][483]MapCheck: Info Map check complete: 0 Error(s), 0 Warning(s), took 43.611ms to complete.
[2017.07.18-08.51.57:335][483]LogFileHelpers: Loading map 'PrototypeMap' took 0.652
[2017.07.18-08.52.23:170][473]LogFactory: FactoryCreateFile: StaticMesh with FbxFactory (0 0 C:/Users/fil/Desktop/hockey_stick.obj)
[2017.07.18-08.52.23:183][473]LogFbx: Loading FBX Scene from C:/Users/fil/Desktop/hockey_stick.obj
[2017.07.18-08.52.23:193][473]LogFbx: FBX Scene Loaded Succesfully
[2017.07.18-08.52.24:527][473]LogFbx: Loading FBX Scene from C:/Users/fil/Desktop/hockey_stick.obj
[2017.07.18-08.52.24:538][473]LogFbx: FBX Scene Loaded Succesfully
[2017.07.18-08.52.24:540][473]LogLinker: Can't find file '/Game/Box01Mat'
[2017.07.18-08.52.24:540][473]LogLinker: Can't find file '/Game/Box01Mat'
[2017.07.18-08.52.24:543][473]LogMaterial: Missing cached shader map for material Box01Mat, compiling. 
[2017.07.18-08.52.24:543][473]LogTemp:Display: Added material ShaderMap 0x0000022D91BDDD00 with Material 0x0000022D91BCAF80 to ShaderMapsBeingCompiled
[2017.07.18-08.52.24:566][473]LogTemp:Display: Kicking off shader compilation for Box01Mat, GameThreadShaderMap 0x0000022D91BDDD00
[2017.07.18-08.52.24:567][473]LogFbx:Warning: Triangulating static mesh Box01
[2017.07.18-08.52.24:706][473]LogStaticMesh: Building static mesh hockey_stick...
[2017.07.18-08.52.24:730][473]LogStaticMesh: Built static mesh [0.02s] /Game/hockey_stick.hockey_stick
[2017.07.18-08.52.24:749][473]LogFactory: FactoryCreateFile: StaticMesh with FbxFactory (0 0 C:/Users/fil/Desktop/puck.obj)
[2017.07.18-08.52.24:760][473]LogFbx: Loading FBX Scene from C:/Users/fil/Desktop/puck.obj
[2017.07.18-08.52.24:908][473]LogFbx: FBX Scene Loaded Succesfully
[2017.07.18-08.52.24:911][473]LogLinker: Can't find file '/Game/Cylinder03Mat'
[2017.07.18-08.52.24:911][473]LogLinker: Can't find file '/Game/Cylinder03Mat'
[2017.07.18-08.52.24:914][473]LogMaterial: Missing cached shader map for material Cylinder03Mat, compiling. 
[2017.07.18-08.52.24:915][473]LogTemp:Display: Added material ShaderMap 0x0000022D93B51600 with Material 0x0000022D8D888580 to ShaderMapsBeingCompiled
[2017.07.18-08.52.24:927][473]LogTemp:Display: Kicking off shader compilation for Cylinder03Mat, GameThreadShaderMap 0x0000022D93B51600
[2017.07.18-08.52.24:927][473]LogFbx:Warning: Triangulating static mesh Cylinder03
[2017.07.18-08.52.26:958][473]LogStaticMesh: Building static mesh puck...
[2017.07.18-08.52.27:254][473]LogStaticMesh: Built static mesh [0.30s] /Game/puck.puck
[2017.07.18-08.52.27:328][473]LogSlate: Took 0.000310 seconds to synchronously load lazily loaded font '../../../Engine/Content/Slate/Fonts/Roboto-Regular.ttf' (155K)
[2017.07.18-08.52.27:371][473]LogTemp:Display: Finished compile of shader map 0x0000022D91BDDD00
[2017.07.18-08.52.27:371][473]LogTemp:Display: Shader map Box01Mat complete, GameThreadShaderMap 0x0000022D91BDDD00, marking material Box01Mat as finished
[2017.07.18-08.52.27:371][473]LogTemp:Display: Marking material as finished 0x0000022D91BCAF80
[2017.07.18-08.52.27:374][473]LogTemp:Display: Finished compile of shader map 0x0000022D93B51600
[2017.07.18-08.52.27:374][473]LogTemp:Display: Shader map Cylinder03Mat complete, GameThreadShaderMap 0x0000022D93B51600, marking material Cylinder03Mat as finished
[2017.07.18-08.52.27:374][473]LogTemp:Display: Marking material as finished 0x0000022D8D888580
[2017.07.18-08.52.28:368][587]LogEditorViewport: Clicking on Actor (LMB): MotionControllerPawn_C (MotionControllerPawn)
[2017.07.18-08.52.28:470][588]LogEditorViewport: Clicking on Component (LMB): CameraComponent (Camera)
[2017.07.18-08.52.32:163][968]LogContentBrowser: Native class hierarchy updated for 'BlueprintGraph' in 0.0009 seconds. Added 112 classes and 0 folders.
[2017.07.18-08.52.32:828][968]LogSlate: Took 0.000278 seconds to synchronously load lazily loaded font '../../../Engine/Content/Editor/Slate/Fonts/Roboto-BoldCondensed.ttf' (158K)
[2017.07.18-08.52.33:119][969]LogSlate: Took 0.000231 seconds to synchronously load lazily loaded font '../../../Engine/Content/Editor/Slate/Fonts/Roboto-Italic.ttf' (157K)
[2017.07.18-08.52.33:987][ 15]LogRenderer: Reallocating scene render targets to support 1688x984 NumSamples 1 (Frame:2931).
[2017.07.18-08.52.36:995][219]LogSlate: Took 0.000210 seconds to synchronously load lazily loaded font '../../../Engine/Content/Slate/Fonts/Roboto-Light.ttf' (159K)
[2017.07.18-08.53.06:760][453]LogTemp: Repeting last play command: VR Preview
[2017.07.18-08.53.06:772][453]BlueprintLog: New page: Pre-Play auto-recompile
[2017.07.18-08.53.06:772][453]LogPlayLevel: [PlayLevel] Compiling MotionControllerPawn before play...
[2017.07.18-08.53.07:111][453]LogPlayLevel: PlayLevel: Blueprint regeneration took 339 ms (1 blueprints)
[2017.07.18-08.53.07:112][453]PIE: New page: PIE session: PrototypeMap (Jul 18, 2017, 12:53:07 PM)
[2017.07.18-08.53.07:112][453]LogPlayLevel: Creating play world package: /Game/VirtualRealityBP/Maps/UEDPIE_0_PrototypeMap
[2017.07.18-08.53.07:114][453]LogPlayLevel: PIE: StaticDuplicateObject took: (0.002378s)
[2017.07.18-08.53.07:115][453]LogAIModule: Creating AISystem for world PrototypeMap
[2017.07.18-08.53.07:115][453]LogPlayLevel: PIE: World Init took: (0.000826s)
[2017.07.18-08.53.07:115][453]LogPlayLevel: PIE: Created PIE world by copying editor world from /Game/VirtualRealityBP/Maps/PrototypeMap.PrototypeMap to /Game/VirtualRealityBP/Maps/UEDPIE_0_PrototypeMap.PrototypeMap (0.003444s)
[2017.07.18-08.53.07:171][453]LogInit: XAudio2 using 'Lautsprecher (Realtek High Definition Audio)' : 2 channels at 48 kHz using 32 bits per sample (channel mask 0x3)
[2017.07.18-08.53.07:183][453]LogInit: FAudioDevice initialized.
[2017.07.18-08.53.07:283][453]LogUObjectGlobals:Warning: Failed to find object 'Class None.'
[2017.07.18-08.53.07:283][453]LogLoad: Game class is 'GameModeBase'
[2017.07.18-08.53.07:285][453]LogWorld: Bringing World /Game/VirtualRealityBP/Maps/UEDPIE_0_PrototypeMap.PrototypeMap up for play (max tick rate 0) at 2017.07.18-10.53.07
[2017.07.18-08.53.07:286][453]LogWorld: Bringing up level for play took: 0.001026
[2017.07.18-08.53.07:317][453]LogContentBrowser: Native class hierarchy updated for 'MovieSceneCapture' in 0.0006 seconds. Added 11 classes and 0 folders.
[2017.07.18-08.53.07:330][453]PIE: Info Play in editor start time for /Game/VirtualRealityBP/Maps/UEDPIE_0_PrototypeMap 0.825
[2017.07.18-08.53.07:365][454]LogRenderer: Reallocating scene render targets to support 3024x1680 NumSamples 1 (Frame:13587).
[2017.07.18-08.53.36:511][932]LogTemp: Repeting last play command: VR Preview
[2017.07.18-08.53.36:520][932]LogPlayLevel: PlayLevel: No blueprints needed recompiling
[2017.07.18-08.53.36:521][932]PIE: New page: PIE session: PrototypeMap (Jul 18, 2017, 12:53:36 PM)
[2017.07.18-08.53.36:521][932]LogPlayLevel: Creating play world package: /Game/VirtualRealityBP/Maps/UEDPIE_0_PrototypeMap
[2017.07.18-08.53.36:522][932]LogPlayLevel: PIE: StaticDuplicateObject took: (0.001540s)
[2017.07.18-08.53.36:523][932]LogAIModule: Creating AISystem for world PrototypeMap
[2017.07.18-08.53.36:523][932]LogPlayLevel: PIE: World Init took: (0.000722s)
[2017.07.18-08.53.36:523][932]LogPlayLevel: PIE: Created PIE world by copying editor world from /Game/VirtualRealityBP/Maps/PrototypeMap.PrototypeMap to /Game/VirtualRealityBP/Maps/UEDPIE_0_PrototypeMap.PrototypeMap (0.002513s)
[2017.07.18-08.53.36:588][932]LogInit: XAudio2 using 'Lautsprecher (Realtek High Definition Audio)' : 2 channels at 48 kHz using 32 bits per sample (channel mask 0x3)
[2017.07.18-08.53.36:600][932]LogInit: FAudioDevice initialized.
[2017.07.18-08.53.36:683][932]LogUObjectGlobals:Warning: Failed to find object 'Class None.'
[2017.07.18-08.53.36:683][932]LogLoad: Game class is 'GameModeBase'
[2017.07.18-08.53.36:685][932]LogWorld: Bringing World /Game/VirtualRealityBP/Maps/UEDPIE_0_PrototypeMap.PrototypeMap up for play (max tick rate 0) at 2017.07.18-10.53.36
[2017.07.18-08.53.36:685][932]LogWorld: Bringing up level for play took: 0.001009
[2017.07.18-08.53.36:698][932]PIE: Info Play in editor start time for /Game/VirtualRealityBP/Maps/UEDPIE_0_PrototypeMap 0.193
[2017.07.18-08.54.09:683][114]LogEditorViewport: Clicking on Actor (LMB): BP_Sky_Sphere_C (Sky Sphere)
[2017.07.18-08.54.12:182][398]LogSavePackage: Save=25.75ms
[2017.07.18-08.54.12:182][398]LogSavePackage: Moving '../../../../../../HockeyGame DS/Masterarbeit/Saved/PrototypeMap61241E1E498F0DF19B6356B2D4987CAA.tmp' to '../../../../../../HockeyGame DS/Masterarbeit/Content/VirtualRealityBP/Maps/PrototypeMap.umap'
[2017.07.18-08.54.12:184][398]LogSavePackage:Display: Finished SavePackage ../../../../../../HockeyGame DS/Masterarbeit/Content/VirtualRealityBP/Maps/PrototypeMap.umap
[2017.07.18-08.54.58:139][105]LogTemp: Repeting last play command: VR Preview
[2017.07.18-08.54.58:151][105]LogPlayLevel: PlayLevel: No blueprints needed recompiling
[2017.07.18-08.54.58:152][105]PIE: New page: PIE session: PrototypeMap (Jul 18, 2017, 12:54:58 PM)
[2017.07.18-08.54.58:152][105]LogPlayLevel: Creating play world package: /Game/VirtualRealityBP/Maps/UEDPIE_0_PrototypeMap
[2017.07.18-08.54.58:153][105]LogPlayLevel: PIE: StaticDuplicateObject took: (0.001600s)
[2017.07.18-08.54.58:154][105]LogAIModule: Creating AISystem for world PrototypeMap
[2017.07.18-08.54.58:154][105]LogPlayLevel: PIE: World Init took: (0.000794s)
[2017.07.18-08.54.58:154][105]LogPlayLevel: PIE: Created PIE world by copying editor world from /Game/VirtualRealityBP/Maps/PrototypeMap.PrototypeMap to /Game/VirtualRealityBP/Maps/UEDPIE_0_PrototypeMap.PrototypeMap (0.002595s)
[2017.07.18-08.54.58:188][105]LogInit: XAudio2 using 'Lautsprecher (Realtek High Definition Audio)' : 2 channels at 48 kHz using 32 bits per sample (channel mask 0x3)
[2017.07.18-08.54.58:201][105]LogInit: FAudioDevice initialized.
[2017.07.18-08.54.58:780][105]LogHMD: SteamVR initialized.  Driver: lighthouse  Display: LHR-F79729DE
[2017.07.18-08.54.58:816][105]LogUObjectGlobals:Warning: Failed to find object 'Class None.'
[2017.07.18-08.54.58:816][105]LogLoad: Game class is 'GameModeBase'
[2017.07.18-08.54.58:818][105]LogWorld: Bringing World /Game/VirtualRealityBP/Maps/UEDPIE_0_PrototypeMap.PrototypeMap up for play (max tick rate 0) at 2017.07.18-10.54.58
[2017.07.18-08.54.58:818][105]LogWorld: Bringing up level for play took: 0.001044
[2017.07.18-08.54.58:825][105]PIE: Info Play in editor start time for /Game/VirtualRealityBP/Maps/UEDPIE_0_PrototypeMap 0.321
[2017.07.18-08.55.13:210][617]LogEditorViewport: Clicking on Actor (LMB): MotionControllerPawn_C (MotionControllerPawn)
[2017.07.18-08.55.20:767][149]LogTemp: Repeting last play command: VR Preview
[2017.07.18-08.55.20:777][149]LogPlayLevel: PlayLevel: No blueprints needed recompiling
[2017.07.18-08.55.20:777][149]PIE: New page: PIE session: PrototypeMap (Jul 18, 2017, 12:55:20 PM)
[2017.07.18-08.55.20:777][149]LogPlayLevel: Creating play world package: /Game/VirtualRealityBP/Maps/UEDPIE_0_PrototypeMap
[2017.07.18-08.55.20:779][149]LogPlayLevel: PIE: StaticDuplicateObject took: (0.001618s)
[2017.07.18-08.55.20:779][149]LogAIModule: Creating AISystem for world PrototypeMap
[2017.07.18-08.55.20:779][149]LogPlayLevel: PIE: World Init took: (0.000758s)
[2017.07.18-08.55.20:780][149]LogPlayLevel: PIE: Created PIE world by copying editor world from /Game/VirtualRealityBP/Maps/PrototypeMap.PrototypeMap to /Game/VirtualRealityBP/Maps/UEDPIE_0_PrototypeMap.PrototypeMap (0.002623s)
[2017.07.18-08.55.20:841][149]LogInit: XAudio2 using 'Lautsprecher (Realtek High Definition Audio)' : 2 channels at 48 kHz using 32 bits per sample (channel mask 0x3)
[2017.07.18-08.55.20:853][149]LogInit: FAudioDevice initialized.
[2017.07.18-08.55.20:966][149]LogUObjectGlobals:Warning: Failed to find object 'Class None.'
[2017.07.18-08.55.20:966][149]LogLoad: Game class is 'GameModeBase'
[2017.07.18-08.55.20:968][149]LogWorld: Bringing World /Game/VirtualRealityBP/Maps/UEDPIE_0_PrototypeMap.PrototypeMap up for play (max tick rate 0) at 2017.07.18-10.55.20
[2017.07.18-08.55.20:968][149]LogWorld: Bringing up level for play took: 0.000986
[2017.07.18-08.55.20:987][149]PIE: Info Play in editor start time for /Game/VirtualRealityBP/Maps/UEDPIE_0_PrototypeMap 0.482
[2017.07.18-08.55.49:259][976]LogTemp: Repeting last play command: VR Preview
[2017.07.18-08.55.49:270][976]LogPlayLevel: PlayLevel: No blueprints needed recompiling
[2017.07.18-08.55.49:270][976]PIE: New page: PIE session: PrototypeMap (Jul 18, 2017, 12:55:49 PM)
[2017.07.18-08.55.49:270][976]LogPlayLevel: Creating play world package: /Game/VirtualRealityBP/Maps/UEDPIE_0_PrototypeMap
[2017.07.18-08.55.49:272][976]LogPlayLevel: PIE: StaticDuplicateObject took: (0.001569s)
[2017.07.18-08.55.49:273][976]LogAIModule: Creating AISystem for world PrototypeMap
[2017.07.18-08.55.49:273][976]LogPlayLevel: PIE: World Init took: (0.000757s)
[2017.07.18-08.55.49:273][976]LogPlayLevel: PIE: Created PIE world by copying editor world from /Game/VirtualRealityBP/Maps/PrototypeMap.PrototypeMap to /Game/VirtualRealityBP/Maps/UEDPIE_0_PrototypeMap.PrototypeMap (0.002556s)
[2017.07.18-08.55.49:331][976]LogInit: XAudio2 using 'Lautsprecher (Realtek High Definition Audio)' : 2 channels at 48 kHz using 32 bits per sample (channel mask 0x3)
[2017.07.18-08.55.49:343][976]LogInit: FAudioDevice initialized.
[2017.07.18-08.55.49:414][976]LogUObjectGlobals:Warning: Failed to find object 'Class None.'
[2017.07.18-08.55.49:414][976]LogLoad: Game class is 'GameModeBase'
[2017.07.18-08.55.49:416][976]LogWorld: Bringing World /Game/VirtualRealityBP/Maps/UEDPIE_0_PrototypeMap.PrototypeMap up for play (max tick rate 0) at 2017.07.18-10.55.49
[2017.07.18-08.55.49:416][976]LogWorld: Bringing up level for play took: 0.001028
[2017.07.18-08.55.49:423][976]PIE: Info Play in editor start time for /Game/VirtualRealityBP/Maps/UEDPIE_0_PrototypeMap 0.919
[2017.07.18-08.56.32:382][733]LogTemp: Repeting last play command: VR Preview
[2017.07.18-08.56.32:391][733]BlueprintLog: New page: Pre-Play auto-recompile
[2017.07.18-08.56.32:392][733]LogPlayLevel: [PlayLevel] Compiling MotionControllerPawn before play...
[2017.07.18-08.56.32:540][733]LogPlayLevel: PlayLevel: Blueprint regeneration took 147 ms (1 blueprints)
[2017.07.18-08.56.32:540][733]PIE: New page: PIE session: PrototypeMap (Jul 18, 2017, 12:56:32 PM)
[2017.07.18-08.56.32:540][733]LogPlayLevel: Creating play world package: /Game/VirtualRealityBP/Maps/UEDPIE_0_PrototypeMap
[2017.07.18-08.56.32:541][733]LogPlayLevel: PIE: StaticDuplicateObject took: (0.001585s)
[2017.07.18-08.56.32:542][733]LogAIModule: Creating AISystem for world PrototypeMap
[2017.07.18-08.56.32:542][733]LogPlayLevel: PIE: World Init took: (0.000685s)
[2017.07.18-08.56.32:542][733]LogPlayLevel: PIE: Created PIE world by copying editor world from /Game/VirtualRealityBP/Maps/PrototypeMap.PrototypeMap to /Game/VirtualRealityBP/Maps/UEDPIE_0_PrototypeMap.PrototypeMap (0.002489s)
[2017.07.18-08.56.32:602][733]LogInit: XAudio2 using 'Lautsprecher (Realtek High Definition Audio)' : 2 channels at 48 kHz using 32 bits per sample (channel mask 0x3)
[2017.07.18-08.56.32:614][733]LogInit: FAudioDevice initialized.
[2017.07.18-08.56.32:716][733]LogUObjectGlobals:Warning: Failed to find object 'Class None.'
[2017.07.18-08.56.32:716][733]LogLoad: Game class is 'GameModeBase'
[2017.07.18-08.56.32:718][733]LogWorld: Bringing World /Game/VirtualRealityBP/Maps/UEDPIE_0_PrototypeMap.PrototypeMap up for play (max tick rate 0) at 2017.07.18-10.56.32
[2017.07.18-08.56.32:718][733]LogWorld: Bringing up level for play took: 0.000967
[2017.07.18-08.56.32:738][733]PIE: Info Play in editor start time for /Game/VirtualRealityBP/Maps/UEDPIE_0_PrototypeMap 0.234
[2017.07.18-08.56.40:417][265]BlueprintLog: New page: Compile MotionControllerPawn
[2017.07.18-08.56.41:368][308]LogTemp: Repeting last play command: VR Preview
[2017.07.18-08.56.41:378][308]LogPlayLevel: PlayLevel: No blueprints needed recompiling
[2017.07.18-08.56.41:378][308]PIE: New page: PIE session: PrototypeMap (Jul 18, 2017, 12:56:41 PM)
[2017.07.18-08.56.41:378][308]LogPlayLevel: Creating play world package: /Game/VirtualRealityBP/Maps/UEDPIE_0_PrototypeMap
[2017.07.18-08.56.41:379][308]LogPlayLevel: PIE: StaticDuplicateObject took: (0.001534s)
[2017.07.18-08.56.41:380][308]LogAIModule: Creating AISystem for world PrototypeMap
[2017.07.18-08.56.41:380][308]LogPlayLevel: PIE: World Init took: (0.000737s)
[2017.07.18-08.56.41:380][308]LogPlayLevel: PIE: Created PIE world by copying editor world from /Game/VirtualRealityBP/Maps/PrototypeMap.PrototypeMap to /Game/VirtualRealityBP/Maps/UEDPIE_0_PrototypeMap.PrototypeMap (0.002493s)
[2017.07.18-08.56.41:443][308]LogInit: XAudio2 using 'Lautsprecher (Realtek High Definition Audio)' : 2 channels at 48 kHz using 32 bits per sample (channel mask 0x3)
[2017.07.18-08.56.41:455][308]LogInit: FAudioDevice initialized.
[2017.07.18-08.56.41:563][308]LogUObjectGlobals:Warning: Failed to find object 'Class None.'
[2017.07.18-08.56.41:563][308]LogLoad: Game class is 'GameModeBase'
[2017.07.18-08.56.41:565][308]LogWorld: Bringing World /Game/VirtualRealityBP/Maps/UEDPIE_0_PrototypeMap.PrototypeMap up for play (max tick rate 0) at 2017.07.18-10.56.41
[2017.07.18-08.56.41:565][308]LogWorld: Bringing up level for play took: 0.000981
[2017.07.18-08.56.41:586][308]PIE: Info Play in editor start time for /Game/VirtualRealityBP/Maps/UEDPIE_0_PrototypeMap 1.082
[2017.07.18-08.56.56:118][439]BlueprintLog: New page: Compile MotionControllerPawn
[2017.07.18-08.56.56:684][450]LogSavePackage: Save=74.08ms
[2017.07.18-08.56.56:684][450]LogSavePackage: Moving '../../../../../../HockeyGame DS/Masterarbeit/Saved/MotionControllerPawn010A15504D4545CF7AAB90B748FBC3BC.tmp' to '../../../../../../HockeyGame DS/Masterarbeit/Content/VirtualRealityBP/Blueprints/MotionControllerPawn.uasset'
[2017.07.18-08.56.56:686][450]LogSavePackage:Display: Finished SavePackage ../../../../../../HockeyGame DS/Masterarbeit/Content/VirtualRealityBP/Blueprints/MotionControllerPawn.uasset
[2017.07.18-08.56.57:642][512]LogTemp: Repeting last play command: VR Preview
[2017.07.18-08.56.57:651][512]LogPlayLevel: PlayLevel: No blueprints needed recompiling
[2017.07.18-08.56.57:651][512]PIE: New page: PIE session: PrototypeMap (Jul 18, 2017, 12:56:57 PM)
[2017.07.18-08.56.57:651][512]LogPlayLevel: Creating play world package: /Game/VirtualRealityBP/Maps/UEDPIE_0_PrototypeMap
[2017.07.18-08.56.57:653][512]LogPlayLevel: PIE: StaticDuplicateObject took: (0.001597s)
[2017.07.18-08.56.57:654][512]LogAIModule: Creating AISystem for world PrototypeMap
[2017.07.18-08.56.57:654][512]LogPlayLevel: PIE: World Init took: (0.000728s)
[2017.07.18-08.56.57:654][512]LogPlayLevel: PIE: Created PIE world by copying editor world from /Game/VirtualRealityBP/Maps/PrototypeMap.PrototypeMap to /Game/VirtualRealityBP/Maps/UEDPIE_0_PrototypeMap.PrototypeMap (0.002588s)
[2017.07.18-08.56.57:712][512]LogInit: XAudio2 using 'Lautsprecher (Realtek High Definition Audio)' : 2 channels at 48 kHz using 32 bits per sample (channel mask 0x3)
[2017.07.18-08.56.57:724][512]LogInit: FAudioDevice initialized.
[2017.07.18-08.56.57:827][512]LogUObjectGlobals:Warning: Failed to find object 'Class None.'
[2017.07.18-08.56.57:827][512]LogLoad: Game class is 'GameModeBase'
[2017.07.18-08.56.57:829][512]LogWorld: Bringing World /Game/VirtualRealityBP/Maps/UEDPIE_0_PrototypeMap.PrototypeMap up for play (max tick rate 0) at 2017.07.18-10.56.57
[2017.07.18-08.56.57:829][512]LogWorld: Bringing up level for play took: 0.000980
[2017.07.18-08.56.57:849][512]PIE: Info Play in editor start time for /Game/VirtualRealityBP/Maps/UEDPIE_0_PrototypeMap -0.655
[2017.07.18-08.57.24:374][906]LogSavePackage: Save=24.88ms
[2017.07.18-08.57.24:374][906]LogSavePackage: Moving '../../../../../../HockeyGame DS/Masterarbeit/Saved/PrototypeMap1A43B2F14D4A6C62F27599AE7FA803DD.tmp' to '../../../../../../HockeyGame DS/Masterarbeit/Content/VirtualRealityBP/Maps/PrototypeMap.umap'
[2017.07.18-08.57.24:376][906]LogSavePackage:Display: Finished SavePackage ../../../../../../HockeyGame DS/Masterarbeit/Content/VirtualRealityBP/Maps/PrototypeMap.umap
[2017.07.18-08.57.26:275][997]Cmd: OBJ SAVEPACKAGE PACKAGE="/Game/Box01Mat" FILE="../../../../../../HockeyGame DS/Masterarbeit/Content/Box01Mat.uasset" SILENT=true
[2017.07.18-08.57.26:286][997]LogSavePackage: Save=9.91ms
[2017.07.18-08.57.26:286][997]LogSavePackage: Moving '../../../../../../HockeyGame DS/Masterarbeit/Saved/Box01Mat30D6235B49A6DD2110680CA7BA3C9547.tmp' to '../../../../../../HockeyGame DS/Masterarbeit/Content/Box01Mat.uasset'
[2017.07.18-08.57.26:287][997]LogSavePackage:Display: Finished SavePackage ../../../../../../HockeyGame DS/Masterarbeit/Content/Box01Mat.uasset
[2017.07.18-08.57.26:300][997]Cmd: OBJ SAVEPACKAGE PACKAGE="/Game/Cylinder03Mat" FILE="../../../../../../HockeyGame DS/Masterarbeit/Content/Cylinder03Mat.uasset" SILENT=true
[2017.07.18-08.57.26:312][997]LogSavePackage: Save=9.79ms
[2017.07.18-08.57.26:312][997]LogSavePackage: Moving '../../../../../../HockeyGame DS/Masterarbeit/Saved/Cylinder03MatFA5097734D99D85C978E6C90410FAD9E.tmp' to '../../../../../../HockeyGame DS/Masterarbeit/Content/Cylinder03Mat.uasset'
[2017.07.18-08.57.26:314][997]LogSavePackage:Display: Finished SavePackage ../../../../../../HockeyGame DS/Masterarbeit/Content/Cylinder03Mat.uasset
[2017.07.18-08.57.26:326][997]Cmd: OBJ SAVEPACKAGE PACKAGE="/Game/hockey_stick" FILE="../../../../../../HockeyGame DS/Masterarbeit/Content/hockey_stick.uasset" SILENT=true
[2017.07.18-08.57.26:337][997]LogSavePackage: Save=10.25ms
[2017.07.18-08.57.26:337][997]LogSavePackage: Moving '../../../../../../HockeyGame DS/Masterarbeit/Saved/hockey_stickC4C3AD7347455C03A99B56B5C7C27A0E.tmp' to '../../../../../../HockeyGame DS/Masterarbeit/Content/hockey_stick.uasset'
[2017.07.18-08.57.26:338][997]LogSavePackage:Display: Finished SavePackage ../../../../../../HockeyGame DS/Masterarbeit/Content/hockey_stick.uasset
[2017.07.18-08.57.26:351][997]Cmd: OBJ SAVEPACKAGE PACKAGE="/Game/puck" FILE="../../../../../../HockeyGame DS/Masterarbeit/Content/puck.uasset" SILENT=true
[2017.07.18-08.57.26:362][997]LogSavePackage: Save=10.59ms
[2017.07.18-08.57.26:362][997]LogSavePackage: Moving '../../../../../../HockeyGame DS/Masterarbeit/Saved/puck27B5000346D9402FAF18DC858F80E7DA.tmp' to '../../../../../../HockeyGame DS/Masterarbeit/Content/puck.uasset'
[2017.07.18-08.57.26:364][997]LogSavePackage:Display: Finished SavePackage ../../../../../../HockeyGame DS/Masterarbeit/Content/puck.uasset
[2017.07.18-08.57.26:617][998]Cmd: QUIT_EDITOR
[2017.07.18-08.57.27:389][998]LogWindowsTextInputMethodSystem:Display: IME system now deactivated.
[2017.07.18-08.57.27:412][998]LogExit: Preparing to exit.
[2017.07.18-08.57.28:539][998]LogDirectoryWatcher: A directory notification for 'D:/HockeyGame DS/Masterarbeit/Content/' was aborted.
[2017.07.18-08.57.28:568][998]LogExit: Editor shut down
[2017.07.18-08.57.28:568][998]LogExit: Transaction tracking system shut down
[2017.07.18-08.57.28:655][998]LogObj: Freed 0b from 0 cluster array pools.
[2017.07.18-08.57.28:655][998]LogExit: Object subsystem successfully closed.
[2017.07.18-08.57.28:665][998]LogD3D11RHI: Shutdown
[2017.07.18-08.57.28:665][998]LogD3D11RHI: CleanupD3DDevice
[2017.07.18-08.57.28:666][998]LogD3D11RHI: ~FD3D11DynamicRHI
[2017.07.18-08.57.28:673][998]LogModuleManager: Shutting down and abandoning module MovieSceneCapture (504)
[2017.07.18-08.57.28:673][998]LogModuleManager: Shutting down and abandoning module HierarchicalLODUtilities (502)
[2017.07.18-08.57.28:673][998]LogModuleManager: Shutting down and abandoning module BlueprintGraph (500)
[2017.07.18-08.57.28:673][998]LogModuleManager: Shutting down and abandoning module BlueprintProfiler (498)
[2017.07.18-08.57.28:673][998]LogModuleManager: Shutting down and abandoning module HierarchicalLODOutliner (496)
[2017.07.18-08.57.28:673][998]LogModuleManager: Shutting down and abandoning module CrashTracker (494)
[2017.07.18-08.57.28:673][998]LogModuleManager: Shutting down and abandoning module SceneOutliner (492)
[2017.07.18-08.57.28:673][998]LogModuleManager: Shutting down and abandoning module AddContentDialog (490)
[2017.07.18-08.57.28:673][998]LogDirectoryWatcher: A directory notification for 'D:/Program Files/Epic Games/UE_4.15/FeaturePacks/' was aborted.
[2017.07.18-08.57.28:674][998]LogModuleManager: Shutting down and abandoning module WidgetCarousel (489)
[2017.07.18-08.57.28:674][998]LogModuleManager: Shutting down and abandoning module EditorWidgets (486)
[2017.07.18-08.57.28:674][998]LogModuleManager: Shutting down and abandoning module CollectionManager (484)
[2017.07.18-08.57.28:674][998]LogDirectoryWatcher: A directory notification for 'D:/HockeyGame DS/Masterarbeit/Content/Collections/' was aborted.
[2017.07.18-08.57.28:674][998]LogDirectoryWatcher: A directory notification for 'D:/HockeyGame DS/Masterarbeit/Content/Developers/fil/Collections/' was aborted.
[2017.07.18-08.57.28:674][998]LogDirectoryWatcher: A directory notification for 'D:/HockeyGame DS/Masterarbeit/Saved/Collections/' was aborted.
[2017.07.18-08.57.28:674][998]LogModuleManager: Shutting down and abandoning module StatsViewer (482)
[2017.07.18-08.57.28:674][998]LogModuleManager: Shutting down and abandoning module FoliageEdit (480)
[2017.07.18-08.57.28:674][998]LogModuleManager: Shutting down and abandoning module LandscapeEditor (478)
[2017.07.18-08.57.28:674][998]LogModuleManager: Shutting down and abandoning module SceneDepthPickerMode (476)
[2017.07.18-08.57.28:674][998]LogModuleManager: Shutting down and abandoning module ActorPickerMode (474)
[2017.07.18-08.57.28:674][998]LogModuleManager: Shutting down and abandoning module GeometryMode (472)
[2017.07.18-08.57.28:674][998]LogModuleManager: Shutting down and abandoning module TextureAlignMode (470)
[2017.07.18-08.57.28:674][998]LogModuleManager: Shutting down and abandoning module BspMode (468)
[2017.07.18-08.57.28:674][998]LogModuleManager: Shutting down and abandoning module HardwareSurvey (466)
[2017.07.18-08.57.28:674][998]LogModuleManager: Shutting down and abandoning module SequenceRecorderSections (464)
[2017.07.18-08.57.28:674][998]LogModuleManager: Shutting down and abandoning module AutomationWorker (462)
[2017.07.18-08.57.28:674][998]LogModuleManager: Shutting down and abandoning module MatineeToLevelSequence (460)
[2017.07.18-08.57.28:674][998]LogModuleManager: Shutting down and abandoning module LevelSequenceEditor (458)
[2017.07.18-08.57.28:674][998]LogModuleManager: Shutting down and abandoning module PlacementMode (457)
[2017.07.18-08.57.28:674][998]LogModuleManager: Shutting down and abandoning module WmfMediaFactory (454)
[2017.07.18-08.57.28:674][998]LogModuleManager: Shutting down and abandoning module WmfMediaEditor (452)
[2017.07.18-08.57.28:674][998]LogModuleManager: Shutting down and abandoning module MfMediaFactory (450)
[2017.07.18-08.57.28:675][998]LogModuleManager: Shutting down and abandoning module MfMediaEditor (448)
[2017.07.18-08.57.28:675][998]LogModuleManager: Shutting down and abandoning module AvfMediaFactory (446)
[2017.07.18-08.57.28:675][998]LogModuleManager: Shutting down and abandoning module AvfMediaEditor (444)
[2017.07.18-08.57.28:675][998]LogModuleManager: Shutting down and abandoning module AndroidMediaFactory (442)
[2017.07.18-08.57.28:675][998]LogModuleManager: Shutting down and abandoning module Media (441)
[2017.07.18-08.57.28:675][998]LogModuleManager: Shutting down and abandoning module AndroidMediaEditor (438)
[2017.07.18-08.57.28:675][998]LogModuleManager: Shutting down and abandoning module CharacterAI (436)
[2017.07.18-08.57.28:675][998]LogModuleManager: Shutting down and abandoning module AudioCapture (434)
[2017.07.18-08.57.28:675][998]LogModuleManager: Shutting down and abandoning module SequenceRecorder (433)
[2017.07.18-08.57.28:675][998]LogModuleManager: Shutting down and abandoning module SmartSnapping (430)
[2017.07.18-08.57.28:675][998]LogModuleManager: Shutting down and abandoning module SessionServices (428)
[2017.07.18-08.57.28:675][998]LogModuleManager: Shutting down and abandoning module ViewportSnapping (426)
[2017.07.18-08.57.28:675][998]LogModuleManager: Shutting down and abandoning module ViewportInteraction (424)
[2017.07.18-08.57.28:675][998]LogModuleManager: Shutting down and abandoning module LogVisualizer (422)
[2017.07.18-08.57.28:675][998]LogModuleManager: Shutting down and abandoning module IntroTutorials (420)
[2017.07.18-08.57.28:675][998]LogModuleManager: Shutting down and abandoning module GameProjectGeneration (419)
[2017.07.18-08.57.28:675][998]LogModuleManager: Shutting down and abandoning module EditorLiveStreaming (416)
[2017.07.18-08.57.28:675][998]LogModuleManager: Shutting down and abandoning module IOSPlatformEditor (414)
[2017.07.18-08.57.28:675][998]LogModuleManager: Shutting down and abandoning module HTML5PlatformEditor (412)
[2017.07.18-08.57.28:675][998]LogModuleManager: Shutting down and abandoning module AndroidPlatformEditor (410)
[2017.07.18-08.57.28:675][998]LogModuleManager: Shutting down and abandoning module AndroidDeviceDetection (409)
[2017.07.18-08.57.28:818][998]LogModuleManager: Shutting down and abandoning module IOSRuntimeSettings (406)
[2017.07.18-08.57.28:818][998]LogModuleManager: Shutting down and abandoning module AndroidRuntimeSettings (404)
[2017.07.18-08.57.28:818][998]LogModuleManager: Shutting down and abandoning module InputBindingEditor (402)
[2017.07.18-08.57.28:818][998]LogModuleManager: Shutting down and abandoning module NiagaraEditor (400)
[2017.07.18-08.57.28:818][998]LogModuleManager: Shutting down and abandoning module MergeActors (398)
[2017.07.18-08.57.28:818][998]LogModuleManager: Shutting down and abandoning module SizeMap (396)
[2017.07.18-08.57.28:818][998]LogModuleManager: Shutting down and abandoning module TreeMap (394)
[2017.07.18-08.57.28:818][998]LogModuleManager: Shutting down and abandoning module ReferenceViewer (392)
[2017.07.18-08.57.28:818][998]LogModuleManager: Shutting down and abandoning module LocalizationDashboard (390)
[2017.07.18-08.57.28:818][998]LogModuleManager: Shutting down and abandoning module LocalizationService (389)
[2017.07.18-08.57.28:818][998]LogModuleManager: Shutting down and abandoning module HardwareTargeting (386)
[2017.07.18-08.57.28:818][998]LogModuleManager: Shutting down and abandoning module DeviceProfileEditor (384)
[2017.07.18-08.57.28:818][998]LogModuleManager: Shutting down and abandoning module UndoHistory (382)
[2017.07.18-08.57.28:818][998]LogModuleManager: Shutting down and abandoning module UserFeedback (380)
[2017.07.18-08.57.28:818][998]LogModuleManager: Shutting down and abandoning module XmlParser (378)
[2017.07.18-08.57.28:818][998]LogModuleManager: Shutting down and abandoning module Blutility (376)
[2017.07.18-08.57.28:818][998]LogModuleManager: Shutting down and abandoning module ProjectSettingsViewer (374)
[2017.07.18-08.57.28:818][998]LogModuleManager: Shutting down and abandoning module ProjectTargetPlatformEditor (373)
[2017.07.18-08.57.28:818][998]LogModuleManager: Shutting down and abandoning module EditorSettingsViewer (370)
[2017.07.18-08.57.28:818][998]LogModuleManager: Shutting down and abandoning module SettingsEditor (368)
[2017.07.18-08.57.28:819][998]LogModuleManager: Shutting down and abandoning module ProjectLauncher (366)
[2017.07.18-08.57.28:819][998]LogModuleManager: Shutting down and abandoning module SessionFrontend (364)
[2017.07.18-08.57.28:819][998]LogModuleManager: Shutting down and abandoning module ProfilerClient (362)
[2017.07.18-08.57.28:819][998]LogModuleManager: Shutting down and abandoning module DeviceManager (360)
[2017.07.18-08.57.28:819][998]LogModuleManager: Shutting down and abandoning module TargetDeviceServices (359)
[2017.07.18-08.57.28:873][998]LogModuleManager: Shutting down and abandoning module AutomationController (356)
[2017.07.18-08.57.28:873][998]LogModuleManager: Shutting down and abandoning module AutomationWindow (354)
[2017.07.18-08.57.28:873][998]LogModuleManager: Shutting down and abandoning module Layers (352)
[2017.07.18-08.57.28:873][998]LogModuleManager: Shutting down and abandoning module ComponentVisualizers (350)
[2017.07.18-08.57.28:873][998]LogModuleManager: Shutting down and abandoning module DetailCustomizations (348)
[2017.07.18-08.57.28:873][998]LogModuleManager: Shutting down and abandoning module PackagesDialog (346)
[2017.07.18-08.57.28:873][998]LogModuleManager: Shutting down and abandoning module Persona (344)
[2017.07.18-08.57.28:873][998]LogModuleManager: Shutting down and abandoning module AnimGraph (343)
[2017.07.18-08.57.28:873][998]LogModuleManager: Shutting down and abandoning module Kismet (340)
[2017.07.18-08.57.28:879][998]LogModuleManager: Shutting down and abandoning module GraphEditor (338)
[2017.07.18-08.57.28:879][998]LogModuleManager: Shutting down and abandoning module ClassViewer (336)
[2017.07.18-08.57.28:879][998]LogModuleManager: Shutting down and abandoning module Toolbox (334)
[2017.07.18-08.57.28:879][998]LogModuleManager: Shutting down and abandoning module ModuleUI (332)
[2017.07.18-08.57.28:879][998]LogModuleManager: Shutting down and abandoning module MovieSceneTools (330)
[2017.07.18-08.57.28:879][998]LogModuleManager: Shutting down and abandoning module OutputLog (328)
[2017.07.18-08.57.28:879][998]LogModuleManager: Shutting down and abandoning module GammaUI (326)
[2017.07.18-08.57.28:879][998]LogModuleManager: Shutting down and abandoning module Documentation (324)
[2017.07.18-08.57.28:879][998]LogModuleManager: Shutting down and abandoning module Niagara (322)
[2017.07.18-08.57.28:879][998]LogModuleManager: Shutting down and abandoning module StreamingPauseRendering (320)
[2017.07.18-08.57.28:879][998]LogModuleManager: Shutting down and abandoning module AnalyticsET (318)
[2017.07.18-08.57.28:879][998]LogModuleManager: Shutting down and abandoning module PortalServices (316)
[2017.07.18-08.57.28:879][998]LogModuleManager: Shutting down and abandoning module PortalRpc (314)
[2017.07.18-08.57.28:879][998]LogModuleManager: Shutting down and abandoning module MessagingRpc (312)
[2017.07.18-08.57.28:879][998]LogModuleManager: Shutting down and abandoning module AIModule (310)
[2017.07.18-08.57.28:879][998]LogModuleManager: Shutting down and abandoning module GameplayDebugger (309)
[2017.07.18-08.57.28:879][998]LogModuleManager: Shutting down and abandoning module AITestSuite (307)
[2017.07.18-08.57.28:879][998]LogModuleManager: Shutting down and abandoning module ProfilerService (304)
[2017.07.18-08.57.29:036][998]LogModuleManager: Shutting down and abandoning module TaskGraph (302)
[2017.07.18-08.57.29:036][998]LogModuleManager: Shutting down and abandoning module SteamVRController (300)
[2017.07.18-08.57.29:036][998]LogModuleManager: Shutting down and abandoning module SteamVR (298)
[2017.07.18-08.57.29:036][998]LogModuleManager: Shutting down and abandoning module ProceduralMeshComponentEditor (296)
[2017.07.18-08.57.29:036][998]LogModuleManager: Shutting down and abandoning module ProceduralMeshComponent (294)
[2017.07.18-08.57.29:036][998]LogModuleManager: Shutting down and abandoning module OculusLibrary (292)
[2017.07.18-08.57.29:036][998]LogModuleManager: Shutting down and abandoning module OculusInput (290)
[2017.07.18-08.57.29:036][998]LogModuleManager: Shutting down and abandoning module MobilePatchingUtils (288)
[2017.07.18-08.57.29:036][998]LogModuleManager: Shutting down and abandoning module CustomMeshComponent (286)
[2017.07.18-08.57.29:036][998]LogModuleManager: Shutting down and abandoning module CableComponent (284)
[2017.07.18-08.57.29:036][998]LogModuleManager: Shutting down and abandoning module ArchVisCharacter (282)
[2017.07.18-08.57.29:036][998]LogModuleManager: Shutting down and abandoning module MediaPlayerEditor (278)
[2017.07.18-08.57.29:036][998]LogModuleManager: Shutting down and abandoning module HTML5Networking (276)
[2017.07.18-08.57.29:036][998]LogModuleManager: Shutting down and abandoning module AlembicImporter (274)
[2017.07.18-08.57.29:036][998]LogModuleManager: Shutting down and abandoning module AlembicLibrary (273)
[2017.07.18-08.57.29:036][998]LogModuleManager: Shutting down and abandoning module GeometryCache (272)
[2017.07.18-08.57.29:036][998]LogModuleManager: Shutting down and abandoning module GeometryCacheEd (271)
[2017.07.18-08.57.29:036][998]LogModuleManager: Shutting down and abandoning module SuperSearchEditor (266)
[2017.07.18-08.57.29:036][998]LogModuleManager: Shutting down and abandoning module SuperSearch (265)
[2017.07.18-08.57.29:036][998]LogModuleManager: Shutting down and abandoning module SpeedTreeImporter (262)
[2017.07.18-08.57.29:036][998]LogModuleManager: Shutting down and abandoning module PluginBrowser (260)
[2017.07.18-08.57.29:036][998]LogModuleManager: Shutting down and abandoning module MobileLauncherProfileWizard (258)
[2017.07.18-08.57.29:036][998]LogModuleManager: Shutting down and abandoning module EpicSurvey (256)
[2017.07.18-08.57.29:036][998]LogModuleManager: Shutting down and abandoning module VisualStudioSourceCodeAccess (254)
[2017.07.18-08.57.29:036][998]LogModuleManager: Shutting down and abandoning module DesktopPlatform (253)
[2017.07.18-08.57.29:036][998]LogModuleManager: Shutting down and abandoning module UObjectPlugin (250)
[2017.07.18-08.57.29:036][998]LogModuleManager: Shutting down and abandoning module SubversionSourceControl (248)
[2017.07.18-08.57.29:036][998]LogModuleManager: Shutting down and abandoning module PerforceSourceControl (246)
[2017.07.18-08.57.29:036][998]LogModuleManager: Shutting down and abandoning module GitSourceControl (244)
[2017.07.18-08.57.29:036][998]LogModuleManager: Shutting down and abandoning module SourceControl (243)
[2017.07.18-08.57.29:036][998]LogModuleManager: Shutting down and abandoning module LightPropagationVolumeEditor (240)
[2017.07.18-08.57.29:036][998]LogModuleManager: Shutting down and abandoning module PaperTiledImporter (238)
[2017.07.18-08.57.29:036][998]LogModuleManager: Shutting down and abandoning module PaperSpriteSheetImporter (236)
[2017.07.18-08.57.29:036][998]LogModuleManager: Shutting down and abandoning module Paper2DEditor (234)
[2017.07.18-08.57.29:036][998]LogModuleManager: Shutting down and abandoning module MeshPaint (233)
[2017.07.18-08.57.29:036][998]LogModuleManager: Shutting down and abandoning module LevelEditor (231)
[2017.07.18-08.57.29:037][998]LogModuleManager: Shutting down and abandoning module PixelInspectorModule (230)
[2017.07.18-08.57.29:037][998]LogModuleManager: Shutting down and abandoning module MainFrame (228)
[2017.07.18-08.57.29:037][998]LogModuleManager: Shutting down and abandoning module HotReload (227)
[2017.07.18-08.57.29:037][998]LogModuleManager: Shutting down and abandoning module ContentBrowser (223)
[2017.07.18-08.57.29:038][998]LogModuleManager: Shutting down and abandoning module PhysXVehiclesEditor (220)
[2017.07.18-08.57.29:038][998]LogModuleManager: Shutting down and abandoning module PhysXVehicles (218)
[2017.07.18-08.57.29:038][998]LogModuleManager: Shutting down and abandoning module LocationServicesBPLibrary (216)
[2017.07.18-08.57.29:038][998]LogModuleManager: Shutting down and abandoning module UdpMessaging (214)
[2017.07.18-08.57.29:139][998]LogModuleManager: Shutting down and abandoning module TcpMessaging (212)
[2017.07.18-08.57.29:380][998]LogModuleManager: Shutting down and abandoning module GameplayTagsEditor (210)
[2017.07.18-08.57.29:380][998]LogModuleManager: Shutting down and abandoning module FacialAnimationEditor (208)
[2017.07.18-08.57.29:380][998]LogModuleManager: Shutting down and abandoning module FacialAnimation (206)
[2017.07.18-08.57.29:380][998]LogModuleManager: Shutting down and abandoning module LightPropagationVolumeRuntime (204)
[2017.07.18-08.57.29:380][998]LogModuleManager: Shutting down and abandoning module Paper2D (202)
[2017.07.18-08.57.29:380][998]LogModuleManager: Shutting down and abandoning module WindowsMoviePlayer (200)
[2017.07.18-08.57.29:380][998]LogModuleManager: Shutting down and abandoning module WmfMedia (198)
[2017.07.18-08.57.29:380][998]LogModuleManager: Shutting down and abandoning module MfMedia (196)
[2017.07.18-08.57.29:380][998]LogModuleManager: Shutting down and abandoning module MediaAssets (194)
[2017.07.18-08.57.29:380][998]LogModuleManager: Shutting down and abandoning module GameLiveStreaming (192)
[2017.07.18-08.57.29:380][998]LogModuleManager: Shutting down and abandoning module VREditor (190)
[2017.07.18-08.57.29:380][998]LogModuleManager: Shutting down and abandoning module GameplayTasksEditor (188)
[2017.07.18-08.57.29:380][998]LogModuleManager: Shutting down and abandoning module BehaviorTreeEditor (186)
[2017.07.18-08.57.29:380][998]LogModuleManager: Shutting down and abandoning module FunctionalTesting (184)
[2017.07.18-08.57.29:380][998]LogModuleManager: Shutting down and abandoning module CollisionAnalyzer (182)
[2017.07.18-08.57.29:380][998]LogModuleManager: Shutting down and abandoning module UMG (180)
[2017.07.18-08.57.29:380][998]LogModuleManager: Shutting down and abandoning module UMGEditor (179)
[2017.07.18-08.57.29:381][998]LogModuleManager: Shutting down and abandoning module Sequencer (178)
[2017.07.18-08.57.29:381][998]LogModuleManager: Shutting down and abandoning module AssetTools (176)
[2017.07.18-08.57.29:381][998]LogModuleManager: Shutting down and abandoning module MessageLog (175)
[2017.07.18-08.57.29:381][998]LogModuleManager: Shutting down and abandoning module WorkspaceMenuStructure (174)
[2017.07.18-08.57.29:381][998]LogModuleManager: Shutting down and abandoning module SlateReflector (168)
[2017.07.18-08.57.29:381][998]LogModuleManager: Shutting down and abandoning module Slate (166)
[2017.07.18-08.57.29:381][998]LogModuleManager: Shutting down and abandoning module EditorStyle (164)
[2017.07.18-08.57.29:382][998]LogModuleManager: Shutting down and abandoning module SourceCodeAccess (162)
[2017.07.18-08.57.29:382][998]LogModuleManager: Shutting down and abandoning module HeadMountedDisplay (160)
[2017.07.18-08.57.29:382][998]LogModuleManager: Shutting down and abandoning module XAudio2 (158)
[2017.07.18-08.57.29:382][998]LogModuleManager: Shutting down and abandoning module Networking (156)
[2017.07.18-08.57.29:382][998]LogModuleManager: Shutting down and abandoning module Core (152)
[2017.07.18-08.57.29:383][998]LogModuleManager: Shutting down and abandoning module AssetRegistry (150)
[2017.07.18-08.57.29:439][998]LogDirectoryWatcher: A directory notification for '../../../Engine/Content/' was aborted.
[2017.07.18-08.57.29:439][998]LogDirectoryWatcher: A directory notification for '../../../../../../HockeyGame DS/Masterarbeit/Content/' was aborted.
[2017.07.18-08.57.29:439][998]LogDirectoryWatcher: A directory notification for '../../../Engine/Plugins/2D/Paper2D/Content/' was aborted.
[2017.07.18-08.57.29:439][998]LogModuleManager: Shutting down and abandoning module DirectoryWatcher (149)
[2017.07.18-08.57.29:440][998]LogModuleManager: Shutting down and abandoning module KismetCompiler (146)
[2017.07.18-08.57.29:440][998]LogModuleManager: Shutting down and abandoning module PhysXFormats (144)
[2017.07.18-08.57.29:440][998]LogModuleManager: Shutting down and abandoning module MeshUtilities (142)
[2017.07.18-08.57.29:440][998]LogModuleManager: Shutting down and abandoning module SimplygonSwarm (141)
[2017.07.18-08.57.29:440][998]LogModuleManager: Shutting down and abandoning module SimplygonMeshReduction (139)
[2017.07.18-08.57.29:440][998]LogModuleManager: Shutting down and abandoning module QuadricMeshReduction (137)
[2017.07.18-08.57.29:440][998]LogModuleManager: Shutting down and abandoning module PropertyEditor (135)
[2017.07.18-08.57.29:440][998]LogModuleManager: Shutting down and abandoning module DerivedDataCache (132)
[2017.07.18-08.57.29:487][998]LogDerivedDataCache: Shutdown
[2017.07.18-08.57.29:487][998]LogModuleManager: Shutting down and abandoning module TargetPlatform (130)
[2017.07.18-08.57.29:487][998]LogModuleManager: Shutting down and abandoning module VulkanShaderFormat (129)
[2017.07.18-08.57.29:487][998]LogModuleManager: Shutting down and abandoning module ShaderFormatOpenGL (127)
[2017.07.18-08.57.29:487][998]LogModuleManager: Shutting down and abandoning module ShaderFormatD3D (125)
[2017.07.18-08.57.29:487][998]LogModuleManager: Shutting down and abandoning module MetalShaderFormat (123)
[2017.07.18-08.57.29:487][998]LogModuleManager: Shutting down and abandoning module TextureFormatUncompressed (121)
[2017.07.18-08.57.29:487][998]LogModuleManager: Shutting down and abandoning module TextureFormatPVR (119)
[2017.07.18-08.57.29:487][998]LogModuleManager: Shutting down and abandoning module TextureFormatDXT (117)
[2017.07.18-08.57.29:487][998]LogModuleManager: Shutting down and abandoning module TextureFormatIntelISPCTexComp (115)
[2017.07.18-08.57.29:487][998]LogModuleManager: Shutting down and abandoning module TextureFormatASTC (113)
[2017.07.18-08.57.29:487][998]LogModuleManager: Shutting down and abandoning module ImageWrapper (112)
[2017.07.18-08.57.29:487][998]LogModuleManager: Shutting down and abandoning module TextureFormatAndroid (109)
[2017.07.18-08.57.29:487][998]LogModuleManager: Shutting down and abandoning module AudioFormatOpus (107)
[2017.07.18-08.57.29:487][998]LogModuleManager: Shutting down and abandoning module AudioFormatOgg (105)
[2017.07.18-08.57.29:487][998]LogModuleManager: Shutting down and abandoning module AudioFormatADPCM (103)
[2017.07.18-08.57.29:487][998]LogModuleManager: Shutting down and abandoning module LinuxTargetPlatform (101)
[2017.07.18-08.57.29:487][998]LogModuleManager: Shutting down and abandoning module LinuxServerTargetPlatform (99)
[2017.07.18-08.57.29:487][998]LogModuleManager: Shutting down and abandoning module LinuxNoEditorTargetPlatform (97)
[2017.07.18-08.57.29:487][998]LogModuleManager: Shutting down and abandoning module LinuxClientTargetPlatform (95)
[2017.07.18-08.57.29:487][998]LogModuleManager: Shutting down and abandoning module TVOSTargetPlatform (93)
[2017.07.18-08.57.29:487][998]LogModuleManager: Shutting down and abandoning module Messaging (91)
[2017.07.18-08.57.29:487][998]LogModuleManager: Shutting down and abandoning module IOSTargetPlatform (89)
[2017.07.18-08.57.29:487][998]LogModuleManager: Shutting down and abandoning module HTML5TargetPlatform (87)
[2017.07.18-08.57.29:487][998]LogModuleManager: Shutting down and abandoning module Android_PVRTCTargetPlatform (85)
[2017.07.18-08.57.29:487][998]LogModuleManager: Shutting down and abandoning module Android_MultiTargetPlatform (83)
[2017.07.18-08.57.29:487][998]LogModuleManager: Shutting down and abandoning module Android_ETC2TargetPlatform (81)
[2017.07.18-08.57.29:487][998]LogModuleManager: Shutting down and abandoning module Android_ETC1TargetPlatform (79)
[2017.07.18-08.57.29:487][998]LogModuleManager: Shutting down and abandoning module Android_DXTTargetPlatform (77)
[2017.07.18-08.57.29:487][998]LogModuleManager: Shutting down and abandoning module Android_ATCTargetPlatform (75)
[2017.07.18-08.57.29:487][998]LogModuleManager: Shutting down and abandoning module Android_ASTCTargetPlatform (73)
[2017.07.18-08.57.29:487][998]LogModuleManager: Shutting down and abandoning module AndroidTargetPlatform (71)
[2017.07.18-08.57.29:487][998]LogModuleManager: Shutting down and abandoning module WindowsTargetPlatform (69)
[2017.07.18-08.57.29:487][998]LogModuleManager: Shutting down and abandoning module WindowsServerTargetPlatform (67)
[2017.07.18-08.57.29:487][998]LogModuleManager: Shutting down and abandoning module WindowsNoEditorTargetPlatform (65)
[2017.07.18-08.57.29:487][998]LogModuleManager: Shutting down and abandoning module WindowsClientTargetPlatform (63)
[2017.07.18-08.57.29:487][998]LogModuleManager: Shutting down and abandoning module MacTargetPlatform (61)
[2017.07.18-08.57.29:487][998]LogModuleManager: Shutting down and abandoning module MacServerTargetPlatform (59)
[2017.07.18-08.57.29:487][998]LogModuleManager: Shutting down and abandoning module MacNoEditorTargetPlatform (57)
[2017.07.18-08.57.29:487][998]LogModuleManager: Shutting down and abandoning module MacClientTargetPlatform (55)
[2017.07.18-08.57.29:487][998]LogModuleManager: Shutting down and abandoning module AllDesktopTargetPlatform (53)
[2017.07.18-08.57.29:487][998]LogModuleManager: Shutting down and abandoning module InputCore (50)
[2017.07.18-08.57.29:487][998]LogModuleManager: Shutting down and abandoning module Settings (48)
[2017.07.18-08.57.29:487][998]LogModuleManager: Shutting down and abandoning module OculusRift (46)
[2017.07.18-08.57.29:487][998]LogModuleManager: Shutting down and abandoning module ExampleDeviceProfileSelector (44)
[2017.07.18-08.57.29:487][998]LogModuleManager: Shutting down and abandoning module OnlineBlueprintSupport (42)
[2017.07.18-08.57.29:487][998]LogModuleManager: Shutting down and abandoning module OnlineSubsystem (38)
[2017.07.18-08.57.29:487][998]LogOnline:Display: Unloading online subsystem: NULL
[2017.07.18-08.57.29:487][998]LogModuleManager: Shutting down and abandoning module XMPP (37)
[2017.07.18-08.57.29:487][998]LogModuleManager: Shutting down and abandoning module HTTP (35)
[2017.07.18-08.57.29:487][998]LogHttp:Display: Http module shutting down, but needs to wait on 1 outstanding Http requests:
[2017.07.18-08.57.29:487][998]LogHttp:Display: 	verb=[POST] url=[https://datarouter.ol.epicgames.com/datarouter/api/v1/public/data?SessionID=%7B8196C594-495B-E4D2-91E8-9791E5329516%7D&AppID=UEEditor.Rocket.Release&AppVersion=4.15.0-3299760%2B%2B%2BUE4%2BRelease-4.15&UserID=9fc6be7249b4dd4e971358a79c5d3ca6%7Cda5e8e5ee56f472eb12f7f388908bd73%7Cda5e9fe5-2dba-4968-8159-cdb95a48aa59&AppEnvironment=datacollector-binary&UploadType=eteventstream] status=Processing
[2017.07.18-08.57.29:494][998]LogModuleManager: Shutting down and abandoning module SSL (34)
[2017.07.18-08.57.29:495][998]LogModuleManager: Shutting down and abandoning module AudioEditor (30)
[2017.07.18-08.57.29:495][998]LogModuleManager: Shutting down and abandoning module TextureCompressor (28)
[2017.07.18-08.57.29:495][998]LogModuleManager: Shutting down and abandoning module ShaderCore (26)
[2017.07.18-08.57.29:495][998]LogModuleManager: Shutting down and abandoning module Landscape (24)
[2017.07.18-08.57.29:495][998]LogModuleManager: Shutting down and abandoning module SlateRHIRenderer (22)
[2017.07.18-08.57.29:496][998]LogModuleManager: Shutting down and abandoning module OpenGLDrv (20)
[2017.07.18-08.57.29:496][998]LogModuleManager: Shutting down and abandoning module D3D11RHI (18)
[2017.07.18-08.57.29:496][998]LogModuleManager: Shutting down and abandoning module AnimGraphRuntime (16)
[2017.07.18-08.57.29:496][998]LogModuleManager: Shutting down and abandoning module Renderer (14)
[2017.07.18-08.57.29:496][998]LogModuleManager: Shutting down and abandoning module Engine (12)
[2017.07.18-08.57.29:496][998]LogModuleManager: Shutting down and abandoning module CoreUObject (10)
[2017.07.18-08.57.29:496][998]LogModuleManager: Shutting down and abandoning module NetworkFile (8)
[2017.07.18-08.57.29:496][998]LogModuleManager: Shutting down and abandoning module StreamingFile (6)
[2017.07.18-08.57.29:496][998]LogModuleManager: Shutting down and abandoning module SandboxFile (4)
[2017.07.18-08.57.29:496][998]LogModuleManager: Shutting down and abandoning module PakFile (2)
[2017.07.18-08.57.29:498][998]LogExit: Exiting.
[2017.07.18-08.57.29:507][998]Log file closed, 07/18/17 10:57:29
