Log file open, 07/19/17 14:00:21
LogInit:Display: Running engine for game: DSHockeyGame
LogPlatformFile: Not using cached read wrapper
LogInit:Display: RandInit(398363738) SRandInit(398363738).
LogTaskGraph: Started task graph with 5 named threads and 6 total threads with 1 sets of task threads.
LogStats: Stats thread started at 1.028809
LogInit: Using libcurl 7.47.1
LogInit:  - built for x86_64-pc-win32
LogInit:  - supports SSL with OpenSSL/1.0.2g
LogInit:  - supports HTTP deflate (compression) using libz 1.2.8
LogInit:  - other features:
LogInit:      CURL_VERSION_SSL
LogInit:      CURL_VERSION_LIBZ
LogInit:      CURL_VERSION_IPV6
LogInit:      CURL_VERSION_ASYNCHDNS
LogInit:      CURL_VERSION_LARGEFILE
LogInit:      CURL_VERSION_IDN
LogInit:  CurlRequestOptions (configurable via config and command line):
LogInit:  - bVerifyPeer = false  - Libcurl will NOT verify peer certificate
LogInit:  - bUseHttpProxy = false  - Libcurl will NOT use HTTP proxy
LogInit:  - bDontReuseConnections = false  - Libcurl will reuse connections
LogInit:  - CertBundlePath = nullptr  - Libcurl will use whatever was configured at build time.
LogInit: Build: ++UE4+Release-4.16-CL-3514769
LogInit: Engine Version: 4.16.2-3514769+++UE4+Release-4.16
LogInit: Compatible Engine Version: 4.16.0-3452394+++UE4+Release-4.16
LogInit: Net CL: 3452394
LogDevObjectVersion: Number of dev versions registered: 16
LogDevObjectVersion:   Dev-Blueprints (B0D832E4-1F89-4F0D-ACCF-7EB736FD4AA2): 9
LogDevObjectVersion:   Dev-Build (E1C64328-A22C-4D53-A36C-8E866417BD8C): 0
LogDevObjectVersion:   Dev-Core (375EC13C-06E4-48FB-B500-84F0262A717E): 2
LogDevObjectVersion:   Dev-Editor (E4B068ED-F494-42E9-A231-DA0B2E46BB41): 17
LogDevObjectVersion:   Dev-Framework (CFFC743F-43B0-4480-9391-14DF171D2073): 23
LogDevObjectVersion:   Dev-Mobile (B02B49B5-BB20-44E9-A304-32B752E40360): 0
LogDevObjectVersion:   Dev-Networking (A4E4105C-59A1-49B5-A7C5-40C4547EDFEE): 0
LogDevObjectVersion:   Dev-Online (39C831C9-5AE6-47DC-9A44-9C173E1C8E7C): 0
LogDevObjectVersion:   Dev-Physics (78F01B33-EBEA-4F98-B9B4-84EACCB95AA2): 0
LogDevObjectVersion:   Dev-Platform (6631380F-2D4D-43E0-8009-CF276956A95A): 0
LogDevObjectVersion:   Dev-Rendering (12F88B9F-8875-4AFC-A67C-D90C383ABD29): 15
LogDevObjectVersion:   Dev-Sequencer (7B5AE74C-D270-4C10-A958-57980B212A5A): 4
LogDevObjectVersion:   Dev-VR (D7296918-1DD6-4BDD-9DE2-64A83CC13884): 0
LogDevObjectVersion:   Dev-LoadTimes (C2A15278-BFE7-4AFE-6C17-90FF531DF755): 1
LogDevObjectVersion:   Private-Geometry (6EACA3D4-40EC-4CC1-B786-8BED09428FC5): 1
LogDevObjectVersion:   Dev-AnimPhys (29E575DD-E0A3-4627-9D10-D276232CDCEA): 3
LogInit: Compiled (64-bit): Jun 29 2017 02:03:24
LogInit: Compiled with Visual C++: 19.00.24215.01
LogInit: Build Configuration: Development
LogInit: Branch Name: ++UE4+Release-4.16
LogInit: Command line:  
LogInit: Base directory: C:/Program Files/Epic Games/UE_4.16/Engine/Binaries/Win64/
LogInit: Installed Engine Build: 1
LogInit: Presizing for max 8388607 objects, including 0 objects not considered by GC, pre-allocating 0 bytes for permanent pool.
LogInit: Object subsystem initialized
[2017.07.19-12.00.21:927][  0]LogInit: Selected Device Profile: [Windows]
[2017.07.19-12.00.21:927][  0]LogInit: Applying CVar settings loaded from the selected device profile: [Windows]
[2017.07.19-12.00.21:992][  0]LogInit: Computer: LAPTOP-ELQTR10M
[2017.07.19-12.00.21:992][  0]LogInit: User: danie
[2017.07.19-12.00.21:992][  0]LogInit: CPU Page size=4096, Cores=2
[2017.07.19-12.00.21:992][  0]LogInit: High frequency timer resolution =2.531251 MHz
[2017.07.19-12.00.21:992][  0]LogMemory: Memory total: Physical=7.9GB (8GB approx)
[2017.07.19-12.00.21:992][  0]LogMemory: Platform Memory Stats for Windows
[2017.07.19-12.00.21:992][  0]LogMemory: Process Physical Memory: 273.94 MB used, 273.94 MB peak
[2017.07.19-12.00.21:992][  0]LogMemory: Process Virtual Memory: 258.46 MB used, 258.46 MB peak
[2017.07.19-12.00.21:992][  0]LogMemory: Physical Memory: 3367.30 MB used,  4738.60 MB free, 8105.91 MB total
[2017.07.19-12.00.21:992][  0]LogMemory: Virtual Memory: 635.55 MB used,  4738.60 MB free, 134217728.00 MB total
[2017.07.19-12.00.22:530][  0]LogInit: Using OS detected language (de-DE).
[2017.07.19-12.00.22:530][  0]LogInit: Using OS detected locale (de-DE).
[2017.07.19-12.00.22:545][  0]LogTextLocalizationManager: No localization for 'de-DE' exists, so 'en' will be used for the language.
[2017.07.19-12.00.22:545][  0]LogTextLocalizationManager: No localization for 'de-DE' exists, so 'en' will be used for the locale.
[2017.07.19-12.00.24:030][  0]LogD3D11RHI: D3D11 adapters:
[2017.07.19-12.00.24:401][  0]LogD3D11RHI:    0. 'NVIDIA GeForce GTX 950M     ' (Feature Level 11_0)
[2017.07.19-12.00.24:401][  0]LogD3D11RHI:       4037/0/4052 MB DedicatedVideo/DedicatedSystem/SharedSystem, Outputs:1, VendorId:0x10de
[2017.07.19-12.00.24:407][  0]LogD3D11RHI:    1. 'Intel(R) HD Graphics 520' (Feature Level 11_0)
[2017.07.19-12.00.24:407][  0]LogD3D11RHI:       128/0/4052 MB DedicatedVideo/DedicatedSystem/SharedSystem, Outputs:0, VendorId:0x8086
[2017.07.19-12.00.24:408][  0]LogD3D11RHI:    2. 'Microsoft Basic Render Driver' (Feature Level 11_0)
[2017.07.19-12.00.24:408][  0]LogD3D11RHI:       0/0/4052 MB DedicatedVideo/DedicatedSystem/SharedSystem, Outputs:0, VendorId:0x1414
[2017.07.19-12.00.24:408][  0]LogD3D11RHI: Chosen D3D11 Adapter: 0
[2017.07.19-12.00.24:413][  0]LogD3D11RHI: Creating new Direct3DDevice
[2017.07.19-12.00.24:413][  0]LogD3D11RHI:     GPU DeviceId: 0x139a (for the marketing name, search the web for "GPU Device Id")
[2017.07.19-12.00.24:413][  0]LogWindows: EnumDisplayDevices:
[2017.07.19-12.00.24:413][  0]LogWindows:    0. 'Intel(R) HD Graphics 520' (P:1 D:1)
[2017.07.19-12.00.24:413][  0]LogWindows:    1. 'Intel(R) HD Graphics 520' (P:0 D:0)
[2017.07.19-12.00.24:414][  0]LogWindows:    2. 'Intel(R) HD Graphics 520' (P:0 D:0)
[2017.07.19-12.00.24:414][  0]LogWindows: DebugString: PrimaryIsNotTheChoosenAdapter PrimaryIsNotTheChoosenAdapter PrimaryIsNotTheChoosenAdapter FoundDriverCount:0 
[2017.07.19-12.00.24:414][  0]LogD3D11RHI:     Adapter Name: NVIDIA GeForce GTX 950M     
[2017.07.19-12.00.24:414][  0]LogD3D11RHI:   Driver Version: Unknown (internal:Unknown, unified:Unknown)
[2017.07.19-12.00.24:414][  0]LogD3D11RHI:      Driver Date: Unknown
[2017.07.19-12.00.24:414][  0]LogRHI: Texture pool is 1361 MB (70% of 1945 MB)
[2017.07.19-12.00.24:435][  0]LogD3D11RHI: NvAPI_D3D_GetCurrentSLIState failed: 0xfffffff7
[2017.07.19-12.00.24:435][  0]LogD3D11RHI: Async texture creation enabled
[2017.07.19-12.00.24:475][  0]LogD3D11RHI: GPU Timing Frequency: 1000.000000 (Debug: 2 2)
[2017.07.19-12.00.24:484][  0]LogShaderCompilers: Guid format shader working directory is 23 characters bigger than the processId version (D:/Github/Masterarbeit/Intermediate/Shaders/WorkingDirectory/12796/).
[2017.07.19-12.00.24:485][  0]LogShaderCompilers: Cleaned the shader compiler working directory 'C:/Users/danie/AppData/Local/Temp/UnrealShaderWorkingDir/7948F95144A442002274848474B45534/'.
[2017.07.19-12.00.24:486][  0]LogShaderCompilers:Display: Using Local Shader Compiler.
[2017.07.19-12.00.26:560][  0]LogTemp:Display: Loaded TP AllDesktopTargetPlatform
[2017.07.19-12.00.26:626][  0]LogTemp:Display: Loaded TP MacClientTargetPlatform
[2017.07.19-12.00.26:704][  0]LogTemp:Display: Loaded TP MacNoEditorTargetPlatform
[2017.07.19-12.00.26:776][  0]LogTemp:Display: Loaded TP MacServerTargetPlatform
[2017.07.19-12.00.26:852][  0]LogTemp:Display: Loaded TP MacTargetPlatform
[2017.07.19-12.00.26:918][  0]LogTemp:Display: Loaded TP WindowsClientTargetPlatform
[2017.07.19-12.00.26:984][  0]LogTemp:Display: Loaded TP WindowsNoEditorTargetPlatform
[2017.07.19-12.00.27:050][  0]LogTemp:Display: Loaded TP WindowsServerTargetPlatform
[2017.07.19-12.00.27:109][  0]LogTemp:Display: Loaded TP WindowsTargetPlatform
[2017.07.19-12.00.27:190][  0]LogTemp:Display: Loaded TP AndroidTargetPlatform
[2017.07.19-12.00.27:264][  0]LogTemp:Display: Loaded TP Android_ASTCTargetPlatform
[2017.07.19-12.00.27:332][  0]LogTemp:Display: Loaded TP Android_ATCTargetPlatform
[2017.07.19-12.00.27:396][  0]LogTemp:Display: Loaded TP Android_DXTTargetPlatform
[2017.07.19-12.00.27:466][  0]LogTemp:Display: Loaded TP Android_ETC1TargetPlatform
[2017.07.19-12.00.27:535][  0]LogTemp:Display: Loaded TP Android_ETC2TargetPlatform
[2017.07.19-12.00.27:667][  0]LogTemp:Display: Loaded TP Android_MultiTargetPlatform
[2017.07.19-12.00.27:667][  0]LogTemp:Display: Loaded TP Android_PVRTCTargetPlatform
[2017.07.19-12.00.27:720][  0]LogTemp:Display: Loaded TP HTML5TargetPlatform
[2017.07.19-12.00.27:856][  0]LogTemp:Display: Loaded TP IOSTargetPlatform
[2017.07.19-12.00.27:898][  0]LogTemp:Display: Loaded TP TVOSTargetPlatform
[2017.07.19-12.00.27:961][  0]LogTemp:Display: Loaded TP LinuxClientTargetPlatform
[2017.07.19-12.00.28:023][  0]LogTemp:Display: Loaded TP LinuxNoEditorTargetPlatform
[2017.07.19-12.00.28:111][  0]LogTemp:Display: Loaded TP LinuxServerTargetPlatform
[2017.07.19-12.00.28:180][  0]LogTemp:Display: Loaded TP LinuxTargetPlatform
[2017.07.19-12.00.28:180][  0]LogTargetPlatformManager:Display: Building Assets For Windows
[2017.07.19-12.00.29:077][  0]LogDerivedDataCache:Display: Max Cache Size: 512 MB
[2017.07.19-12.00.29:077][  0]LogDerivedDataCache:Display: Starting with empty Boot cache
[2017.07.19-12.00.29:077][  0]LogDerivedDataCache: FDerivedDataBackendGraph:  Pak pak cache file D:/Github/Masterarbeit/DerivedDataCache/DDC.ddp not found, will not use a pak cache.
[2017.07.19-12.00.29:077][  0]LogDerivedDataCache: Unable to find inner node Pak for hierarchical cache Hierarchy.
[2017.07.19-12.00.29:077][  0]LogDerivedDataCache: FDerivedDataBackendGraph:  CompressedPak pak cache file D:/Github/Masterarbeit/DerivedDataCache/Compressed.ddp not found, will not use a pak cache.
[2017.07.19-12.00.29:077][  0]LogDerivedDataCache: Unable to find inner node CompressedPak for hierarchical cache Hierarchy.
[2017.07.19-12.00.29:107][  0]LogDerivedDataCache:Display: Pak cache opened for reading ../../../Engine/DerivedDataCache/Compressed.ddp.
[2017.07.19-12.00.29:122][  0]LogDerivedDataCache: Using Local data cache path C:/Users/danie/AppData/Local/UnrealEngine/Common/DerivedDataCache: Writable
[2017.07.19-12.00.29:161][  0]LogMaterial: Verifying Global Shaders for PCD3D_SM5
[2017.07.19-12.00.29:169][  0]LogSlate: Using Freetype 2.6.0
[2017.07.19-12.00.29:176][  0]LogSlate: SlateFontCache - WITH_FREETYPE: 1, WITH_HARFBUZZ: 1
[2017.07.19-12.00.29:176][  0]LogSlate: SlateFontCache - WITH_FREETYPE: 1, WITH_HARFBUZZ: 1
[2017.07.19-12.00.30:360][  0]LogInit: Selected Device Profile: [Windows]
[2017.07.19-12.00.30:698][  0]LogContentStreaming: Texture pool size is 0.00 MB
[2017.07.19-12.00.30:765][  0]LogMaterial: Missing cached shader map for material WorldGridMaterial, compiling. Is special engine material.
[2017.07.19-12.02.11:756][  0]LogMaterial: Missing cached shader map for material DefaultLightFunctionMaterial, compiling. 
[2017.07.19-12.02.14:521][  0]LogMaterial: Missing cached shader map for material DefaultPostProcessMaterial, compiling. 
[2017.07.19-12.02.18:544][  0]LogMaterial: Missing cached shader map for material DefaultDeferredDecalMaterial, compiling. 
[2017.07.19-12.02.40:009][  0]LogMaterial: Missing cached shader map for material TransformGizmoMaterial, compiling. 
[2017.07.19-12.02.40:022][  0]LogMaterial: Missing cached shader map for material TranslucentTransformGizmoMaterial, compiling. 
[2017.07.19-12.02.40:242][  0]LogMeshUtilities: Using QuadricMeshReduction for automatic static mesh reduction
[2017.07.19-12.02.40:338][  0]LogSimplygon: Simplygon DLL not present - disabling.
[2017.07.19-12.02.40:456][  0]LogMeshUtilities: Using SimplygonSwarm for distributed automatic mesh merging
[2017.07.19-12.02.40:456][  0]LogMeshUtilities: No automatic skeletal mesh reduction module available
[2017.07.19-12.02.40:456][  0]LogMeshUtilities: No automatic mesh merging module available
[2017.07.19-12.02.40:796][  0]LogMaterial: Missing cached shader map for material SnapGridMaterial, compiling. 
[2017.07.19-12.02.40:890][  0]LogMaterial: Missing cached shader map for material Xray, compiling. 
[2017.07.19-12.02.40:928][  0]LogMaterial: Missing cached shader map for material Main, compiling. 
[2017.07.19-12.02.40:977][  0]LogMaterial: Missing cached shader map for material CineMat, compiling. 
[2017.07.19-12.02.41:085][  0]LogMaterial: Missing cached shader map for material MatineeCam_mat, compiling. 
[2017.07.19-12.02.41:144][  0]LogMaterial: Missing cached shader map for material M_SimpleOpaque, compiling. 
[2017.07.19-12.02.41:193][  0]LogMaterial: Missing cached shader map for material M_SimpleTranslucent, compiling. 
[2017.07.19-12.02.41:612][  0]LogMaterial: Missing cached shader map for material SkySphereMaterial, compiling. 
[2017.07.19-12.02.41:640][  0]LogMaterial: Missing cached shader map for material FloorPlaneMaterial, compiling. 
[2017.07.19-12.02.41:922][  0]LogMaterial: Missing cached shader map for material LandscapeGizmo_Mat, compiling. 
[2017.07.19-12.02.41:969][  0]LogMaterial: Missing cached shader map for material LandscapeGizmoHeight_Mat, compiling. 
[2017.07.19-12.02.42:064][  0]LogMaterial: Missing cached shader map for material SplineEditorMeshMat, compiling. 
[2017.07.19-12.02.42:126][  0]LogMaterial: Missing cached shader map for material HelpActorMaterial, compiling. 
[2017.07.19-12.02.42:438][  0]LogMaterial: Missing cached shader map for material DefaultTextMaterialOpaque, compiling. 
[2017.07.19-12.02.42:648][  0]LogNetVersion: DSHockeyGame , NetCL: 3452394, EngineNetVer: 2, GameNetVer: 0 (Checksum: 256397287)
[2017.07.19-12.02.42:768][  0]LogAssetRegistry: FAssetRegistry took 0.0337 seconds to start up
[2017.07.19-12.02.42:837][  0]LogPackageLocalizationCache: Processed 4 localized package path(s) for 1 prioritized culture(s) in 0.023846 seconds
[2017.07.19-12.02.42:847][  0]LogUObjectArray: 34194 objects as part of root set at end of initial load.
[2017.07.19-12.02.42:847][  0]LogUObjectAllocator: 7260416 out of 0 bytes used by permanent object pool.
[2017.07.19-12.02.42:847][  0]LogUObjectArray: CloseDisregardForGC: 0/0 objects in disregard for GC pool
[2017.07.19-12.02.42:980][  0]LogInit: WinSock: version 1.1 (2.2), MaxSocks=32767, MaxUdp=65467
[2017.07.19-12.02.46:578][  0]LogMaterial: Missing cached shader map for material GridMaterial, compiling. 
[2017.07.19-12.02.46:599][  0]LogMaterial: Missing cached shader map for material VRTextMaterial, compiling. 
[2017.07.19-12.02.46:627][  0]LogMaterial: Missing cached shader map for material GridPostProcess, compiling. 
[2017.07.19-12.02.46:641][  0]LogMaterial: Missing cached shader map for material KeyDiskMaterial, compiling. 
[2017.07.19-12.02.46:668][  0]LogMaterial: Missing cached shader map for material M_ContentWindow, compiling. 
[2017.07.19-12.02.46:775][  0]LogMaterial: Missing cached shader map for material GenericHMDMaterial, compiling. 
[2017.07.19-12.02.46:821][  0]LogMaterial: Missing cached shader map for material TeleportDirectionMaterial, compiling. 
[2017.07.19-12.02.46:863][  0]LogMaterial: Missing cached shader map for material OculusControllerMaterial, compiling. 
[2017.07.19-12.02.46:895][  0]LogMaterial: Missing cached shader map for material LaserPointerMaterial, compiling. 
[2017.07.19-12.02.46:952][  0]LogMaterial: Missing cached shader map for material VivePreControllerMaterial, compiling. 
[2017.07.19-12.02.46:983][  0]LogMaterial: Missing cached shader map for material FlattenHeightMat, compiling. 
[2017.07.19-12.02.47:006][  0]LogMaterial: Missing cached shader map for material ArrowMaterial, compiling. 
[2017.07.19-12.02.47:067][  0]LogMaterial: Missing cached shader map for material LineMaterial, compiling. 
[2017.07.19-12.02.49:476][  0]LogTcpMessaging: Initializing TcpMessaging bridge
[2017.07.19-12.02.49:559][  0]LogUdpMessaging: Initializing bridge on interface 0.0.0.0:0 to multicast group 230.0.0.1:6666.
[2017.07.19-12.02.50:385][  0]LogMaterial: Missing cached shader map for material DefaultMaterial, compiling. 
[2017.07.19-12.02.51:159][  0]LogMaterial: Missing cached shader map for material BaseColor, compiling. 
[2017.07.19-12.02.51:177][  0]LogMaterial: Missing cached shader map for material CustomDepth, compiling. 
[2017.07.19-12.02.51:207][  0]LogMaterial: Uniform references updated for custom material expression Custom.
[2017.07.19-12.02.51:214][  0]LogMaterial: Missing cached shader map for material CustomStencil, compiling. 
[2017.07.19-12.02.51:230][  0]LogMaterial: Missing cached shader map for material FinalImage, compiling. 
[2017.07.19-12.02.51:249][  0]LogMaterial: Missing cached shader map for material LightingModel, compiling. 
[2017.07.19-12.02.51:267][  0]LogMaterial: Missing cached shader map for material MaterialAO, compiling. 
[2017.07.19-12.02.51:283][  0]LogMaterial: Missing cached shader map for material Metallic, compiling. 
[2017.07.19-12.02.51:314][  0]LogMaterial: Missing cached shader map for material Opacity, compiling. 
[2017.07.19-12.02.51:330][  0]LogMaterial: Missing cached shader map for material Roughness, compiling. 
[2017.07.19-12.02.51:346][  0]LogMaterial: Missing cached shader map for material SceneColor, compiling. 
[2017.07.19-12.02.51:364][  0]LogMaterial: Missing cached shader map for material SceneDepth, compiling. 
[2017.07.19-12.02.51:383][  0]LogMaterial: Missing cached shader map for material SeparateTranslucencyRGB, compiling. 
[2017.07.19-12.02.51:399][  0]LogMaterial: Missing cached shader map for material SeparateTranslucencyA, compiling. 
[2017.07.19-12.02.51:413][  0]LogMaterial: Missing cached shader map for material Specular, compiling. 
[2017.07.19-12.02.51:429][  0]LogMaterial: Missing cached shader map for material SubsurfaceColor, compiling. 
[2017.07.19-12.02.51:445][  0]LogMaterial: Missing cached shader map for material WorldNormal, compiling. 
[2017.07.19-12.02.51:461][  0]LogMaterial: Missing cached shader map for material AmbientOcclusion, compiling. 
[2017.07.19-12.02.51:487][  0]LogMaterial: Missing cached shader map for material CustomDepthWorldUnits, compiling. 
[2017.07.19-12.02.51:503][  0]LogMaterial: Missing cached shader map for material SceneDepthWorldUnits, compiling. 
[2017.07.19-12.02.51:520][  0]LogMaterial: Missing cached shader map for material PreTonemapHDRColor, compiling. 
[2017.07.19-12.02.51:537][  0]LogMaterial: Missing cached shader map for material PostTonemapHDRColor, compiling. 
[2017.07.19-12.02.52:259][  0]SourceControl: Info Source control is disabled
[2017.07.19-12.02.52:323][  0]SourceControl: Info Source control is disabled
[2017.07.19-12.02.52:453][  0]SourceControl: Info Source control is disabled
[2017.07.19-12.02.52:569][  0]SourceControl: Info Source control is disabled
[2017.07.19-12.02.54:318][  0]LogAndroidPermission: UAndroidPermissionCallbackProxy::GetInstance
[2017.07.19-12.02.55:534][  0]LogMaterial: Missing cached shader map for material HighResScreenshot, compiling. 
[2017.07.19-12.02.55:560][  0]LogMaterial: Missing cached shader map for material HighResScreenshotMask, compiling. 
[2017.07.19-12.02.55:589][  0]LogMaterial: Missing cached shader map for material HighResScreenshotCaptureRegion, compiling. 
[2017.07.19-12.02.55:665][  0]LogEngine: Initializing Engine...
[2017.07.19-12.02.55:669][  0]LogHMD: Failed to initialize OpenVR with code 110
[2017.07.19-12.02.55:677][  0]LogMaterial: Missing cached shader map for material WireframeMaterial, compiling. Is special engine material.
[2017.07.19-12.02.56:069][  0]LogMaterial: Missing cached shader map for material LevelColorationLitMaterial, compiling. Is special engine material.
[2017.07.19-12.02.57:082][  0]LogMaterial: Missing cached shader map for material LevelColorationUnlitMaterial, compiling. Is special engine material.
[2017.07.19-12.02.57:422][  0]LogMaterial: Missing cached shader map for material MAT_LevelColorationLitLightmapUV, compiling. Is special engine material.
[2017.07.19-12.02.58:486][  0]LogMaterial: Missing cached shader map for material ShadedLevelColorationLitMaterial, compiling. Is special engine material.
[2017.07.19-12.02.59:537][  0]LogMaterial: Missing cached shader map for material ShadedLevelColorationUnlitMateri, compiling. Is special engine material.
[2017.07.19-12.02.59:909][  0]LogMaterial: Missing cached shader map for material VertexColorMaterial, compiling. 
[2017.07.19-12.03.00:073][  0]LogMaterial: Missing cached shader map for material VertexColorViewMode_ColorOnly, compiling. 
[2017.07.19-12.03.00:107][  0]LogMaterial: Missing cached shader map for material VertexColorViewMode_AlphaAsColor, compiling. 
[2017.07.19-12.03.00:143][  0]LogMaterial: Missing cached shader map for material VertexColorViewMode_RedOnly, compiling. 
[2017.07.19-12.03.00:179][  0]LogMaterial: Missing cached shader map for material VertexColorViewMode_GreenOnly, compiling. 
[2017.07.19-12.03.00:219][  0]LogMaterial: Missing cached shader map for material VertexColorViewMode_BlueOnly, compiling. 
[2017.07.19-12.03.00:248][  0]LogMaterial: Missing cached shader map for material RemoveSurfaceMaterial, compiling. 
[2017.07.19-12.03.00:263][  0]LogMaterial: Missing cached shader map for material DebugMeshMaterial, compiling. 
[2017.07.19-12.03.00:294][  0]LogMaterial: Missing cached shader map for material M_InvalidLightmapSettings, compiling. 
[2017.07.19-12.03.00:358][  0]LogMaterial: Missing cached shader map for material GizmoMaterial, compiling. 
[2017.07.19-12.03.00:380][  0]LogMaterial: Missing cached shader map for material PhAT_JointLimitMaterial, compiling. 
[2017.07.19-12.03.00:412][  0]LogMaterial: Missing cached shader map for material GeomMaterial, compiling. 
[2017.07.19-12.03.00:438][  0]LogMaterial: Missing cached shader map for material EditorBrushMaterial, compiling. 
[2017.07.19-12.03.00:464][  0]LogMaterial: Missing cached shader map for material BoneWeightMaterial, compiling. 
[2017.07.19-12.03.00:607][  0]LogMaterial: Missing cached shader map for material ClothMaterial, compiling. 
[2017.07.19-12.03.00:642][  0]LogMaterial: Missing cached shader map for material PreviewShadowIndicatorMaterial, compiling. 
[2017.07.19-12.03.01:053][  0]LogStats: UGameplayTagsManager::ConstructGameplayTagTree: Construct from data asset -  0.000 s
[2017.07.19-12.03.01:054][  0]LogStats: UGameplayTagsManager::ConstructGameplayTagTree: GameplayTagTreeChangedEvent.Broadcast -  0.000 s
[2017.07.19-12.03.01:416][  0]LogAIModule: Creating AISystem for world Untitled
[2017.07.19-12.03.01:460][  0]LogInit: XAudio2 using 'Lautsprecher (Realtek High Definition Audio(SST))' : 2 channels at 48 kHz using 32 bits per sample (channel mask 0x3)
[2017.07.19-12.03.01:481][  0]LogInit: FAudioDevice initialized.
[2017.07.19-12.03.01:532][  0]LogDerivedDataCache: Saved boot cache 0.05s 81MB C:/Users/danie/AppData/Local/UnrealEngine/4.16/DerivedDataCache/Boot.ddc.
[2017.07.19-12.03.01:542][  0]LogInit: Texture streaming: Enabled
[2017.07.19-12.03.01:813][  0]LogEngineSessionManager: EngineSessionManager initialized
[2017.07.19-12.03.01:813][  0]LogEngineSessionManager: EngineSessionManager sent abnormal shutdown report. Type=AbnormalShutdown, SessionId={CF5F3EB8-440B-54F5-33CD-EEAB9756F3E2}
[2017.07.19-12.03.02:399][  0]LogInit: Transaction tracking system initialized
[2017.07.19-12.03.03:204][  0]BlueprintLog: New page: Editor Load
[2017.07.19-12.03.05:858][  0]LocalizationService: Info Localization service is disabled
[2017.07.19-12.03.09:823][  0]LogConsoleResponse:Display: 
[2017.07.19-12.03.09:917][  0]LogMaterial: Missing cached shader map for material Cross_Mat, compiling. 
[2017.07.19-12.03.09:957][  0]LogMaterial: Missing cached shader map for material PhAT_BoneSelectedMaterial, compiling. 
[2017.07.19-12.03.09:993][  0]LogMaterial: Missing cached shader map for material PhAT_ElemSelectedMaterial, compiling. 
[2017.07.19-12.03.10:022][  0]LogMaterial: Missing cached shader map for material PhAT_NoCollisionMaterial, compiling. 
[2017.07.19-12.03.10:045][  0]LogMaterial: Missing cached shader map for material PhAT_UnselectedMaterial, compiling. 
[2017.07.19-12.03.10:073][  0]LogMaterial: Missing cached shader map for material Tick_Mat, compiling. 
[2017.07.19-12.03.10:113][  0]LogMaterial: Missing cached shader map for material WidgetGridVertexColorMaterial_Ma, compiling. 
[2017.07.19-12.03.10:145][  0]LogMaterial: Missing cached shader map for material WidgetMaterial, compiling. 
[2017.07.19-12.03.10:168][  0]LogMaterial: Missing cached shader map for material WidgetMaterial_Current, compiling. 
[2017.07.19-12.03.10:192][  0]LogMaterial: Missing cached shader map for material WidgetMaterial_X, compiling. 
[2017.07.19-12.03.10:217][  0]LogMaterial: Missing cached shader map for material WidgetMaterial_Y, compiling. 
[2017.07.19-12.03.10:243][  0]LogMaterial: Missing cached shader map for material WidgetMaterial_Z, compiling. 
[2017.07.19-12.03.10:271][  0]LogMaterial: Missing cached shader map for material WidgetVertexColorMaterial, compiling. 
[2017.07.19-12.03.10:347][  0]LogMaterial: Missing cached shader map for material LevelGridMaterial, compiling. 
[2017.07.19-12.03.10:449][  0]LogMaterial: Missing cached shader map for material BlinkingCaret, compiling. 
[2017.07.19-12.03.10:513][  0]LogMaterial: Missing cached shader map for material M_StreamingPause, compiling. 
[2017.07.19-12.03.10:593][  0]LogFileCache: Scanning file cache for directory 'D:/Github/Masterarbeit/Content/' took 0.02s
[2017.07.19-12.03.10:593][  0]LogCook:Display: Max memory allowance for cook 16384mb min free memory 0mb
[2017.07.19-12.03.10:594][  0]LogCook:Display: Mobile HDR setting 1
[2017.07.19-12.03.13:328][  0]SourceControl: Info Source control is disabled
[2017.07.19-12.03.13:331][  0]Cmd: MAP LOAD FILE="D:/Github/Masterarbeit/Content/VirtualRealityBP/Maps/StartupMap.umap" TEMPLATE=0 SHOWPROGRESS=1 FEATURELEVEL=3
[2017.07.19-12.03.13:334][  0]LightingResults: New page: Lighting Build
[2017.07.19-12.03.13:447][  0]MapCheck: New page: Map Check
[2017.07.19-12.03.13:447][  0]LightingResults: New page: Lighting Build
[2017.07.19-12.03.13:769][  0]LogTexture:Display: Building textures: HQ_Lightmap1_1 (AutoDXT, 512X512)
[2017.07.19-12.03.13:873][  0]LogTexture:Display: Building textures: LQ_Lightmap_1_1 (DXT1, 512X512)
[2017.07.19-12.03.13:937][  0]LogTexture:Display: Building textures: SkyOcclusion1_1 (AutoDXT, 512X256)
[2017.07.19-12.03.13:999][  0]LogTexture:Display: Building textures: ShadowMapTexture2D_0 (BGRA8, 256X256)
[2017.07.19-12.03.14:098][  0]LogAIModule: Creating AISystem for world StartupMap
[2017.07.19-12.03.14:210][  0]LogEditorServer: Finished looking for orphan Actors (0.000 secs)
[2017.07.19-12.03.14:255][  0]Cmd: MAP CHECKDEP NOCLEARLOG
[2017.07.19-12.03.14:337][  0]MapCheck: Info Map check complete: 0 Error(s), 0 Warning(s), took 82.343ms to complete.
[2017.07.19-12.03.14:338][  0]LogFileHelpers: Loading map 'StartupMap' took 1.009
[2017.07.19-12.03.14:781][  0]LogCollectionManager: Loaded 0 collections in 0.002978 seconds
[2017.07.19-12.03.14:943][  0]LogFileCache: Scanning file cache for directory 'D:/Github/Masterarbeit/Saved/Collections/' took 0.01s
[2017.07.19-12.03.14:943][  0]LogFileCache: Scanning file cache for directory 'D:/Github/Masterarbeit/Content/Developers/danie/Collections/' took 0.01s
[2017.07.19-12.03.14:943][  0]LogFileCache: Scanning file cache for directory 'D:/Github/Masterarbeit/Content/Collections/' took 0.01s
[2017.07.19-12.03.14:943][  0]LogCollectionManager: Rebuilt the GUID cache for 0 collections in 0.000003 seconds
[2017.07.19-12.03.14:967][  0]LogContentBrowser: Native class hierarchy populated in 0.0200 seconds. Added 2329 classes and 491 folders.
[2017.07.19-12.03.15:126][  0]LogContentBrowser: Native class hierarchy updated for 'WidgetCarousel' in 0.0009 seconds. Added 0 classes and 0 folders.
[2017.07.19-12.03.15:335][  0]LogContentBrowser: Native class hierarchy updated for 'AddContentDialog' in 0.0010 seconds. Added 0 classes and 0 folders.
[2017.07.19-12.03.15:456][  0]LogContentBrowser: Native class hierarchy updated for 'SceneOutliner' in 0.0011 seconds. Added 1 classes and 2 folders.
[2017.07.19-12.03.15:628][  0]LogCrashTracker: Crashtracker disabled due to settings.
[2017.07.19-12.03.15:663][  0]LogSlate: Took 0.002856 seconds to synchronously load lazily loaded font '../../../Engine/Content/Slate/Fonts/Roboto-Regular.ttf' (155K)
[2017.07.19-12.03.15:669][  0]LogSlate: Took 0.001613 seconds to synchronously load lazily loaded font '../../../Engine/Content/Slate/Fonts/Roboto-Bold.ttf' (160K)
[2017.07.19-12.03.15:687][  0]LogSlate: Took 0.002109 seconds to synchronously load lazily loaded font '../../../Engine/Content/Editor/Slate/Fonts/FontAwesome.ttf' (139K)
[2017.07.19-12.03.15:777][  0]LogMaterial: Missing cached shader map for material LevelGridMaterial2, compiling. 
[2017.07.19-12.03.15:953][  0]LogRenderer: Reallocating scene render targets to support 1208x576 NumSamples 1 (Frame:1).
[2017.07.19-12.03.16:872][  0]LogContentBrowser: Native class hierarchy updated for 'HierarchicalLODOutliner' in 0.0009 seconds. Added 1 classes and 2 folders.
[2017.07.19-12.03.16:872][  0]LogLoad: (Engine Initialization) Total time: 181.38 seconds
[2017.07.19-12.03.16:872][  0]LogLoad: (Engine Initialization) Total Blueprint compile time: 0.11 seconds
[2017.07.19-12.03.16:872][  0]LogExternalProfiler: Found external profiler: VSPerf
[2017.07.19-12.03.16:872][  0]LogExternalProfiler: Using external profiler: VSPerf
[2017.07.19-12.03.17:222][  0]LogOcInput: OculusInput pre-init called
[2017.07.19-12.03.17:222][  0]LogHMD: Starting GearVRController plugin
[2017.07.19-12.03.17:258][  0]LogContentStreaming: Texture pool size now 1000 MB
[2017.07.19-12.03.17:906][  2]LogAssetRegistry: Asset discovery search completed in 35.1605 seconds
[2017.07.19-12.03.17:916][  2]LogCollectionManager: Rebuilt the object cache for 0 collections in 0.000001 seconds (found 0 objects)
[2017.07.19-12.03.17:916][  2]LogCollectionManager: Fixed up redirectors for 0 collections in 0.001169 seconds (updated 0 objects)
[2017.07.19-12.03.21:614][ 13]LogSlate: Took 0.002382 seconds to synchronously load lazily loaded font '../../../Engine/Content/Slate/Fonts/Roboto-Light.ttf' (159K)
[2017.07.19-12.04.06:982][682]Cmd: MAP LOAD FILE="D:/Github/Masterarbeit/Content/VirtualRealityBP/Maps/PrototypeMap.umap" TEMPLATE=0 SHOWPROGRESS=1 FEATURELEVEL=3
[2017.07.19-12.04.06:989][682]LogSlate: Took 0.000190 seconds to synchronously load lazily loaded font '../../../Engine/Content/Slate/Fonts/Roboto-Light.ttf' (159K)
[2017.07.19-12.04.07:031][682]LightingResults: New page: Lighting Build
[2017.07.19-12.04.07:032][682]LoadErrors: New page: Loading map: PrototypeMap.umap
[2017.07.19-12.04.07:038][682]MapCheck: New page: Map Check
[2017.07.19-12.04.07:038][682]LightingResults: New page: Lighting Build
[2017.07.19-12.04.07:781][682]LogBlueprint:Warning: [Compiler BP_MotionController] Warning  ProjectPointToNavigation_DEPRECATED  is deprecated; This version of ProjectPointToNavigation is deprecated. Please use the new version
[2017.07.19-12.04.07:819][682]LogBlueprint:Warning: [Compiler BP_MotionController] Warning [0232.33] Compile of BP_MotionController successful, but with 1 Warning(s) [in 62 ms] (/Game/VirtualRealityBP/Blueprints/BP_MotionController.BP_MotionController)
[2017.07.19-12.04.07:819][682]LogBlueprint:Warning: [Compiler BP_MotionController] Warning [0232.33] Compile of BP_MotionController successful, but with 2 Warning(s) [in 0 ms] (/Game/VirtualRealityBP/Blueprints/BP_MotionController.BP_MotionController)
[2017.07.19-12.04.07:819][682]LogBlueprint:Warning: [Compiler BP_MotionController] Warning [0232.33] Compile of BP_MotionController successful, but with 3 Warning(s) [in 0 ms] (/Game/VirtualRealityBP/Blueprints/BP_MotionController.BP_MotionController)
[2017.07.19-12.04.07:857][682]LogBlueprint:Warning: [Compiler BP_MotionController] Warning  ProjectPointToNavigation_DEPRECATED  is deprecated; This version of ProjectPointToNavigation is deprecated. Please use the new version
[2017.07.19-12.04.07:894][682]LogBlueprint:Warning: [Compiler BP_MotionController] Warning [0232.40] Compile of BP_MotionController successful, but with 1 Warning(s) [in 60 ms] (/Game/VirtualRealityBP/Blueprints/BP_MotionController.BP_MotionController)
[2017.07.19-12.04.07:894][682]LogBlueprint:Warning: [Compiler BP_MotionController] Warning [0232.40] Compile of BP_MotionController successful, but with 2 Warning(s) [in 0 ms] (/Game/VirtualRealityBP/Blueprints/BP_MotionController.BP_MotionController)
[2017.07.19-12.04.07:894][682]LogBlueprint:Warning: [Compiler BP_MotionController] Warning [0232.40] Compile of BP_MotionController successful, but with 3 Warning(s) [in 0 ms] (/Game/VirtualRealityBP/Blueprints/BP_MotionController.BP_MotionController)
[2017.07.19-12.04.08:134][682]LogSlate: Took 0.000201 seconds to synchronously load lazily loaded font '../../../Engine/Content/Slate/Fonts/Roboto-Regular.ttf' (155K)
[2017.07.19-12.04.08:387][682]LogStaticMesh: Building static mesh hockey_stick...
[2017.07.19-12.04.08:434][682]LogStaticMesh: Built static mesh [0.05s] /Game/hockey_stick.hockey_stick
[2017.07.19-12.04.08:445][682]LogMaterial: Missing cached shader map for material M_Sky_Panning_Clouds2, compiling. 
[2017.07.19-12.04.08:457][682]LogStaticMesh: Building static mesh puck...
[2017.07.19-12.04.09:013][682]LogStaticMesh: Built static mesh [0.56s] /Game/puck.puck
[2017.07.19-12.04.09:296][682]LogMaterial: Missing cached shader map for material Box01Mat, compiling. 
[2017.07.19-12.04.09:329][682]LogMaterial: Missing cached shader map for material Cylinder03Mat, compiling. 
[2017.07.19-12.04.09:359][682]LogMaterial: Missing cached shader map for material M_Basic_Wall, compiling. 
[2017.07.19-12.04.09:413][682]LogAIModule: Creating AISystem for world PrototypeMap
[2017.07.19-12.04.09:466][682]LogEditorServer: Finished looking for orphan Actors (0.000 secs)
[2017.07.19-12.04.09:546][682]Cmd: MAP CHECKDEP NOCLEARLOG
[2017.07.19-12.04.09:619][682]MapCheck: Info Map check complete: 0 Error(s), 0 Warning(s), took 72.856ms to complete.
[2017.07.19-12.04.09:619][682]LogFileHelpers: Loading map 'PrototypeMap' took 2.640
[2017.07.19-12.05.04:654][976]LogTemp: Repeting last play command: Selected Viewport
[2017.07.19-12.05.04:808][976]LogPlayLevel: PlayLevel: No blueprints needed recompiling
[2017.07.19-12.05.04:814][976]PIE: New page: PIE session: PrototypeMap (Jul 19, 2017, 4:05:04 PM)
[2017.07.19-12.05.04:814][976]LogPlayLevel: Creating play world package: /Game/VirtualRealityBP/Maps/UEDPIE_0_PrototypeMap
[2017.07.19-12.05.04:821][976]LogPlayLevel: PIE: StaticDuplicateObject took: (0.006243s)
[2017.07.19-12.05.04:821][976]LogAIModule: Creating AISystem for world PrototypeMap
[2017.07.19-12.05.04:822][976]LogPlayLevel: PIE: World Init took: (0.001097s)
[2017.07.19-12.05.04:824][976]LogPlayLevel: PIE: Created PIE world by copying editor world from /Game/VirtualRealityBP/Maps/PrototypeMap.PrototypeMap to /Game/VirtualRealityBP/Maps/UEDPIE_0_PrototypeMap.PrototypeMap (0.009218s)
[2017.07.19-12.05.04:865][976]LogInit: XAudio2 using 'Lautsprecher (Realtek High Definition Audio(SST))' : 2 channels at 48 kHz using 32 bits per sample (channel mask 0x3)
[2017.07.19-12.05.04:889][976]LogInit: FAudioDevice initialized.
[2017.07.19-12.05.04:942][976]LogUObjectGlobals:Warning: Failed to find object 'Class None.'
[2017.07.19-12.05.04:943][976]LogLoad: Game class is 'GameModeBase'
[2017.07.19-12.05.04:955][976]LogWorld: Bringing World /Game/VirtualRealityBP/Maps/UEDPIE_0_PrototypeMap.PrototypeMap up for play (max tick rate 60) at 2017.07.19-14.05.04
[2017.07.19-12.05.04:959][976]LogWorld: Bringing up level for play took: 0.006260
[2017.07.19-12.05.05:053][976]LogContentBrowser: Native class hierarchy updated for 'MovieSceneCapture' in 0.0011 seconds. Added 11 classes and 0 folders.
[2017.07.19-12.05.05:068][976]PIE: Info Play in editor start time for /Game/VirtualRealityBP/Maps/UEDPIE_0_PrototypeMap 0.121
[2017.07.19-12.05.05:659][  8]LogBlueprintUserMessages: [TriggerBoxGoal_Blueprint] box
[2017.07.19-12.07.24:876][297]LogSlate: Took 0.000254 seconds to synchronously load lazily loaded font '../../../Engine/Content/Slate/Fonts/Roboto-Light.ttf' (159K)
