Log file open, 08/31/17 10:49:23
LogWindows: LoadLibraryWithSearchPaths failed for file aqProf.dll. GetLastError=0
LogWindows: LoadLibraryWithSearchPaths failed for file VSPerf140.dll. GetLastError=0
LogWindows: LoadLibraryWithSearchPaths failed for file VtuneApi.dll. GetLastError=0
LogWindows: LoadLibraryWithSearchPaths failed for file VtuneApi32e.dll. GetLastError=0
LogInit: Display: Running engine for game: DSHockeyGame
LogPlatformFile: Not using cached read wrapper
LogInit: Display: RandInit(1109855865) SRandInit(1109855865).
LogTaskGraph: Started task graph with 5 named threads and 20 total threads with 3 sets of task threads.
LogStats: Stats thread started at 0.228823
LogD3D11RHI: Aftermath initialized
LogPluginManager: Mounting plugin Paper2D
LogPluginManager: Mounting plugin LightPropagationVolume
LogPluginManager: Mounting plugin CodeLiteSourceCodeAccess
LogPluginManager: Mounting plugin GitSourceControl
LogPluginManager: Mounting plugin KDevelopSourceCodeAccess
LogPluginManager: Mounting plugin NullSourceCodeAccess
LogPluginManager: Mounting plugin PerforceSourceControl
LogPluginManager: Mounting plugin SubversionSourceControl
LogPluginManager: Mounting plugin UObjectPlugin
LogPluginManager: Mounting plugin VisualStudioSourceCodeAccess
LogPluginManager: Mounting plugin XCodeSourceCodeAccess
LogPluginManager: Mounting plugin AssetManagerEditor
LogPluginManager: Mounting plugin AudioCapture
LogPluginManager: Mounting plugin FacialAnimation
LogPluginManager: Mounting plugin GameplayTagsEditor
LogPluginManager: Mounting plugin MobileLauncherProfileWizard
LogPluginManager: Mounting plugin PluginBrowser
LogPluginManager: Mounting plugin SpeedTreeImporter
LogPluginManager: Mounting plugin AlembicImporter
LogPluginManager: Mounting plugin CharacterAI
LogPluginManager: Mounting plugin HTML5Networking
LogPluginManager: Mounting plugin AndroidMedia
LogPluginManager: Mounting plugin AvfMedia
LogPluginManager: Mounting plugin MediaPlayerEditor
LogPluginManager: Mounting plugin WmfMedia
LogPluginManager: Mounting plugin TcpMessaging
LogPluginManager: Mounting plugin UdpMessaging
LogPluginManager: Mounting plugin LevelSequenceEditor
LogPluginManager: Mounting plugin MatineeToLevelSequence
LogPluginManager: Mounting plugin OnlineSubsystemGooglePlay
LogPluginManager: Mounting plugin OnlineSubsystemIOS
LogPluginManager: Mounting plugin OnlineSubsystem
LogPluginManager: Mounting plugin OnlineSubsystemNull
LogPluginManager: Mounting plugin OnlineSubsystemUtils
LogPluginManager: Mounting plugin AndroidDeviceProfileSelector
LogPluginManager: Mounting plugin AndroidMoviePlayer
LogPluginManager: Mounting plugin AndroidPermission
LogPluginManager: Mounting plugin AppleMoviePlayer
LogPluginManager: Mounting plugin ArchVisCharacter
LogPluginManager: Mounting plugin CableComponent
LogPluginManager: Mounting plugin CustomMeshComponent
LogPluginManager: Mounting plugin ExampleDeviceProfileSelector
LogPluginManager: Mounting plugin GoogleCloudMessaging
LogPluginManager: Mounting plugin ImmediatePhysics
LogPluginManager: Mounting plugin IOSDeviceProfileSelector
LogPluginManager: Mounting plugin LinuxDeviceProfileSelector
LogPluginManager: Mounting plugin LocationServicesBPLibrary
LogPluginManager: Mounting plugin MobilePatchingUtils
LogPluginManager: Mounting plugin OculusVR
LogPluginManager: Mounting plugin PhysXVehicles
LogPluginManager: Mounting plugin ProceduralMeshComponent
LogPluginManager: Mounting plugin RuntimePhysXCooking
LogPluginManager: Mounting plugin SteamVR
LogPluginManager: Mounting plugin WindowsMoviePlayer
LogInit: Using libcurl 7.47.1
LogInit:  - built for x86_64-pc-win32
LogInit:  - supports SSL with OpenSSL/1.0.2g
LogInit:  - supports HTTP deflate (compression) using libz 1.2.8
LogInit:  - other features:
LogInit:      CURL_VERSION_SSL
LogInit:      CURL_VERSION_LIBZ
LogInit:      CURL_VERSION_IPV6
LogInit:      CURL_VERSION_ASYNCHDNS
LogInit:      CURL_VERSION_LARGEFILE
LogInit:      CURL_VERSION_IDN
LogInit:  CurlRequestOptions (configurable via config and command line):
LogInit:  - bVerifyPeer = false  - Libcurl will NOT verify peer certificate
LogInit:  - bUseHttpProxy = false  - Libcurl will NOT use HTTP proxy
LogInit:  - bDontReuseConnections = false  - Libcurl will reuse connections
LogInit:  - CertBundlePath = nullptr  - Libcurl will use whatever was configured at build time.
LogInit: Build: ++UE4+Release-4.17-CL-3586342
LogInit: Engine Version: 4.17.1-3586342+++UE4+Release-4.17
LogInit: Compatible Engine Version: 4.17.0-3573198+++UE4+Release-4.17
LogInit: Net CL: 3573198
LogDevObjectVersion: Number of dev versions registered: 16
LogDevObjectVersion:   Dev-Blueprints (B0D832E4-1F89-4F0D-ACCF-7EB736FD4AA2): 10
LogDevObjectVersion:   Dev-Build (E1C64328-A22C-4D53-A36C-8E866417BD8C): 0
LogDevObjectVersion:   Dev-Core (375EC13C-06E4-48FB-B500-84F0262A717E): 2
LogDevObjectVersion:   Dev-Editor (E4B068ED-F494-42E9-A231-DA0B2E46BB41): 20
LogDevObjectVersion:   Dev-Framework (CFFC743F-43B0-4480-9391-14DF171D2073): 28
LogDevObjectVersion:   Dev-Mobile (B02B49B5-BB20-44E9-A304-32B752E40360): 0
LogDevObjectVersion:   Dev-Networking (A4E4105C-59A1-49B5-A7C5-40C4547EDFEE): 0
LogDevObjectVersion:   Dev-Online (39C831C9-5AE6-47DC-9A44-9C173E1C8E7C): 0
LogDevObjectVersion:   Dev-Physics (78F01B33-EBEA-4F98-B9B4-84EACCB95AA2): 0
LogDevObjectVersion:   Dev-Platform (6631380F-2D4D-43E0-8009-CF276956A95A): 0
LogDevObjectVersion:   Dev-Rendering (12F88B9F-8875-4AFC-A67C-D90C383ABD29): 19
LogDevObjectVersion:   Dev-Sequencer (7B5AE74C-D270-4C10-A958-57980B212A5A): 4
LogDevObjectVersion:   Dev-VR (D7296918-1DD6-4BDD-9DE2-64A83CC13884): 0
LogDevObjectVersion:   Dev-LoadTimes (C2A15278-BFE7-4AFE-6C17-90FF531DF755): 1
LogDevObjectVersion:   Private-Geometry (6EACA3D4-40EC-4CC1-B786-8BED09428FC5): 1
LogDevObjectVersion:   Dev-AnimPhys (29E575DD-E0A3-4627-9D10-D276232CDCEA): 7
LogInit: Compiled (64-bit): Aug 15 2017 02:05:26
LogInit: Compiled with Visual C++: 19.00.24215.01
LogInit: Build Configuration: Development
LogInit: Branch Name: ++UE4+Release-4.17
LogInit: Command line:  
LogInit: Base directory: D:/UE_4.17/Engine/Binaries/Win64/
LogInit: Installed Engine Build: 1
LogInit: Presizing for max 8388607 objects, including 0 objects not considered by GC, pre-allocating 0 bytes for permanent pool.
LogInit: Object subsystem initialized
[2017.08.31-08.49.24:248][  0]LogInit: Selected Device Profile: [Windows]
[2017.08.31-08.49.24:248][  0]LogInit: Applying CVar settings loaded from the selected device profile: [Windows]
[2017.08.31-08.49.24:257][  0]LogInit: Computer: PC1011604140
[2017.08.31-08.49.24:257][  0]LogInit: User: LocalAdmin
[2017.08.31-08.49.24:257][  0]LogInit: CPU Page size=4096, Cores=6
[2017.08.31-08.49.24:257][  0]LogInit: High frequency timer resolution =3.220795 MHz
[2017.08.31-08.49.24:258][  0]LogMemory: Memory total: Physical=15.9GB (16GB approx)
[2017.08.31-08.49.24:258][  0]LogMemory: Platform Memory Stats for Windows
[2017.08.31-08.49.24:258][  0]LogMemory: Process Physical Memory: 279.30 MB used, 279.30 MB peak
[2017.08.31-08.49.24:258][  0]LogMemory: Process Virtual Memory: 280.98 MB used, 280.98 MB peak
[2017.08.31-08.49.24:258][  0]LogMemory: Physical Memory: 3756.91 MB used,  12538.03 MB free, 16294.94 MB total
[2017.08.31-08.49.24:258][  0]LogMemory: Virtual Memory: 681.23 MB used,  12538.03 MB free, 134217728.00 MB total
[2017.08.31-08.49.24:360][  0]LogInit: Using OS detected language (de-DE).
[2017.08.31-08.49.24:360][  0]LogInit: Using OS detected locale (de-DE).
[2017.08.31-08.49.24:363][  0]LogTextLocalizationManager: No localization for 'de-DE' exists, so 'en' will be used for the language.
[2017.08.31-08.49.24:364][  0]LogTextLocalizationManager: No localization for 'de-DE' exists, so 'en' will be used for the locale.
[2017.08.31-08.49.25:025][  0]LogD3D11RHI: D3D11 adapters:
[2017.08.31-08.49.25:045][  0]LogD3D11RHI:    0. 'NVIDIA GeForce GTX 980 Ti' (Feature Level 11_0)
[2017.08.31-08.49.25:045][  0]LogD3D11RHI:       6102/0/8147 MB DedicatedVideo/DedicatedSystem/SharedSystem, Outputs:1, VendorId:0x10de
[2017.08.31-08.49.25:046][  0]LogD3D11RHI:    1. 'Microsoft Basic Render Driver' (Feature Level 11_0)
[2017.08.31-08.49.25:046][  0]LogD3D11RHI:       0/0/8147 MB DedicatedVideo/DedicatedSystem/SharedSystem, Outputs:0, VendorId:0x1414
[2017.08.31-08.49.25:046][  0]LogD3D11RHI: Chosen D3D11 Adapter: 0
[2017.08.31-08.49.25:049][  0]LogD3D11RHI: Creating new Direct3DDevice
[2017.08.31-08.49.25:049][  0]LogD3D11RHI:     GPU DeviceId: 0x17c8 (for the marketing name, search the web for "GPU Device Id")
[2017.08.31-08.49.25:049][  0]LogWindows: EnumDisplayDevices:
[2017.08.31-08.49.25:049][  0]LogWindows:    0. 'NVIDIA GeForce GTX 980 Ti' (P:1 D:1)
[2017.08.31-08.49.25:049][  0]LogWindows:    1. 'NVIDIA GeForce GTX 980 Ti' (P:0 D:0)
[2017.08.31-08.49.25:050][  0]LogWindows:    2. 'NVIDIA GeForce GTX 980 Ti' (P:0 D:0)
[2017.08.31-08.49.25:050][  0]LogWindows:    3. 'NVIDIA GeForce GTX 980 Ti' (P:0 D:0)
[2017.08.31-08.49.25:050][  0]LogWindows: DebugString: FoundDriverCount:4 
[2017.08.31-08.49.25:050][  0]LogD3D11RHI:     Adapter Name: NVIDIA GeForce GTX 980 Ti
[2017.08.31-08.49.25:050][  0]LogD3D11RHI:   Driver Version: 376.53 (internal:21.21.13.7653, unified:376.53)
[2017.08.31-08.49.25:050][  0]LogD3D11RHI:      Driver Date: 12-29-2016
[2017.08.31-08.49.25:050][  0]LogRHI: Texture pool is 1361 MB (70% of 1945 MB)
[2017.08.31-08.49.25:064][  0]LogD3D11RHI: Async texture creation enabled
[2017.08.31-08.49.25:074][  0]LogD3D11RHI: GPU Timing Frequency: 1000.000000 (Debug: 2 1)
[2017.08.31-08.49.25:122][  0]LogShaderCompilers: Guid format shader working directory is 4 characters bigger than the processId version (../../../../MA Daniel Schmidl/Masterarbeit 4.17/Intermediate/Shaders/WorkingDirectory/5360/).
[2017.08.31-08.49.25:122][  0]LogShaderCompilers: Cleaned the shader compiler working directory 'C:/Users/LocalAdmin/AppData/Local/Temp/UnrealShaderWorkingDir/8E370F8C45B5C1321F75EFBDDCB748A2/'.
[2017.08.31-08.49.25:122][  0]LogShaderCompilers: Display: Using Local Shader Compiler.
[2017.08.31-08.49.25:992][  0]LogTemp: Display: Loaded TP AllDesktopTargetPlatform
[2017.08.31-08.49.26:030][  0]LogTemp: Display: Loaded TP MacClientTargetPlatform
[2017.08.31-08.49.26:067][  0]LogTemp: Display: Loaded TP MacNoEditorTargetPlatform
[2017.08.31-08.49.26:106][  0]LogTemp: Display: Loaded TP MacServerTargetPlatform
[2017.08.31-08.49.26:143][  0]LogTemp: Display: Loaded TP MacTargetPlatform
[2017.08.31-08.49.26:180][  0]LogTemp: Display: Loaded TP WindowsClientTargetPlatform
[2017.08.31-08.49.26:217][  0]LogTemp: Display: Loaded TP WindowsNoEditorTargetPlatform
[2017.08.31-08.49.26:254][  0]LogTemp: Display: Loaded TP WindowsServerTargetPlatform
[2017.08.31-08.49.26:285][  0]LogTemp: Display: Loaded TP WindowsTargetPlatform
[2017.08.31-08.49.26:322][  0]LogTemp: Display: Loaded TP AndroidTargetPlatform
[2017.08.31-08.49.26:359][  0]LogTemp: Display: Loaded TP Android_ASTCTargetPlatform
[2017.08.31-08.49.26:395][  0]LogTemp: Display: Loaded TP Android_ATCTargetPlatform
[2017.08.31-08.49.26:433][  0]LogTemp: Display: Loaded TP Android_DXTTargetPlatform
[2017.08.31-08.49.26:469][  0]LogTemp: Display: Loaded TP Android_ETC1TargetPlatform
[2017.08.31-08.49.26:506][  0]LogTemp: Display: Loaded TP Android_ETC2TargetPlatform
[2017.08.31-08.49.26:579][  0]LogTemp: Display: Loaded TP Android_MultiTargetPlatform
[2017.08.31-08.49.26:579][  0]LogTemp: Display: Loaded TP Android_PVRTCTargetPlatform
[2017.08.31-08.49.26:605][  0]LogTemp: Display: Loaded TP HTML5TargetPlatform
[2017.08.31-08.49.26:676][  0]LogTemp: Display: Loaded TP IOSTargetPlatform
[2017.08.31-08.49.26:698][  0]LogTemp: Display: Loaded TP TVOSTargetPlatform
[2017.08.31-08.49.26:734][  0]LogTemp: Display: Loaded TP LinuxClientTargetPlatform
[2017.08.31-08.49.26:772][  0]LogTemp: Display: Loaded TP LinuxNoEditorTargetPlatform
[2017.08.31-08.49.26:808][  0]LogTemp: Display: Loaded TP LinuxServerTargetPlatform
[2017.08.31-08.49.26:845][  0]LogTemp: Display: Loaded TP LinuxTargetPlatform
[2017.08.31-08.49.26:845][  0]LogTargetPlatformManager: Display: Building Assets For Windows
[2017.08.31-08.49.27:151][  0]LogDerivedDataCache: Display: Max Cache Size: 512 MB
[2017.08.31-08.49.27:232][  0]LogDerivedDataCache: Loaded boot cache 0.08s 93MB C:/Users/LocalAdmin/AppData/Local/UnrealEngine/4.17/DerivedDataCache/Boot.ddc.
[2017.08.31-08.49.27:232][  0]LogDerivedDataCache: Display: Loaded Boot cache: C:/Users/LocalAdmin/AppData/Local/UnrealEngine/4.17/DerivedDataCache/Boot.ddc
[2017.08.31-08.49.27:232][  0]LogDerivedDataCache: FDerivedDataBackendGraph:  Pak pak cache file ../../../../MA Daniel Schmidl/Masterarbeit 4.17/DerivedDataCache/DDC.ddp not found, will not use a pak cache.
[2017.08.31-08.49.27:232][  0]LogDerivedDataCache: Unable to find inner node Pak for hierarchical cache Hierarchy.
[2017.08.31-08.49.27:233][  0]LogDerivedDataCache: FDerivedDataBackendGraph:  CompressedPak pak cache file ../../../../MA Daniel Schmidl/Masterarbeit 4.17/DerivedDataCache/Compressed.ddp not found, will not use a pak cache.
[2017.08.31-08.49.27:233][  0]LogDerivedDataCache: Unable to find inner node CompressedPak for hierarchical cache Hierarchy.
[2017.08.31-08.49.27:250][  0]LogDerivedDataCache: Display: Pak cache opened for reading ../../../Engine/DerivedDataCache/Compressed.ddp.
[2017.08.31-08.49.27:263][  0]LogDerivedDataCache: Using Local data cache path C:/Users/LocalAdmin/AppData/Local/UnrealEngine/Common/DerivedDataCache: Writable
[2017.08.31-08.49.27:273][  0]LogMaterial: Verifying Global Shaders for PCD3D_SM5
[2017.08.31-08.49.27:273][  0]LogSlate: Using Freetype 2.6.0
[2017.08.31-08.49.27:274][  0]LogSlate: SlateFontCache - WITH_FREETYPE: 1, WITH_HARFBUZZ: 1
[2017.08.31-08.49.27:274][  0]LogSlate: SlateFontCache - WITH_FREETYPE: 1, WITH_HARFBUZZ: 1
[2017.08.31-08.49.27:527][  0]LogAssetRegistry: FAssetRegistry took 0.0267 seconds to start up
[2017.08.31-08.49.27:628][  0]LogInit: Selected Device Profile: [Windows]
[2017.08.31-08.49.27:743][  0]LogContentStreaming: Texture pool size is 0.00 MB
[2017.08.31-08.49.27:967][  0]LogSimplygon: Simplygon DLL not present - disabling.
[2017.08.31-08.49.27:993][  0]LogMeshReduction: Using SimplygonSwarm for distributed automatic mesh merging
[2017.08.31-08.49.27:993][  0]LogMeshReduction: Using QuadricMeshReduction for automatic static mesh reduction
[2017.08.31-08.49.27:993][  0]LogMeshReduction: No automatic skeletal mesh reduction module available
[2017.08.31-08.49.27:993][  0]LogMeshReduction: No automatic mesh merging module available
[2017.08.31-08.49.27:993][  0]LogMeshMerging: No automatic mesh merging module available
[2017.08.31-08.49.28:281][  0]LogNetVersion: DSHockeyGame , NetCL: 3573198, EngineNetVer: 2, GameNetVer: 0 (Checksum: 4108346606)
[2017.08.31-08.49.28:423][  0]LogPackageLocalizationCache: Processed 5 localized package path(s) for 1 prioritized culture(s) in 0.016484 seconds
[2017.08.31-08.49.28:428][  0]LogUObjectArray: 35825 objects as part of root set at end of initial load.
[2017.08.31-08.49.28:428][  0]LogUObjectAllocator: 7529112 out of 0 bytes used by permanent object pool.
[2017.08.31-08.49.28:428][  0]LogUObjectArray: CloseDisregardForGC: 0/0 objects in disregard for GC pool
[2017.08.31-08.49.28:463][  0]LogInit: WinSock: version 1.1 (2.2), MaxSocks=32767, MaxUdp=65467
[2017.08.31-08.49.30:665][  0]LogTcpMessaging: Initializing TcpMessaging bridge
[2017.08.31-08.49.30:693][  0]LogUdpMessaging: Initializing bridge on interface 0.0.0.0:0 to multicast group 230.0.0.1:6666.
[2017.08.31-08.49.31:148][  0]LogMaterial: Uniform references updated for custom material expression Custom.
[2017.08.31-08.49.31:455][  0]SourceControl: Source control is disabled
[2017.08.31-08.49.31:456][  0]SourceControl: Source control is disabled
[2017.08.31-08.49.31:490][  0]SourceControl: Source control is disabled
[2017.08.31-08.49.31:523][  0]SourceControl: Source control is disabled
[2017.08.31-08.49.31:933][  0]LogAndroidPermission: UAndroidPermissionCallbackProxy::GetInstance
[2017.08.31-08.49.32:104][  0]LogOcInput: OculusInput pre-init called
[2017.08.31-08.49.32:298][  0]LogEngine: Initializing Engine...
[2017.08.31-08.49.32:346][  0]LogHMD: SteamVR initialized.  Driver: lighthouse  Display: LHR-F79729DE
[2017.08.31-08.49.32:577][  0]LogStats: UGameplayTagsManager::ConstructGameplayTagTree: Construct from data asset -  0.000 s
[2017.08.31-08.49.32:577][  0]LogStats: UGameplayTagsManager::ConstructGameplayTagTree: GameplayTagTreeChangedEvent.Broadcast -  0.000 s
[2017.08.31-08.49.32:658][  0]LogAIModule: Creating AISystem for world Untitled
[2017.08.31-08.49.32:674][  0]LogInit: XAudio2 using 'Lautsprecher (USB Audio Device)' : 2 channels at 44.1 kHz using 16 bits per sample (channel mask 0x3)
[2017.08.31-08.49.32:690][  0]LogInit: FAudioDevice initialized.
[2017.08.31-08.49.32:771][  0]LogDerivedDataCache: Saved boot cache 0.08s 93MB C:/Users/LocalAdmin/AppData/Local/UnrealEngine/4.17/DerivedDataCache/Boot.ddc.
[2017.08.31-08.49.32:783][  0]LogInit: Texture streaming: Enabled
[2017.08.31-08.49.32:853][  0]LogEngineSessionManager: EngineSessionManager initialized
[2017.08.31-08.49.32:853][  0]LogEngineSessionManager: EngineSessionManager sent abnormal shutdown report. Type=AbnormalShutdown, SessionId={108FDBEE-456A-8910-B342-5294C4CA376E}
[2017.08.31-08.49.33:000][  0]LogInit: Transaction tracking system initialized
[2017.08.31-08.49.33:203][  0]BlueprintLog: New page: Editor Load
[2017.08.31-08.49.33:783][  0]LocalizationService: Localization service is disabled
[2017.08.31-08.49.34:246][  0]LogConsoleResponse: Display: 
[2017.08.31-08.49.34:386][  0]LogCook: Display: Max memory allowance for cook 16384mb min free memory 0mb
[2017.08.31-08.49.34:386][  0]LogCook: Display: Mobile HDR setting 1
[2017.08.31-08.49.34:386][  0]LogGameplayTags: Display: UGameplayTagsManager::DoneAddingNativeTags. DelegateIsBound: 0
[2017.08.31-08.49.34:732][  0]LogFileCache: Scanning file cache for directory 'D:/MA Daniel Schmidl/Masterarbeit 4.17/Content/' took 0.01s
[2017.08.31-08.49.35:077][  0]SourceControl: Source control is disabled
[2017.08.31-08.49.35:077][  0]Cmd: MAP LOAD FILE="../../../../MA Daniel Schmidl/Masterarbeit 4.17/Content/VirtualRealityBP/Maps/PrototypeMap.umap" TEMPLATE=0 SHOWPROGRESS=1 FEATURELEVEL=3
[2017.08.31-08.49.35:078][  0]LightingResults: New page: Lighting Build
[2017.08.31-08.49.35:105][  0]MapCheck: New page: Map Check
[2017.08.31-08.49.35:105][  0]LightingResults: New page: Lighting Build
[2017.08.31-08.49.35:283][  0]LogBlueprint: Warning: [Compiler BP_MotionController] ProjectPointToNavigation_DEPRECATED  is deprecated; This version of ProjectPointToNavigation is deprecated. Please use the new version
[2017.08.31-08.49.35:301][  0]LogBlueprint: Warning: [Compiler BP_MotionController] [0012.37] Compile of BP_MotionController successful, but with 1 Warning(s) [in 37 ms] (/Game/VirtualRealityBP/Blueprints/BP_MotionController.BP_MotionController)
[2017.08.31-08.49.35:678][  0]LogAIModule: Creating AISystem for world PrototypeMap
[2017.08.31-08.49.35:688][  0]LogEditorServer: Finished looking for orphan Actors (0.000 secs)
[2017.08.31-08.49.35:707][  0]Cmd: MAP CHECKDEP NOCLEARLOG
[2017.08.31-08.49.35:762][  0]MapCheck: Map check complete: 0 Error(s), 0 Warning(s), took 54.889ms to complete.
[2017.08.31-08.49.35:762][  0]LogFileHelpers: Loading map 'PrototypeMap' took 0.685
[2017.08.31-08.49.35:807][  0]LogWindowsTextInputMethodSystem: Display: IME system now deactivated.
[2017.08.31-08.49.35:877][  0]LogCollectionManager: Loaded 0 collections in 0.000873 seconds
[2017.08.31-08.49.35:941][  0]LogFileCache: Scanning file cache for directory 'D:/MA Daniel Schmidl/Masterarbeit 4.17/Saved/Collections/' took 0.01s
[2017.08.31-08.49.35:941][  0]LogFileCache: Scanning file cache for directory 'D:/MA Daniel Schmidl/Masterarbeit 4.17/Content/Developers/LocalAdmin/Collections/' took 0.01s
[2017.08.31-08.49.35:941][  0]LogFileCache: Scanning file cache for directory 'D:/MA Daniel Schmidl/Masterarbeit 4.17/Content/Collections/' took 0.01s
[2017.08.31-08.49.35:941][  0]LogCollectionManager: Rebuilt the GUID cache for 0 collections in 0.000001 seconds
[2017.08.31-08.49.35:950][  0]LogContentBrowser: Native class hierarchy populated in 0.0084 seconds. Added 2386 classes and 500 folders.
[2017.08.31-08.49.35:991][  0]LogContentBrowser: Native class hierarchy updated for 'WidgetCarousel' in 0.0006 seconds. Added 0 classes and 0 folders.
[2017.08.31-08.49.36:030][  0]LogContentBrowser: Native class hierarchy updated for 'AddContentDialog' in 0.0006 seconds. Added 0 classes and 0 folders.
[2017.08.31-08.49.36:059][  0]LogContentBrowser: Native class hierarchy updated for 'SceneOutliner' in 0.0006 seconds. Added 1 classes and 2 folders.
[2017.08.31-08.49.36:079][  0]LogSlate: Took 0.000293 seconds to synchronously load lazily loaded font '../../../Engine/Content/Slate/Fonts/Roboto-Regular.ttf' (155K)
[2017.08.31-08.49.36:081][  0]LogSlate: Took 0.000272 seconds to synchronously load lazily loaded font '../../../Engine/Content/Slate/Fonts/Roboto-Bold.ttf' (160K)
[2017.08.31-08.49.36:086][  0]LogSlate: Took 0.000263 seconds to synchronously load lazily loaded font '../../../Engine/Content/Editor/Slate/Fonts/FontAwesome.ttf' (139K)
[2017.08.31-08.49.36:181][  0]LogRenderer: Reallocating scene render targets to support 1208x576 Format 26 NumSamples 1 (Frame:1).
[2017.08.31-08.49.36:219][  0]LogSlate: Took 0.000406 seconds to synchronously load lazily loaded font '../../../Engine/Content/Slate/Fonts/Roboto-Light.ttf' (159K)
[2017.08.31-08.49.36:324][  0]LogContentBrowser: Native class hierarchy updated for 'HierarchicalLODOutliner' in 0.0007 seconds. Added 1 classes and 2 folders.
[2017.08.31-08.49.36:324][  0]LogLoad: (Engine Initialization) Total time: 13.40 seconds
[2017.08.31-08.49.36:324][  0]LogLoad: (Engine Initialization) Total Blueprint compile time: 0.00 seconds
[2017.08.31-08.49.36:325][  0]LogExternalProfiler: No external profilers were discovered.  External profiling features will not be available.
[2017.08.31-08.49.36:334][  0]LogSteamVRController: Tracker device 1 is being assigned unreal hand: Special 1, for player 0
[2017.08.31-08.49.36:355][  0]LogContentStreaming: Texture pool size now 1000 MB
[2017.08.31-08.49.36:433][  1]LogAssetRegistry: Asset discovery search completed in 8.9279 seconds
[2017.08.31-08.49.36:435][  1]LogCollectionManager: Rebuilt the object cache for 0 collections in 0.000001 seconds (found 0 objects)
[2017.08.31-08.49.36:435][  1]LogCollectionManager: Fixed up redirectors for 0 collections in 0.000047 seconds (updated 0 objects)
[2017.08.31-08.49.43:804][831]Cmd: MAP LOAD FILE="../../../../MA Daniel Schmidl/Masterarbeit 4.17/Content/VirtualRealityBP/Maps/EVR_Map.umap" TEMPLATE=0 SHOWPROGRESS=1 FEATURELEVEL=3
[2017.08.31-08.49.43:807][831]LogSlate: Took 0.000168 seconds to synchronously load lazily loaded font '../../../Engine/Content/Slate/Fonts/Roboto-Light.ttf' (159K)
[2017.08.31-08.49.43:812][831]LightingResults: New page: Lighting Build
[2017.08.31-08.49.43:813][831]LoadErrors: New page: Loading map: EVR_Map.umap
[2017.08.31-08.49.43:814][831]MapCheck: New page: Map Check
[2017.08.31-08.49.43:815][831]LightingResults: New page: Lighting Build
[2017.08.31-08.49.43:915][831]LogAIModule: Creating AISystem for world EVR_Map
[2017.08.31-08.49.43:924][831]LogEditorServer: Finished looking for orphan Actors (0.000 secs)
[2017.08.31-08.49.43:963][831]Cmd: MAP CHECKDEP NOCLEARLOG
[2017.08.31-08.49.44:015][831]MapCheck: Map check complete: 0 Error(s), 0 Warning(s), took 51.617ms to complete.
[2017.08.31-08.49.44:015][831]LogFileHelpers: Loading map 'EVR_Map' took 0.212
[2017.08.31-08.49.45:408][994]LogTemp: Repeating last play command: VR Preview
[2017.08.31-08.49.45:441][994]LogPlayLevel: PlayLevel: No blueprints needed recompiling
[2017.08.31-08.49.45:441][994]PIE: New page: PIE session: EVR_Map (Aug 31, 2017, 12:49:45 PM)
[2017.08.31-08.49.45:442][994]LogPlayLevel: Creating play world package: /Game/VirtualRealityBP/Maps/UEDPIE_0_EVR_Map
[2017.08.31-08.49.45:444][994]LogPlayLevel: PIE: StaticDuplicateObject took: (0.001983s)
[2017.08.31-08.49.45:444][994]LogAIModule: Creating AISystem for world EVR_Map
[2017.08.31-08.49.45:444][994]LogPlayLevel: PIE: World Init took: (0.000587s)
[2017.08.31-08.49.45:444][994]LogPlayLevel: PIE: Created PIE world by copying editor world from /Game/VirtualRealityBP/Maps/EVR_Map.EVR_Map to /Game/VirtualRealityBP/Maps/UEDPIE_0_EVR_Map.EVR_Map (0.002795s)
[2017.08.31-08.49.45:470][994]LogInit: XAudio2 using 'Lautsprecher (USB Audio Device)' : 2 channels at 44.1 kHz using 16 bits per sample (channel mask 0x3)
[2017.08.31-08.49.45:477][994]LogInit: FAudioDevice initialized.
[2017.08.31-08.49.45:556][994]LogLoad: Game class is 'Prototype_Gamemode_C'
[2017.08.31-08.49.45:559][994]LogWorld: Bringing World /Game/VirtualRealityBP/Maps/UEDPIE_0_EVR_Map.EVR_Map up for play (max tick rate 0) at 2017.08.31-10.49.45
[2017.08.31-08.49.45:559][994]LogWorld: Bringing up level for play took: 0.002140
[2017.08.31-08.49.45:560][994]LogSpawn: Warning: SpawnActor failed because no class was specified
[2017.08.31-08.49.45:588][994]LogContentBrowser: Native class hierarchy updated for 'MovieSceneCapture' in 0.0007 seconds. Added 11 classes and 0 folders.
[2017.08.31-08.49.45:592][994]PIE: Play in editor start time for /Game/VirtualRealityBP/Maps/UEDPIE_0_EVR_Map -0.752
[2017.08.31-08.49.45:627][995]LogRenderer: Reallocating scene render targets to support 3024x1680 Format 26 NumSamples 1 (Frame:1).
[2017.08.31-08.49.54:635][721]LogWindowsTextInputMethodSystem: Display: IME system now deactivated.
[2017.08.31-08.49.54:781][722]Cmd: QUIT_EDITOR
[2017.08.31-08.49.55:156][722]LogExit: Preparing to exit.
[2017.08.31-08.49.55:845][722]LogDirectoryWatcher: A directory notification for 'D:/MA Daniel Schmidl/Masterarbeit 4.17/Content/' was aborted.
[2017.08.31-08.49.55:848][722]PIE: UWidget::RemoveFromParent() called on '/Game/VirtualRealityBP/Maps/EVR_Map.EVR_Map:None' which has no UMG parent (if it was added directly to a native Slate widget via TakeWidget() then it must be removed explicitly rather than via RemoveFromParent())
[2017.08.31-08.49.55:890][722]LogExit: Editor shut down
[2017.08.31-08.49.55:893][722]LogExit: Transaction tracking system shut down
[2017.08.31-08.49.55:995][722]LogDirectoryWatcher: A directory notification for '../../../Engine/Content/' was aborted.
[2017.08.31-08.49.55:995][722]LogDirectoryWatcher: A directory notification for '../../../../MA Daniel Schmidl/Masterarbeit 4.17/Content/' was aborted.
[2017.08.31-08.49.55:995][722]LogDirectoryWatcher: A directory notification for '../../../Engine/Plugins/2D/Paper2D/Content/' was aborted.
[2017.08.31-08.49.55:995][722]LogDirectoryWatcher: A directory notification for '../../../Engine/Plugins/Runtime/Oculus/OculusVR/Content/' was aborted.
[2017.08.31-08.49.55:995][722]LogDirectoryWatcher: A directory notification for '../../../Engine/Plugins/Runtime/Steam/SteamVR/Content/' was aborted.
[2017.08.31-08.49.56:036][722]LogExit: Object subsystem successfully closed.
[2017.08.31-08.49.56:055][722]LogD3D11RHI: Shutdown
[2017.08.31-08.49.56:055][722]LogD3D11RHI: CleanupD3DDevice
[2017.08.31-08.49.56:057][722]LogD3D11RHI: ~FD3D11DynamicRHI
[2017.08.31-08.49.56:064][722]LogModuleManager: Shutting down and abandoning module MovieSceneCapture (532)
[2017.08.31-08.49.56:064][722]LogModuleManager: Shutting down and abandoning module HierarchicalLODOutliner (530)
[2017.08.31-08.49.56:064][722]LogModuleManager: Shutting down and abandoning module SceneOutliner (528)
[2017.08.31-08.49.56:064][722]LogModuleManager: Shutting down and abandoning module AddContentDialog (526)
[2017.08.31-08.49.56:064][722]LogDirectoryWatcher: A directory notification for 'D:/UE_4.17/FeaturePacks/' was aborted.
[2017.08.31-08.49.56:064][722]LogModuleManager: Shutting down and abandoning module WidgetCarousel (525)
[2017.08.31-08.49.56:064][722]LogModuleManager: Shutting down and abandoning module EditorWidgets (522)
[2017.08.31-08.49.56:064][722]LogModuleManager: Shutting down and abandoning module CollectionManager (520)
[2017.08.31-08.49.56:064][722]LogDirectoryWatcher: A directory notification for 'D:/MA Daniel Schmidl/Masterarbeit 4.17/Content/Collections/' was aborted.
[2017.08.31-08.49.56:065][722]LogDirectoryWatcher: A directory notification for 'D:/MA Daniel Schmidl/Masterarbeit 4.17/Content/Developers/LocalAdmin/Collections/' was aborted.
[2017.08.31-08.49.56:065][722]LogDirectoryWatcher: A directory notification for 'D:/MA Daniel Schmidl/Masterarbeit 4.17/Saved/Collections/' was aborted.
[2017.08.31-08.49.56:065][722]LogModuleManager: Shutting down and abandoning module StatsViewer (518)
[2017.08.31-08.49.56:065][722]LogModuleManager: Shutting down and abandoning module FoliageEdit (516)
[2017.08.31-08.49.56:065][722]LogModuleManager: Shutting down and abandoning module LandscapeEditor (514)
[2017.08.31-08.49.56:065][722]LogModuleManager: Shutting down and abandoning module MeshPaintMode (512)
[2017.08.31-08.49.56:065][722]LogModuleManager: Shutting down and abandoning module SceneDepthPickerMode (510)
[2017.08.31-08.49.56:065][722]LogModuleManager: Shutting down and abandoning module ActorPickerMode (508)
[2017.08.31-08.49.56:065][722]LogModuleManager: Shutting down and abandoning module GeometryMode (506)
[2017.08.31-08.49.56:065][722]LogModuleManager: Shutting down and abandoning module TextureAlignMode (504)
[2017.08.31-08.49.56:065][722]LogModuleManager: Shutting down and abandoning module BspMode (502)
[2017.08.31-08.49.56:065][722]LogModuleManager: Shutting down and abandoning module PIEPreviewDeviceProfileSelector (500)
[2017.08.31-08.49.56:065][722]LogModuleManager: Shutting down and abandoning module HardwareSurvey (498)
[2017.08.31-08.49.56:065][722]LogModuleManager: Shutting down and abandoning module SequenceRecorderSections (496)
[2017.08.31-08.49.56:065][722]LogModuleManager: Shutting down and abandoning module AutomationWorker (494)
[2017.08.31-08.49.56:065][722]LogModuleManager: Shutting down and abandoning module MatineeToLevelSequence (492)
[2017.08.31-08.49.56:065][722]LogModuleManager: Shutting down and abandoning module LevelSequenceEditor (490)
[2017.08.31-08.49.56:065][722]LogModuleManager: Shutting down and abandoning module PlacementMode (489)
[2017.08.31-08.49.56:065][722]LogModuleManager: Shutting down and abandoning module WmfMediaFactory (486)
[2017.08.31-08.49.56:065][722]LogModuleManager: Shutting down and abandoning module WmfMediaEditor (484)
[2017.08.31-08.49.56:065][722]LogModuleManager: Shutting down and abandoning module AvfMediaFactory (482)
[2017.08.31-08.49.56:065][722]LogModuleManager: Shutting down and abandoning module AvfMediaEditor (480)
[2017.08.31-08.49.56:065][722]LogModuleManager: Shutting down and abandoning module AndroidMediaFactory (478)
[2017.08.31-08.49.56:065][722]LogModuleManager: Shutting down and abandoning module Media (477)
[2017.08.31-08.49.56:065][722]LogModuleManager: Shutting down and abandoning module AndroidMediaEditor (474)
[2017.08.31-08.49.56:065][722]LogModuleManager: Shutting down and abandoning module CharacterAI (472)
[2017.08.31-08.49.56:065][722]LogModuleManager: Shutting down and abandoning module AudioCapture (470)
[2017.08.31-08.49.56:065][722]LogModuleManager: Shutting down and abandoning module SequenceRecorder (469)
[2017.08.31-08.49.56:065][722]LogModuleManager: Shutting down and abandoning module SmartSnapping (466)
[2017.08.31-08.49.56:065][722]LogModuleManager: Shutting down and abandoning module SessionServices (464)
[2017.08.31-08.49.56:065][722]LogModuleManager: Shutting down and abandoning module ViewportSnapping (462)
[2017.08.31-08.49.56:065][722]LogModuleManager: Shutting down and abandoning module ViewportInteraction (460)
[2017.08.31-08.49.56:065][722]LogModuleManager: Shutting down and abandoning module ClothPainter (458)
[2017.08.31-08.49.56:065][722]LogModuleManager: Shutting down and abandoning module LogVisualizer (456)
[2017.08.31-08.49.56:065][722]LogModuleManager: Shutting down and abandoning module IntroTutorials (454)
[2017.08.31-08.49.56:065][722]LogModuleManager: Shutting down and abandoning module GameProjectGeneration (453)
[2017.08.31-08.49.56:065][722]LogModuleManager: Shutting down and abandoning module IOSPlatformEditor (450)
[2017.08.31-08.49.56:065][722]LogModuleManager: Shutting down and abandoning module HTML5PlatformEditor (448)
[2017.08.31-08.49.56:066][722]LogModuleManager: Shutting down and abandoning module AndroidPlatformEditor (446)
[2017.08.31-08.49.56:066][722]LogModuleManager: Shutting down and abandoning module AndroidDeviceDetection (445)
[2017.08.31-08.49.57:039][722]LogModuleManager: Shutting down and abandoning module WindowsPlatformEditor (442)
[2017.08.31-08.49.57:039][722]LogModuleManager: Shutting down and abandoning module IOSRuntimeSettings (440)
[2017.08.31-08.49.57:039][722]LogModuleManager: Shutting down and abandoning module AndroidRuntimeSettings (438)
[2017.08.31-08.49.57:039][722]LogModuleManager: Shutting down and abandoning module InputBindingEditor (436)
[2017.08.31-08.49.57:039][722]LogModuleManager: Shutting down and abandoning module MergeActors (434)
[2017.08.31-08.49.57:039][722]LogModuleManager: Shutting down and abandoning module SizeMap (432)
[2017.08.31-08.49.57:039][722]LogModuleManager: Shutting down and abandoning module TreeMap (430)
[2017.08.31-08.49.57:039][722]LogModuleManager: Shutting down and abandoning module ReferenceViewer (428)
[2017.08.31-08.49.57:039][722]LogModuleManager: Shutting down and abandoning module LocalizationDashboard (426)
[2017.08.31-08.49.57:039][722]LogModuleManager: Shutting down and abandoning module LocalizationService (425)
[2017.08.31-08.49.57:039][722]LogModuleManager: Shutting down and abandoning module HardwareTargeting (422)
[2017.08.31-08.49.57:039][722]LogModuleManager: Shutting down and abandoning module DeviceProfileEditor (420)
[2017.08.31-08.49.57:039][722]LogModuleManager: Shutting down and abandoning module UndoHistory (418)
[2017.08.31-08.49.57:039][722]LogModuleManager: Shutting down and abandoning module XmlParser (416)
[2017.08.31-08.49.57:039][722]LogModuleManager: Shutting down and abandoning module Blutility (414)
[2017.08.31-08.49.57:039][722]LogModuleManager: Shutting down and abandoning module ProjectSettingsViewer (412)
[2017.08.31-08.49.57:039][722]LogModuleManager: Shutting down and abandoning module ProjectTargetPlatformEditor (411)
[2017.08.31-08.49.57:040][722]LogModuleManager: Shutting down and abandoning module EditorSettingsViewer (408)
[2017.08.31-08.49.57:040][722]LogModuleManager: Shutting down and abandoning module SettingsEditor (406)
[2017.08.31-08.49.57:040][722]LogModuleManager: Shutting down and abandoning module ProjectLauncher (404)
[2017.08.31-08.49.57:040][722]LogModuleManager: Shutting down and abandoning module SessionFrontend (402)
[2017.08.31-08.49.57:040][722]LogModuleManager: Shutting down and abandoning module ProfilerClient (400)
[2017.08.31-08.49.57:040][722]LogModuleManager: Shutting down and abandoning module DeviceManager (398)
[2017.08.31-08.49.57:040][722]LogModuleManager: Shutting down and abandoning module TargetDeviceServices (397)
[2017.08.31-08.49.57:095][722]LogModuleManager: Shutting down and abandoning module AutomationController (394)
[2017.08.31-08.49.57:095][722]LogModuleManager: Shutting down and abandoning module AutomationWindow (392)
[2017.08.31-08.49.57:095][722]LogModuleManager: Shutting down and abandoning module Layers (390)
[2017.08.31-08.49.57:095][722]LogModuleManager: Shutting down and abandoning module ComponentVisualizers (388)
[2017.08.31-08.49.57:095][722]LogModuleManager: Shutting down and abandoning module DetailCustomizations (386)
[2017.08.31-08.49.57:095][722]LogModuleManager: Shutting down and abandoning module PackagesDialog (384)
[2017.08.31-08.49.57:095][722]LogModuleManager: Shutting down and abandoning module Persona (382)
[2017.08.31-08.49.57:095][722]LogModuleManager: Shutting down and abandoning module AdvancedPreviewScene (381)
[2017.08.31-08.49.57:095][722]LogModuleManager: Shutting down and abandoning module AnimGraph (379)
[2017.08.31-08.49.57:095][722]LogModuleManager: Shutting down and abandoning module Kismet (376)
[2017.08.31-08.49.57:096][722]LogModuleManager: Shutting down and abandoning module ClassViewer (374)
[2017.08.31-08.49.57:096][722]LogModuleManager: Shutting down and abandoning module Toolbox (372)
[2017.08.31-08.49.57:096][722]LogModuleManager: Shutting down and abandoning module ModuleUI (370)
[2017.08.31-08.49.57:096][722]LogModuleManager: Shutting down and abandoning module MovieSceneTools (368)
[2017.08.31-08.49.57:096][722]LogModuleManager: Shutting down and abandoning module OutputLog (366)
[2017.08.31-08.49.57:096][722]LogModuleManager: Shutting down and abandoning module GammaUI (364)
[2017.08.31-08.49.57:096][722]LogModuleManager: Shutting down and abandoning module Documentation (362)
[2017.08.31-08.49.57:096][722]LogModuleManager: Shutting down and abandoning module MovieSceneTracks (360)
[2017.08.31-08.49.57:096][722]LogModuleManager: Shutting down and abandoning module MovieScene (358)
[2017.08.31-08.49.57:096][722]LogModuleManager: Shutting down and abandoning module Niagara (356)
[2017.08.31-08.49.57:096][722]LogModuleManager: Shutting down and abandoning module NiagaraEditor (355)
[2017.08.31-08.49.57:096][722]LogModuleManager: Shutting down and abandoning module StreamingPauseRendering (352)
[2017.08.31-08.49.57:096][722]LogModuleManager: Shutting down and abandoning module LauncherPlatform (350)
[2017.08.31-08.49.57:096][722]LogModuleManager: Shutting down and abandoning module AnalyticsET (348)
[2017.08.31-08.49.57:096][722]LogModuleManager: Shutting down and abandoning module PortalServices (346)
[2017.08.31-08.49.57:096][722]LogModuleManager: Shutting down and abandoning module PortalRpc (344)
[2017.08.31-08.49.57:096][722]LogModuleManager: Shutting down and abandoning module MessagingRpc (342)
[2017.08.31-08.49.57:096][722]LogModuleManager: Shutting down and abandoning module AIModule (340)
[2017.08.31-08.49.57:096][722]LogModuleManager: Shutting down and abandoning module GameplayDebugger (339)
[2017.08.31-08.49.57:096][722]LogModuleManager: Shutting down and abandoning module AITestSuite (337)
[2017.08.31-08.49.57:096][722]LogModuleManager: Shutting down and abandoning module ProfilerService (334)
[2017.08.31-08.49.57:293][722]LogModuleManager: Shutting down and abandoning module TaskGraph (332)
[2017.08.31-08.49.57:293][722]LogModuleManager: Shutting down and abandoning module SteamVRController (330)
[2017.08.31-08.49.57:293][722]LogModuleManager: Shutting down and abandoning module ProceduralMeshComponentEditor (328)
[2017.08.31-08.49.57:293][722]LogModuleManager: Shutting down and abandoning module ProceduralMeshComponent (326)
[2017.08.31-08.49.57:293][722]LogModuleManager: Shutting down and abandoning module OculusInput (324)
[2017.08.31-08.49.57:293][722]LogModuleManager: Shutting down and abandoning module MobilePatchingUtils (322)
[2017.08.31-08.49.57:293][722]LogModuleManager: Shutting down and abandoning module CustomMeshComponent (320)
[2017.08.31-08.49.57:293][722]LogModuleManager: Shutting down and abandoning module CableComponent (318)
[2017.08.31-08.49.57:293][722]LogModuleManager: Shutting down and abandoning module ArchVisCharacter (316)
[2017.08.31-08.49.57:293][722]LogModuleManager: Shutting down and abandoning module AndroidPermission (314)
[2017.08.31-08.49.57:293][722]LogModuleManager: Shutting down and abandoning module MediaPlayerEditor (310)
[2017.08.31-08.49.57:293][722]LogModuleManager: Shutting down and abandoning module HTML5Networking (308)
[2017.08.31-08.49.57:293][722]LogModuleManager: Shutting down and abandoning module AlembicImporter (306)
[2017.08.31-08.49.57:293][722]LogModuleManager: Shutting down and abandoning module AlembicLibrary (305)
[2017.08.31-08.49.57:293][722]LogModuleManager: Shutting down and abandoning module GeometryCache (304)
[2017.08.31-08.49.57:293][722]LogModuleManager: Shutting down and abandoning module GeometryCacheEd (303)
[2017.08.31-08.49.57:293][722]LogModuleManager: Shutting down and abandoning module SpeedTreeImporter (298)
[2017.08.31-08.49.57:293][722]LogModuleManager: Shutting down and abandoning module PluginBrowser (296)
[2017.08.31-08.49.57:293][722]LogModuleManager: Shutting down and abandoning module MobileLauncherProfileWizard (294)
[2017.08.31-08.49.57:293][722]LogModuleManager: Shutting down and abandoning module VisualStudioSourceCodeAccess (292)
[2017.08.31-08.49.57:294][722]LogModuleManager: Shutting down and abandoning module DesktopPlatform (291)
[2017.08.31-08.49.57:294][722]LogModuleManager: Shutting down and abandoning module UObjectPlugin (288)
[2017.08.31-08.49.57:294][722]LogModuleManager: Shutting down and abandoning module SubversionSourceControl (286)
[2017.08.31-08.49.57:294][722]LogModuleManager: Shutting down and abandoning module PerforceSourceControl (284)
[2017.08.31-08.49.57:294][722]LogModuleManager: Shutting down and abandoning module GitSourceControl (282)
[2017.08.31-08.49.57:294][722]LogModuleManager: Shutting down and abandoning module SourceControl (281)
[2017.08.31-08.49.57:294][722]LogModuleManager: Shutting down and abandoning module LightPropagationVolumeEditor (278)
[2017.08.31-08.49.57:294][722]LogModuleManager: Shutting down and abandoning module PaperTiledImporter (276)
[2017.08.31-08.49.57:294][722]LogModuleManager: Shutting down and abandoning module PaperSpriteSheetImporter (274)
[2017.08.31-08.49.57:294][722]LogModuleManager: Shutting down and abandoning module Paper2DEditor (272)
[2017.08.31-08.49.57:294][722]LogModuleManager: Shutting down and abandoning module MeshPaint (271)
[2017.08.31-08.49.57:294][722]LogModuleManager: Shutting down and abandoning module LevelEditor (269)
[2017.08.31-08.49.57:294][722]LogModuleManager: Shutting down and abandoning module PixelInspectorModule (268)
[2017.08.31-08.49.57:295][722]LogModuleManager: Shutting down and abandoning module MainFrame (266)
[2017.08.31-08.49.57:295][722]LogModuleManager: Shutting down and abandoning module HotReload (265)
[2017.08.31-08.49.57:295][722]LogModuleManager: Shutting down and abandoning module RuntimePhysXCooking (260)
[2017.08.31-08.49.57:295][722]LogModuleManager: Shutting down and abandoning module PhysXVehiclesEditor (258)
[2017.08.31-08.49.57:295][722]LogModuleManager: Shutting down and abandoning module PhysXVehicles (256)
[2017.08.31-08.49.57:295][722]LogModuleManager: Shutting down and abandoning module OculusEditor (254)
[2017.08.31-08.49.57:295][722]LogModuleManager: Shutting down and abandoning module LocationServicesBPLibrary (252)
[2017.08.31-08.49.57:295][722]LogModuleManager: Shutting down and abandoning module ImmediatePhysicsEditor (250)
[2017.08.31-08.49.57:295][722]LogModuleManager: Shutting down and abandoning module ImmediatePhysics (248)
[2017.08.31-08.49.57:295][722]LogModuleManager: Shutting down and abandoning module UdpMessaging (246)
[2017.08.31-08.49.57:397][722]LogModuleManager: Shutting down and abandoning module TcpMessaging (244)
[2017.08.31-08.49.57:498][722]LogModuleManager: Shutting down and abandoning module GameplayTagsEditor (242)
[2017.08.31-08.49.57:498][722]LogModuleManager: Shutting down and abandoning module FacialAnimationEditor (240)
[2017.08.31-08.49.57:498][722]LogModuleManager: Shutting down and abandoning module FacialAnimation (238)
[2017.08.31-08.49.57:498][722]LogModuleManager: Shutting down and abandoning module AssetManagerEditor (236)
[2017.08.31-08.49.57:498][722]LogModuleManager: Shutting down and abandoning module GraphEditor (235)
[2017.08.31-08.49.57:498][722]LogModuleManager: Shutting down and abandoning module ContentBrowser (233)
[2017.08.31-08.49.57:499][722]LogModuleManager: Shutting down and abandoning module LightPropagationVolumeRuntime (230)
[2017.08.31-08.49.57:499][722]LogModuleManager: Shutting down and abandoning module Paper2D (228)
[2017.08.31-08.49.57:499][722]LogModuleManager: Shutting down and abandoning module WindowsMoviePlayer (226)
[2017.08.31-08.49.57:499][722]LogModuleManager: Shutting down and abandoning module WmfMedia (224)
[2017.08.31-08.49.57:499][722]LogModuleManager: Shutting down and abandoning module PacketHandler (222)
[2017.08.31-08.49.57:499][722]LogModuleManager: Shutting down and abandoning module ClothingSystemEditor (220)
[2017.08.31-08.49.57:499][722]LogModuleManager: Shutting down and abandoning module ClothingSystemRuntime (218)
[2017.08.31-08.49.57:499][722]LogModuleManager: Shutting down and abandoning module Overlay (216)
[2017.08.31-08.49.57:499][722]LogModuleManager: Shutting down and abandoning module OverlayEditor (215)
[2017.08.31-08.49.57:499][722]LogModuleManager: Shutting down and abandoning module MediaAssets (212)
[2017.08.31-08.49.57:499][722]LogModuleManager: Shutting down and abandoning module VREditor (210)
[2017.08.31-08.49.57:499][722]LogModuleManager: Shutting down and abandoning module StringTableEditor (208)
[2017.08.31-08.49.57:499][722]LogModuleManager: Shutting down and abandoning module GameplayTasksEditor (206)
[2017.08.31-08.49.57:499][722]LogModuleManager: Shutting down and abandoning module BehaviorTreeEditor (204)
[2017.08.31-08.49.57:499][722]LogModuleManager: Shutting down and abandoning module FunctionalTesting (202)
[2017.08.31-08.49.57:499][722]LogModuleManager: Shutting down and abandoning module CollisionAnalyzer (200)
[2017.08.31-08.49.57:499][722]LogModuleManager: Shutting down and abandoning module WorkspaceMenuStructure (199)
[2017.08.31-08.49.57:499][722]LogModuleManager: Shutting down and abandoning module UMG (196)
[2017.08.31-08.49.57:499][722]LogModuleManager: Shutting down and abandoning module UMGEditor (195)
[2017.08.31-08.49.57:499][722]LogModuleManager: Shutting down and abandoning module Sequencer (194)
[2017.08.31-08.49.57:499][722]LogModuleManager: Shutting down and abandoning module MessageLog (191)
[2017.08.31-08.49.57:499][722]LogModuleManager: Shutting down and abandoning module SlateReflector (186)
[2017.08.31-08.49.57:499][722]LogModuleManager: Shutting down and abandoning module Slate (184)
[2017.08.31-08.49.57:499][722]LogModuleManager: Shutting down and abandoning module EditorStyle (182)
[2017.08.31-08.49.57:501][722]LogModuleManager: Shutting down and abandoning module MRMesh (180)
[2017.08.31-08.49.57:501][722]LogModuleManager: Shutting down and abandoning module SourceCodeAccess (178)
[2017.08.31-08.49.57:501][722]LogModuleManager: Shutting down and abandoning module HeadMountedDisplay (176)
[2017.08.31-08.49.57:501][722]LogModuleManager: Shutting down and abandoning module XAudio2 (174)
[2017.08.31-08.49.57:501][722]LogModuleManager: Shutting down and abandoning module Networking (172)
[2017.08.31-08.49.57:501][722]LogModuleManager: Shutting down and abandoning module Core (168)
[2017.08.31-08.49.57:501][722]LogModuleManager: Shutting down and abandoning module KismetCompiler (164)
[2017.08.31-08.49.57:501][722]LogModuleManager: Shutting down and abandoning module LevelSequence (162)
[2017.08.31-08.49.57:501][722]LogModuleManager: Shutting down and abandoning module MeshUtilities (160)
[2017.08.31-08.49.57:501][722]LogModuleManager: Shutting down and abandoning module MeshMergeUtilities (159)
[2017.08.31-08.49.57:501][722]LogModuleManager: Shutting down and abandoning module MeshReductionInterface (158)
[2017.08.31-08.49.57:501][722]LogModuleManager: Shutting down and abandoning module SimplygonSwarm (157)
[2017.08.31-08.49.57:501][722]LogModuleManager: Shutting down and abandoning module SimplygonMeshReduction (155)
[2017.08.31-08.49.57:501][722]LogModuleManager: Shutting down and abandoning module QuadricMeshReduction (153)
[2017.08.31-08.49.57:501][722]LogModuleManager: Shutting down and abandoning module MaterialBaking (149)
[2017.08.31-08.49.57:501][722]LogModuleManager: Shutting down and abandoning module DirectoryWatcher (146)
[2017.08.31-08.49.57:502][722]LogModuleManager: Shutting down and abandoning module DerivedDataCache (144)
[2017.08.31-08.49.57:775][722]LogDerivedDataCache: Shutdown
[2017.08.31-08.49.57:775][722]LogModuleManager: Shutting down and abandoning module TargetPlatform (142)
[2017.08.31-08.49.57:775][722]LogModuleManager: Shutting down and abandoning module VulkanShaderFormat (141)
[2017.08.31-08.49.57:775][722]LogModuleManager: Shutting down and abandoning module ShaderFormatVectorVM (139)
[2017.08.31-08.49.57:775][722]LogModuleManager: Shutting down and abandoning module ShaderFormatOpenGL (137)
[2017.08.31-08.49.57:775][722]LogModuleManager: Shutting down and abandoning module ShaderFormatD3D (135)
[2017.08.31-08.49.57:775][722]LogModuleManager: Shutting down and abandoning module MetalShaderFormat (133)
[2017.08.31-08.49.57:775][722]LogModuleManager: Shutting down and abandoning module TextureFormatUncompressed (131)
[2017.08.31-08.49.57:775][722]LogModuleManager: Shutting down and abandoning module TextureFormatPVR (129)
[2017.08.31-08.49.57:775][722]LogModuleManager: Shutting down and abandoning module TextureFormatDXT (127)
[2017.08.31-08.49.57:775][722]LogModuleManager: Shutting down and abandoning module TextureFormatIntelISPCTexComp (125)
[2017.08.31-08.49.57:775][722]LogModuleManager: Shutting down and abandoning module TextureFormatASTC (123)
[2017.08.31-08.49.57:775][722]LogModuleManager: Shutting down and abandoning module ImageWrapper (122)
[2017.08.31-08.49.57:775][722]LogModuleManager: Shutting down and abandoning module TextureFormatAndroid (119)
[2017.08.31-08.49.57:775][722]LogModuleManager: Shutting down and abandoning module AudioFormatOpus (117)
[2017.08.31-08.49.57:776][722]LogModuleManager: Shutting down and abandoning module AudioFormatOgg (115)
[2017.08.31-08.49.57:776][722]LogModuleManager: Shutting down and abandoning module AudioFormatADPCM (113)
[2017.08.31-08.49.57:776][722]LogModuleManager: Shutting down and abandoning module LinuxTargetPlatform (111)
[2017.08.31-08.49.57:776][722]LogModuleManager: Shutting down and abandoning module LinuxServerTargetPlatform (109)
[2017.08.31-08.49.57:776][722]LogModuleManager: Shutting down and abandoning module LinuxNoEditorTargetPlatform (107)
[2017.08.31-08.49.57:776][722]LogModuleManager: Shutting down and abandoning module LinuxClientTargetPlatform (105)
[2017.08.31-08.49.57:776][722]LogModuleManager: Shutting down and abandoning module TVOSTargetPlatform (103)
[2017.08.31-08.49.57:776][722]LogModuleManager: Shutting down and abandoning module Messaging (101)
[2017.08.31-08.49.57:776][722]LogModuleManager: Shutting down and abandoning module IOSTargetPlatform (99)
[2017.08.31-08.49.57:776][722]LogModuleManager: Shutting down and abandoning module HTML5TargetPlatform (97)
[2017.08.31-08.49.57:776][722]LogModuleManager: Shutting down and abandoning module Android_PVRTCTargetPlatform (95)
[2017.08.31-08.49.57:776][722]LogModuleManager: Shutting down and abandoning module Android_MultiTargetPlatform (93)
[2017.08.31-08.49.57:776][722]LogModuleManager: Shutting down and abandoning module Android_ETC2TargetPlatform (91)
[2017.08.31-08.49.57:776][722]LogModuleManager: Shutting down and abandoning module Android_ETC1TargetPlatform (89)
[2017.08.31-08.49.57:776][722]LogModuleManager: Shutting down and abandoning module Android_DXTTargetPlatform (87)
[2017.08.31-08.49.57:776][722]LogModuleManager: Shutting down and abandoning module Android_ATCTargetPlatform (85)
[2017.08.31-08.49.57:776][722]LogModuleManager: Shutting down and abandoning module Android_ASTCTargetPlatform (83)
[2017.08.31-08.49.57:776][722]LogModuleManager: Shutting down and abandoning module AndroidTargetPlatform (81)
[2017.08.31-08.49.57:776][722]LogModuleManager: Shutting down and abandoning module WindowsTargetPlatform (79)
[2017.08.31-08.49.57:776][722]LogModuleManager: Shutting down and abandoning module WindowsServerTargetPlatform (77)
[2017.08.31-08.49.57:776][722]LogModuleManager: Shutting down and abandoning module WindowsNoEditorTargetPlatform (75)
[2017.08.31-08.49.57:776][722]LogModuleManager: Shutting down and abandoning module WindowsClientTargetPlatform (73)
[2017.08.31-08.49.57:776][722]LogModuleManager: Shutting down and abandoning module MacTargetPlatform (71)
[2017.08.31-08.49.57:776][722]LogModuleManager: Shutting down and abandoning module MacServerTargetPlatform (69)
[2017.08.31-08.49.57:776][722]LogModuleManager: Shutting down and abandoning module MacNoEditorTargetPlatform (67)
[2017.08.31-08.49.57:776][722]LogModuleManager: Shutting down and abandoning module MacClientTargetPlatform (65)
[2017.08.31-08.49.57:776][722]LogModuleManager: Shutting down and abandoning module AllDesktopTargetPlatform (63)
[2017.08.31-08.49.57:776][722]LogModuleManager: Shutting down and abandoning module InputCore (60)
[2017.08.31-08.49.57:776][722]LogModuleManager: Shutting down and abandoning module Settings (58)
[2017.08.31-08.49.57:776][722]LogModuleManager: Shutting down and abandoning module PhysXCooking (56)
[2017.08.31-08.49.57:776][722]LogModuleManager: Shutting down and abandoning module SteamVR (54)
[2017.08.31-08.49.57:776][722]LogModuleManager: Shutting down and abandoning module OculusHMD (52)
[2017.08.31-08.49.57:776][722]LogModuleManager: Shutting down and abandoning module ExampleDeviceProfileSelector (50)
[2017.08.31-08.49.57:776][722]LogModuleManager: Shutting down and abandoning module OnlineBlueprintSupport (48)
[2017.08.31-08.49.57:776][722]LogModuleManager: Shutting down and abandoning module OnlineSubsystem (44)
[2017.08.31-08.49.57:776][722]LogOnline: Display: Unloading online subsystem: NULL
[2017.08.31-08.49.57:776][722]LogModuleManager: Shutting down and abandoning module XMPP (43)
[2017.08.31-08.49.57:776][722]LogModuleManager: Shutting down and abandoning module HTTP (41)
[2017.08.31-08.49.57:776][722]LogHttp: Display: Http module shutting down, but needs to wait on 1 outstanding Http requests:
[2017.08.31-08.49.57:776][722]LogHttp: Display: 	verb=[POST] url=[https://datarouter.ol.epicgames.com/datarouter/api/v1/public/data?SessionID=%7BD7D8F340-46EA-B5D5-C46D-F499FF971D8E%7D&AppID=UEEditor.Rocket.Release&AppVersion=4.17.1-3586342%2B%2B%2BUE4%2BRelease-4.17&UserID=6627429149c0467dd618e39c8403c829%7C6de05fa92587480fb7882ffc140bd849%7C16e26e44-c5e4-472c-9b9e-204f442cc2d7&AppEnvironment=datacollector-binary&UploadType=eteventstream] status=Processing
[2017.08.31-08.49.57:779][722]LogModuleManager: Shutting down and abandoning module SSL (40)
[2017.08.31-08.49.57:780][722]LogModuleManager: Shutting down and abandoning module AnimationModifiers (36)
[2017.08.31-08.49.57:780][722]LogModuleManager: Shutting down and abandoning module PropertyEditor (35)
[2017.08.31-08.49.57:781][722]LogModuleManager: Shutting down and abandoning module AudioEditor (32)
[2017.08.31-08.49.57:781][722]LogModuleManager: Shutting down and abandoning module TextureCompressor (30)
[2017.08.31-08.49.57:781][722]LogModuleManager: Shutting down and abandoning module ShaderCore (28)
[2017.08.31-08.49.57:781][722]LogModuleManager: Shutting down and abandoning module Landscape (26)
[2017.08.31-08.49.57:781][722]LogModuleManager: Shutting down and abandoning module SlateRHIRenderer (24)
[2017.08.31-08.49.57:781][722]LogModuleManager: Shutting down and abandoning module OpenGLDrv (22)
[2017.08.31-08.49.57:781][722]LogModuleManager: Shutting down and abandoning module D3D11RHI (20)
[2017.08.31-08.49.57:781][722]LogModuleManager: Shutting down and abandoning module AnimGraphRuntime (18)
[2017.08.31-08.49.57:781][722]LogModuleManager: Shutting down and abandoning module Renderer (16)
[2017.08.31-08.49.57:781][722]LogModuleManager: Shutting down and abandoning module Engine (14)
[2017.08.31-08.49.57:781][722]LogModuleManager: Shutting down and abandoning module CoreUObject (12)
[2017.08.31-08.49.57:781][722]LogModuleManager: Shutting down and abandoning module NetworkFile (10)
[2017.08.31-08.49.57:781][722]LogModuleManager: Shutting down and abandoning module CookedIterativeFile (8)
[2017.08.31-08.49.57:781][722]LogModuleManager: Shutting down and abandoning module StreamingFile (6)
[2017.08.31-08.49.57:781][722]LogModuleManager: Shutting down and abandoning module SandboxFile (4)
[2017.08.31-08.49.57:781][722]LogModuleManager: Shutting down and abandoning module PakFile (2)
[2017.08.31-08.49.57:785][722]LogExit: Exiting.
[2017.08.31-08.49.57:796][722]Log file closed, 08/31/17 10:49:57
