Log file open, 09/21/17 10:51:44
LogWindows: LoadLibraryWithSearchPaths failed for file aqProf.dll. GetLastError=0
LogWindows: LoadLibraryWithSearchPaths failed for file VtuneApi.dll. GetLastError=0
LogWindows: LoadLibraryWithSearchPaths failed for file VtuneApi32e.dll. GetLastError=0
LogInit: Display: Running engine for game: DSHockeyGame
LogPlatformFile: Not using cached read wrapper
LogInit: Display: RandInit(191021226) SRandInit(191021226).
LogTaskGraph: Started task graph with 5 named threads and 8 total threads with 3 sets of task threads.
LogStats: Stats thread started at 5.158366
LogD3D11RHI: Aftermath initialized
LogPluginManager: Mounting plugin Paper2D
LogPluginManager: Mounting plugin LightPropagationVolume
LogPluginManager: Mounting plugin CodeLiteSourceCodeAccess
LogPluginManager: Mounting plugin GitSourceControl
LogPluginManager: Mounting plugin KDevelopSourceCodeAccess
LogPluginManager: Mounting plugin NullSourceCodeAccess
LogPluginManager: Mounting plugin PerforceSourceControl
LogPluginManager: Mounting plugin SubversionSourceControl
LogPluginManager: Mounting plugin UObjectPlugin
LogPluginManager: Mounting plugin VisualStudioSourceCodeAccess
LogPluginManager: Mounting plugin XCodeSourceCodeAccess
LogPluginManager: Mounting plugin AssetManagerEditor
LogPluginManager: Mounting plugin AudioCapture
LogPluginManager: Mounting plugin FacialAnimation
LogPluginManager: Mounting plugin GameplayTagsEditor
LogPluginManager: Mounting plugin MobileLauncherProfileWizard
LogPluginManager: Mounting plugin PluginBrowser
LogPluginManager: Mounting plugin SpeedTreeImporter
LogPluginManager: Mounting plugin AlembicImporter
LogPluginManager: Mounting plugin CharacterAI
LogPluginManager: Mounting plugin HTML5Networking
LogPluginManager: Mounting plugin AndroidMedia
LogPluginManager: Mounting plugin AvfMedia
LogPluginManager: Mounting plugin MediaPlayerEditor
LogPluginManager: Mounting plugin WmfMedia
LogPluginManager: Mounting plugin TcpMessaging
LogPluginManager: Mounting plugin UdpMessaging
LogPluginManager: Mounting plugin LevelSequenceEditor
LogPluginManager: Mounting plugin MatineeToLevelSequence
LogPluginManager: Mounting plugin OnlineSubsystemGooglePlay
LogPluginManager: Mounting plugin OnlineSubsystemIOS
LogPluginManager: Mounting plugin OnlineSubsystem
LogPluginManager: Mounting plugin OnlineSubsystemNull
LogPluginManager: Mounting plugin OnlineSubsystemUtils
LogPluginManager: Mounting plugin AndroidDeviceProfileSelector
LogPluginManager: Mounting plugin AndroidMoviePlayer
LogPluginManager: Mounting plugin AndroidPermission
LogPluginManager: Mounting plugin AppleMoviePlayer
LogPluginManager: Mounting plugin ArchVisCharacter
LogPluginManager: Mounting plugin CableComponent
LogPluginManager: Mounting plugin CustomMeshComponent
LogPluginManager: Mounting plugin ExampleDeviceProfileSelector
LogPluginManager: Mounting plugin GoogleCloudMessaging
LogPluginManager: Mounting plugin ImmediatePhysics
LogPluginManager: Mounting plugin IOSDeviceProfileSelector
LogPluginManager: Mounting plugin LinuxDeviceProfileSelector
LogPluginManager: Mounting plugin LocationServicesBPLibrary
LogPluginManager: Mounting plugin MobilePatchingUtils
LogPluginManager: Mounting plugin OculusVR
LogPluginManager: Mounting plugin PhysXVehicles
LogPluginManager: Mounting plugin ProceduralMeshComponent
LogPluginManager: Mounting plugin RuntimePhysXCooking
LogPluginManager: Mounting plugin SteamVR
LogPluginManager: Mounting plugin WindowsMoviePlayer
LogPluginManager: Mounting plugin VictoryBPLibrary
LogInit: Using libcurl 7.47.1
LogInit:  - built for x86_64-pc-win32
LogInit:  - supports SSL with OpenSSL/1.0.2g
LogInit:  - supports HTTP deflate (compression) using libz 1.2.8
LogInit:  - other features:
LogInit:      CURL_VERSION_SSL
LogInit:      CURL_VERSION_LIBZ
LogInit:      CURL_VERSION_IPV6
LogInit:      CURL_VERSION_ASYNCHDNS
LogInit:      CURL_VERSION_LARGEFILE
LogInit:      CURL_VERSION_IDN
LogInit:  CurlRequestOptions (configurable via config and command line):
LogInit:  - bVerifyPeer = false  - Libcurl will NOT verify peer certificate
LogInit:  - bUseHttpProxy = false  - Libcurl will NOT use HTTP proxy
LogInit:  - bDontReuseConnections = false  - Libcurl will reuse connections
LogInit:  - CertBundlePath = nullptr  - Libcurl will use whatever was configured at build time.
LogInit: Build: ++UE4+Release-4.17-CL-3586342
LogInit: Engine Version: 4.17.1-3586342+++UE4+Release-4.17
LogInit: Compatible Engine Version: 4.17.0-3573198+++UE4+Release-4.17
LogInit: Net CL: 3573198
LogDevObjectVersion: Number of dev versions registered: 16
LogDevObjectVersion:   Dev-Blueprints (B0D832E4-1F89-4F0D-ACCF-7EB736FD4AA2): 10
LogDevObjectVersion:   Dev-Build (E1C64328-A22C-4D53-A36C-8E866417BD8C): 0
LogDevObjectVersion:   Dev-Core (375EC13C-06E4-48FB-B500-84F0262A717E): 2
LogDevObjectVersion:   Dev-Editor (E4B068ED-F494-42E9-A231-DA0B2E46BB41): 20
LogDevObjectVersion:   Dev-Framework (CFFC743F-43B0-4480-9391-14DF171D2073): 28
LogDevObjectVersion:   Dev-Mobile (B02B49B5-BB20-44E9-A304-32B752E40360): 0
LogDevObjectVersion:   Dev-Networking (A4E4105C-59A1-49B5-A7C5-40C4547EDFEE): 0
LogDevObjectVersion:   Dev-Online (39C831C9-5AE6-47DC-9A44-9C173E1C8E7C): 0
LogDevObjectVersion:   Dev-Physics (78F01B33-EBEA-4F98-B9B4-84EACCB95AA2): 0
LogDevObjectVersion:   Dev-Platform (6631380F-2D4D-43E0-8009-CF276956A95A): 0
LogDevObjectVersion:   Dev-Rendering (12F88B9F-8875-4AFC-A67C-D90C383ABD29): 19
LogDevObjectVersion:   Dev-Sequencer (7B5AE74C-D270-4C10-A958-57980B212A5A): 4
LogDevObjectVersion:   Dev-VR (D7296918-1DD6-4BDD-9DE2-64A83CC13884): 0
LogDevObjectVersion:   Dev-LoadTimes (C2A15278-BFE7-4AFE-6C17-90FF531DF755): 1
LogDevObjectVersion:   Private-Geometry (6EACA3D4-40EC-4CC1-B786-8BED09428FC5): 1
LogDevObjectVersion:   Dev-AnimPhys (29E575DD-E0A3-4627-9D10-D276232CDCEA): 7
LogInit: Compiled (64-bit): Aug 15 2017 02:05:26
LogInit: Compiled with Visual C++: 19.00.24215.01
LogInit: Build Configuration: Development
LogInit: Branch Name: ++UE4+Release-4.17
LogInit: Command line:  
LogInit: Base directory: D:/UE_4.17/Engine/Binaries/Win64/
LogInit: Installed Engine Build: 1
LogInit: Presizing for max 8388607 objects, including 0 objects not considered by GC, pre-allocating 0 bytes for permanent pool.
LogInit: Object subsystem initialized
[2017.09.21-08.51.46:745][  0]LogInit: Selected Device Profile: [Windows]
[2017.09.21-08.51.46:745][  0]LogInit: Applying CVar settings loaded from the selected device profile: [Windows]
[2017.09.21-08.51.46:824][  0]LogInit: Computer: LAPTOP-ELQTR10M
[2017.09.21-08.51.46:824][  0]LogInit: User: danie
[2017.09.21-08.51.46:824][  0]LogInit: CPU Page size=4096, Cores=2
[2017.09.21-08.51.46:824][  0]LogInit: High frequency timer resolution =2.531245 MHz
[2017.09.21-08.51.46:824][  0]LogMemory: Memory total: Physical=7.9GB (8GB approx)
[2017.09.21-08.51.46:824][  0]LogMemory: Platform Memory Stats for Windows
[2017.09.21-08.51.46:824][  0]LogMemory: Process Physical Memory: 280.02 MB used, 280.02 MB peak
[2017.09.21-08.51.46:824][  0]LogMemory: Process Virtual Memory: 276.21 MB used, 276.21 MB peak
[2017.09.21-08.51.46:824][  0]LogMemory: Physical Memory: 4591.85 MB used,  3514.05 MB free, 8105.91 MB total
[2017.09.21-08.51.46:824][  0]LogMemory: Virtual Memory: 668.24 MB used,  3514.05 MB free, 134217728.00 MB total
[2017.09.21-08.51.47:959][  0]LogInit: Using OS detected language (de-DE).
[2017.09.21-08.51.47:959][  0]LogInit: Using OS detected locale (de-DE).
[2017.09.21-08.51.48:317][  0]LogTextLocalizationManager: No localization for 'de-DE' exists, so 'en' will be used for the language.
[2017.09.21-08.51.48:318][  0]LogTextLocalizationManager: No localization for 'de-DE' exists, so 'en' will be used for the locale.
[2017.09.21-08.51.51:138][  0]LogD3D11RHI: D3D11 adapters:
[2017.09.21-08.51.51:886][  0]LogD3D11RHI:    0. 'NVIDIA GeForce GTX 950M' (Feature Level 11_0)
[2017.09.21-08.51.51:886][  0]LogD3D11RHI:       4065/0/4052 MB DedicatedVideo/DedicatedSystem/SharedSystem, Outputs:2, VendorId:0x10de
[2017.09.21-08.51.51:894][  0]LogD3D11RHI:    1. 'Intel(R) HD Graphics 520' (Feature Level 11_0)
[2017.09.21-08.51.51:894][  0]LogD3D11RHI:       128/0/4052 MB DedicatedVideo/DedicatedSystem/SharedSystem, Outputs:0, VendorId:0x8086
[2017.09.21-08.51.51:894][  0]LogD3D11RHI:    2. 'Microsoft Basic Render Driver' (Feature Level 11_0)
[2017.09.21-08.51.51:894][  0]LogD3D11RHI:       0/0/4052 MB DedicatedVideo/DedicatedSystem/SharedSystem, Outputs:0, VendorId:0x1414
[2017.09.21-08.51.51:894][  0]LogD3D11RHI: Chosen D3D11 Adapter: 0
[2017.09.21-08.51.51:902][  0]LogD3D11RHI: Creating new Direct3DDevice
[2017.09.21-08.51.51:902][  0]LogD3D11RHI:     GPU DeviceId: 0x139a (for the marketing name, search the web for "GPU Device Id")
[2017.09.21-08.51.51:902][  0]LogWindows: EnumDisplayDevices:
[2017.09.21-08.51.51:902][  0]LogWindows:    0. 'Intel(R) HD Graphics 520' (P:1 D:1)
[2017.09.21-08.51.51:903][  0]LogWindows:    1. 'Intel(R) HD Graphics 520' (P:0 D:1)
[2017.09.21-08.51.51:903][  0]LogWindows:    2. 'Intel(R) HD Graphics 520' (P:0 D:0)
[2017.09.21-08.51.51:903][  0]LogWindows: DebugString: PrimaryIsNotTheChoosenAdapter PrimaryIsNotTheChoosenAdapter PrimaryIsNotTheChoosenAdapter FoundDriverCount:0 
[2017.09.21-08.51.51:903][  0]LogD3D11RHI:     Adapter Name: NVIDIA GeForce GTX 950M
[2017.09.21-08.51.51:903][  0]LogD3D11RHI:   Driver Version: Unknown (internal:Unknown, unified:Unknown)
[2017.09.21-08.51.51:903][  0]LogD3D11RHI:      Driver Date: Unknown
[2017.09.21-08.51.51:903][  0]LogRHI: Texture pool is 1361 MB (70% of 1945 MB)
[2017.09.21-08.51.52:618][  0]LogD3D11RHI: Async texture creation enabled
[2017.09.21-08.51.53:022][  0]LogD3D11RHI: GPU Timing Frequency: 1000.000000 (Debug: 2 2)
[2017.09.21-08.51.53:122][  0]LogShaderCompilers: Guid format shader working directory is 14 characters bigger than the processId version (../../../../Github/Masterarbeit/Intermediate/Shaders/WorkingDirectory/12448/).
[2017.09.21-08.51.53:123][  0]LogShaderCompilers: Cleaned the shader compiler working directory 'C:/Users/danie/AppData/Local/Temp/UnrealShaderWorkingDir/81169C25411DC8944972FE93B527A592/'.
[2017.09.21-08.51.53:134][  0]LogShaderCompilers: Display: Using Local Shader Compiler.
[2017.09.21-08.51.57:522][  0]LogTemp: Display: Loaded TP AllDesktopTargetPlatform
[2017.09.21-08.51.57:581][  0]LogTemp: Display: Loaded TP MacClientTargetPlatform
[2017.09.21-08.51.57:644][  0]LogTemp: Display: Loaded TP MacNoEditorTargetPlatform
[2017.09.21-08.51.57:698][  0]LogTemp: Display: Loaded TP MacServerTargetPlatform
[2017.09.21-08.51.57:762][  0]LogTemp: Display: Loaded TP MacTargetPlatform
[2017.09.21-08.51.57:817][  0]LogTemp: Display: Loaded TP WindowsClientTargetPlatform
[2017.09.21-08.51.57:873][  0]LogTemp: Display: Loaded TP WindowsNoEditorTargetPlatform
[2017.09.21-08.51.57:932][  0]LogTemp: Display: Loaded TP WindowsServerTargetPlatform
[2017.09.21-08.51.57:980][  0]LogTemp: Display: Loaded TP WindowsTargetPlatform
[2017.09.21-08.51.58:064][  0]LogTemp: Display: Loaded TP AndroidTargetPlatform
[2017.09.21-08.51.58:123][  0]LogTemp: Display: Loaded TP Android_ASTCTargetPlatform
[2017.09.21-08.51.58:185][  0]LogTemp: Display: Loaded TP Android_ATCTargetPlatform
[2017.09.21-08.51.58:246][  0]LogTemp: Display: Loaded TP Android_DXTTargetPlatform
[2017.09.21-08.51.58:303][  0]LogTemp: Display: Loaded TP Android_ETC1TargetPlatform
[2017.09.21-08.51.58:360][  0]LogTemp: Display: Loaded TP Android_ETC2TargetPlatform
[2017.09.21-08.51.58:483][  0]LogTemp: Display: Loaded TP Android_MultiTargetPlatform
[2017.09.21-08.51.58:483][  0]LogTemp: Display: Loaded TP Android_PVRTCTargetPlatform
[2017.09.21-08.51.58:536][  0]LogTemp: Display: Loaded TP HTML5TargetPlatform
[2017.09.21-08.51.58:778][  0]LogTemp: Display: Loaded TP IOSTargetPlatform
[2017.09.21-08.51.58:814][  0]LogTemp: Display: Loaded TP TVOSTargetPlatform
[2017.09.21-08.51.58:868][  0]LogTemp: Display: Loaded TP LinuxClientTargetPlatform
[2017.09.21-08.51.58:916][  0]LogTemp: Display: Loaded TP LinuxNoEditorTargetPlatform
[2017.09.21-08.51.58:961][  0]LogTemp: Display: Loaded TP LinuxServerTargetPlatform
[2017.09.21-08.51.59:026][  0]LogTemp: Display: Loaded TP LinuxTargetPlatform
[2017.09.21-08.51.59:027][  0]LogTargetPlatformManager: Display: Building Assets For Windows
[2017.09.21-08.52.00:662][  0]LogDerivedDataCache: Display: Max Cache Size: 512 MB
[2017.09.21-08.52.01:423][  0]LogDerivedDataCache: Loaded boot cache 0.76s 93MB C:/Users/danie/AppData/Local/UnrealEngine/4.17/DerivedDataCache/Boot.ddc.
[2017.09.21-08.52.01:423][  0]LogDerivedDataCache: Display: Loaded Boot cache: C:/Users/danie/AppData/Local/UnrealEngine/4.17/DerivedDataCache/Boot.ddc
[2017.09.21-08.52.01:423][  0]LogDerivedDataCache: FDerivedDataBackendGraph:  Pak pak cache file ../../../../Github/Masterarbeit/DerivedDataCache/DDC.ddp not found, will not use a pak cache.
[2017.09.21-08.52.01:423][  0]LogDerivedDataCache: Unable to find inner node Pak for hierarchical cache Hierarchy.
[2017.09.21-08.52.01:423][  0]LogDerivedDataCache: FDerivedDataBackendGraph:  CompressedPak pak cache file ../../../../Github/Masterarbeit/DerivedDataCache/Compressed.ddp not found, will not use a pak cache.
[2017.09.21-08.52.01:423][  0]LogDerivedDataCache: Unable to find inner node CompressedPak for hierarchical cache Hierarchy.
[2017.09.21-08.52.01:529][  0]LogDerivedDataCache: Display: Pak cache opened for reading ../../../Engine/DerivedDataCache/Compressed.ddp.
[2017.09.21-08.52.01:543][  0]LogDerivedDataCache: Using Local data cache path C:/Users/danie/AppData/Local/UnrealEngine/Common/DerivedDataCache: Writable
[2017.09.21-08.52.01:614][  0]LogMaterial: Verifying Global Shaders for PCD3D_SM5
[2017.09.21-08.52.01:661][  0]LogSlate: Using Freetype 2.6.0
[2017.09.21-08.52.01:779][  0]LogSlate: SlateFontCache - WITH_FREETYPE: 1, WITH_HARFBUZZ: 1
[2017.09.21-08.52.01:798][  0]LogSlate: SlateFontCache - WITH_FREETYPE: 1, WITH_HARFBUZZ: 1
[2017.09.21-08.52.11:576][  0]LogAssetRegistry: FAssetRegistry took 0.0402 seconds to start up
[2017.09.21-08.52.14:139][  0]LogInit: Selected Device Profile: [Windows]
[2017.09.21-08.52.17:547][  0]LogContentStreaming: Texture pool size is 0.00 MB
[2017.09.21-08.52.18:743][  0]LogSimplygon: Simplygon DLL not present - disabling.
[2017.09.21-08.52.18:827][  0]LogMeshReduction: Using SimplygonSwarm for distributed automatic mesh merging
[2017.09.21-08.52.18:827][  0]LogMeshReduction: Using QuadricMeshReduction for automatic static mesh reduction
[2017.09.21-08.52.18:827][  0]LogMeshReduction: No automatic skeletal mesh reduction module available
[2017.09.21-08.52.18:827][  0]LogMeshReduction: No automatic mesh merging module available
[2017.09.21-08.52.18:827][  0]LogMeshMerging: No automatic mesh merging module available
[2017.09.21-08.52.22:519][  0]LogNetVersion: DSHockeyGame , NetCL: 3573198, EngineNetVer: 2, GameNetVer: 0 (Checksum: 4108346606)
[2017.09.21-08.52.24:269][  0]LogPackageLocalizationCache: Processed 6 localized package path(s) for 1 prioritized culture(s) in 0.149293 seconds
[2017.09.21-08.52.24:294][  0]LogUObjectArray: 35825 objects as part of root set at end of initial load.
[2017.09.21-08.52.24:294][  0]LogUObjectAllocator: 7529104 out of 0 bytes used by permanent object pool.
[2017.09.21-08.52.24:294][  0]LogUObjectArray: CloseDisregardForGC: 0/0 objects in disregard for GC pool
[2017.09.21-08.52.24:342][  0]LogInit: WinSock: version 1.1 (2.2), MaxSocks=32767, MaxUdp=65467
[2017.09.21-08.52.50:082][  0]LogTcpMessaging: Initializing TcpMessaging bridge
[2017.09.21-08.52.50:171][  0]LogUdpMessaging: Initializing bridge on interface 0.0.0.0:0 to multicast group 230.0.0.1:6666.
[2017.09.21-08.52.53:581][  0]LogMaterial: Uniform references updated for custom material expression Custom.
[2017.09.21-08.52.54:604][  0]SourceControl: Source control is disabled
[2017.09.21-08.52.54:604][  0]SourceControl: Source control is disabled
[2017.09.21-08.52.54:717][  0]SourceControl: Source control is disabled
[2017.09.21-08.52.54:768][  0]SourceControl: Source control is disabled
[2017.09.21-08.52.55:809][  0]LogAndroidPermission: UAndroidPermissionCallbackProxy::GetInstance
[2017.09.21-08.52.56:031][  0]LogOcInput: OculusInput pre-init called
[2017.09.21-08.52.56:846][  0]LogEngine: Initializing Engine...
[2017.09.21-08.52.56:857][  0]LogHMD: Failed to initialize OpenVR with code 110
[2017.09.21-08.52.57:811][  0]LogStats: UGameplayTagsManager::ConstructGameplayTagTree: Construct from data asset -  0.000 s
[2017.09.21-08.52.57:811][  0]LogStats: UGameplayTagsManager::ConstructGameplayTagTree: GameplayTagTreeChangedEvent.Broadcast -  0.000 s
[2017.09.21-08.52.58:405][  0]LogAIModule: Creating AISystem for world Untitled
[2017.09.21-08.52.58:574][  0]LogInit: XAudio2 using 'Lautsprecher (Realtek High Definition Audio(SST))' : 2 channels at 48 kHz using 32 bits per sample (channel mask 0x3)
[2017.09.21-08.52.58:585][  0]LogInit: FAudioDevice initialized.
[2017.09.21-08.52.58:714][  0]LogDerivedDataCache: Saved boot cache 0.13s 93MB C:/Users/danie/AppData/Local/UnrealEngine/4.17/DerivedDataCache/Boot.ddc.
[2017.09.21-08.52.58:728][  0]LogInit: Texture streaming: Enabled
[2017.09.21-08.52.58:921][  0]LogEngineSessionManager: EngineSessionManager initialized
[2017.09.21-08.52.59:676][  0]LogInit: Transaction tracking system initialized
[2017.09.21-08.53.00:307][  0]BlueprintLog: New page: Editor Load
[2017.09.21-08.53.02:140][  0]LocalizationService: Localization service is disabled
[2017.09.21-08.53.03:484][  0]LogConsoleResponse: Display: 
[2017.09.21-08.53.07:744][  0]LogFileCache: Scanning file cache for directory 'D:/Github/Masterarbeit/Content/' took 0.01s
[2017.09.21-08.53.07:745][  0]LogCook: Display: Max memory allowance for cook 16384mb min free memory 0mb
[2017.09.21-08.53.07:745][  0]LogCook: Display: Mobile HDR setting 1
[2017.09.21-08.53.07:817][  0]LogGameplayTags: Display: UGameplayTagsManager::DoneAddingNativeTags. DelegateIsBound: 0
[2017.09.21-08.53.10:107][  0]SourceControl: Source control is disabled
[2017.09.21-08.53.10:170][  0]Cmd: MAP LOAD FILE="../../../../Github/Masterarbeit/Content/VirtualRealityBP/Maps/PrototypeMap.umap" TEMPLATE=0 SHOWPROGRESS=1 FEATURELEVEL=3
[2017.09.21-08.53.10:224][  0]LightingResults: New page: Lighting Build
[2017.09.21-08.53.10:383][  0]MapCheck: New page: Map Check
[2017.09.21-08.53.10:383][  0]LightingResults: New page: Lighting Build
[2017.09.21-08.53.11:823][  0]LogBlueprint: Warning: [Compiler BP_MotionController] ProjectPointToNavigation_DEPRECATED  is deprecated; This version of ProjectPointToNavigation is deprecated. Please use the new version
[2017.09.21-08.53.11:844][  0]LogBlueprint: Warning: [Compiler BP_MotionController] [0102.42] Compile of BP_MotionController successful, but with 1 Warning(s) [in 88 ms] (/Game/VirtualRealityBP/Blueprints/BP_MotionController.BP_MotionController)
[2017.09.21-08.53.13:514][  0]LogAIModule: Creating AISystem for world PrototypeMap
[2017.09.21-08.53.13:997][  0]LogEditorServer: Finished looking for orphan Actors (0.000 secs)
[2017.09.21-08.53.14:133][  0]Cmd: MAP CHECKDEP NOCLEARLOG
[2017.09.21-08.53.14:171][  0]MapCheck: Map check complete: 0 Error(s), 0 Warning(s), took 37.504ms to complete.
[2017.09.21-08.53.14:171][  0]LogFileHelpers: Loading map 'PrototypeMap' took 4.036
[2017.09.21-08.53.15:691][  0]LogCollectionManager: Loaded 0 collections in 0.001131 seconds
[2017.09.21-08.53.15:910][  0]LogFileCache: Scanning file cache for directory 'D:/Github/Masterarbeit/Saved/Collections/' took 0.01s
[2017.09.21-08.53.15:910][  0]LogFileCache: Scanning file cache for directory 'D:/Github/Masterarbeit/Content/Developers/danie/Collections/' took 0.01s
[2017.09.21-08.53.15:910][  0]LogFileCache: Scanning file cache for directory 'D:/Github/Masterarbeit/Content/Collections/' took 0.01s
[2017.09.21-08.53.15:910][  0]LogCollectionManager: Rebuilt the GUID cache for 0 collections in 0.000001 seconds
[2017.09.21-08.53.15:928][  0]LogContentBrowser: Native class hierarchy populated in 0.0168 seconds. Added 2392 classes and 503 folders.
[2017.09.21-08.53.16:000][  0]LogContentBrowser: Native class hierarchy updated for 'WidgetCarousel' in 0.0006 seconds. Added 0 classes and 0 folders.
[2017.09.21-08.53.17:148][  0]LogContentBrowser: Native class hierarchy updated for 'AddContentDialog' in 0.0006 seconds. Added 0 classes and 0 folders.
[2017.09.21-08.53.17:275][  0]LogContentBrowser: Native class hierarchy updated for 'SceneOutliner' in 0.0007 seconds. Added 1 classes and 2 folders.
[2017.09.21-08.53.19:142][  0]LogSlate: Took 0.021651 seconds to synchronously load lazily loaded font '../../../Engine/Content/Slate/Fonts/Roboto-Regular.ttf' (155K)
[2017.09.21-08.53.19:173][  0]LogSlate: Took 0.017231 seconds to synchronously load lazily loaded font '../../../Engine/Content/Slate/Fonts/Roboto-Bold.ttf' (160K)
[2017.09.21-08.53.19:247][  0]LogSlate: Took 0.017655 seconds to synchronously load lazily loaded font '../../../Engine/Content/Editor/Slate/Fonts/FontAwesome.ttf' (139K)
[2017.09.21-08.53.19:721][  0]LogRenderer: Reallocating scene render targets to support 1208x564 Format 26 NumSamples 1 (Frame:1).
[2017.09.21-08.53.20:669][  0]LogContentBrowser: Native class hierarchy updated for 'HierarchicalLODOutliner' in 0.0010 seconds. Added 1 classes and 2 folders.
[2017.09.21-08.53.20:670][  0]LogLoad: (Engine Initialization) Total time: 111.24 seconds
[2017.09.21-08.53.20:670][  0]LogLoad: (Engine Initialization) Total Blueprint compile time: 0.00 seconds
[2017.09.21-08.53.20:670][  0]LogExternalProfiler: Found external profiler: VSPerf
[2017.09.21-08.53.20:670][  0]LogExternalProfiler: Using external profiler: VSPerf
[2017.09.21-08.53.20:743][  0]LogEditorViewport: Clicking on Actor (LMB): Field_BP_C (Field)
[2017.09.21-08.53.21:019][  0]LogContentStreaming: Texture pool size now 1000 MB
[2017.09.21-08.53.21:558][  2]LogAssetRegistry: Asset discovery search completed in 70.0045 seconds
[2017.09.21-08.53.21:560][  2]LogCollectionManager: Rebuilt the object cache for 0 collections in 0.000003 seconds (found 0 objects)
[2017.09.21-08.53.21:560][  2]LogCollectionManager: Fixed up redirectors for 0 collections in 0.000078 seconds (updated 0 objects)
[2017.09.21-09.03.39:642][248]LogSlate: Took 0.018478 seconds to synchronously load lazily loaded font '../../../Engine/Content/Slate/Fonts/Roboto-Light.ttf' (159K)
[2017.09.21-09.03.40:285][248]LogSlate: Took 0.013035 seconds to synchronously load lazily loaded font '../../../Engine/Content/Slate/Fonts/Roboto-Regular.ttf' (155K)
[2017.09.21-09.03.40:673][248]LogContentBrowser: Native class hierarchy updated for 'BlueprintGraph' in 0.0011 seconds. Added 113 classes and 0 folders.
[2017.09.21-09.03.42:526][248]LogSlate: Took 0.017234 seconds to synchronously load lazily loaded font '../../../Engine/Content/Editor/Slate/Fonts/Roboto-BoldCondensed.ttf' (158K)
[2017.09.21-09.03.43:214][249]LogSlate: Took 0.011796 seconds to synchronously load lazily loaded font '../../../Engine/Content/Editor/Slate/Fonts/Roboto-Italic.ttf' (157K)
[2017.09.21-09.04.32:347][495]LogSlate: Took 0.008954 seconds to synchronously load lazily loaded font '../../../Engine/Content/Slate/Fonts/Roboto-Light.ttf' (159K)
[2017.09.21-09.04.33:715][557]Cmd: MAP LOAD FILE="../../../../Github/Masterarbeit/Content/VirtualRealityBP/Maps/EVR_Map.umap" TEMPLATE=0 SHOWPROGRESS=1 FEATURELEVEL=3
[2017.09.21-09.04.33:765][557]LightingResults: New page: Lighting Build
[2017.09.21-09.04.33:768][557]LoadErrors: New page: Loading map: EVR_Map.umap
[2017.09.21-09.04.33:772][557]MapCheck: New page: Map Check
[2017.09.21-09.04.33:772][557]LightingResults: New page: Lighting Build
[2017.09.21-09.04.35:944][557]LogAIModule: Creating AISystem for world EVR_Map
[2017.09.21-09.04.36:119][557]LogEditorServer: Finished looking for orphan Actors (0.000 secs)
[2017.09.21-09.04.36:197][557]Cmd: MAP CHECKDEP NOCLEARLOG
[2017.09.21-09.04.36:241][557]MapCheck: Map check complete: 0 Error(s), 0 Warning(s), took 44.967ms to complete.
[2017.09.21-09.04.36:241][557]LogFileHelpers: Loading map 'EVR_Map' took 2.529
[2017.09.21-09.04.40:728][696]LogEditorViewport: Clicking on Actor (LMB): EVR_3D_Menu_2_C (EVR_3D_Menu_2)
[2017.09.21-09.04.41:565][719]LogEditorViewport: Clicking on Actor (LMB): Puck_BP_C (Puck_BP)
[2017.09.21-09.05.25:405][295]LogBlueprint: Warning: [Puck_BP] 'TestTextArray' variable not found. Base class was probably changed.
[2017.09.21-09.05.25:405][295]LogBlueprint: Warning: [Puck_BP] 'SaveDirectory' variable not found. Base class was probably changed.
[2017.09.21-09.06.42:415][456]LogSlate: Took 0.021262 seconds to synchronously load lazily loaded font '../../../Engine/Content/Editor/Slate/Fonts/Roboto-BoldCondensedItalic.ttf' (160K)
[2017.09.21-09.08.19:585][573]BlueprintLog: New page: Compile Puck_BP
[2017.09.21-09.11.00:866][445]BlueprintLog: New page: Compile Puck_BP
[2017.09.21-09.11.05:991][513]Cmd: OBJ SAVEPACKAGE PACKAGE="/Game/VirtualRealityBP/Blueprints/Puck_BP" FILE="../../../../Github/Masterarbeit/Content/VirtualRealityBP/Blueprints/Puck_BP.uasset" SILENT=true
[2017.09.21-09.11.06:374][513]LogSavePackage: Save=216.54ms
[2017.09.21-09.11.06:374][513]LogSavePackage: Moving '../../../../Github/Masterarbeit/Saved/Puck_BPCE7BBAD74DEB0A155A2DC89C80D32AE3.tmp' to '../../../../Github/Masterarbeit/Content/VirtualRealityBP/Blueprints/Puck_BP.uasset'
[2017.09.21-09.11.06:388][513]LogSavePackage: Display: Finished SavePackage ../../../../Github/Masterarbeit/Content/VirtualRealityBP/Blueprints/Puck_BP.uasset
[2017.09.21-09.11.16:803][649]LogTemp: Repeating last play command: Selected Viewport
[2017.09.21-09.11.17:114][649]LogPlayLevel: PlayLevel: No blueprints needed recompiling
[2017.09.21-09.11.17:213][649]PIE: New page: PIE session: EVR_Map (Sep 21, 2017, 1:11:17 PM)
[2017.09.21-09.11.17:257][649]LogPlayLevel: Creating play world package: /Game/VirtualRealityBP/Maps/UEDPIE_0_EVR_Map
[2017.09.21-09.11.17:310][649]LogPlayLevel: PIE: StaticDuplicateObject took: (0.053735s)
[2017.09.21-09.11.17:311][649]LogAIModule: Creating AISystem for world EVR_Map
[2017.09.21-09.11.17:311][649]LogPlayLevel: PIE: World Init took: (0.000931s)
[2017.09.21-09.11.17:326][649]LogPlayLevel: PIE: Created PIE world by copying editor world from /Game/VirtualRealityBP/Maps/EVR_Map.EVR_Map to /Game/VirtualRealityBP/Maps/UEDPIE_0_EVR_Map.EVR_Map (0.069504s)
[2017.09.21-09.11.17:399][649]LogInit: XAudio2 using 'Lautsprecher (Realtek High Definition Audio(SST))' : 2 channels at 48 kHz using 32 bits per sample (channel mask 0x3)
[2017.09.21-09.11.17:409][649]LogInit: FAudioDevice initialized.
[2017.09.21-09.11.17:494][649]LogLoad: Game class is 'Prototype_Gamemode_C'
[2017.09.21-09.11.17:732][649]LogWorld: Bringing World /Game/VirtualRealityBP/Maps/UEDPIE_0_EVR_Map.EVR_Map up for play (max tick rate 0) at 2017.09.21-11.11.17
[2017.09.21-09.11.17:821][649]LogWorld: Bringing up level for play took: 0.105170
[2017.09.21-09.11.18:043][649]LogSpawn: Warning: SpawnActor failed because no class was specified
[2017.09.21-09.11.18:135][649]LogContentBrowser: Native class hierarchy updated for 'MovieSceneCapture' in 0.0010 seconds. Added 11 classes and 0 folders.
[2017.09.21-09.11.18:287][649]PIE: Play in editor start time for /Game/VirtualRealityBP/Maps/UEDPIE_0_EVR_Map 1.285
[2017.09.21-09.11.18:704][650]LogBlueprintUserMessages: [Puck_BP_290] Hello
[2017.09.21-09.11.18:756][651]LogBlueprintUserMessages: [Puck_BP_290] Hello
[2017.09.21-09.11.18:769][652]LogBlueprintUserMessages: [Puck_BP_290] Hello
[2017.09.21-09.11.18:789][653]LogBlueprintUserMessages: [Puck_BP_290] Hello
[2017.09.21-09.11.18:822][654]LogBlueprintUserMessages: [Puck_BP_290] Hello
[2017.09.21-09.11.18:851][655]LogBlueprintUserMessages: [Puck_BP_290] Hello
[2017.09.21-09.11.18:886][656]LogBlueprintUserMessages: [Puck_BP_290] Hello
[2017.09.21-09.11.18:926][657]LogBlueprintUserMessages: [Puck_BP_290] Hello
[2017.09.21-09.11.18:955][658]LogBlueprintUserMessages: [Puck_BP_290] Hello
[2017.09.21-09.11.18:981][659]LogBlueprintUserMessages: [Puck_BP_290] Hello
[2017.09.21-09.11.19:013][660]LogBlueprintUserMessages: [Puck_BP_290] Hello
[2017.09.21-09.11.19:043][661]LogBlueprintUserMessages: [Puck_BP_290] Hello
[2017.09.21-09.11.19:073][662]LogBlueprintUserMessages: [Puck_BP_290] Hello
[2017.09.21-09.11.19:107][663]LogBlueprintUserMessages: [Puck_BP_290] Hello
[2017.09.21-09.11.19:141][664]LogBlueprintUserMessages: [Puck_BP_290] Hello
[2017.09.21-09.11.19:169][665]LogBlueprintUserMessages: [Puck_BP_290] Hello
[2017.09.21-09.11.19:277][666]LogBlueprintUserMessages: [Puck_BP_290] Hello
[2017.09.21-09.11.19:289][667]LogBlueprintUserMessages: [Puck_BP_290] Hello
[2017.09.21-09.11.19:319][668]LogBlueprintUserMessages: [Puck_BP_290] Hello
[2017.09.21-09.11.19:332][669]LogBlueprintUserMessages: [Puck_BP_290] Hello
[2017.09.21-09.11.19:359][670]LogBlueprintUserMessages: [Puck_BP_290] Hello
[2017.09.21-09.11.19:400][671]LogBlueprintUserMessages: [Puck_BP_290] Hello
[2017.09.21-09.11.19:419][672]LogBlueprintUserMessages: [Puck_BP_290] Hello
[2017.09.21-09.11.19:458][673]LogBlueprintUserMessages: [Puck_BP_290] Hello
[2017.09.21-09.11.19:493][674]LogBlueprintUserMessages: [Puck_BP_290] Hello
[2017.09.21-09.11.19:518][675]LogBlueprintUserMessages: [Puck_BP_290] Hello
[2017.09.21-09.11.19:548][676]LogBlueprintUserMessages: [Puck_BP_290] Hello
[2017.09.21-09.11.19:580][677]LogBlueprintUserMessages: [Puck_BP_290] Hello
[2017.09.21-09.11.19:610][678]LogBlueprintUserMessages: [Puck_BP_290] Hello
[2017.09.21-09.11.19:651][679]LogBlueprintUserMessages: [Puck_BP_290] Hello
[2017.09.21-09.11.19:675][680]LogBlueprintUserMessages: [Puck_BP_290] Hello
[2017.09.21-09.11.19:708][681]LogBlueprintUserMessages: [Puck_BP_290] Hello
[2017.09.21-09.11.19:740][682]LogBlueprintUserMessages: [Puck_BP_290] Hello
[2017.09.21-09.11.19:769][683]LogBlueprintUserMessages: [Puck_BP_290] Hello
[2017.09.21-09.11.19:808][684]LogBlueprintUserMessages: [Puck_BP_290] Hello
[2017.09.21-09.11.19:843][685]LogBlueprintUserMessages: [Puck_BP_290] Hello
[2017.09.21-09.11.19:869][686]LogBlueprintUserMessages: [Puck_BP_290] Hello
[2017.09.21-09.11.19:908][687]LogBlueprintUserMessages: [Puck_BP_290] Hello
[2017.09.21-09.11.19:932][688]LogBlueprintUserMessages: [Puck_BP_290] Hello
[2017.09.21-09.11.19:970][689]LogBlueprintUserMessages: [Puck_BP_290] Hello
[2017.09.21-09.11.19:998][690]LogBlueprintUserMessages: [Puck_BP_290] Hello
[2017.09.21-09.11.36:592][205]BlueprintLog: New page: Compile Puck_BP
[2017.09.21-09.11.39:399][265]LogTemp: Repeating last play command: Selected Viewport
[2017.09.21-09.11.39:425][265]LogPlayLevel: PlayLevel: No blueprints needed recompiling
[2017.09.21-09.11.39:425][265]PIE: New page: PIE session: EVR_Map (Sep 21, 2017, 1:11:39 PM)
[2017.09.21-09.11.39:425][265]LogPlayLevel: Creating play world package: /Game/VirtualRealityBP/Maps/UEDPIE_0_EVR_Map
[2017.09.21-09.11.39:432][265]LogPlayLevel: PIE: StaticDuplicateObject took: (0.007177s)
[2017.09.21-09.11.39:433][265]LogAIModule: Creating AISystem for world EVR_Map
[2017.09.21-09.11.39:433][265]LogPlayLevel: PIE: World Init took: (0.000764s)
[2017.09.21-09.11.39:434][265]LogPlayLevel: PIE: Created PIE world by copying editor world from /Game/VirtualRealityBP/Maps/EVR_Map.EVR_Map to /Game/VirtualRealityBP/Maps/UEDPIE_0_EVR_Map.EVR_Map (0.008263s)
[2017.09.21-09.11.39:465][265]LogInit: XAudio2 using 'Lautsprecher (Realtek High Definition Audio(SST))' : 2 channels at 48 kHz using 32 bits per sample (channel mask 0x3)
[2017.09.21-09.11.39:475][265]LogInit: FAudioDevice initialized.
[2017.09.21-09.11.39:509][265]LogLoad: Game class is 'Prototype_Gamemode_C'
[2017.09.21-09.11.39:512][265]LogWorld: Bringing World /Game/VirtualRealityBP/Maps/UEDPIE_0_EVR_Map.EVR_Map up for play (max tick rate 0) at 2017.09.21-11.11.39
[2017.09.21-09.11.39:512][265]LogWorld: Bringing up level for play took: 0.003581
[2017.09.21-09.11.39:513][265]LogSpawn: Warning: SpawnActor failed because no class was specified
[2017.09.21-09.11.39:514][265]PIE: Play in editor start time for /Game/VirtualRealityBP/Maps/UEDPIE_0_EVR_Map 0.513
[2017.09.21-09.11.39:603][266]LogBlueprintUserMessages: [Puck_BP_290] 32.324867
[2017.09.21-09.11.39:612][267]LogBlueprintUserMessages: [Puck_BP_290] 64.991211
[2017.09.21-09.11.39:626][268]LogBlueprintUserMessages: [Puck_BP_290] 73.398804
[2017.09.21-09.11.39:664][269]LogBlueprintUserMessages: [Puck_BP_290] 87.021072
[2017.09.21-09.11.39:699][270]LogBlueprintUserMessages: [Puck_BP_290] 119.687408
[2017.09.21-09.11.39:725][271]LogBlueprintUserMessages: [Puck_BP_290] 152.353745
[2017.09.21-09.11.39:755][272]LogBlueprintUserMessages: [Puck_BP_290] 178.869644
[2017.09.21-09.11.39:785][273]LogBlueprintUserMessages: [Puck_BP_290] 207.869965
[2017.09.21-09.11.39:817][274]LogBlueprintUserMessages: [Puck_BP_290] 237.336029
[2017.09.21-09.11.39:847][275]LogBlueprintUserMessages: [Puck_BP_290] 268.252808
[2017.09.21-09.11.39:877][276]LogBlueprintUserMessages: [Puck_BP_290] 298.200134
[2017.09.21-09.11.39:912][277]LogBlueprintUserMessages: [Puck_BP_290] 326.695587
[2017.09.21-09.11.39:939][278]LogBlueprintUserMessages: [Puck_BP_290] 359.361938
[2017.09.21-09.11.39:969][279]LogBlueprintUserMessages: [Puck_BP_290] 386.353271
[2017.09.21-09.11.40:004][280]LogBlueprintUserMessages: [Puck_BP_290] 416.119385
[2017.09.21-09.11.40:039][281]LogBlueprintUserMessages: [Puck_BP_290] 448.785736
[2017.09.21-09.11.40:067][282]LogBlueprintUserMessages: [Puck_BP_290] 144.435547
[2017.09.21-09.11.40:099][283]LogBlueprintUserMessages: [Puck_BP_290] 117.064407
[2017.09.21-09.11.40:127][284]LogBlueprintUserMessages: [Puck_BP_290] 85.967224
[2017.09.21-09.11.40:157][285]LogBlueprintUserMessages: [Puck_BP_290] 57.963078
[2017.09.21-09.11.40:187][286]LogBlueprintUserMessages: [Puck_BP_290] 28.332464
[2017.09.21-09.11.40:220][287]LogBlueprintUserMessages: [Puck_BP_290] 0.068146
[2017.09.21-09.11.40:256][288]LogBlueprintUserMessages: [Puck_BP_290] 32.598194
[2017.09.21-09.11.40:283][289]LogBlueprintUserMessages: [Puck_BP_290] 65.264534
[2017.09.21-09.11.40:311][290]LogBlueprintUserMessages: [Puck_BP_290] 91.910522
[2017.09.21-09.11.40:341][291]LogBlueprintUserMessages: [Puck_BP_290] 119.400909
[2017.09.21-09.11.40:371][292]LogBlueprintUserMessages: [Puck_BP_290] 2.277553
[2017.09.21-09.11.40:406][293]LogBlueprintUserMessages: [Puck_BP_290] 0.442168
[2017.09.21-09.11.40:434][294]LogBlueprintUserMessages: [Puck_BP_290] 0.083269
[2017.09.21-09.11.40:467][295]LogBlueprintUserMessages: [Puck_BP_290] 0.021879
[2017.09.21-09.11.40:498][296]LogBlueprintUserMessages: [Puck_BP_290] 0.003726
[2017.09.21-09.11.40:529][297]LogBlueprintUserMessages: [Puck_BP_290] 0.000797
[2017.09.21-09.11.40:557][298]LogBlueprintUserMessages: [Puck_BP_290] 0.000189
[2017.09.21-09.11.40:587][299]LogBlueprintUserMessages: [Puck_BP_290] 0.000033
[2017.09.21-09.11.40:622][300]LogBlueprintUserMessages: [Puck_BP_290] 0.000053
[2017.09.21-09.11.40:649][301]LogBlueprintUserMessages: [Puck_BP_290] 0.000024
[2017.09.21-09.11.40:676][302]LogBlueprintUserMessages: [Puck_BP_290] 0.000021
[2017.09.21-09.11.40:706][303]LogBlueprintUserMessages: [Puck_BP_290] 0.000081
[2017.09.21-09.11.40:737][304]LogBlueprintUserMessages: [Puck_BP_290] 0.000048
[2017.09.21-09.11.40:772][305]LogBlueprintUserMessages: [Puck_BP_290] 0.000203
[2017.09.21-09.15.49:267][584]BlueprintLog: New page: Compile Puck_BP
[2017.09.21-09.15.51:351][584]Cmd: OBJ SAVEPACKAGE PACKAGE="/Game/VirtualRealityBP/Blueprints/Puck_BP" FILE="../../../../Github/Masterarbeit/Content/VirtualRealityBP/Blueprints/Puck_BP.uasset" SILENT=true
[2017.09.21-09.15.51:410][584]LogSavePackage: Save=50.47ms
[2017.09.21-09.15.51:410][584]LogSavePackage: Moving '../../../../Github/Masterarbeit/Saved/Puck_BPE5F514F543AA0C59971A78A6B2ADE6D7.tmp' to '../../../../Github/Masterarbeit/Content/VirtualRealityBP/Blueprints/Puck_BP.uasset'
[2017.09.21-09.15.51:414][584]LogSavePackage: Display: Finished SavePackage ../../../../Github/Masterarbeit/Content/VirtualRealityBP/Blueprints/Puck_BP.uasset
[2017.09.21-09.15.53:394][624]LogTemp: Repeating last play command: Selected Viewport
[2017.09.21-09.15.53:425][624]LogPlayLevel: PlayLevel: No blueprints needed recompiling
[2017.09.21-09.15.53:426][624]PIE: New page: PIE session: EVR_Map (Sep 21, 2017, 1:15:53 PM)
[2017.09.21-09.15.53:426][624]LogPlayLevel: Creating play world package: /Game/VirtualRealityBP/Maps/UEDPIE_0_EVR_Map
[2017.09.21-09.15.53:432][624]LogPlayLevel: PIE: StaticDuplicateObject took: (0.006111s)
[2017.09.21-09.15.53:433][624]LogAIModule: Creating AISystem for world EVR_Map
[2017.09.21-09.15.53:433][624]LogPlayLevel: PIE: World Init took: (0.001027s)
[2017.09.21-09.15.53:433][624]LogPlayLevel: PIE: Created PIE world by copying editor world from /Game/VirtualRealityBP/Maps/EVR_Map.EVR_Map to /Game/VirtualRealityBP/Maps/UEDPIE_0_EVR_Map.EVR_Map (0.007476s)
[2017.09.21-09.15.53:467][624]LogInit: XAudio2 using 'Lautsprecher (Realtek High Definition Audio(SST))' : 2 channels at 48 kHz using 32 bits per sample (channel mask 0x3)
[2017.09.21-09.15.53:476][624]LogInit: FAudioDevice initialized.
[2017.09.21-09.15.53:511][624]LogLoad: Game class is 'Prototype_Gamemode_C'
[2017.09.21-09.15.53:516][624]LogWorld: Bringing World /Game/VirtualRealityBP/Maps/UEDPIE_0_EVR_Map.EVR_Map up for play (max tick rate 60) at 2017.09.21-11.15.53
[2017.09.21-09.15.53:516][624]LogWorld: Bringing up level for play took: 0.004121
[2017.09.21-09.15.53:517][624]LogSpawn: Warning: SpawnActor failed because no class was specified
[2017.09.21-09.15.53:517][624]PIE: Play in editor start time for /Game/VirtualRealityBP/Maps/UEDPIE_0_EVR_Map 0.516
[2017.09.21-09.15.53:621][625]LogBlueprintUserMessages: [Puck_BP_290] X=0.000 Y=0.000 Z=-31.292
[2017.09.21-09.15.53:637][626]LogBlueprintUserMessages: [Puck_BP_290] X=0.000 Y=0.000 Z=-63.959
[2017.09.21-09.15.53:653][627]LogBlueprintUserMessages: [Puck_BP_290] X=0.000 Y=0.000 Z=-96.625
[2017.09.21-09.15.53:670][628]LogBlueprintUserMessages: [Puck_BP_290] X=0.000 Y=0.000 Z=-112.959
[2017.09.21-09.15.53:698][629]LogBlueprintUserMessages: [Puck_BP_290] X=0.000 Y=0.000 Z=-129.292
[2017.09.21-09.15.53:728][630]LogBlueprintUserMessages: [Puck_BP_290] X=0.000 Y=0.000 Z=-156.508
[2017.09.21-09.15.53:761][631]LogBlueprintUserMessages: [Puck_BP_290] X=0.000 Y=0.000 Z=-185.418
[2017.09.21-09.15.53:801][632]LogBlueprintUserMessages: [Puck_BP_290] X=0.000 Y=0.000 Z=-218.084
[2017.09.21-09.15.53:835][633]LogBlueprintUserMessages: [Puck_BP_290] X=0.000 Y=0.000 Z=-250.750
[2017.09.21-09.15.53:860][634]LogBlueprintUserMessages: [Puck_BP_290] X=0.000 Y=0.000 Z=-283.417
[2017.09.21-09.15.53:892][635]LogBlueprintUserMessages: [Puck_BP_290] X=0.000 Y=0.000 Z=-307.714
[2017.09.21-09.15.53:924][636]LogBlueprintUserMessages: [Puck_BP_290] X=0.000 Y=0.000 Z=-337.786
[2017.09.21-09.15.53:952][637]LogBlueprintUserMessages: [Puck_BP_290] X=0.000 Y=0.000 Z=-369.816
[2017.09.21-09.15.53:980][638]LogBlueprintUserMessages: [Puck_BP_290] X=0.000 Y=0.000 Z=-397.471
[2017.09.21-09.15.54:006][639]LogBlueprintUserMessages: [Puck_BP_290] X=0.000 Y=0.000 Z=-424.670
[2017.09.21-09.15.54:038][640]LogBlueprintUserMessages: [Puck_BP_290] X=0.000 Y=0.000 Z=-450.845
[2017.09.21-09.16.13:638][306]BlueprintLog: New page: Compile Puck_BP
[2017.09.21-09.16.14:549][306]Cmd: OBJ SAVEPACKAGE PACKAGE="/Game/VirtualRealityBP/Blueprints/Puck_BP" FILE="../../../../Github/Masterarbeit/Content/VirtualRealityBP/Blueprints/Puck_BP.uasset" SILENT=true
[2017.09.21-09.16.14:607][306]LogSavePackage: Save=51.14ms
[2017.09.21-09.16.14:607][306]LogSavePackage: Moving '../../../../Github/Masterarbeit/Saved/Puck_BPB64C13B747D1CD9A56B4E9A1E031A446.tmp' to '../../../../Github/Masterarbeit/Content/VirtualRealityBP/Blueprints/Puck_BP.uasset'
[2017.09.21-09.16.14:610][306]LogSavePackage: Display: Finished SavePackage ../../../../Github/Masterarbeit/Content/VirtualRealityBP/Blueprints/Puck_BP.uasset
[2017.09.21-09.16.16:825][362]LogTemp: Repeating last play command: Selected Viewport
[2017.09.21-09.16.16:852][362]LogPlayLevel: PlayLevel: No blueprints needed recompiling
[2017.09.21-09.16.16:852][362]PIE: New page: PIE session: EVR_Map (Sep 21, 2017, 1:16:16 PM)
[2017.09.21-09.16.16:852][362]LogPlayLevel: Creating play world package: /Game/VirtualRealityBP/Maps/UEDPIE_0_EVR_Map
[2017.09.21-09.16.16:859][362]LogPlayLevel: PIE: StaticDuplicateObject took: (0.007219s)
[2017.09.21-09.16.16:860][362]LogAIModule: Creating AISystem for world EVR_Map
[2017.09.21-09.16.16:860][362]LogPlayLevel: PIE: World Init took: (0.000768s)
[2017.09.21-09.16.16:860][362]LogPlayLevel: PIE: Created PIE world by copying editor world from /Game/VirtualRealityBP/Maps/EVR_Map.EVR_Map to /Game/VirtualRealityBP/Maps/UEDPIE_0_EVR_Map.EVR_Map (0.008293s)
[2017.09.21-09.16.16:895][362]LogInit: XAudio2 using 'Lautsprecher (Realtek High Definition Audio(SST))' : 2 channels at 48 kHz using 32 bits per sample (channel mask 0x3)
[2017.09.21-09.16.16:902][362]LogInit: FAudioDevice initialized.
[2017.09.21-09.16.16:935][362]LogLoad: Game class is 'Prototype_Gamemode_C'
[2017.09.21-09.16.16:940][362]LogWorld: Bringing World /Game/VirtualRealityBP/Maps/UEDPIE_0_EVR_Map.EVR_Map up for play (max tick rate 60) at 2017.09.21-11.16.16
[2017.09.21-09.16.16:940][362]LogWorld: Bringing up level for play took: 0.004478
[2017.09.21-09.16.16:941][362]LogSpawn: Warning: SpawnActor failed because no class was specified
[2017.09.21-09.16.16:942][362]PIE: Play in editor start time for /Game/VirtualRealityBP/Maps/UEDPIE_0_EVR_Map -0.06
[2017.09.21-09.16.17:000][363]LogBlueprintUserMessages: [Puck_BP_290] 16.465969
[2017.09.21-09.16.17:017][364]LogBlueprintUserMessages: [Puck_BP_290] 49.132309
[2017.09.21-09.16.17:034][365]LogBlueprintUserMessages: [Puck_BP_290] 65.465874
[2017.09.21-09.16.17:053][366]LogBlueprintUserMessages: [Puck_BP_290] 81.799431
[2017.09.21-09.16.17:085][367]LogBlueprintUserMessages: [Puck_BP_290] 100.558548
[2017.09.21-09.16.17:124][368]LogBlueprintUserMessages: [Puck_BP_290] 131.960815
[2017.09.21-09.16.17:157][369]LogBlueprintUserMessages: [Puck_BP_290] 164.627151
[2017.09.21-09.16.17:192][370]LogBlueprintUserMessages: [Puck_BP_290] 197.293488
[2017.09.21-09.16.17:218][371]LogBlueprintUserMessages: [Puck_BP_290] 229.959824
[2017.09.21-09.16.17:248][372]LogBlueprintUserMessages: [Puck_BP_290] 255.411423
[2017.09.21-09.16.17:278][373]LogBlueprintUserMessages: [Puck_BP_290] 284.558868
[2017.09.21-09.16.17:314][374]LogBlueprintUserMessages: [Puck_BP_290] 314.687744
[2017.09.21-09.16.17:349][375]LogBlueprintUserMessages: [Puck_BP_290] 347.354095
[2017.09.21-09.16.17:376][376]LogBlueprintUserMessages: [Puck_BP_290] 380.020447
[2017.09.21-09.16.17:407][377]LogBlueprintUserMessages: [Puck_BP_290] 407.74353
[2017.09.21-09.16.17:443][378]LogBlueprintUserMessages: [Puck_BP_290] 438.451599
[2017.09.21-09.16.42:343][720]LogSlate: Took 0.000168 seconds to synchronously load lazily loaded font '../../../Engine/Content/Slate/Fonts/Roboto-Light.ttf' (159K)
[2017.09.21-09.16.51:610][747]LogSavePackage: Save=164.86ms
[2017.09.21-09.16.51:610][747]LogSavePackage: Moving '../../../../Github/Masterarbeit/Saved/EVR_Map_Auto19DA11C5E4AC5F0C787B03FB2612EBB37.tmp' to '../../../../Github/Masterarbeit/Saved/Autosaves/Game/VirtualRealityBP/Maps/EVR_Map_Auto1.umap'
[2017.09.21-09.16.51:612][747]LogSavePackage: Display: Finished SavePackage ../../../../Github/Masterarbeit/Saved/Autosaves/Game/VirtualRealityBP/Maps/EVR_Map_Auto1.umap
[2017.09.21-09.16.51:629][747]LogFileHelpers: Editor autosave (incl. sublevels) for '/Game/VirtualRealityBP/Maps/EVR_Map' took 0.347
[2017.09.21-09.16.51:629][747]LogFileHelpers: Editor autosave (incl. sublevels) for all levels took 0.347
[2017.09.21-09.19.08:046][283]LogBlueprintUserMessages: [Puck_BP_C_7] 32.291958
[2017.09.21-09.19.08:064][284]LogBlueprintUserMessages: [Puck_BP_C_7] 49.78429
[2017.09.21-09.19.08:082][285]LogBlueprintUserMessages: [Puck_BP_C_7] 67.02536
[2017.09.21-09.19.08:115][286]LogBlueprintUserMessages: [Puck_BP_C_7] 84.381409
[2017.09.21-09.19.08:148][287]LogBlueprintUserMessages: [Puck_BP_C_7] 117.047745
[2017.09.21-09.19.08:186][288]LogBlueprintUserMessages: [Puck_BP_C_7] 149.714081
[2017.09.21-09.19.08:219][289]LogBlueprintUserMessages: [Puck_BP_C_7] 182.380417
[2017.09.21-09.19.08:250][290]LogBlueprintUserMessages: [Puck_BP_C_7] 215.042892
[2017.09.21-09.19.08:284][291]LogBlueprintUserMessages: [Puck_BP_C_7] 246.505173
[2017.09.21-09.19.08:316][292]LogBlueprintUserMessages: [Puck_BP_C_7] 279.019348
[2017.09.21-09.19.08:349][293]LogBlueprintUserMessages: [Puck_BP_C_7] 310.363525
[2017.09.21-09.19.08:382][294]LogBlueprintUserMessages: [Puck_BP_C_7] 342.687225
[2017.09.21-09.19.08:413][295]LogBlueprintUserMessages: [Puck_BP_C_7] 375.047729
[2017.09.21-09.19.08:447][296]LogBlueprintUserMessages: [Puck_BP_C_7] 406.177826
[2017.09.21-09.19.08:480][297]LogBlueprintUserMessages: [Puck_BP_C_7] 438.724152
[2017.09.21-09.19.08:512][298]LogBlueprintUserMessages: [Puck_BP_C_7] 470.891846
[2017.09.21-09.19.08:545][299]LogBlueprintUserMessages: [Puck_BP_C_7] 502.852386
[2017.09.21-09.19.08:578][300]LogBlueprintUserMessages: [Puck_BP_C_7] 535.258179
[2017.09.21-09.19.08:611][301]LogBlueprintUserMessages: [Puck_BP_C_7] 567.429749
[2017.09.21-09.19.08:652][302]LogBlueprintUserMessages: [Puck_BP_C_7] 599.704651
[2017.09.21-09.19.08:679][303]LogBlueprintUserMessages: [Puck_BP_C_7] 632.370972
[2017.09.21-09.19.08:712][304]LogBlueprintUserMessages: [Puck_BP_C_7] 659.195435
[2017.09.21-09.19.08:744][305]LogBlueprintUserMessages: [Puck_BP_C_7] 691.203613
[2017.09.21-09.19.08:777][306]LogBlueprintUserMessages: [Puck_BP_C_7] 722.283386
[2017.09.21-09.19.08:810][307]LogBlueprintUserMessages: [Puck_BP_C_7] 754.646606
[2017.09.21-09.19.08:842][308]LogBlueprintUserMessages: [Puck_BP_C_7] 786.741089
[2017.09.21-09.19.08:877][309]LogBlueprintUserMessages: [Puck_BP_C_7] 818.568848
[2017.09.21-09.19.08:909][310]LogBlueprintUserMessages: [Puck_BP_C_7] 851.235168
[2017.09.21-09.19.08:942][311]LogBlueprintUserMessages: [Puck_BP_C_7] 882.921997
[2017.09.21-09.19.08:975][312]LogBlueprintUserMessages: [Puck_BP_C_7] 915.180664
[2017.09.21-09.19.09:008][313]LogBlueprintUserMessages: [Puck_BP_C_7] 946.894226
[2017.09.21-09.19.09:041][314]LogBlueprintUserMessages: [Puck_BP_C_7] 979.509094
[2017.09.21-09.19.09:073][315]LogBlueprintUserMessages: [Puck_BP_C_7] 1012.089844
[2017.09.21-09.19.09:105][316]LogBlueprintUserMessages: [Puck_BP_C_7] 1044.113892
[2017.09.21-09.19.09:139][317]LogBlueprintUserMessages: [Puck_BP_C_7] 1075.415894
[2017.09.21-09.19.09:175][318]LogBlueprintUserMessages: [Puck_BP_C_7] 1108.082275
[2017.09.21-09.19.09:206][319]LogBlueprintUserMessages: [Puck_BP_C_7] 1140.748657
[2017.09.21-09.19.09:247][320]LogBlueprintUserMessages: [Puck_BP_C_7] 1173.030518
[2017.09.21-09.19.09:273][321]LogBlueprintUserMessages: [Puck_BP_C_7] 1205.696899
[2017.09.21-09.19.09:307][322]LogBlueprintUserMessages: [Puck_BP_C_7] 1231.954224
[2017.09.21-09.19.09:339][323]LogBlueprintUserMessages: [Puck_BP_C_7] 1264.52771
[2017.09.21-09.19.09:371][324]LogBlueprintUserMessages: [Puck_BP_C_7] 1296.18396
[2017.09.21-09.19.09:407][325]LogBlueprintUserMessages: [Puck_BP_C_7] 1327.701172
[2017.09.21-09.19.09:440][326]LogBlueprintUserMessages: [Puck_BP_C_7] 1360.367554
[2017.09.21-09.19.09:472][327]LogBlueprintUserMessages: [Puck_BP_C_7] 1392.066772
[2017.09.21-09.19.09:506][328]LogBlueprintUserMessages: [Puck_BP_C_7] 1423.852295
[2017.09.21-09.19.09:540][329]LogBlueprintUserMessages: [Puck_BP_C_7] 1456.518677
[2017.09.21-09.19.09:573][330]LogBlueprintUserMessages: [Puck_BP_C_7] 1489.185059
[2017.09.21-09.19.09:616][331]LogBlueprintUserMessages: [Puck_BP_C_7] 1521.565674
[2017.09.21-09.19.09:641][332]LogBlueprintUserMessages: [Puck_BP_C_7] 1554.232056
[2017.09.21-09.19.09:675][333]LogBlueprintUserMessages: [Puck_BP_C_7] 1580.359619
[2017.09.21-09.19.09:707][334]LogBlueprintUserMessages: [Puck_BP_C_7] 1613.026001
[2017.09.21-09.19.09:739][335]LogBlueprintUserMessages: [Puck_BP_C_7] 1644.226196
[2017.09.21-09.19.09:771][336]LogBlueprintUserMessages: [Puck_BP_C_7] 1675.332642
[2017.09.21-09.19.09:804][337]LogBlueprintUserMessages: [Puck_BP_C_7] 1707.604126
[2017.09.21-09.19.09:838][338]LogBlueprintUserMessages: [Puck_BP_C_7] 1740.270508
[2017.09.21-09.19.09:869][339]LogBlueprintUserMessages: [Puck_BP_C_7] 1772.776611
[2017.09.21-09.19.09:906][340]LogBlueprintUserMessages: [Puck_BP_C_7] 1803.966675
[2017.09.21-09.19.09:939][341]LogBlueprintUserMessages: [Puck_BP_C_7] 1836.633057
[2017.09.21-09.19.09:972][342]LogBlueprintUserMessages: [Puck_BP_C_7] 1868.893677
[2017.09.21-09.19.10:004][343]LogBlueprintUserMessages: [Puck_BP_C_7] 1901.327393
[2017.09.21-09.19.10:040][344]LogBlueprintUserMessages: [Puck_BP_C_7] 1932.730835
[2017.09.21-09.19.10:075][345]LogBlueprintUserMessages: [Puck_BP_C_7] 1965.397217
[2017.09.21-09.19.10:993][376]LogBlueprintUserMessages: [Puck_BP_C_9] 17.423033
[2017.09.21-09.19.11:013][377]LogBlueprintUserMessages: [Puck_BP_C_9] 38.432335
[2017.09.21-09.19.11:030][378]LogBlueprintUserMessages: [Puck_BP_C_9] 57.669216
[2017.09.21-09.19.11:056][379]LogBlueprintUserMessages: [Puck_BP_C_9] 75.039597
[2017.09.21-09.19.11:089][380]LogBlueprintUserMessages: [Puck_BP_C_9] 99.862823
[2017.09.21-09.19.11:122][381]LogBlueprintUserMessages: [Puck_BP_C_9] 132.083923
[2017.09.21-09.19.11:154][382]LogBlueprintUserMessages: [Puck_BP_C_9] 164.750259
[2017.09.21-09.19.11:188][383]LogBlueprintUserMessages: [Puck_BP_C_9] 196.253952
[2017.09.21-09.19.11:221][384]LogBlueprintUserMessages: [Puck_BP_C_9] 228.920288
[2017.09.21-09.19.11:254][385]LogBlueprintUserMessages: [Puck_BP_C_9] 261.006287
[2017.09.21-09.19.11:287][386]LogBlueprintUserMessages: [Puck_BP_C_9] 293.672638
[2017.09.21-09.19.11:320][387]LogBlueprintUserMessages: [Puck_BP_C_9] 326.037384
[2017.09.21-09.19.11:354][388]LogBlueprintUserMessages: [Puck_BP_C_9] 358.659973
[2017.09.21-09.19.11:388][389]LogBlueprintUserMessages: [Puck_BP_C_9] 391.326324
[2017.09.21-09.19.11:420][390]LogBlueprintUserMessages: [Puck_BP_C_9] 423.921051
[2017.09.21-09.19.11:455][391]LogBlueprintUserMessages: [Puck_BP_C_9] 455.991547
[2017.09.21-09.19.11:488][392]LogBlueprintUserMessages: [Puck_BP_C_9] 488.657898
[2017.09.21-09.19.11:521][393]LogBlueprintUserMessages: [Puck_BP_C_9] 520.736145
[2017.09.21-09.19.11:555][394]LogBlueprintUserMessages: [Puck_BP_C_9] 553.402466
[2017.09.21-09.19.11:588][395]LogBlueprintUserMessages: [Puck_BP_C_9] 586.068787
[2017.09.21-09.26.52:223][529]LogFileHelpers: Editor autosave (incl. sublevels) for '/Game/VirtualRealityBP/Maps/EVR_Map' took 0.028
[2017.09.21-09.26.52:225][529]OBJ SavePackage: Generating thumbnails for [0] asset(s) in package [/Game/VirtualRealityBP/Blueprints/Puck_BP] ([1] browsable assets)...
[2017.09.21-09.26.52:225][529]OBJ SavePackage: Finished generating thumbnails for package [/Game/VirtualRealityBP/Blueprints/Puck_BP]
[2017.09.21-09.26.52:276][529]LogSavePackage: Save=42.87ms
[2017.09.21-09.26.52:276][529]LogSavePackage: Moving '../../../../Github/Masterarbeit/Saved/Puck_BP_Auto2066FD739477AE46E3D5BD9992B7982C7.tmp' to '../../../../Github/Masterarbeit/Saved/Autosaves/Game/VirtualRealityBP/Blueprints/Puck_BP_Auto2.uasset'
[2017.09.21-09.26.54:170][529]LogSavePackage: Display: Finished SavePackage ../../../../Github/Masterarbeit/Saved/Autosaves/Game/VirtualRealityBP/Blueprints/Puck_BP_Auto2.uasset
[2017.09.21-09.26.54:192][529]LogFileHelpers: Auto-saving content packages took 1.947
[2017.09.21-09.54.51:631][613]LogActorComponent: UnregisterComponent: (/Engine/Transient.EditorFloorComp) Not registered. Aborting.
[2017.09.21-09.54.53:775][673]Cmd: OBJ SAVEPACKAGE PACKAGE="/Game/VirtualRealityBP/Maps/EVR_Map" FILE="../../../../Github/Masterarbeit/Content/VirtualRealityBP/Maps/EVR_Map.umap" SILENT=true AUTOSAVING=false KEEPDIRTY=false
[2017.09.21-09.54.54:103][673]LogSavePackage: Save=175.42ms
[2017.09.21-09.54.54:103][673]LogSavePackage: Moving '../../../../Github/Masterarbeit/Saved/EVR_MapF9B07EFA401112CBF9BEE4940E4858EB.tmp' to '../../../../Github/Masterarbeit/Content/VirtualRealityBP/Maps/EVR_Map.umap'
[2017.09.21-09.54.54:106][673]LogSavePackage: Display: Finished SavePackage ../../../../Github/Masterarbeit/Content/VirtualRealityBP/Maps/EVR_Map.umap
[2017.09.21-09.54.57:804][740]Cmd: OBJ SAVEPACKAGE PACKAGE="/Game/VirtualRealityBP/Blueprints/Puck_BP" FILE="../../../../Github/Masterarbeit/Content/VirtualRealityBP/Blueprints/Puck_BP.uasset" SILENT=true
[2017.09.21-09.54.57:868][740]LogSavePackage: Save=55.76ms
[2017.09.21-09.54.57:868][740]LogSavePackage: Moving '../../../../Github/Masterarbeit/Saved/Puck_BPEA986FDE4AACF5F2584848984C7D2202.tmp' to '../../../../Github/Masterarbeit/Content/VirtualRealityBP/Blueprints/Puck_BP.uasset'
[2017.09.21-09.54.57:871][740]LogSavePackage: Display: Finished SavePackage ../../../../Github/Masterarbeit/Content/VirtualRealityBP/Blueprints/Puck_BP.uasset
[2017.09.21-09.54.58:057][740]LogWindowsTextInputMethodSystem: Display: IME system now deactivated.
[2017.09.21-09.54.58:505][741]Cmd: QUIT_EDITOR
[2017.09.21-09.54.59:765][741]LogExit: Preparing to exit.
[2017.09.21-09.55.00:814][741]LogDirectoryWatcher: A directory notification for 'D:/Github/Masterarbeit/Content/' was aborted.
[2017.09.21-09.55.01:146][741]LogExit: Editor shut down
[2017.09.21-09.55.01:182][741]LogExit: Transaction tracking system shut down
[2017.09.21-09.55.01:655][741]LogDirectoryWatcher: A directory notification for '../../../Engine/Content/' was aborted.
[2017.09.21-09.55.01:656][741]LogDirectoryWatcher: A directory notification for '../../../../Github/Masterarbeit/Content/' was aborted.
[2017.09.21-09.55.01:656][741]LogDirectoryWatcher: A directory notification for '../../../Engine/Plugins/2D/Paper2D/Content/' was aborted.
[2017.09.21-09.55.01:656][741]LogDirectoryWatcher: A directory notification for '../../../Engine/Plugins/Runtime/Oculus/OculusVR/Content/' was aborted.
[2017.09.21-09.55.01:656][741]LogDirectoryWatcher: A directory notification for '../../../Engine/Plugins/Runtime/Steam/SteamVR/Content/' was aborted.
[2017.09.21-09.55.03:975][741]LogExit: Object subsystem successfully closed.
[2017.09.21-09.55.04:276][741]LogD3D11RHI: Shutdown
[2017.09.21-09.55.04:290][741]LogD3D11RHI: CleanupD3DDevice
[2017.09.21-09.55.04:529][741]LogD3D11RHI: ~FD3D11DynamicRHI
[2017.09.21-09.55.05:686][741]LogModuleManager: Shutting down and abandoning module MovieSceneCapture (538)
[2017.09.21-09.55.05:686][741]LogModuleManager: Shutting down and abandoning module BlueprintGraph (536)
[2017.09.21-09.55.05:686][741]LogModuleManager: Shutting down and abandoning module BlueprintProfiler (534)
[2017.09.21-09.55.05:760][741]LogModuleManager: Shutting down and abandoning module HierarchicalLODOutliner (532)
[2017.09.21-09.55.05:760][741]LogModuleManager: Shutting down and abandoning module SceneOutliner (530)
[2017.09.21-09.55.05:764][741]LogModuleManager: Shutting down and abandoning module AddContentDialog (528)
[2017.09.21-09.55.05:772][741]LogDirectoryWatcher: A directory notification for 'D:/UE_4.17/FeaturePacks/' was aborted.
[2017.09.21-09.55.05:812][741]LogModuleManager: Shutting down and abandoning module WidgetCarousel (527)
[2017.09.21-09.55.05:813][741]LogModuleManager: Shutting down and abandoning module EditorWidgets (524)
[2017.09.21-09.55.05:813][741]LogModuleManager: Shutting down and abandoning module CollectionManager (522)
[2017.09.21-09.55.05:818][741]LogDirectoryWatcher: A directory notification for 'D:/Github/Masterarbeit/Content/Collections/' was aborted.
[2017.09.21-09.55.05:818][741]LogDirectoryWatcher: A directory notification for 'D:/Github/Masterarbeit/Content/Developers/danie/Collections/' was aborted.
[2017.09.21-09.55.05:818][741]LogDirectoryWatcher: A directory notification for 'D:/Github/Masterarbeit/Saved/Collections/' was aborted.
[2017.09.21-09.55.05:818][741]LogModuleManager: Shutting down and abandoning module StatsViewer (520)
[2017.09.21-09.55.05:838][741]LogModuleManager: Shutting down and abandoning module FoliageEdit (518)
[2017.09.21-09.55.05:838][741]LogModuleManager: Shutting down and abandoning module LandscapeEditor (516)
[2017.09.21-09.55.05:857][741]LogModuleManager: Shutting down and abandoning module MeshPaintMode (514)
[2017.09.21-09.55.05:857][741]LogModuleManager: Shutting down and abandoning module SceneDepthPickerMode (512)
[2017.09.21-09.55.05:857][741]LogModuleManager: Shutting down and abandoning module ActorPickerMode (510)
[2017.09.21-09.55.05:857][741]LogModuleManager: Shutting down and abandoning module GeometryMode (508)
[2017.09.21-09.55.05:857][741]LogModuleManager: Shutting down and abandoning module TextureAlignMode (506)
[2017.09.21-09.55.05:858][741]LogModuleManager: Shutting down and abandoning module BspMode (504)
[2017.09.21-09.55.05:866][741]LogModuleManager: Shutting down and abandoning module PIEPreviewDeviceProfileSelector (502)
[2017.09.21-09.55.05:867][741]LogModuleManager: Shutting down and abandoning module HardwareSurvey (500)
[2017.09.21-09.55.05:867][741]LogModuleManager: Shutting down and abandoning module SequenceRecorderSections (498)
[2017.09.21-09.55.05:875][741]LogModuleManager: Shutting down and abandoning module AutomationWorker (496)
[2017.09.21-09.55.05:891][741]LogModuleManager: Shutting down and abandoning module MatineeToLevelSequence (494)
[2017.09.21-09.55.05:913][741]LogModuleManager: Shutting down and abandoning module LevelSequenceEditor (492)
[2017.09.21-09.55.05:988][741]LogModuleManager: Shutting down and abandoning module PlacementMode (491)
[2017.09.21-09.55.05:988][741]LogModuleManager: Shutting down and abandoning module WmfMediaFactory (488)
[2017.09.21-09.55.05:988][741]LogModuleManager: Shutting down and abandoning module WmfMediaEditor (486)
[2017.09.21-09.55.05:988][741]LogModuleManager: Shutting down and abandoning module AvfMediaFactory (484)
[2017.09.21-09.55.05:988][741]LogModuleManager: Shutting down and abandoning module AvfMediaEditor (482)
[2017.09.21-09.55.05:988][741]LogModuleManager: Shutting down and abandoning module AndroidMediaFactory (480)
[2017.09.21-09.55.05:988][741]LogModuleManager: Shutting down and abandoning module Media (479)
[2017.09.21-09.55.05:988][741]LogModuleManager: Shutting down and abandoning module AndroidMediaEditor (476)
[2017.09.21-09.55.05:988][741]LogModuleManager: Shutting down and abandoning module CharacterAI (474)
[2017.09.21-09.55.05:988][741]LogModuleManager: Shutting down and abandoning module AudioCapture (472)
[2017.09.21-09.55.05:988][741]LogModuleManager: Shutting down and abandoning module SequenceRecorder (471)
[2017.09.21-09.55.05:995][741]LogModuleManager: Shutting down and abandoning module SmartSnapping (468)
[2017.09.21-09.55.05:995][741]LogModuleManager: Shutting down and abandoning module SessionServices (466)
[2017.09.21-09.55.05:995][741]LogModuleManager: Shutting down and abandoning module ViewportSnapping (464)
[2017.09.21-09.55.05:995][741]LogModuleManager: Shutting down and abandoning module ViewportInteraction (462)
[2017.09.21-09.55.05:995][741]LogModuleManager: Shutting down and abandoning module ClothPainter (460)
[2017.09.21-09.55.06:032][741]LogModuleManager: Shutting down and abandoning module LogVisualizer (458)
[2017.09.21-09.55.06:050][741]LogModuleManager: Shutting down and abandoning module IntroTutorials (456)
[2017.09.21-09.55.06:071][741]LogModuleManager: Shutting down and abandoning module GameProjectGeneration (455)
[2017.09.21-09.55.06:090][741]LogModuleManager: Shutting down and abandoning module IOSPlatformEditor (452)
[2017.09.21-09.55.06:090][741]LogModuleManager: Shutting down and abandoning module HTML5PlatformEditor (450)
[2017.09.21-09.55.06:090][741]LogModuleManager: Shutting down and abandoning module AndroidPlatformEditor (448)
[2017.09.21-09.55.06:090][741]LogModuleManager: Shutting down and abandoning module AndroidDeviceDetection (447)
[2017.09.21-09.55.06:896][741]LogModuleManager: Shutting down and abandoning module WindowsPlatformEditor (444)
[2017.09.21-09.55.06:896][741]LogModuleManager: Shutting down and abandoning module IOSRuntimeSettings (442)
[2017.09.21-09.55.06:896][741]LogModuleManager: Shutting down and abandoning module AndroidRuntimeSettings (440)
[2017.09.21-09.55.06:896][741]LogModuleManager: Shutting down and abandoning module InputBindingEditor (438)
[2017.09.21-09.55.06:914][741]LogModuleManager: Shutting down and abandoning module MergeActors (436)
[2017.09.21-09.55.06:941][741]LogModuleManager: Shutting down and abandoning module SizeMap (434)
[2017.09.21-09.55.06:941][741]LogModuleManager: Shutting down and abandoning module TreeMap (432)
[2017.09.21-09.55.06:946][741]LogModuleManager: Shutting down and abandoning module ReferenceViewer (430)
[2017.09.21-09.55.06:946][741]LogModuleManager: Shutting down and abandoning module LocalizationDashboard (428)
[2017.09.21-09.55.06:954][741]LogModuleManager: Shutting down and abandoning module LocalizationService (427)
[2017.09.21-09.55.06:959][741]LogModuleManager: Shutting down and abandoning module HardwareTargeting (424)
[2017.09.21-09.55.06:959][741]LogModuleManager: Shutting down and abandoning module DeviceProfileEditor (422)
[2017.09.21-09.55.06:967][741]LogModuleManager: Shutting down and abandoning module UndoHistory (420)
[2017.09.21-09.55.06:967][741]LogModuleManager: Shutting down and abandoning module XmlParser (418)
[2017.09.21-09.55.06:971][741]LogModuleManager: Shutting down and abandoning module Blutility (416)
[2017.09.21-09.55.06:971][741]LogModuleManager: Shutting down and abandoning module ProjectSettingsViewer (414)
[2017.09.21-09.55.06:971][741]LogModuleManager: Shutting down and abandoning module ProjectTargetPlatformEditor (413)
[2017.09.21-09.55.06:971][741]LogModuleManager: Shutting down and abandoning module EditorSettingsViewer (410)
[2017.09.21-09.55.06:971][741]LogModuleManager: Shutting down and abandoning module SettingsEditor (408)
[2017.09.21-09.55.06:976][741]LogModuleManager: Shutting down and abandoning module ProjectLauncher (406)
[2017.09.21-09.55.06:979][741]LogModuleManager: Shutting down and abandoning module SessionFrontend (404)
[2017.09.21-09.55.06:983][741]LogModuleManager: Shutting down and abandoning module ProfilerClient (402)
[2017.09.21-09.55.06:990][741]LogModuleManager: Shutting down and abandoning module DeviceManager (400)
[2017.09.21-09.55.07:001][741]LogModuleManager: Shutting down and abandoning module TargetDeviceServices (399)
[2017.09.21-09.55.07:084][741]LogModuleManager: Shutting down and abandoning module AutomationController (396)
[2017.09.21-09.55.07:108][741]LogModuleManager: Shutting down and abandoning module AutomationWindow (394)
[2017.09.21-09.55.07:131][741]LogModuleManager: Shutting down and abandoning module Layers (392)
[2017.09.21-09.55.07:204][741]LogModuleManager: Shutting down and abandoning module ComponentVisualizers (390)
[2017.09.21-09.55.07:204][741]LogModuleManager: Shutting down and abandoning module DetailCustomizations (388)
[2017.09.21-09.55.07:212][741]LogModuleManager: Shutting down and abandoning module PackagesDialog (386)
[2017.09.21-09.55.07:212][741]LogModuleManager: Shutting down and abandoning module Persona (384)
[2017.09.21-09.55.07:250][741]LogModuleManager: Shutting down and abandoning module AdvancedPreviewScene (383)
[2017.09.21-09.55.07:250][741]LogModuleManager: Shutting down and abandoning module AnimGraph (381)
[2017.09.21-09.55.07:258][741]LogModuleManager: Shutting down and abandoning module Kismet (378)
[2017.09.21-09.55.07:289][741]LogModuleManager: Shutting down and abandoning module ClassViewer (376)
[2017.09.21-09.55.07:289][741]LogModuleManager: Shutting down and abandoning module Toolbox (374)
[2017.09.21-09.55.07:289][741]LogModuleManager: Shutting down and abandoning module ModuleUI (372)
[2017.09.21-09.55.07:301][741]LogModuleManager: Shutting down and abandoning module MovieSceneTools (370)
[2017.09.21-09.55.07:338][741]LogModuleManager: Shutting down and abandoning module OutputLog (368)
[2017.09.21-09.55.07:345][741]LogModuleManager: Shutting down and abandoning module GammaUI (366)
[2017.09.21-09.55.07:355][741]LogModuleManager: Shutting down and abandoning module Documentation (364)
[2017.09.21-09.55.07:358][741]LogModuleManager: Shutting down and abandoning module MovieSceneTracks (362)
[2017.09.21-09.55.07:358][741]LogModuleManager: Shutting down and abandoning module MovieScene (360)
[2017.09.21-09.55.07:358][741]LogModuleManager: Shutting down and abandoning module Niagara (358)
[2017.09.21-09.55.07:358][741]LogModuleManager: Shutting down and abandoning module NiagaraEditor (357)
[2017.09.21-09.55.07:402][741]LogModuleManager: Shutting down and abandoning module StreamingPauseRendering (354)
[2017.09.21-09.55.07:402][741]LogModuleManager: Shutting down and abandoning module LauncherPlatform (352)
[2017.09.21-09.55.07:402][741]LogModuleManager: Shutting down and abandoning module AnalyticsET (350)
[2017.09.21-09.55.07:402][741]LogModuleManager: Shutting down and abandoning module PortalServices (348)
[2017.09.21-09.55.07:402][741]LogModuleManager: Shutting down and abandoning module PortalRpc (346)
[2017.09.21-09.55.07:402][741]LogModuleManager: Shutting down and abandoning module MessagingRpc (344)
[2017.09.21-09.55.07:402][741]LogModuleManager: Shutting down and abandoning module AIModule (342)
[2017.09.21-09.55.07:403][741]LogModuleManager: Shutting down and abandoning module GameplayDebugger (341)
[2017.09.21-09.55.07:403][741]LogModuleManager: Shutting down and abandoning module AITestSuite (339)
[2017.09.21-09.55.07:416][741]LogModuleManager: Shutting down and abandoning module ProfilerService (336)
[2017.09.21-09.55.07:664][741]LogModuleManager: Shutting down and abandoning module TaskGraph (334)
[2017.09.21-09.55.07:701][741]LogModuleManager: Shutting down and abandoning module SteamVRController (332)
[2017.09.21-09.55.07:701][741]LogModuleManager: Shutting down and abandoning module ProceduralMeshComponentEditor (330)
[2017.09.21-09.55.07:701][741]LogModuleManager: Shutting down and abandoning module ProceduralMeshComponent (328)
[2017.09.21-09.55.07:701][741]LogModuleManager: Shutting down and abandoning module OculusInput (326)
[2017.09.21-09.55.07:717][741]LogModuleManager: Shutting down and abandoning module MobilePatchingUtils (324)
[2017.09.21-09.55.07:717][741]LogModuleManager: Shutting down and abandoning module CustomMeshComponent (322)
[2017.09.21-09.55.07:717][741]LogModuleManager: Shutting down and abandoning module CableComponent (320)
[2017.09.21-09.55.07:728][741]LogModuleManager: Shutting down and abandoning module ArchVisCharacter (318)
[2017.09.21-09.55.07:728][741]LogModuleManager: Shutting down and abandoning module AndroidPermission (316)
[2017.09.21-09.55.07:728][741]LogModuleManager: Shutting down and abandoning module MediaPlayerEditor (312)
[2017.09.21-09.55.07:750][741]LogModuleManager: Shutting down and abandoning module HTML5Networking (310)
[2017.09.21-09.55.07:750][741]LogModuleManager: Shutting down and abandoning module AlembicImporter (308)
[2017.09.21-09.55.07:764][741]LogModuleManager: Shutting down and abandoning module AlembicLibrary (307)
[2017.09.21-09.55.07:764][741]LogModuleManager: Shutting down and abandoning module GeometryCache (306)
[2017.09.21-09.55.07:764][741]LogModuleManager: Shutting down and abandoning module GeometryCacheEd (305)
[2017.09.21-09.55.07:764][741]LogModuleManager: Shutting down and abandoning module SpeedTreeImporter (300)
[2017.09.21-09.55.07:764][741]LogModuleManager: Shutting down and abandoning module PluginBrowser (298)
[2017.09.21-09.55.07:784][741]LogModuleManager: Shutting down and abandoning module MobileLauncherProfileWizard (296)
[2017.09.21-09.55.07:796][741]LogModuleManager: Shutting down and abandoning module VisualStudioSourceCodeAccess (294)
[2017.09.21-09.55.07:797][741]LogModuleManager: Shutting down and abandoning module DesktopPlatform (293)
[2017.09.21-09.55.07:812][741]LogModuleManager: Shutting down and abandoning module UObjectPlugin (290)
[2017.09.21-09.55.07:812][741]LogModuleManager: Shutting down and abandoning module SubversionSourceControl (288)
[2017.09.21-09.55.07:822][741]LogModuleManager: Shutting down and abandoning module PerforceSourceControl (286)
[2017.09.21-09.55.07:833][741]LogModuleManager: Shutting down and abandoning module GitSourceControl (284)
[2017.09.21-09.55.07:854][741]LogModuleManager: Shutting down and abandoning module SourceControl (283)
[2017.09.21-09.55.07:867][741]LogModuleManager: Shutting down and abandoning module LightPropagationVolumeEditor (280)
[2017.09.21-09.55.07:867][741]LogModuleManager: Shutting down and abandoning module PaperTiledImporter (278)
[2017.09.21-09.55.07:867][741]LogModuleManager: Shutting down and abandoning module PaperSpriteSheetImporter (276)
[2017.09.21-09.55.07:867][741]LogModuleManager: Shutting down and abandoning module Paper2DEditor (274)
[2017.09.21-09.55.07:879][741]LogModuleManager: Shutting down and abandoning module MeshPaint (273)
[2017.09.21-09.55.07:893][741]LogModuleManager: Shutting down and abandoning module LevelEditor (271)
[2017.09.21-09.55.07:899][741]LogModuleManager: Shutting down and abandoning module PixelInspectorModule (270)
[2017.09.21-09.55.07:915][741]LogModuleManager: Shutting down and abandoning module MainFrame (268)
[2017.09.21-09.55.07:915][741]LogModuleManager: Shutting down and abandoning module HotReload (267)
[2017.09.21-09.55.07:927][741]LogDirectoryWatcher: A directory notification for 'D:/Github/Masterarbeit/Plugins/VictoryPlugin/Binaries/Win64' was aborted.
[2017.09.21-09.55.07:940][741]LogModuleManager: Shutting down and abandoning module VictoryBPLibrary (262)
[2017.09.21-09.55.07:940][741]LogModuleManager: Shutting down and abandoning module RuntimePhysXCooking (260)
[2017.09.21-09.55.07:940][741]LogModuleManager: Shutting down and abandoning module PhysXVehiclesEditor (258)
[2017.09.21-09.55.07:940][741]LogModuleManager: Shutting down and abandoning module PhysXVehicles (256)
[2017.09.21-09.55.07:940][741]LogModuleManager: Shutting down and abandoning module OculusEditor (254)
[2017.09.21-09.55.07:940][741]LogModuleManager: Shutting down and abandoning module LocationServicesBPLibrary (252)
[2017.09.21-09.55.07:940][741]LogModuleManager: Shutting down and abandoning module ImmediatePhysicsEditor (250)
[2017.09.21-09.55.07:940][741]LogModuleManager: Shutting down and abandoning module ImmediatePhysics (248)
[2017.09.21-09.55.07:949][741]LogModuleManager: Shutting down and abandoning module UdpMessaging (246)
[2017.09.21-09.55.08:049][741]LogModuleManager: Shutting down and abandoning module TcpMessaging (244)
[2017.09.21-09.55.08:159][741]LogModuleManager: Shutting down and abandoning module GameplayTagsEditor (242)
[2017.09.21-09.55.08:222][741]LogModuleManager: Shutting down and abandoning module FacialAnimationEditor (240)
[2017.09.21-09.55.08:223][741]LogModuleManager: Shutting down and abandoning module FacialAnimation (238)
[2017.09.21-09.55.08:223][741]LogModuleManager: Shutting down and abandoning module AssetManagerEditor (236)
[2017.09.21-09.55.08:234][741]LogModuleManager: Shutting down and abandoning module GraphEditor (235)
[2017.09.21-09.55.08:234][741]LogModuleManager: Shutting down and abandoning module ContentBrowser (233)
[2017.09.21-09.55.08:236][741]LogModuleManager: Shutting down and abandoning module LightPropagationVolumeRuntime (230)
[2017.09.21-09.55.08:236][741]LogModuleManager: Shutting down and abandoning module Paper2D (228)
[2017.09.21-09.55.08:249][741]LogModuleManager: Shutting down and abandoning module WindowsMoviePlayer (226)
[2017.09.21-09.55.08:257][741]LogModuleManager: Shutting down and abandoning module WmfMedia (224)
[2017.09.21-09.55.08:265][741]LogModuleManager: Shutting down and abandoning module PacketHandler (222)
[2017.09.21-09.55.08:265][741]LogModuleManager: Shutting down and abandoning module ClothingSystemEditor (220)
[2017.09.21-09.55.08:269][741]LogModuleManager: Shutting down and abandoning module ClothingSystemRuntime (218)
[2017.09.21-09.55.08:297][741]LogModuleManager: Shutting down and abandoning module Overlay (216)
[2017.09.21-09.55.08:297][741]LogModuleManager: Shutting down and abandoning module OverlayEditor (215)
[2017.09.21-09.55.08:297][741]LogModuleManager: Shutting down and abandoning module MediaAssets (212)
[2017.09.21-09.55.08:297][741]LogModuleManager: Shutting down and abandoning module VREditor (210)
[2017.09.21-09.55.08:326][741]LogModuleManager: Shutting down and abandoning module StringTableEditor (208)
[2017.09.21-09.55.08:343][741]LogModuleManager: Shutting down and abandoning module GameplayTasksEditor (206)
[2017.09.21-09.55.08:343][741]LogModuleManager: Shutting down and abandoning module BehaviorTreeEditor (204)
[2017.09.21-09.55.08:407][741]LogModuleManager: Shutting down and abandoning module FunctionalTesting (202)
[2017.09.21-09.55.08:407][741]LogModuleManager: Shutting down and abandoning module CollisionAnalyzer (200)
[2017.09.21-09.55.08:418][741]LogModuleManager: Shutting down and abandoning module WorkspaceMenuStructure (199)
[2017.09.21-09.55.08:421][741]LogModuleManager: Shutting down and abandoning module UMG (196)
[2017.09.21-09.55.08:421][741]LogModuleManager: Shutting down and abandoning module UMGEditor (195)
[2017.09.21-09.55.08:456][741]LogModuleManager: Shutting down and abandoning module Sequencer (194)
[2017.09.21-09.55.08:481][741]LogModuleManager: Shutting down and abandoning module MessageLog (191)
[2017.09.21-09.55.08:481][741]LogModuleManager: Shutting down and abandoning module SlateReflector (186)
[2017.09.21-09.55.08:502][741]LogModuleManager: Shutting down and abandoning module Slate (184)
[2017.09.21-09.55.08:502][741]LogModuleManager: Shutting down and abandoning module EditorStyle (182)
[2017.09.21-09.55.08:529][741]LogModuleManager: Shutting down and abandoning module MRMesh (180)
[2017.09.21-09.55.08:529][741]LogModuleManager: Shutting down and abandoning module SourceCodeAccess (178)
[2017.09.21-09.55.08:529][741]LogModuleManager: Shutting down and abandoning module HeadMountedDisplay (176)
[2017.09.21-09.55.08:529][741]LogModuleManager: Shutting down and abandoning module XAudio2 (174)
[2017.09.21-09.55.08:529][741]LogModuleManager: Shutting down and abandoning module Networking (172)
[2017.09.21-09.55.08:529][741]LogModuleManager: Shutting down and abandoning module Core (168)
[2017.09.21-09.55.08:529][741]LogModuleManager: Shutting down and abandoning module KismetCompiler (164)
[2017.09.21-09.55.08:529][741]LogModuleManager: Shutting down and abandoning module LevelSequence (162)
[2017.09.21-09.55.08:529][741]LogModuleManager: Shutting down and abandoning module MeshUtilities (160)
[2017.09.21-09.55.08:577][741]LogModuleManager: Shutting down and abandoning module MeshMergeUtilities (159)
[2017.09.21-09.55.08:589][741]LogModuleManager: Shutting down and abandoning module MeshReductionInterface (158)
[2017.09.21-09.55.08:589][741]LogModuleManager: Shutting down and abandoning module SimplygonSwarm (157)
[2017.09.21-09.55.08:601][741]LogModuleManager: Shutting down and abandoning module SimplygonMeshReduction (155)
[2017.09.21-09.55.08:601][741]LogModuleManager: Shutting down and abandoning module QuadricMeshReduction (153)
[2017.09.21-09.55.08:609][741]LogModuleManager: Shutting down and abandoning module MaterialBaking (149)
[2017.09.21-09.55.08:620][741]LogModuleManager: Shutting down and abandoning module DirectoryWatcher (146)
[2017.09.21-09.55.08:624][741]LogModuleManager: Shutting down and abandoning module DerivedDataCache (144)
[2017.09.21-09.55.08:676][741]LogDerivedDataCache: Shutdown
[2017.09.21-09.55.08:681][741]LogModuleManager: Shutting down and abandoning module TargetPlatform (142)
[2017.09.21-09.55.08:682][741]LogModuleManager: Shutting down and abandoning module VulkanShaderFormat (141)
[2017.09.21-09.55.08:692][741]LogModuleManager: Shutting down and abandoning module ShaderFormatVectorVM (139)
[2017.09.21-09.55.08:697][741]LogModuleManager: Shutting down and abandoning module ShaderFormatOpenGL (137)
[2017.09.21-09.55.08:708][741]LogModuleManager: Shutting down and abandoning module ShaderFormatD3D (135)
[2017.09.21-09.55.08:717][741]LogModuleManager: Shutting down and abandoning module MetalShaderFormat (133)
[2017.09.21-09.55.08:737][741]LogModuleManager: Shutting down and abandoning module TextureFormatUncompressed (131)
[2017.09.21-09.55.08:738][741]LogModuleManager: Shutting down and abandoning module TextureFormatPVR (129)
[2017.09.21-09.55.08:738][741]LogModuleManager: Shutting down and abandoning module TextureFormatDXT (127)
[2017.09.21-09.55.08:752][741]LogModuleManager: Shutting down and abandoning module TextureFormatIntelISPCTexComp (125)
[2017.09.21-09.55.08:759][741]LogModuleManager: Shutting down and abandoning module TextureFormatASTC (123)
[2017.09.21-09.55.08:760][741]LogModuleManager: Shutting down and abandoning module ImageWrapper (122)
[2017.09.21-09.55.08:760][741]LogModuleManager: Shutting down and abandoning module TextureFormatAndroid (119)
[2017.09.21-09.55.08:760][741]LogModuleManager: Shutting down and abandoning module AudioFormatOpus (117)
[2017.09.21-09.55.08:761][741]LogModuleManager: Shutting down and abandoning module AudioFormatOgg (115)
[2017.09.21-09.55.08:761][741]LogModuleManager: Shutting down and abandoning module AudioFormatADPCM (113)
[2017.09.21-09.55.08:761][741]LogModuleManager: Shutting down and abandoning module LinuxTargetPlatform (111)
[2017.09.21-09.55.08:761][741]LogModuleManager: Shutting down and abandoning module LinuxServerTargetPlatform (109)
[2017.09.21-09.55.08:761][741]LogModuleManager: Shutting down and abandoning module LinuxNoEditorTargetPlatform (107)
[2017.09.21-09.55.08:761][741]LogModuleManager: Shutting down and abandoning module LinuxClientTargetPlatform (105)
[2017.09.21-09.55.08:761][741]LogModuleManager: Shutting down and abandoning module TVOSTargetPlatform (103)
[2017.09.21-09.55.08:761][741]LogModuleManager: Shutting down and abandoning module Messaging (101)
[2017.09.21-09.55.08:761][741]LogModuleManager: Shutting down and abandoning module IOSTargetPlatform (99)
[2017.09.21-09.55.08:761][741]LogModuleManager: Shutting down and abandoning module HTML5TargetPlatform (97)
[2017.09.21-09.55.08:761][741]LogModuleManager: Shutting down and abandoning module Android_PVRTCTargetPlatform (95)
[2017.09.21-09.55.08:761][741]LogModuleManager: Shutting down and abandoning module Android_MultiTargetPlatform (93)
[2017.09.21-09.55.08:761][741]LogModuleManager: Shutting down and abandoning module Android_ETC2TargetPlatform (91)
[2017.09.21-09.55.08:761][741]LogModuleManager: Shutting down and abandoning module Android_ETC1TargetPlatform (89)
[2017.09.21-09.55.08:761][741]LogModuleManager: Shutting down and abandoning module Android_DXTTargetPlatform (87)
[2017.09.21-09.55.08:762][741]LogModuleManager: Shutting down and abandoning module Android_ATCTargetPlatform (85)
[2017.09.21-09.55.08:762][741]LogModuleManager: Shutting down and abandoning module Android_ASTCTargetPlatform (83)
[2017.09.21-09.55.08:762][741]LogModuleManager: Shutting down and abandoning module AndroidTargetPlatform (81)
[2017.09.21-09.55.08:762][741]LogModuleManager: Shutting down and abandoning module WindowsTargetPlatform (79)
[2017.09.21-09.55.08:762][741]LogModuleManager: Shutting down and abandoning module WindowsServerTargetPlatform (77)
[2017.09.21-09.55.08:762][741]LogModuleManager: Shutting down and abandoning module WindowsNoEditorTargetPlatform (75)
[2017.09.21-09.55.08:762][741]LogModuleManager: Shutting down and abandoning module WindowsClientTargetPlatform (73)
[2017.09.21-09.55.08:762][741]LogModuleManager: Shutting down and abandoning module MacTargetPlatform (71)
[2017.09.21-09.55.08:762][741]LogModuleManager: Shutting down and abandoning module MacServerTargetPlatform (69)
[2017.09.21-09.55.08:762][741]LogModuleManager: Shutting down and abandoning module MacNoEditorTargetPlatform (67)
[2017.09.21-09.55.08:762][741]LogModuleManager: Shutting down and abandoning module MacClientTargetPlatform (65)
[2017.09.21-09.55.08:762][741]LogModuleManager: Shutting down and abandoning module AllDesktopTargetPlatform (63)
[2017.09.21-09.55.08:762][741]LogModuleManager: Shutting down and abandoning module InputCore (60)
[2017.09.21-09.55.08:762][741]LogModuleManager: Shutting down and abandoning module Settings (58)
[2017.09.21-09.55.08:762][741]LogModuleManager: Shutting down and abandoning module PhysXCooking (56)
[2017.09.21-09.55.08:762][741]LogModuleManager: Shutting down and abandoning module SteamVR (54)
[2017.09.21-09.55.08:762][741]LogModuleManager: Shutting down and abandoning module OculusHMD (52)
[2017.09.21-09.55.08:779][741]LogModuleManager: Shutting down and abandoning module ExampleDeviceProfileSelector (50)
[2017.09.21-09.55.08:779][741]LogModuleManager: Shutting down and abandoning module OnlineBlueprintSupport (48)
[2017.09.21-09.55.08:779][741]LogModuleManager: Shutting down and abandoning module OnlineSubsystem (44)
[2017.09.21-09.55.08:779][741]LogOnline: Display: Unloading online subsystem: NULL
[2017.09.21-09.55.08:821][741]LogModuleManager: Shutting down and abandoning module XMPP (43)
[2017.09.21-09.55.08:864][741]LogModuleManager: Shutting down and abandoning module HTTP (41)
[2017.09.21-09.55.08:864][741]LogHttp: Display: Http module shutting down, but needs to wait on 1 outstanding Http requests:
[2017.09.21-09.55.08:879][741]LogHttp: Display: 	verb=[POST] url=[https://datarouter.ol.epicgames.com/datarouter/api/v1/public/data?SessionID=%7B5F76E059-4E8A-5BD6-C66E-AEA3DDCF715E%7D&AppID=UEEditor.Rocket.Release&AppVersion=4.17.1-3586342%2B%2B%2BUE4%2BRelease-4.17&UserID=1a4e72b84605f241aedbd0856a2b1682%7C6de05fa92587480fb7882ffc140bd849%7C705478e5-d4b4-468d-9618-97abfa4f769e&AppEnvironment=datacollector-binary&UploadType=eteventstream] status=Processing
[2017.09.21-09.55.08:901][741]LogModuleManager: Shutting down and abandoning module SSL (40)
[2017.09.21-09.55.08:914][741]LogModuleManager: Shutting down and abandoning module AnimationModifiers (36)
[2017.09.21-09.55.08:925][741]LogModuleManager: Shutting down and abandoning module PropertyEditor (35)
[2017.09.21-09.55.08:925][741]LogModuleManager: Shutting down and abandoning module AudioEditor (32)
[2017.09.21-09.55.08:959][741]LogModuleManager: Shutting down and abandoning module TextureCompressor (30)
[2017.09.21-09.55.08:963][741]LogModuleManager: Shutting down and abandoning module ShaderCore (28)
[2017.09.21-09.55.08:963][741]LogModuleManager: Shutting down and abandoning module Landscape (26)
[2017.09.21-09.55.08:963][741]LogModuleManager: Shutting down and abandoning module SlateRHIRenderer (24)
[2017.09.21-09.55.08:999][741]LogModuleManager: Shutting down and abandoning module OpenGLDrv (22)
[2017.09.21-09.55.09:008][741]LogModuleManager: Shutting down and abandoning module D3D11RHI (20)
[2017.09.21-09.55.09:008][741]LogModuleManager: Shutting down and abandoning module AnimGraphRuntime (18)
[2017.09.21-09.55.09:020][741]LogModuleManager: Shutting down and abandoning module Renderer (16)
[2017.09.21-09.55.09:020][741]LogModuleManager: Shutting down and abandoning module Engine (14)
[2017.09.21-09.55.09:023][741]LogModuleManager: Shutting down and abandoning module CoreUObject (12)
[2017.09.21-09.55.09:023][741]LogModuleManager: Shutting down and abandoning module NetworkFile (10)
[2017.09.21-09.55.09:027][741]LogModuleManager: Shutting down and abandoning module CookedIterativeFile (8)
[2017.09.21-09.55.09:027][741]LogModuleManager: Shutting down and abandoning module StreamingFile (6)
[2017.09.21-09.55.09:039][741]LogModuleManager: Shutting down and abandoning module SandboxFile (4)
[2017.09.21-09.55.09:056][741]LogModuleManager: Shutting down and abandoning module PakFile (2)
[2017.09.21-09.55.09:085][741]LogExit: Exiting.
[2017.09.21-09.55.09:112][741]Log file closed, 09/21/17 11:55:09
