Log file open, 09/02/17 14:11:27
LogWindows: LoadLibraryWithSearchPaths failed for file aqProf.dll. GetLastError=0
LogWindows: LoadLibraryWithSearchPaths failed for file VSPerf140.dll. GetLastError=0
LogWindows: LoadLibraryWithSearchPaths failed for file VtuneApi.dll. GetLastError=0
LogWindows: LoadLibraryWithSearchPaths failed for file VtuneApi32e.dll. GetLastError=0
LogInit: Display: Running engine for game: DSHockeyGame
LogPlatformFile: Not using cached read wrapper
LogInit: Display: RandInit(-1586906924) SRandInit(-1586906924).
LogTaskGraph: Started task graph with 5 named threads and 20 total threads with 3 sets of task threads.
LogStats: Stats thread started at 0.225463
LogD3D11RHI: Aftermath initialized
LogPluginManager: Mounting plugin Paper2D
LogPluginManager: Mounting plugin LightPropagationVolume
LogPluginManager: Mounting plugin CodeLiteSourceCodeAccess
LogPluginManager: Mounting plugin GitSourceControl
LogPluginManager: Mounting plugin KDevelopSourceCodeAccess
LogPluginManager: Mounting plugin NullSourceCodeAccess
LogPluginManager: Mounting plugin PerforceSourceControl
LogPluginManager: Mounting plugin SubversionSourceControl
LogPluginManager: Mounting plugin UObjectPlugin
LogPluginManager: Mounting plugin VisualStudioSourceCodeAccess
LogPluginManager: Mounting plugin XCodeSourceCodeAccess
LogPluginManager: Mounting plugin AssetManagerEditor
LogPluginManager: Mounting plugin AudioCapture
LogPluginManager: Mounting plugin FacialAnimation
LogPluginManager: Mounting plugin GameplayTagsEditor
LogPluginManager: Mounting plugin MobileLauncherProfileWizard
LogPluginManager: Mounting plugin PluginBrowser
LogPluginManager: Mounting plugin SpeedTreeImporter
LogPluginManager: Mounting plugin AlembicImporter
LogPluginManager: Mounting plugin CharacterAI
LogPluginManager: Mounting plugin HTML5Networking
LogPluginManager: Mounting plugin AndroidMedia
LogPluginManager: Mounting plugin AvfMedia
LogPluginManager: Mounting plugin MediaPlayerEditor
LogPluginManager: Mounting plugin WmfMedia
LogPluginManager: Mounting plugin TcpMessaging
LogPluginManager: Mounting plugin UdpMessaging
LogPluginManager: Mounting plugin LevelSequenceEditor
LogPluginManager: Mounting plugin MatineeToLevelSequence
LogPluginManager: Mounting plugin OnlineSubsystemGooglePlay
LogPluginManager: Mounting plugin OnlineSubsystemIOS
LogPluginManager: Mounting plugin OnlineSubsystem
LogPluginManager: Mounting plugin OnlineSubsystemNull
LogPluginManager: Mounting plugin OnlineSubsystemUtils
LogPluginManager: Mounting plugin AndroidDeviceProfileSelector
LogPluginManager: Mounting plugin AndroidMoviePlayer
LogPluginManager: Mounting plugin AndroidPermission
LogPluginManager: Mounting plugin AppleMoviePlayer
LogPluginManager: Mounting plugin ArchVisCharacter
LogPluginManager: Mounting plugin CableComponent
LogPluginManager: Mounting plugin CustomMeshComponent
LogPluginManager: Mounting plugin ExampleDeviceProfileSelector
LogPluginManager: Mounting plugin GoogleCloudMessaging
LogPluginManager: Mounting plugin ImmediatePhysics
LogPluginManager: Mounting plugin IOSDeviceProfileSelector
LogPluginManager: Mounting plugin LinuxDeviceProfileSelector
LogPluginManager: Mounting plugin LocationServicesBPLibrary
LogPluginManager: Mounting plugin MobilePatchingUtils
LogPluginManager: Mounting plugin OculusVR
LogPluginManager: Mounting plugin PhysXVehicles
LogPluginManager: Mounting plugin ProceduralMeshComponent
LogPluginManager: Mounting plugin RuntimePhysXCooking
LogPluginManager: Mounting plugin SteamVR
LogPluginManager: Mounting plugin WindowsMoviePlayer
LogInit: Using libcurl 7.47.1
LogInit:  - built for x86_64-pc-win32
LogInit:  - supports SSL with OpenSSL/1.0.2g
LogInit:  - supports HTTP deflate (compression) using libz 1.2.8
LogInit:  - other features:
LogInit:      CURL_VERSION_SSL
LogInit:      CURL_VERSION_LIBZ
LogInit:      CURL_VERSION_IPV6
LogInit:      CURL_VERSION_ASYNCHDNS
LogInit:      CURL_VERSION_LARGEFILE
LogInit:      CURL_VERSION_IDN
LogInit:  CurlRequestOptions (configurable via config and command line):
LogInit:  - bVerifyPeer = false  - Libcurl will NOT verify peer certificate
LogInit:  - bUseHttpProxy = false  - Libcurl will NOT use HTTP proxy
LogInit:  - bDontReuseConnections = false  - Libcurl will reuse connections
LogInit:  - CertBundlePath = nullptr  - Libcurl will use whatever was configured at build time.
LogInit: Build: ++UE4+Release-4.17-CL-3586342
LogInit: Engine Version: 4.17.1-3586342+++UE4+Release-4.17
LogInit: Compatible Engine Version: 4.17.0-3573198+++UE4+Release-4.17
LogInit: Net CL: 3573198
LogDevObjectVersion: Number of dev versions registered: 16
LogDevObjectVersion:   Dev-Blueprints (B0D832E4-1F89-4F0D-ACCF-7EB736FD4AA2): 10
LogDevObjectVersion:   Dev-Build (E1C64328-A22C-4D53-A36C-8E866417BD8C): 0
LogDevObjectVersion:   Dev-Core (375EC13C-06E4-48FB-B500-84F0262A717E): 2
LogDevObjectVersion:   Dev-Editor (E4B068ED-F494-42E9-A231-DA0B2E46BB41): 20
LogDevObjectVersion:   Dev-Framework (CFFC743F-43B0-4480-9391-14DF171D2073): 28
LogDevObjectVersion:   Dev-Mobile (B02B49B5-BB20-44E9-A304-32B752E40360): 0
LogDevObjectVersion:   Dev-Networking (A4E4105C-59A1-49B5-A7C5-40C4547EDFEE): 0
LogDevObjectVersion:   Dev-Online (39C831C9-5AE6-47DC-9A44-9C173E1C8E7C): 0
LogDevObjectVersion:   Dev-Physics (78F01B33-EBEA-4F98-B9B4-84EACCB95AA2): 0
LogDevObjectVersion:   Dev-Platform (6631380F-2D4D-43E0-8009-CF276956A95A): 0
LogDevObjectVersion:   Dev-Rendering (12F88B9F-8875-4AFC-A67C-D90C383ABD29): 19
LogDevObjectVersion:   Dev-Sequencer (7B5AE74C-D270-4C10-A958-57980B212A5A): 4
LogDevObjectVersion:   Dev-VR (D7296918-1DD6-4BDD-9DE2-64A83CC13884): 0
LogDevObjectVersion:   Dev-LoadTimes (C2A15278-BFE7-4AFE-6C17-90FF531DF755): 1
LogDevObjectVersion:   Private-Geometry (6EACA3D4-40EC-4CC1-B786-8BED09428FC5): 1
LogDevObjectVersion:   Dev-AnimPhys (29E575DD-E0A3-4627-9D10-D276232CDCEA): 7
LogInit: Compiled (64-bit): Aug 15 2017 02:05:26
LogInit: Compiled with Visual C++: 19.00.24215.01
LogInit: Build Configuration: Development
LogInit: Branch Name: ++UE4+Release-4.17
LogInit: Command line:  
LogInit: Base directory: D:/UE_4.17/Engine/Binaries/Win64/
LogInit: Installed Engine Build: 1
LogInit: Presizing for max 8388607 objects, including 0 objects not considered by GC, pre-allocating 0 bytes for permanent pool.
LogInit: Object subsystem initialized
[2017.09.02-12.11.28:334][  0]LogInit: Selected Device Profile: [Windows]
[2017.09.02-12.11.28:334][  0]LogInit: Applying CVar settings loaded from the selected device profile: [Windows]
[2017.09.02-12.11.28:343][  0]LogInit: Computer: PC1011604140
[2017.09.02-12.11.28:343][  0]LogInit: User: LocalAdmin
[2017.09.02-12.11.28:343][  0]LogInit: CPU Page size=4096, Cores=6
[2017.09.02-12.11.28:343][  0]LogInit: High frequency timer resolution =3.220788 MHz
[2017.09.02-12.11.28:344][  0]LogMemory: Memory total: Physical=15.9GB (16GB approx)
[2017.09.02-12.11.28:344][  0]LogMemory: Platform Memory Stats for Windows
[2017.09.02-12.11.28:344][  0]LogMemory: Process Physical Memory: 280.19 MB used, 280.19 MB peak
[2017.09.02-12.11.28:344][  0]LogMemory: Process Virtual Memory: 280.98 MB used, 280.98 MB peak
[2017.09.02-12.11.28:344][  0]LogMemory: Physical Memory: 3367.10 MB used,  12927.84 MB free, 16294.94 MB total
[2017.09.02-12.11.28:344][  0]LogMemory: Virtual Memory: 681.23 MB used,  12927.84 MB free, 134217728.00 MB total
[2017.09.02-12.11.28:444][  0]LogInit: Using OS detected language (de-DE).
[2017.09.02-12.11.28:444][  0]LogInit: Using OS detected locale (de-DE).
[2017.09.02-12.11.28:447][  0]LogTextLocalizationManager: No localization for 'de-DE' exists, so 'en' will be used for the language.
[2017.09.02-12.11.28:448][  0]LogTextLocalizationManager: No localization for 'de-DE' exists, so 'en' will be used for the locale.
[2017.09.02-12.11.29:098][  0]LogD3D11RHI: D3D11 adapters:
[2017.09.02-12.11.29:119][  0]LogD3D11RHI:    0. 'NVIDIA GeForce GTX 980 Ti' (Feature Level 11_0)
[2017.09.02-12.11.29:119][  0]LogD3D11RHI:       6102/0/8147 MB DedicatedVideo/DedicatedSystem/SharedSystem, Outputs:1, VendorId:0x10de
[2017.09.02-12.11.29:120][  0]LogD3D11RHI:    1. 'Microsoft Basic Render Driver' (Feature Level 11_0)
[2017.09.02-12.11.29:120][  0]LogD3D11RHI:       0/0/8147 MB DedicatedVideo/DedicatedSystem/SharedSystem, Outputs:0, VendorId:0x1414
[2017.09.02-12.11.29:120][  0]LogD3D11RHI: Chosen D3D11 Adapter: 0
[2017.09.02-12.11.29:123][  0]LogD3D11RHI: Creating new Direct3DDevice
[2017.09.02-12.11.29:123][  0]LogD3D11RHI:     GPU DeviceId: 0x17c8 (for the marketing name, search the web for "GPU Device Id")
[2017.09.02-12.11.29:123][  0]LogWindows: EnumDisplayDevices:
[2017.09.02-12.11.29:123][  0]LogWindows:    0. 'NVIDIA GeForce GTX 980 Ti' (P:1 D:1)
[2017.09.02-12.11.29:124][  0]LogWindows:    1. 'NVIDIA GeForce GTX 980 Ti' (P:0 D:0)
[2017.09.02-12.11.29:124][  0]LogWindows:    2. 'NVIDIA GeForce GTX 980 Ti' (P:0 D:0)
[2017.09.02-12.11.29:124][  0]LogWindows:    3. 'NVIDIA GeForce GTX 980 Ti' (P:0 D:0)
[2017.09.02-12.11.29:124][  0]LogWindows: DebugString: FoundDriverCount:4 
[2017.09.02-12.11.29:124][  0]LogD3D11RHI:     Adapter Name: NVIDIA GeForce GTX 980 Ti
[2017.09.02-12.11.29:124][  0]LogD3D11RHI:   Driver Version: 376.53 (internal:21.21.13.7653, unified:376.53)
[2017.09.02-12.11.29:124][  0]LogD3D11RHI:      Driver Date: 12-29-2016
[2017.09.02-12.11.29:124][  0]LogRHI: Texture pool is 1361 MB (70% of 1945 MB)
[2017.09.02-12.11.29:141][  0]LogD3D11RHI: Async texture creation enabled
[2017.09.02-12.11.29:151][  0]LogD3D11RHI: GPU Timing Frequency: 1000.000000 (Debug: 2 1)
[2017.09.02-12.11.29:199][  0]LogShaderCompilers: Guid format shader working directory is 4 characters bigger than the processId version (../../../../MA Daniel Schmidl/Masterarbeit 4.17/Intermediate/Shaders/WorkingDirectory/1848/).
[2017.09.02-12.11.29:199][  0]LogShaderCompilers: Cleaned the shader compiler working directory 'C:/Users/LocalAdmin/AppData/Local/Temp/UnrealShaderWorkingDir/055075BD48E5261540DE55B12FCB76B0/'.
[2017.09.02-12.11.29:199][  0]LogShaderCompilers: Display: Using Local Shader Compiler.
[2017.09.02-12.11.30:093][  0]LogTemp: Display: Loaded TP AllDesktopTargetPlatform
[2017.09.02-12.11.30:135][  0]LogTemp: Display: Loaded TP MacClientTargetPlatform
[2017.09.02-12.11.30:176][  0]LogTemp: Display: Loaded TP MacNoEditorTargetPlatform
[2017.09.02-12.11.30:224][  0]LogTemp: Display: Loaded TP MacServerTargetPlatform
[2017.09.02-12.11.30:266][  0]LogTemp: Display: Loaded TP MacTargetPlatform
[2017.09.02-12.11.30:304][  0]LogTemp: Display: Loaded TP WindowsClientTargetPlatform
[2017.09.02-12.11.30:347][  0]LogTemp: Display: Loaded TP WindowsNoEditorTargetPlatform
[2017.09.02-12.11.30:389][  0]LogTemp: Display: Loaded TP WindowsServerTargetPlatform
[2017.09.02-12.11.30:423][  0]LogTemp: Display: Loaded TP WindowsTargetPlatform
[2017.09.02-12.11.30:461][  0]LogTemp: Display: Loaded TP AndroidTargetPlatform
[2017.09.02-12.11.30:505][  0]LogTemp: Display: Loaded TP Android_ASTCTargetPlatform
[2017.09.02-12.11.30:547][  0]LogTemp: Display: Loaded TP Android_ATCTargetPlatform
[2017.09.02-12.11.30:587][  0]LogTemp: Display: Loaded TP Android_DXTTargetPlatform
[2017.09.02-12.11.30:625][  0]LogTemp: Display: Loaded TP Android_ETC1TargetPlatform
[2017.09.02-12.11.30:666][  0]LogTemp: Display: Loaded TP Android_ETC2TargetPlatform
[2017.09.02-12.11.30:748][  0]LogTemp: Display: Loaded TP Android_MultiTargetPlatform
[2017.09.02-12.11.30:748][  0]LogTemp: Display: Loaded TP Android_PVRTCTargetPlatform
[2017.09.02-12.11.30:776][  0]LogTemp: Display: Loaded TP HTML5TargetPlatform
[2017.09.02-12.11.30:852][  0]LogTemp: Display: Loaded TP IOSTargetPlatform
[2017.09.02-12.11.30:877][  0]LogTemp: Display: Loaded TP TVOSTargetPlatform
[2017.09.02-12.11.30:924][  0]LogTemp: Display: Loaded TP LinuxClientTargetPlatform
[2017.09.02-12.11.30:968][  0]LogTemp: Display: Loaded TP LinuxNoEditorTargetPlatform
[2017.09.02-12.11.31:011][  0]LogTemp: Display: Loaded TP LinuxServerTargetPlatform
[2017.09.02-12.11.31:049][  0]LogTemp: Display: Loaded TP LinuxTargetPlatform
[2017.09.02-12.11.31:049][  0]LogTargetPlatformManager: Display: Building Assets For Windows
[2017.09.02-12.11.31:388][  0]LogDerivedDataCache: Display: Max Cache Size: 512 MB
[2017.09.02-12.11.31:470][  0]LogDerivedDataCache: Loaded boot cache 0.08s 93MB C:/Users/LocalAdmin/AppData/Local/UnrealEngine/4.17/DerivedDataCache/Boot.ddc.
[2017.09.02-12.11.31:470][  0]LogDerivedDataCache: Display: Loaded Boot cache: C:/Users/LocalAdmin/AppData/Local/UnrealEngine/4.17/DerivedDataCache/Boot.ddc
[2017.09.02-12.11.31:470][  0]LogDerivedDataCache: FDerivedDataBackendGraph:  Pak pak cache file ../../../../MA Daniel Schmidl/Masterarbeit 4.17/DerivedDataCache/DDC.ddp not found, will not use a pak cache.
[2017.09.02-12.11.31:470][  0]LogDerivedDataCache: Unable to find inner node Pak for hierarchical cache Hierarchy.
[2017.09.02-12.11.31:470][  0]LogDerivedDataCache: FDerivedDataBackendGraph:  CompressedPak pak cache file ../../../../MA Daniel Schmidl/Masterarbeit 4.17/DerivedDataCache/Compressed.ddp not found, will not use a pak cache.
[2017.09.02-12.11.31:471][  0]LogDerivedDataCache: Unable to find inner node CompressedPak for hierarchical cache Hierarchy.
[2017.09.02-12.11.31:489][  0]LogDerivedDataCache: Display: Pak cache opened for reading ../../../Engine/DerivedDataCache/Compressed.ddp.
[2017.09.02-12.11.31:502][  0]LogDerivedDataCache: Using Local data cache path C:/Users/LocalAdmin/AppData/Local/UnrealEngine/Common/DerivedDataCache: Writable
[2017.09.02-12.11.31:513][  0]LogMaterial: Verifying Global Shaders for PCD3D_SM5
[2017.09.02-12.11.31:513][  0]LogSlate: Using Freetype 2.6.0
[2017.09.02-12.11.31:514][  0]LogSlate: SlateFontCache - WITH_FREETYPE: 1, WITH_HARFBUZZ: 1
[2017.09.02-12.11.31:514][  0]LogSlate: SlateFontCache - WITH_FREETYPE: 1, WITH_HARFBUZZ: 1
[2017.09.02-12.11.31:791][  0]LogAssetRegistry: FAssetRegistry took 0.0264 seconds to start up
[2017.09.02-12.11.31:899][  0]LogInit: Selected Device Profile: [Windows]
[2017.09.02-12.11.32:022][  0]LogContentStreaming: Texture pool size is 0.00 MB
[2017.09.02-12.11.32:259][  0]LogSimplygon: Simplygon DLL not present - disabling.
[2017.09.02-12.11.32:289][  0]LogMeshReduction: Using SimplygonSwarm for distributed automatic mesh merging
[2017.09.02-12.11.32:289][  0]LogMeshReduction: Using QuadricMeshReduction for automatic static mesh reduction
[2017.09.02-12.11.32:289][  0]LogMeshReduction: No automatic skeletal mesh reduction module available
[2017.09.02-12.11.32:289][  0]LogMeshReduction: No automatic mesh merging module available
[2017.09.02-12.11.32:289][  0]LogMeshMerging: No automatic mesh merging module available
[2017.09.02-12.11.32:597][  0]LogNetVersion: DSHockeyGame , NetCL: 3573198, EngineNetVer: 2, GameNetVer: 0 (Checksum: 4108346606)
[2017.09.02-12.11.32:749][  0]LogPackageLocalizationCache: Processed 5 localized package path(s) for 1 prioritized culture(s) in 0.020307 seconds
[2017.09.02-12.11.32:755][  0]LogUObjectArray: 35825 objects as part of root set at end of initial load.
[2017.09.02-12.11.32:755][  0]LogUObjectAllocator: 7529104 out of 0 bytes used by permanent object pool.
[2017.09.02-12.11.32:755][  0]LogUObjectArray: CloseDisregardForGC: 0/0 objects in disregard for GC pool
[2017.09.02-12.11.32:792][  0]LogInit: WinSock: version 1.1 (2.2), MaxSocks=32767, MaxUdp=65467
[2017.09.02-12.11.35:105][  0]LogTcpMessaging: Initializing TcpMessaging bridge
[2017.09.02-12.11.35:137][  0]LogUdpMessaging: Initializing bridge on interface 0.0.0.0:0 to multicast group 230.0.0.1:6666.
[2017.09.02-12.11.35:616][  0]LogMaterial: Uniform references updated for custom material expression Custom.
[2017.09.02-12.11.35:925][  0]SourceControl: Source control is disabled
[2017.09.02-12.11.35:925][  0]SourceControl: Source control is disabled
[2017.09.02-12.11.35:957][  0]SourceControl: Source control is disabled
[2017.09.02-12.11.35:990][  0]SourceControl: Source control is disabled
[2017.09.02-12.11.36:399][  0]LogAndroidPermission: UAndroidPermissionCallbackProxy::GetInstance
[2017.09.02-12.11.36:569][  0]LogOcInput: OculusInput pre-init called
[2017.09.02-12.11.36:762][  0]LogEngine: Initializing Engine...
[2017.09.02-12.11.37:309][  0]LogHMD: SteamVR initialized.  Driver: lighthouse  Display: LHR-7E24A3A3
[2017.09.02-12.11.37:518][  0]LogStats: UGameplayTagsManager::ConstructGameplayTagTree: Construct from data asset -  0.000 s
[2017.09.02-12.11.37:518][  0]LogStats: UGameplayTagsManager::ConstructGameplayTagTree: GameplayTagTreeChangedEvent.Broadcast -  0.000 s
[2017.09.02-12.11.37:606][  0]LogAIModule: Creating AISystem for world Untitled
[2017.09.02-12.11.37:629][  0]LogInit: XAudio2 using 'HTC-VIVE-4 (NVIDIA High Definition Audio)' : 2 channels at 48 kHz using 16 bits per sample (channel mask 0x3)
[2017.09.02-12.11.37:636][  0]LogInit: FAudioDevice initialized.
[2017.09.02-12.11.37:715][  0]LogDerivedDataCache: Saved boot cache 0.08s 93MB C:/Users/LocalAdmin/AppData/Local/UnrealEngine/4.17/DerivedDataCache/Boot.ddc.
[2017.09.02-12.11.37:727][  0]LogInit: Texture streaming: Enabled
[2017.09.02-12.11.37:796][  0]LogEngineSessionManager: EngineSessionManager initialized
[2017.09.02-12.11.37:945][  0]LogInit: Transaction tracking system initialized
[2017.09.02-12.11.38:150][  0]BlueprintLog: New page: Editor Load
[2017.09.02-12.11.38:733][  0]LocalizationService: Localization service is disabled
[2017.09.02-12.11.39:192][  0]LogConsoleResponse: Display: 
[2017.09.02-12.11.39:332][  0]LogCook: Display: Max memory allowance for cook 16384mb min free memory 0mb
[2017.09.02-12.11.39:332][  0]LogCook: Display: Mobile HDR setting 1
[2017.09.02-12.11.39:332][  0]LogGameplayTags: Display: UGameplayTagsManager::DoneAddingNativeTags. DelegateIsBound: 0
[2017.09.02-12.11.39:481][  0]LogFileCache: Scanning file cache for directory 'D:/MA Daniel Schmidl/Masterarbeit 4.17/Content/' took 0.01s
[2017.09.02-12.11.40:029][  0]SourceControl: Source control is disabled
[2017.09.02-12.11.40:029][  0]Cmd: MAP LOAD FILE="../../../../MA Daniel Schmidl/Masterarbeit 4.17/Content/VirtualRealityBP/Maps/PrototypeMap.umap" TEMPLATE=0 SHOWPROGRESS=1 FEATURELEVEL=3
[2017.09.02-12.11.40:030][  0]LightingResults: New page: Lighting Build
[2017.09.02-12.11.40:056][  0]MapCheck: New page: Map Check
[2017.09.02-12.11.40:056][  0]LightingResults: New page: Lighting Build
[2017.09.02-12.11.40:236][  0]LogBlueprint: Warning: [Compiler BP_MotionController] ProjectPointToNavigation_DEPRECATED  is deprecated; This version of ProjectPointToNavigation is deprecated. Please use the new version
[2017.09.02-12.11.40:254][  0]LogBlueprint: Warning: [Compiler BP_MotionController] [0013.28] Compile of BP_MotionController successful, but with 1 Warning(s) [in 38 ms] (/Game/VirtualRealityBP/Blueprints/BP_MotionController.BP_MotionController)
[2017.09.02-12.11.40:642][  0]LogAIModule: Creating AISystem for world PrototypeMap
[2017.09.02-12.11.40:652][  0]LogEditorServer: Finished looking for orphan Actors (0.000 secs)
[2017.09.02-12.11.40:671][  0]Cmd: MAP CHECKDEP NOCLEARLOG
[2017.09.02-12.11.40:728][  0]MapCheck: Map check complete: 0 Error(s), 0 Warning(s), took 56.866ms to complete.
[2017.09.02-12.11.40:728][  0]LogFileHelpers: Loading map 'PrototypeMap' took 0.699
[2017.09.02-12.11.40:775][  0]LogWindowsTextInputMethodSystem: Display: IME system now deactivated.
[2017.09.02-12.11.40:844][  0]LogCollectionManager: Loaded 0 collections in 0.000880 seconds
[2017.09.02-12.11.40:908][  0]LogFileCache: Scanning file cache for directory 'D:/MA Daniel Schmidl/Masterarbeit 4.17/Saved/Collections/' took 0.01s
[2017.09.02-12.11.40:908][  0]LogFileCache: Scanning file cache for directory 'D:/MA Daniel Schmidl/Masterarbeit 4.17/Content/Developers/LocalAdmin/Collections/' took 0.01s
[2017.09.02-12.11.40:908][  0]LogFileCache: Scanning file cache for directory 'D:/MA Daniel Schmidl/Masterarbeit 4.17/Content/Collections/' took 0.01s
[2017.09.02-12.11.40:908][  0]LogCollectionManager: Rebuilt the GUID cache for 0 collections in 0.000000 seconds
[2017.09.02-12.11.40:917][  0]LogContentBrowser: Native class hierarchy populated in 0.0086 seconds. Added 2386 classes and 500 folders.
[2017.09.02-12.11.40:959][  0]LogContentBrowser: Native class hierarchy updated for 'WidgetCarousel' in 0.0006 seconds. Added 0 classes and 0 folders.
[2017.09.02-12.11.41:000][  0]LogContentBrowser: Native class hierarchy updated for 'AddContentDialog' in 0.0006 seconds. Added 0 classes and 0 folders.
[2017.09.02-12.11.41:029][  0]LogContentBrowser: Native class hierarchy updated for 'SceneOutliner' in 0.0006 seconds. Added 1 classes and 2 folders.
[2017.09.02-12.11.41:049][  0]LogSlate: Took 0.000284 seconds to synchronously load lazily loaded font '../../../Engine/Content/Slate/Fonts/Roboto-Regular.ttf' (155K)
[2017.09.02-12.11.41:051][  0]LogSlate: Took 0.000223 seconds to synchronously load lazily loaded font '../../../Engine/Content/Slate/Fonts/Roboto-Bold.ttf' (160K)
[2017.09.02-12.11.41:057][  0]LogSlate: Took 0.000300 seconds to synchronously load lazily loaded font '../../../Engine/Content/Editor/Slate/Fonts/FontAwesome.ttf' (139K)
[2017.09.02-12.11.41:151][  0]LogRenderer: Reallocating scene render targets to support 1208x576 Format 26 NumSamples 1 (Frame:1).
[2017.09.02-12.11.41:192][  0]LogSlate: Took 0.000359 seconds to synchronously load lazily loaded font '../../../Engine/Content/Slate/Fonts/Roboto-Light.ttf' (159K)
[2017.09.02-12.11.41:288][  0]LogContentBrowser: Native class hierarchy updated for 'HierarchicalLODOutliner' in 0.0007 seconds. Added 1 classes and 2 folders.
[2017.09.02-12.11.41:288][  0]LogLoad: (Engine Initialization) Total time: 14.32 seconds
[2017.09.02-12.11.41:288][  0]LogLoad: (Engine Initialization) Total Blueprint compile time: 0.00 seconds
[2017.09.02-12.11.41:288][  0]LogExternalProfiler: No external profilers were discovered.  External profiling features will not be available.
[2017.09.02-12.11.41:297][  0]LogSteamVRController: Tracker device 1 is being assigned unreal hand: Special 1, for player 0
[2017.09.02-12.11.41:318][  0]LogContentStreaming: Texture pool size now 1000 MB
[2017.09.02-12.11.41:386][  1]LogAssetRegistry: Asset discovery search completed in 9.6159 seconds
[2017.09.02-12.11.41:388][  1]LogCollectionManager: Rebuilt the object cache for 0 collections in 0.000001 seconds (found 0 objects)
[2017.09.02-12.11.41:388][  1]LogCollectionManager: Fixed up redirectors for 0 collections in 0.000048 seconds (updated 0 objects)
[2017.09.02-12.11.44:984][419]Cmd: MAP LOAD FILE="../../../../MA Daniel Schmidl/Masterarbeit 4.17/Content/VirtualRealityBP/Maps/EVR_Map.umap" TEMPLATE=0 SHOWPROGRESS=1 FEATURELEVEL=3
[2017.09.02-12.11.44:987][419]LogSlate: Took 0.000233 seconds to synchronously load lazily loaded font '../../../Engine/Content/Slate/Fonts/Roboto-Light.ttf' (159K)
[2017.09.02-12.11.44:994][419]LightingResults: New page: Lighting Build
[2017.09.02-12.11.44:995][419]LoadErrors: New page: Loading map: EVR_Map.umap
[2017.09.02-12.11.44:997][419]MapCheck: New page: Map Check
[2017.09.02-12.11.44:997][419]LightingResults: New page: Lighting Build
[2017.09.02-12.11.45:465][419]LogAIModule: Creating AISystem for world EVR_Map
[2017.09.02-12.11.45:486][419]LogEditorServer: Finished looking for orphan Actors (0.000 secs)
[2017.09.02-12.11.45:533][419]Cmd: MAP CHECKDEP NOCLEARLOG
[2017.09.02-12.11.45:604][419]MapCheck: Map check complete: 0 Error(s), 0 Warning(s), took 70.8ms to complete.
[2017.09.02-12.11.45:604][419]LogFileHelpers: Loading map 'EVR_Map' took 0.621
[2017.09.02-12.12.04:543][218]LogTemp: Repeating last play command: VR Preview
[2017.09.02-12.12.04:580][218]LogPlayLevel: PlayLevel: No blueprints needed recompiling
[2017.09.02-12.12.04:580][218]PIE: New page: PIE session: EVR_Map (Sep 2, 2017, 4:12:04 PM)
[2017.09.02-12.12.04:580][218]LogPlayLevel: Creating play world package: /Game/VirtualRealityBP/Maps/UEDPIE_0_EVR_Map
[2017.09.02-12.12.04:585][218]LogPlayLevel: PIE: StaticDuplicateObject took: (0.005031s)
[2017.09.02-12.12.04:586][218]LogAIModule: Creating AISystem for world EVR_Map
[2017.09.02-12.12.04:586][218]LogPlayLevel: PIE: World Init took: (0.000597s)
[2017.09.02-12.12.04:586][218]LogPlayLevel: PIE: Created PIE world by copying editor world from /Game/VirtualRealityBP/Maps/EVR_Map.EVR_Map to /Game/VirtualRealityBP/Maps/UEDPIE_0_EVR_Map.EVR_Map (0.005870s)
[2017.09.02-12.12.04:618][218]LogInit: XAudio2 using 'HTC-VIVE-4 (NVIDIA High Definition Audio)' : 2 channels at 48 kHz using 16 bits per sample (channel mask 0x3)
[2017.09.02-12.12.04:622][218]LogInit: FAudioDevice initialized.
[2017.09.02-12.12.04:707][218]LogLoad: Game class is 'Prototype_Gamemode_C'
[2017.09.02-12.12.04:712][218]LogWorld: Bringing World /Game/VirtualRealityBP/Maps/UEDPIE_0_EVR_Map.EVR_Map up for play (max tick rate 0) at 2017.09.02-14.12.04
[2017.09.02-12.12.04:712][218]LogWorld: Bringing up level for play took: 0.003621
[2017.09.02-12.12.04:713][218]LogSpawn: Warning: SpawnActor failed because no class was specified
[2017.09.02-12.12.04:741][218]LogContentBrowser: Native class hierarchy updated for 'MovieSceneCapture' in 0.0007 seconds. Added 11 classes and 0 folders.
[2017.09.02-12.12.04:745][218]PIE: Play in editor start time for /Game/VirtualRealityBP/Maps/UEDPIE_0_EVR_Map -0.484
[2017.09.02-12.12.04:800][219]LogRenderer: Reallocating scene render targets to support 3024x1680 Format 26 NumSamples 1 (Frame:1).
[2017.09.02-12.12.53:054][377]LogBlueprintUserMessages: [EVR_TriggerBoxNoGoal_BP_Blueprint_5] kein tor
[2017.09.02-12.13.27:246][908]LogBlueprintUserMessages: [EVR_TriggerBoxGoal_Blueprint_2] tor
[2017.09.02-12.13.27:670][927]LogBlueprintUserMessages: [EVR_TriggerBoxNoGoal_BP_Blueprint_5] kein tor
[2017.09.02-12.13.41:744][557]LogBlueprintUserMessages: [EVR_TriggerBoxNoGoal_BP_Blueprint_5] kein tor
[2017.09.02-12.24.18:760][468]LogSavePackage: Save=111.04ms
[2017.09.02-12.24.18:760][468]LogSavePackage: Moving '../../../../MA Daniel Schmidl/Masterarbeit 4.17/Saved/EVR_Map7A3C3B4943A2B5AFD0C0B786D0470356.tmp' to '../../../../MA Daniel Schmidl/Masterarbeit 4.17/Content/VirtualRealityBP/Maps/EVR_Map.umap'
[2017.09.02-12.24.18:761][468]LogSavePackage: Display: Finished SavePackage ../../../../MA Daniel Schmidl/Masterarbeit 4.17/Content/VirtualRealityBP/Maps/EVR_Map.umap
