Log file open, 08/01/17 09:13:32
LogInit:Display: Running engine for game: DSHockeyGame
LogPlatformFile: Not using cached read wrapper
LogInit:Display: RandInit(1003387615) SRandInit(1003387615).
LogTaskGraph: Started task graph with 5 named threads and 10 total threads with 1 sets of task threads.
LogStats: Stats thread started at 0.172355
LogInit: Using libcurl 7.47.1
LogInit:  - built for x86_64-pc-win32
LogInit:  - supports SSL with OpenSSL/1.0.2g
LogInit:  - supports HTTP deflate (compression) using libz 1.2.8
LogInit:  - other features:
LogInit:      CURL_VERSION_SSL
LogInit:      CURL_VERSION_LIBZ
LogInit:      CURL_VERSION_IPV6
LogInit:      CURL_VERSION_ASYNCHDNS
LogInit:      CURL_VERSION_LARGEFILE
LogInit:      CURL_VERSION_IDN
LogInit:  CurlRequestOptions (configurable via config and command line):
LogInit:  - bVerifyPeer = false  - Libcurl will NOT verify peer certificate
LogInit:  - bUseHttpProxy = false  - Libcurl will NOT use HTTP proxy
LogInit:  - bDontReuseConnections = false  - Libcurl will reuse connections
LogInit:  - CertBundlePath = nullptr  - Libcurl will use whatever was configured at build time.
LogInit: Build: ++UE4+Release-4.16-CL-3514769
LogInit: Engine Version: 4.16.2-3514769+++UE4+Release-4.16
LogInit: Compatible Engine Version: 4.16.0-3452394+++UE4+Release-4.16
LogInit: Net CL: 3452394
LogDevObjectVersion: Number of dev versions registered: 16
LogDevObjectVersion:   Dev-Blueprints (B0D832E4-1F89-4F0D-ACCF-7EB736FD4AA2): 9
LogDevObjectVersion:   Dev-Build (E1C64328-A22C-4D53-A36C-8E866417BD8C): 0
LogDevObjectVersion:   Dev-Core (375EC13C-06E4-48FB-B500-84F0262A717E): 2
LogDevObjectVersion:   Dev-Editor (E4B068ED-F494-42E9-A231-DA0B2E46BB41): 17
LogDevObjectVersion:   Dev-Framework (CFFC743F-43B0-4480-9391-14DF171D2073): 23
LogDevObjectVersion:   Dev-Mobile (B02B49B5-BB20-44E9-A304-32B752E40360): 0
LogDevObjectVersion:   Dev-Networking (A4E4105C-59A1-49B5-A7C5-40C4547EDFEE): 0
LogDevObjectVersion:   Dev-Online (39C831C9-5AE6-47DC-9A44-9C173E1C8E7C): 0
LogDevObjectVersion:   Dev-Physics (78F01B33-EBEA-4F98-B9B4-84EACCB95AA2): 0
LogDevObjectVersion:   Dev-Platform (6631380F-2D4D-43E0-8009-CF276956A95A): 0
LogDevObjectVersion:   Dev-Rendering (12F88B9F-8875-4AFC-A67C-D90C383ABD29): 15
LogDevObjectVersion:   Dev-Sequencer (7B5AE74C-D270-4C10-A958-57980B212A5A): 4
LogDevObjectVersion:   Dev-VR (D7296918-1DD6-4BDD-9DE2-64A83CC13884): 0
LogDevObjectVersion:   Dev-LoadTimes (C2A15278-BFE7-4AFE-6C17-90FF531DF755): 1
LogDevObjectVersion:   Private-Geometry (6EACA3D4-40EC-4CC1-B786-8BED09428FC5): 1
LogDevObjectVersion:   Dev-AnimPhys (29E575DD-E0A3-4627-9D10-D276232CDCEA): 3
LogInit: Compiled (64-bit): Jun 29 2017 02:03:24
LogInit: Compiled with Visual C++: 19.00.24215.01
LogInit: Build Configuration: Development
LogInit: Branch Name: ++UE4+Release-4.16
LogInit: Command line:  
LogInit: Base directory: D:/UE_4.16/Engine/Binaries/Win64/
LogInit: Installed Engine Build: 1
LogInit: Presizing for max 8388607 objects, including 0 objects not considered by GC, pre-allocating 0 bytes for permanent pool.
LogInit: Object subsystem initialized
[2017.08.01-07.13.33:245][  0]LogInit: Selected Device Profile: [Windows]
[2017.08.01-07.13.33:245][  0]LogInit: Applying CVar settings loaded from the selected device profile: [Windows]
[2017.08.01-07.13.33:282][  0]LogInit: Computer: PC1011604132
[2017.08.01-07.13.33:282][  0]LogInit: User: LocalAdmin
[2017.08.01-07.13.33:282][  0]LogInit: CPU Page size=4096, Cores=6
[2017.08.01-07.13.33:282][  0]LogInit: High frequency timer resolution =3.220797 MHz
[2017.08.01-07.13.33:282][  0]LogMemory: Memory total: Physical=15.9GB (16GB approx)
[2017.08.01-07.13.33:282][  0]LogMemory: Platform Memory Stats for Windows
[2017.08.01-07.13.33:282][  0]LogMemory: Process Physical Memory: 272.98 MB used, 272.98 MB peak
[2017.08.01-07.13.33:282][  0]LogMemory: Process Virtual Memory: 267.29 MB used, 267.29 MB peak
[2017.08.01-07.13.33:282][  0]LogMemory: Physical Memory: 2618.00 MB used,  13677.04 MB free, 16295.03 MB total
[2017.08.01-07.13.33:282][  0]LogMemory: Virtual Memory: 647.95 MB used,  13677.04 MB free, 134217728.00 MB total
[2017.08.01-07.13.33:542][  0]LogInit: Using OS detected language (de-DE).
[2017.08.01-07.13.33:542][  0]LogInit: Using OS detected locale (de-DE).
[2017.08.01-07.13.33:551][  0]LogTextLocalizationManager: No localization for 'de-DE' exists, so 'en' will be used for the language.
[2017.08.01-07.13.33:551][  0]LogTextLocalizationManager: No localization for 'de-DE' exists, so 'en' will be used for the locale.
[2017.08.01-07.13.34:834][  0]LogD3D11RHI: D3D11 adapters:
[2017.08.01-07.13.34:876][  0]LogD3D11RHI:    0. 'NVIDIA GeForce GTX 980 Ti' (Feature Level 11_0)
[2017.08.01-07.13.34:876][  0]LogD3D11RHI:       6102/0/8147 MB DedicatedVideo/DedicatedSystem/SharedSystem, Outputs:1, VendorId:0x10de
[2017.08.01-07.13.34:878][  0]LogD3D11RHI:    1. 'Microsoft Basic Render Driver' (Feature Level 11_0)
[2017.08.01-07.13.34:878][  0]LogD3D11RHI:       0/0/8147 MB DedicatedVideo/DedicatedSystem/SharedSystem, Outputs:0, VendorId:0x1414
[2017.08.01-07.13.34:878][  0]LogD3D11RHI: Chosen D3D11 Adapter: 0
[2017.08.01-07.13.34:883][  0]LogD3D11RHI: Creating new Direct3DDevice
[2017.08.01-07.13.34:883][  0]LogD3D11RHI:     GPU DeviceId: 0x17c8 (for the marketing name, search the web for "GPU Device Id")
[2017.08.01-07.13.34:883][  0]LogWindows: EnumDisplayDevices:
[2017.08.01-07.13.34:884][  0]LogWindows:    0. 'NVIDIA GeForce GTX 980 Ti' (P:1 D:1)
[2017.08.01-07.13.34:884][  0]LogWindows:    1. 'NVIDIA GeForce GTX 980 Ti' (P:0 D:0)
[2017.08.01-07.13.34:884][  0]LogWindows:    2. 'NVIDIA GeForce GTX 980 Ti' (P:0 D:0)
[2017.08.01-07.13.34:884][  0]LogWindows:    3. 'NVIDIA GeForce GTX 980 Ti' (P:0 D:0)
[2017.08.01-07.13.34:885][  0]LogWindows: DebugString: FoundDriverCount:4 
[2017.08.01-07.13.34:885][  0]LogD3D11RHI:     Adapter Name: NVIDIA GeForce GTX 980 Ti
[2017.08.01-07.13.34:885][  0]LogD3D11RHI:   Driver Version: 376.53 (internal:21.21.13.7653, unified:376.53)
[2017.08.01-07.13.34:885][  0]LogD3D11RHI:      Driver Date: 12-29-2016
[2017.08.01-07.13.34:885][  0]LogRHI: Texture pool is 1361 MB (70% of 1945 MB)
[2017.08.01-07.13.34:910][  0]LogD3D11RHI: Async texture creation enabled
[2017.08.01-07.13.34:934][  0]LogD3D11RHI: GPU Timing Frequency: 1000.000000 (Debug: 2 1)
[2017.08.01-07.13.34:983][  0]LogShaderCompilers: Guid format shader working directory is 9 characters bigger than the processId version (../../../../MA Daniel Schmidl/Masterarbeit/Intermediate/Shaders/WorkingDirectory/4212/).
[2017.08.01-07.13.34:984][  0]LogShaderCompilers: Cleaned the shader compiler working directory 'C:/Users/LocalAdmin/AppData/Local/Temp/UnrealShaderWorkingDir/43B8C7DD4DFE26000F8970B3D82DD564/'.
[2017.08.01-07.13.34:984][  0]LogShaderCompilers:Display: Using Local Shader Compiler.
[2017.08.01-07.13.37:438][  0]LogTemp:Display: Loaded TP AllDesktopTargetPlatform
[2017.08.01-07.13.37:480][  0]LogTemp:Display: Loaded TP MacClientTargetPlatform
[2017.08.01-07.13.37:520][  0]LogTemp:Display: Loaded TP MacNoEditorTargetPlatform
[2017.08.01-07.13.37:558][  0]LogTemp:Display: Loaded TP MacServerTargetPlatform
[2017.08.01-07.13.37:601][  0]LogTemp:Display: Loaded TP MacTargetPlatform
[2017.08.01-07.13.37:640][  0]LogTemp:Display: Loaded TP WindowsClientTargetPlatform
[2017.08.01-07.13.37:678][  0]LogTemp:Display: Loaded TP WindowsNoEditorTargetPlatform
[2017.08.01-07.13.37:718][  0]LogTemp:Display: Loaded TP WindowsServerTargetPlatform
[2017.08.01-07.13.37:750][  0]LogTemp:Display: Loaded TP WindowsTargetPlatform
[2017.08.01-07.13.37:792][  0]LogTemp:Display: Loaded TP AndroidTargetPlatform
[2017.08.01-07.13.37:830][  0]LogTemp:Display: Loaded TP Android_ASTCTargetPlatform
[2017.08.01-07.13.37:868][  0]LogTemp:Display: Loaded TP Android_ATCTargetPlatform
[2017.08.01-07.13.37:910][  0]LogTemp:Display: Loaded TP Android_DXTTargetPlatform
[2017.08.01-07.13.37:949][  0]LogTemp:Display: Loaded TP Android_ETC1TargetPlatform
[2017.08.01-07.13.37:987][  0]LogTemp:Display: Loaded TP Android_ETC2TargetPlatform
[2017.08.01-07.13.38:064][  0]LogTemp:Display: Loaded TP Android_MultiTargetPlatform
[2017.08.01-07.13.38:064][  0]LogTemp:Display: Loaded TP Android_PVRTCTargetPlatform
[2017.08.01-07.13.38:091][  0]LogTemp:Display: Loaded TP HTML5TargetPlatform
[2017.08.01-07.13.38:259][  0]LogTemp:Display: Loaded TP IOSTargetPlatform
[2017.08.01-07.13.38:299][  0]LogTemp:Display: Loaded TP TVOSTargetPlatform
[2017.08.01-07.13.38:353][  0]LogTemp:Display: Loaded TP LinuxClientTargetPlatform
[2017.08.01-07.13.38:399][  0]LogTemp:Display: Loaded TP LinuxNoEditorTargetPlatform
[2017.08.01-07.13.38:435][  0]LogTemp:Display: Loaded TP LinuxServerTargetPlatform
[2017.08.01-07.13.38:475][  0]LogTemp:Display: Loaded TP LinuxTargetPlatform
[2017.08.01-07.13.38:475][  0]LogTargetPlatformManager:Display: Building Assets For Windows
[2017.08.01-07.13.39:405][  0]LogDerivedDataCache:Display: Max Cache Size: 512 MB
[2017.08.01-07.13.39:735][  0]LogDerivedDataCache: Loaded boot cache 0.33s 91MB C:/Users/LocalAdmin/AppData/Local/UnrealEngine/4.16/DerivedDataCache/Boot.ddc.
[2017.08.01-07.13.39:735][  0]LogDerivedDataCache:Display: Loaded Boot cache: C:/Users/LocalAdmin/AppData/Local/UnrealEngine/4.16/DerivedDataCache/Boot.ddc
[2017.08.01-07.13.39:735][  0]LogDerivedDataCache: FDerivedDataBackendGraph:  Pak pak cache file ../../../../MA Daniel Schmidl/Masterarbeit/DerivedDataCache/DDC.ddp not found, will not use a pak cache.
[2017.08.01-07.13.39:735][  0]LogDerivedDataCache: Unable to find inner node Pak for hierarchical cache Hierarchy.
[2017.08.01-07.13.39:735][  0]LogDerivedDataCache: FDerivedDataBackendGraph:  CompressedPak pak cache file ../../../../MA Daniel Schmidl/Masterarbeit/DerivedDataCache/Compressed.ddp not found, will not use a pak cache.
[2017.08.01-07.13.39:735][  0]LogDerivedDataCache: Unable to find inner node CompressedPak for hierarchical cache Hierarchy.
[2017.08.01-07.13.39:756][  0]LogDerivedDataCache:Display: Pak cache opened for reading ../../../Engine/DerivedDataCache/Compressed.ddp.
[2017.08.01-07.13.39:770][  0]LogDerivedDataCache: Using Local data cache path C:/Users/LocalAdmin/AppData/Local/UnrealEngine/Common/DerivedDataCache: Writable
[2017.08.01-07.13.39:787][  0]LogMaterial: Verifying Global Shaders for PCD3D_SM5
[2017.08.01-07.13.39:788][  0]LogSlate: Using Freetype 2.6.0
[2017.08.01-07.13.39:792][  0]LogSlate: SlateFontCache - WITH_FREETYPE: 1, WITH_HARFBUZZ: 1
[2017.08.01-07.13.39:792][  0]LogSlate: SlateFontCache - WITH_FREETYPE: 1, WITH_HARFBUZZ: 1
[2017.08.01-07.13.43:509][  0]LogInit: Selected Device Profile: [Windows]
[2017.08.01-07.13.43:608][  0]LogContentStreaming: Texture pool size is 0.00 MB
[2017.08.01-07.13.43:848][  0]LogMeshUtilities: Using QuadricMeshReduction for automatic static mesh reduction
[2017.08.01-07.13.43:919][  0]LogSimplygon: Simplygon DLL not present - disabling.
[2017.08.01-07.13.43:957][  0]LogMeshUtilities: Using SimplygonSwarm for distributed automatic mesh merging
[2017.08.01-07.13.43:957][  0]LogMeshUtilities: No automatic skeletal mesh reduction module available
[2017.08.01-07.13.43:957][  0]LogMeshUtilities: No automatic mesh merging module available
[2017.08.01-07.13.44:639][  0]LogNetVersion: DSHockeyGame , NetCL: 3452394, EngineNetVer: 2, GameNetVer: 0 (Checksum: 256397287)
[2017.08.01-07.13.44:705][  0]LogAssetRegistry: FAssetRegistry took 0.0257 seconds to start up
[2017.08.01-07.13.44:739][  0]LogPackageLocalizationCache: Processed 4 localized package path(s) for 1 prioritized culture(s) in 0.018448 seconds
[2017.08.01-07.13.44:745][  0]LogUObjectArray: 34194 objects as part of root set at end of initial load.
[2017.08.01-07.13.44:745][  0]LogUObjectAllocator: 7260416 out of 0 bytes used by permanent object pool.
[2017.08.01-07.13.44:745][  0]LogUObjectArray: CloseDisregardForGC: 0/0 objects in disregard for GC pool
[2017.08.01-07.13.44:807][  0]LogInit: WinSock: version 1.1 (2.2), MaxSocks=32767, MaxUdp=65467
[2017.08.01-07.13.48:880][  0]LogTcpMessaging: Initializing TcpMessaging bridge
[2017.08.01-07.13.48:914][  0]LogUdpMessaging: Initializing bridge on interface 0.0.0.0:0 to multicast group 230.0.0.1:6666.
[2017.08.01-07.13.49:514][  0]LogMaterial: Uniform references updated for custom material expression Custom.
[2017.08.01-07.13.49:854][  0]SourceControl: Info Source control is disabled
[2017.08.01-07.13.49:857][  0]SourceControl: Info Source control is disabled
[2017.08.01-07.13.49:912][  0]SourceControl: Info Source control is disabled
[2017.08.01-07.13.49:975][  0]SourceControl: Info Source control is disabled
[2017.08.01-07.13.50:601][  0]LogAndroidPermission: UAndroidPermissionCallbackProxy::GetInstance
[2017.08.01-07.13.51:124][  0]LogEngine: Initializing Engine...
[2017.08.01-07.13.57:425][  0]LogHMD: Failed to initialize OpenVR with code 208
[2017.08.01-07.13.57:754][  0]LogStats: UGameplayTagsManager::ConstructGameplayTagTree: Construct from data asset -  0.000 s
[2017.08.01-07.13.57:754][  0]LogStats: UGameplayTagsManager::ConstructGameplayTagTree: GameplayTagTreeChangedEvent.Broadcast -  0.000 s
[2017.08.01-07.13.57:910][  0]LogAIModule: Creating AISystem for world Untitled
[2017.08.01-07.13.57:972][  0]LogInit: XAudio2 using 'Lautsprecher (USB Audio Device)' : 2 channels at 44.1 kHz using 16 bits per sample (channel mask 0x3)
[2017.08.01-07.13.57:987][  0]LogInit: FAudioDevice initialized.
[2017.08.01-07.13.58:038][  0]LogDerivedDataCache: Saved boot cache 0.05s 91MB C:/Users/LocalAdmin/AppData/Local/UnrealEngine/4.16/DerivedDataCache/Boot.ddc.
[2017.08.01-07.13.58:049][  0]LogInit: Texture streaming: Enabled
[2017.08.01-07.13.58:125][  0]LogEngineSessionManager: EngineSessionManager initialized
[2017.08.01-07.13.58:304][  0]LogInit: Transaction tracking system initialized
[2017.08.01-07.13.58:599][  0]BlueprintLog: New page: Editor Load
[2017.08.01-07.13.59:299][  0]LocalizationService: Info Localization service is disabled
[2017.08.01-07.13.59:788][  0]LogConsoleResponse:Display: 
[2017.08.01-07.13.59:949][  0]LogCook:Display: Max memory allowance for cook 16384mb min free memory 0mb
[2017.08.01-07.13.59:949][  0]LogCook:Display: Mobile HDR setting 1
[2017.08.01-07.14.00:683][  0]LogFileCache: Scanning file cache for directory 'D:/MA Daniel Schmidl/Masterarbeit/Content/' took 0.01s
[2017.08.01-07.14.00:683][  0]SourceControl: Info Source control is disabled
[2017.08.01-07.14.00:683][  0]Cmd: MAP LOAD FILE="../../../../MA Daniel Schmidl/Masterarbeit/Content/VirtualRealityBP/Maps/PrototypeMap.umap" TEMPLATE=0 SHOWPROGRESS=1 FEATURELEVEL=3
[2017.08.01-07.14.00:684][  0]LightingResults: New page: Lighting Build
[2017.08.01-07.14.00:714][  0]MapCheck: New page: Map Check
[2017.08.01-07.14.00:714][  0]LightingResults: New page: Lighting Build
[2017.08.01-07.14.00:900][  0]LogBlueprint:Warning: [Compiler BP_MotionController] Warning  ProjectPointToNavigation_DEPRECATED  is deprecated; This version of ProjectPointToNavigation is deprecated. Please use the new version
[2017.08.01-07.14.00:918][  0]LogBlueprint:Warning: [Compiler BP_MotionController] Warning [0031.72] Compile of BP_MotionController successful, but with 1 Warning(s) [in 28 ms] (/Game/VirtualRealityBP/Blueprints/BP_MotionController.BP_MotionController)
[2017.08.01-07.14.00:918][  0]LogBlueprint:Warning: [Compiler BP_MotionController] Warning [0031.72] Compile of BP_MotionController successful, but with 2 Warning(s) [in 0 ms] (/Game/VirtualRealityBP/Blueprints/BP_MotionController.BP_MotionController)
[2017.08.01-07.14.00:918][  0]LogBlueprint:Warning: [Compiler BP_MotionController] Warning [0031.72] Compile of BP_MotionController successful, but with 3 Warning(s) [in 0 ms] (/Game/VirtualRealityBP/Blueprints/BP_MotionController.BP_MotionController)
[2017.08.01-07.14.00:936][  0]LogBlueprint:Warning: [Compiler BP_MotionController] Warning  ProjectPointToNavigation_DEPRECATED  is deprecated; This version of ProjectPointToNavigation is deprecated. Please use the new version
[2017.08.01-07.14.00:953][  0]LogBlueprint:Warning: [Compiler BP_MotionController] Warning [0031.75] Compile of BP_MotionController successful, but with 1 Warning(s) [in 28 ms] (/Game/VirtualRealityBP/Blueprints/BP_MotionController.BP_MotionController)
[2017.08.01-07.14.00:953][  0]LogBlueprint:Warning: [Compiler BP_MotionController] Warning [0031.75] Compile of BP_MotionController successful, but with 2 Warning(s) [in 0 ms] (/Game/VirtualRealityBP/Blueprints/BP_MotionController.BP_MotionController)
[2017.08.01-07.14.00:953][  0]LogBlueprint:Warning: [Compiler BP_MotionController] Warning [0031.75] Compile of BP_MotionController successful, but with 3 Warning(s) [in 0 ms] (/Game/VirtualRealityBP/Blueprints/BP_MotionController.BP_MotionController)
[2017.08.01-07.14.01:418][  0]LogAIModule: Creating AISystem for world PrototypeMap
[2017.08.01-07.14.01:432][  0]LogEditorServer: Finished looking for orphan Actors (0.000 secs)
[2017.08.01-07.14.01:447][  0]Cmd: MAP CHECKDEP NOCLEARLOG
[2017.08.01-07.14.01:499][  0]MapCheck: Info Map check complete: 0 Error(s), 0 Warning(s), took 52.021ms to complete.
[2017.08.01-07.14.01:499][  0]LogFileHelpers: Loading map 'PrototypeMap' took 0.815
[2017.08.01-07.14.01:631][  0]LogCollectionManager: Loaded 0 collections in 0.000834 seconds
[2017.08.01-07.14.01:696][  0]LogFileCache: Scanning file cache for directory 'D:/MA Daniel Schmidl/Masterarbeit/Saved/Collections/' took 0.01s
[2017.08.01-07.14.01:696][  0]LogFileCache: Scanning file cache for directory 'D:/MA Daniel Schmidl/Masterarbeit/Content/Developers/LocalAdmin/Collections/' took 0.01s
[2017.08.01-07.14.01:696][  0]LogFileCache: Scanning file cache for directory 'D:/MA Daniel Schmidl/Masterarbeit/Content/Collections/' took 0.01s
[2017.08.01-07.14.01:696][  0]LogCollectionManager: Rebuilt the GUID cache for 0 collections in 0.000004 seconds
[2017.08.01-07.14.01:705][  0]LogContentBrowser: Native class hierarchy populated in 0.0088 seconds. Added 2329 classes and 491 folders.
[2017.08.01-07.14.01:751][  0]LogContentBrowser: Native class hierarchy updated for 'WidgetCarousel' in 0.0006 seconds. Added 0 classes and 0 folders.
[2017.08.01-07.14.01:849][  0]LogContentBrowser: Native class hierarchy updated for 'AddContentDialog' in 0.0006 seconds. Added 0 classes and 0 folders.
[2017.08.01-07.14.01:879][  0]LogContentBrowser: Native class hierarchy updated for 'SceneOutliner' in 0.0006 seconds. Added 1 classes and 2 folders.
[2017.08.01-07.14.01:959][  0]LogCrashTracker: Crashtracker disabled due to settings.
[2017.08.01-07.14.01:965][  0]LogSlate: Took 0.000913 seconds to synchronously load lazily loaded font '../../../Engine/Content/Slate/Fonts/Roboto-Regular.ttf' (155K)
[2017.08.01-07.14.01:967][  0]LogSlate: Took 0.000974 seconds to synchronously load lazily loaded font '../../../Engine/Content/Slate/Fonts/Roboto-Bold.ttf' (160K)
[2017.08.01-07.14.01:974][  0]LogSlate: Took 0.000894 seconds to synchronously load lazily loaded font '../../../Engine/Content/Editor/Slate/Fonts/FontAwesome.ttf' (139K)
[2017.08.01-07.14.02:082][  0]LogRenderer: Reallocating scene render targets to support 1412x808 NumSamples 1 (Frame:1).
[2017.08.01-07.14.02:183][  0]LogUObjectGlobals:Warning: Failed to find object 'Class None.'
[2017.08.01-07.14.02:236][  0]LogContentBrowser: Native class hierarchy updated for 'HierarchicalLODOutliner' in 0.0006 seconds. Added 1 classes and 2 folders.
[2017.08.01-07.14.02:236][  0]LogLoad: (Engine Initialization) Total time: 33.04 seconds
[2017.08.01-07.14.02:236][  0]LogLoad: (Engine Initialization) Total Blueprint compile time: 0.22 seconds
[2017.08.01-07.14.02:236][  0]LogExternalProfiler: No external profilers were discovered.  External profiling features will not be available.
[2017.08.01-07.14.02:576][  0]LogOcInput: OculusInput pre-init called
[2017.08.01-07.14.02:576][  0]LogHMD: Starting GearVRController plugin
[2017.08.01-07.14.02:599][  0]LogContentStreaming: Texture pool size now 1000 MB
[2017.08.01-07.14.02:917][  1]LogAssetRegistry: Asset discovery search completed in 18.2337 seconds
[2017.08.01-07.14.02:919][  1]LogCollectionManager: Rebuilt the object cache for 0 collections in 0.000000 seconds (found 0 objects)
[2017.08.01-07.14.02:919][  1]LogCollectionManager: Fixed up redirectors for 0 collections in 0.000040 seconds (updated 0 objects)
[2017.08.01-07.16.43:589][315]LogSlate: Took 0.000942 seconds to synchronously load lazily loaded font '../../../Engine/Content/Slate/Fonts/Roboto-Light.ttf' (159K)
[2017.08.01-07.16.45:609][556]Cmd: MAP LOAD FILE="../../../../MA Daniel Schmidl/Masterarbeit/Content/VirtualRealityBP/Maps/PrototypeMap2.umap" TEMPLATE=0 SHOWPROGRESS=1 FEATURELEVEL=3
[2017.08.01-07.16.45:612][556]LogSlate: Took 0.000151 seconds to synchronously load lazily loaded font '../../../Engine/Content/Slate/Fonts/Roboto-Light.ttf' (159K)
[2017.08.01-07.16.45:618][556]LightingResults: New page: Lighting Build
[2017.08.01-07.16.45:619][556]LoadErrors: New page: Loading map: PrototypeMap2.umap
[2017.08.01-07.16.45:621][556]MapCheck: New page: Map Check
[2017.08.01-07.16.45:621][556]LightingResults: New page: Lighting Build
[2017.08.01-07.16.45:733][556]LogAIModule: Creating AISystem for world PrototypeMap2
[2017.08.01-07.16.45:801][556]LogEditorServer: Finished looking for orphan Actors (0.000 secs)
[2017.08.01-07.16.45:834][556]Cmd: MAP CHECKDEP NOCLEARLOG
[2017.08.01-07.16.45:885][556]MapCheck: Info Map check complete: 0 Error(s), 0 Warning(s), took 51.718ms to complete.
[2017.08.01-07.16.45:885][556]LogFileHelpers: Loading map 'PrototypeMap2' took 0.277
[2017.08.01-07.16.56:601][799]LogContentBrowser: Native class hierarchy updated for 'BlueprintGraph' in 0.0010 seconds. Added 112 classes and 0 folders.
[2017.08.01-07.16.57:156][799]LogSlate: Took 0.000156 seconds to synchronously load lazily loaded font '../../../Engine/Content/Slate/Fonts/Roboto-Regular.ttf' (155K)
[2017.08.01-07.16.57:223][799]LogSlate: Took 0.001181 seconds to synchronously load lazily loaded font '../../../Engine/Content/Editor/Slate/Fonts/Roboto-BoldCondensed.ttf' (158K)
[2017.08.01-07.16.57:428][800]LogSlate: Took 0.001044 seconds to synchronously load lazily loaded font '../../../Engine/Content/Editor/Slate/Fonts/Roboto-Italic.ttf' (157K)
[2017.08.01-07.17.25:465][470]LogAIModule: Creating AISystem for world PrototypeMap2_2
[2017.08.01-07.17.34:281][503]LogSavePackage: Save=36.45ms
[2017.08.01-07.17.34:281][503]LogSavePackage: Moving '../../../../MA Daniel Schmidl/Masterarbeit/Saved/PrototypeMap369706E7B4533096BDBFCE788F9062F90.tmp' to '../../../../MA Daniel Schmidl/Masterarbeit/Content/VirtualRealityBP/Maps/PrototypeMap3.umap'
[2017.08.01-07.17.34:282][503]LogSavePackage:Display: Finished SavePackage ../../../../MA Daniel Schmidl/Masterarbeit/Content/VirtualRealityBP/Maps/PrototypeMap3.umap
[2017.08.01-07.17.34:287][503]LogFileHelpers: Saving map 'PrototypeMap3' took 0.122
[2017.08.01-07.17.38:875][813]LogSavePackage: Save=35.59ms
[2017.08.01-07.17.38:875][813]LogSavePackage: Moving '../../../../MA Daniel Schmidl/Masterarbeit/Saved/PrototypeMap3CB00B3E6416C16F71F921FB30394F5E0.tmp' to '../../../../MA Daniel Schmidl/Masterarbeit/Content/VirtualRealityBP/Maps/PrototypeMap3.umap'
[2017.08.01-07.17.38:877][813]LogSavePackage:Display: Finished SavePackage ../../../../MA Daniel Schmidl/Masterarbeit/Content/VirtualRealityBP/Maps/PrototypeMap3.umap
[2017.08.01-07.17.38:880][813]LogFileHelpers: Saving map 'PrototypeMap3' took 0.174
[2017.08.01-07.17.38:882][813]Cmd: MAP LOAD FILE="../../../../MA Daniel Schmidl/Masterarbeit/Content/VirtualRealityBP/Maps/PrototypeMap3.umap" TEMPLATE=0 SHOWPROGRESS=1 FEATURELEVEL=3
[2017.08.01-07.17.38:882][813]LightingResults: New page: Lighting Build
[2017.08.01-07.17.38:883][813]LoadErrors: New page: Loading map: PrototypeMap3.umap
[2017.08.01-07.17.38:884][813]MapCheck: New page: Map Check
[2017.08.01-07.17.38:884][813]LightingResults: New page: Lighting Build
[2017.08.01-07.17.38:986][813]LogEditorServer: Finished looking for orphan Actors (0.000 secs)
[2017.08.01-07.17.39:029][813]Cmd: MAP CHECKDEP NOCLEARLOG
[2017.08.01-07.17.39:090][813]MapCheck: Info Map check complete: 0 Error(s), 0 Warning(s), took 61.305ms to complete.
[2017.08.01-07.17.39:090][813]LogFileHelpers: Loading map 'PrototypeMap3' took 0.209
[2017.08.01-07.17.44:723][467]LogEditorViewport: Clicking on Actor (LMB): MovingPlayer_BP_C (MovingPlayer_BP)
[2017.08.01-07.17.45:625][571]Cmd: DELETE
[2017.08.01-07.17.45:625][571]Cmd: ACTOR DELETE
[2017.08.01-07.17.45:626][571]LogEditorActor: Deleted Actor: MovingPlayer_BP_C
[2017.08.01-07.17.45:640][571]LogEditorActor: Deleted 1 Actors (0.015 secs)
[2017.08.01-07.17.56:009][806]LogSavePackage: Save=33.28ms
[2017.08.01-07.17.56:009][806]LogSavePackage: Moving '../../../../MA Daniel Schmidl/Masterarbeit/Saved/PrototypeMap386D96B56448FD728F6FAF49AA4495B74.tmp' to '../../../../MA Daniel Schmidl/Masterarbeit/Content/VirtualRealityBP/Maps/PrototypeMap3.umap'
[2017.08.01-07.17.56:010][806]LogSavePackage:Display: Finished SavePackage ../../../../MA Daniel Schmidl/Masterarbeit/Content/VirtualRealityBP/Maps/PrototypeMap3.umap
[2017.08.01-07.18.23:722][128]LogEditorViewport: Clicking on Actor (context menu): Field_BP_C (Field)
[2017.08.01-07.19.01:437][639]LogEditorViewport: Clicking Background
[2017.08.01-07.20.01:614][736]BlueprintLog: New page: Compile MotionControllerPawn
[2017.08.01-07.20.02:873][822]LogSavePackage: Save=172.53ms
[2017.08.01-07.20.02:873][822]LogSavePackage: Moving '../../../../MA Daniel Schmidl/Masterarbeit/Saved/MotionControllerPawn7D5A65BC4359F0B6427E4AA433C88F42.tmp' to '../../../../MA Daniel Schmidl/Masterarbeit/Content/VirtualRealityBP/Blueprints/MotionControllerPawn.uasset'
[2017.08.01-07.20.02:877][822]LogSavePackage:Display: Finished SavePackage ../../../../MA Daniel Schmidl/Masterarbeit/Content/VirtualRealityBP/Blueprints/MotionControllerPawn.uasset
[2017.08.01-07.20.06:408][202]LogTemp: Repeting last play command: Selected Viewport
[2017.08.01-07.20.06:463][202]LogPlayLevel: PlayLevel: No blueprints needed recompiling
[2017.08.01-07.20.06:465][202]PIE: New page: PIE session: PrototypeMap3 (Aug 1, 2017, 11:20:06 AM)
[2017.08.01-07.20.06:465][202]LogPlayLevel: Creating play world package: /Game/VirtualRealityBP/Maps/UEDPIE_0_PrototypeMap3
[2017.08.01-07.20.06:467][202]LogPlayLevel: PIE: StaticDuplicateObject took: (0.001994s)
[2017.08.01-07.20.06:467][202]LogAIModule: Creating AISystem for world PrototypeMap3
[2017.08.01-07.20.06:468][202]LogPlayLevel: PIE: World Init took: (0.000613s)
[2017.08.01-07.20.06:468][202]LogPlayLevel: PIE: Created PIE world by copying editor world from /Game/VirtualRealityBP/Maps/PrototypeMap3.PrototypeMap3 to /Game/VirtualRealityBP/Maps/UEDPIE_0_PrototypeMap3.PrototypeMap3 (0.002874s)
[2017.08.01-07.20.06:491][202]LogInit: XAudio2 using 'Lautsprecher (USB Audio Device)' : 2 channels at 44.1 kHz using 16 bits per sample (channel mask 0x3)
[2017.08.01-07.20.06:499][202]LogInit: FAudioDevice initialized.
[2017.08.01-07.20.06:543][202]LogLoad: Game class is 'Prototype_Gamemode_C'
[2017.08.01-07.20.06:547][202]LogWorld: Bringing World /Game/VirtualRealityBP/Maps/UEDPIE_0_PrototypeMap3.PrototypeMap3 up for play (max tick rate 0) at 2017.08.01-09.20.06
[2017.08.01-07.20.06:547][202]LogWorld: Bringing up level for play took: 0.002415
[2017.08.01-07.20.06:549][202]LogSpawn:Warning: SpawnActor failed because no class was specified
[2017.08.01-07.20.06:581][202]LogContentBrowser: Native class hierarchy updated for 'MovieSceneCapture' in 0.0007 seconds. Added 11 classes and 0 folders.
[2017.08.01-07.20.06:582][202]PIE: Info Play in editor start time for /Game/VirtualRealityBP/Maps/UEDPIE_0_PrototypeMap3 0.043
[2017.08.01-07.20.07:029][254]LogBlueprintUserMessages: [TriggerBoxPass_Blueprint] trigger
[2017.08.01-07.20.08:311][408]LogNet: Browse: /Game/VirtualRealityBP/Maps/PrototypeMap
[2017.08.01-07.20.08:311][408]LogLoad: LoadMap: /Game/VirtualRealityBP/Maps/PrototypeMap
[2017.08.01-07.20.08:327][408]Cmd: MEM
[2017.08.01-07.20.08:341][408]LogMemory: Platform Memory Stats for Windows
[2017.08.01-07.20.08:341][408]LogMemory: Process Physical Memory: 1442.58 MB used, 1442.58 MB peak
[2017.08.01-07.20.08:341][408]LogMemory: Process Virtual Memory: 2333.41 MB used, 2333.41 MB peak
[2017.08.01-07.20.08:341][408]LogMemory: Physical Memory: 4150.59 MB used,  12144.45 MB free, 16295.03 MB total
[2017.08.01-07.20.08:341][408]LogMemory: Virtual Memory: 3134.21 MB used,  12144.45 MB free, 134217728.00 MB total
[2017.08.01-07.20.08:341][408]LogMemory: 
[2017.08.01-07.20.08:341][408]Allocator Stats for TBB: (not implemented)
[2017.08.01-07.20.08:617][408]LogAIModule: Creating AISystem for world PrototypeMap
[2017.08.01-07.20.08:617][408]LogLoad: Game class is 'Prototype_Gamemode_C'
[2017.08.01-07.20.08:623][408]LogWorld: Bringing World /Game/VirtualRealityBP/Maps/UEDPIE_0_PrototypeMap.PrototypeMap up for play (max tick rate 0) at 2017.08.01-09.20.08
[2017.08.01-07.20.08:623][408]LogWorld: Bringing up level for play took: 0.004769
[2017.08.01-07.20.08:623][408]LogGameMode: FindPlayerStart: PATHS NOT DEFINED or NO PLAYERSTART with positive rating
[2017.08.01-07.20.08:624][408]LogSpawn:Warning: SpawnActor failed because no class was specified
[2017.08.01-07.20.08:624][408]LogLoad: Took 0.312910 seconds to LoadMap(/Game/VirtualRealityBP/Maps/PrototypeMap)
[2017.08.01-07.20.11:898][800]LogBlueprintUserMessages: [TriggerBoxGoal_BP] tor
[2017.08.01-07.20.14:824][151]LogNet: Browse: /Game/VirtualRealityBP/Maps/PrototypeMap2
[2017.08.01-07.20.14:824][151]LogLoad: LoadMap: /Game/VirtualRealityBP/Maps/PrototypeMap2
[2017.08.01-07.20.14:840][151]Cmd: MEM
[2017.08.01-07.20.14:854][151]LogMemory: Platform Memory Stats for Windows
[2017.08.01-07.20.14:854][151]LogMemory: Process Physical Memory: 1516.51 MB used, 1556.21 MB peak
[2017.08.01-07.20.14:854][151]LogMemory: Process Virtual Memory: 2408.84 MB used, 2524.14 MB peak
[2017.08.01-07.20.14:854][151]LogMemory: Physical Memory: 4175.91 MB used,  12119.12 MB free, 16295.03 MB total
[2017.08.01-07.20.14:854][151]LogMemory: Virtual Memory: 3222.96 MB used,  12119.12 MB free, 134217728.00 MB total
[2017.08.01-07.20.14:854][151]LogMemory: 
[2017.08.01-07.20.14:854][151]Allocator Stats for TBB: (not implemented)
[2017.08.01-07.20.14:936][151]LogAIModule: Creating AISystem for world PrototypeMap2
[2017.08.01-07.20.14:936][151]LogLoad: Game class is 'Prototype_Gamemode_C'
[2017.08.01-07.20.14:942][151]LogWorld: Bringing World /Game/VirtualRealityBP/Maps/UEDPIE_0_PrototypeMap2.PrototypeMap2 up for play (max tick rate 0) at 2017.08.01-09.20.14
[2017.08.01-07.20.14:942][151]LogWorld: Bringing up level for play took: 0.004558
[2017.08.01-07.20.14:942][151]LogGameMode: FindPlayerStart: PATHS NOT DEFINED or NO PLAYERSTART with positive rating
[2017.08.01-07.20.14:942][151]LogSpawn:Warning: SpawnActor failed because no class was specified
[2017.08.01-07.20.14:942][151]LogLoad: Took 0.118826 seconds to LoadMap(/Game/VirtualRealityBP/Maps/PrototypeMap2)
[2017.08.01-07.20.15:383][203]LogBlueprintUserMessages: [TriggerBoxPass_Blueprint] trigger
[2017.08.01-07.20.18:157][536]LogNet: Browse: /Game/VirtualRealityBP/Maps/PrototypeMap3
[2017.08.01-07.20.18:157][536]LogLoad: LoadMap: /Game/VirtualRealityBP/Maps/PrototypeMap3
[2017.08.01-07.20.18:173][536]Cmd: MEM
[2017.08.01-07.20.18:188][536]LogMemory: Platform Memory Stats for Windows
[2017.08.01-07.20.18:188][536]LogMemory: Process Physical Memory: 1513.36 MB used, 1556.21 MB peak
[2017.08.01-07.20.18:188][536]LogMemory: Process Virtual Memory: 2377.33 MB used, 2524.14 MB peak
[2017.08.01-07.20.18:188][536]LogMemory: Physical Memory: 4172.49 MB used,  12122.54 MB free, 16295.03 MB total
[2017.08.01-07.20.18:188][536]LogMemory: Virtual Memory: 3198.96 MB used,  12122.54 MB free, 134217728.00 MB total
[2017.08.01-07.20.18:188][536]LogMemory: 
[2017.08.01-07.20.18:188][536]Allocator Stats for TBB: (not implemented)
[2017.08.01-07.20.18:188][536]LogPlayLevel: Creating play world package: /Game/VirtualRealityBP/Maps/UEDPIE_0_PrototypeMap3
[2017.08.01-07.20.18:190][536]LogPlayLevel: PIE: StaticDuplicateObject took: (0.001866s)
[2017.08.01-07.20.18:190][536]LogAIModule: Creating AISystem for world PrototypeMap3
[2017.08.01-07.20.18:190][536]LogPlayLevel: PIE: World Init took: (0.000621s)
[2017.08.01-07.20.18:190][536]LogPlayLevel: PIE: Created PIE world by copying editor world from /Game/VirtualRealityBP/Maps/PrototypeMap3.PrototypeMap3 to /Game/VirtualRealityBP/Maps/UEDPIE_0_PrototypeMap3.PrototypeMap3 (0.002725s)
[2017.08.01-07.20.18:190][536]LogLoad: Game class is 'Prototype_Gamemode_C'
[2017.08.01-07.20.18:193][536]LogWorld: Bringing World /Game/VirtualRealityBP/Maps/UEDPIE_0_PrototypeMap3.PrototypeMap3 up for play (max tick rate 0) at 2017.08.01-09.20.18
[2017.08.01-07.20.18:193][536]LogWorld: Bringing up level for play took: 0.001723
[2017.08.01-07.20.18:193][536]LogGameMode: FindPlayerStart: PATHS NOT DEFINED or NO PLAYERSTART with positive rating
[2017.08.01-07.20.18:194][536]LogSpawn:Warning: SpawnActor failed because no class was specified
[2017.08.01-07.20.18:194][536]LogLoad: Took 0.036103 seconds to LoadMap(/Game/VirtualRealityBP/Maps/UEDPIE_0_PrototypeMap3)
[2017.08.01-07.20.18:633][588]LogBlueprintUserMessages: [TriggerBoxPass_Blueprint] trigger
[2017.08.01-07.20.43:209][490]LogSlate: Took 0.000203 seconds to synchronously load lazily loaded font '../../../Engine/Content/Slate/Fonts/Roboto-Light.ttf' (159K)
[2017.08.01-07.21.41:722][166]LogMetaData: Removing '/Game/VirtualRealityBP/Blueprints/3D_Menu_Level_3.SKEL_3D_Menu_Level_3_C' ref from Metadata '/Game/VirtualRealityBP/Blueprints/3D_Menu_2.PackageMetaData'
[2017.08.01-07.21.41:722][166]LogMetaData: Removing '/Game/VirtualRealityBP/Blueprints/3D_Menu_Level_3.3D_Menu_Level_3_C' ref from Metadata '/Game/VirtualRealityBP/Blueprints/3D_Menu_2.PackageMetaData'
[2017.08.01-07.21.41:732][166]Cmd: OBJ SAVEPACKAGE PACKAGE="/Game/VirtualRealityBP/Blueprints/3D_Menu_Level_3" FILE="../../../../MA Daniel Schmidl/Masterarbeit/Content/VirtualRealityBP/Blueprints/3D_Menu_Level_3.uasset" SILENT=true
[2017.08.01-07.21.41:750][166]LogSavePackage: Save=16.98ms
[2017.08.01-07.21.41:750][166]LogSavePackage: Moving '../../../../MA Daniel Schmidl/Masterarbeit/Saved/3D_Menu_Level_349548C4D4CBF11A80A6C8F92551C1B17.tmp' to '../../../../MA Daniel Schmidl/Masterarbeit/Content/VirtualRealityBP/Blueprints/3D_Menu_Level_3.uasset'
[2017.08.01-07.21.41:751][166]LogSavePackage:Display: Finished SavePackage ../../../../MA Daniel Schmidl/Masterarbeit/Content/VirtualRealityBP/Blueprints/3D_Menu_Level_3.uasset
[2017.08.01-07.21.44:675][499]LogMetaData: Removing '/Game/VirtualRealityBP/Blueprints/Level_3/3D_Menu_Level_3.3D_Menu_Level_3_C' ref from Metadata '/Game/VirtualRealityBP/Blueprints/3D_Menu_Level_3.PackageMetaData'
[2017.08.01-07.21.44:675][499]LogMetaData: Removing '/Game/VirtualRealityBP/Blueprints/Level_3/3D_Menu_Level_3.SKEL_3D_Menu_Level_3_C' ref from Metadata '/Game/VirtualRealityBP/Blueprints/3D_Menu_Level_3.PackageMetaData'
[2017.08.01-07.21.44:675][499]LogMetaData: Removing '/Game/VirtualRealityBP/Blueprints/Level_3/3D_Menu_Level_3.SKEL_3D_Menu_Level_3_C:Set Score Event Dispatcher' ref from Metadata '/Game/VirtualRealityBP/Blueprints/3D_Menu_Level_3.PackageMetaData'
[2017.08.01-07.21.44:675][499]LogMetaData: Removing '/Game/VirtualRealityBP/Blueprints/Level_3/3D_Menu_Level_3.SKEL_3D_Menu_Level_3_C:DefaultSceneRoot' ref from Metadata '/Game/VirtualRealityBP/Blueprints/3D_Menu_Level_3.PackageMetaData'
[2017.08.01-07.21.44:675][499]LogMetaData: Removing '/Game/VirtualRealityBP/Blueprints/Level_3/3D_Menu_Level_3.SKEL_3D_Menu_Level_3_C:ScoreMenu' ref from Metadata '/Game/VirtualRealityBP/Blueprints/3D_Menu_Level_3.PackageMetaData'
[2017.08.01-07.21.44:675][499]LogMetaData: Removing '/Game/VirtualRealityBP/Blueprints/Level_3/3D_Menu_Level_3.SKEL_3D_Menu_Level_3_C:ReceiveBeginPlay' ref from Metadata '/Game/VirtualRealityBP/Blueprints/3D_Menu_Level_3.PackageMetaData'
[2017.08.01-07.21.44:675][499]LogMetaData: Removing '/Game/VirtualRealityBP/Blueprints/Level_3/3D_Menu_Level_3.SKEL_3D_Menu_Level_3_C:UserConstructionScript' ref from Metadata '/Game/VirtualRealityBP/Blueprints/3D_Menu_Level_3.PackageMetaData'
[2017.08.01-07.21.44:675][499]LogMetaData: Removing '/Game/VirtualRealityBP/Blueprints/Level_3/3D_Menu_Level_3.SKEL_3D_Menu_Level_3_C:ExecuteUbergraph_3D_Menu_Level_3' ref from Metadata '/Game/VirtualRealityBP/Blueprints/3D_Menu_Level_3.PackageMetaData'
[2017.08.01-07.21.44:675][499]LogMetaData: Removing '/Game/VirtualRealityBP/Blueprints/Level_3/3D_Menu_Level_3.3D_Menu_Level_3_C:Set Score Event Dispatcher' ref from Metadata '/Game/VirtualRealityBP/Blueprints/3D_Menu_Level_3.PackageMetaData'
[2017.08.01-07.21.44:675][499]LogMetaData: Removing '/Game/VirtualRealityBP/Blueprints/Level_3/3D_Menu_Level_3.3D_Menu_Level_3_C:DefaultSceneRoot' ref from Metadata '/Game/VirtualRealityBP/Blueprints/3D_Menu_Level_3.PackageMetaData'
[2017.08.01-07.21.44:675][499]LogMetaData: Removing '/Game/VirtualRealityBP/Blueprints/Level_3/3D_Menu_Level_3.3D_Menu_Level_3_C:ScoreMenu' ref from Metadata '/Game/VirtualRealityBP/Blueprints/3D_Menu_Level_3.PackageMetaData'
[2017.08.01-07.21.44:675][499]LogMetaData: Removing '/Game/VirtualRealityBP/Blueprints/Level_3/3D_Menu_Level_3.3D_Menu_Level_3_C:ReceiveBeginPlay' ref from Metadata '/Game/VirtualRealityBP/Blueprints/3D_Menu_Level_3.PackageMetaData'
[2017.08.01-07.21.44:675][499]LogMetaData: Removing '/Game/VirtualRealityBP/Blueprints/Level_3/3D_Menu_Level_3.3D_Menu_Level_3_C:UserConstructionScript' ref from Metadata '/Game/VirtualRealityBP/Blueprints/3D_Menu_Level_3.PackageMetaData'
[2017.08.01-07.21.44:675][499]LogMetaData: Removing '/Game/VirtualRealityBP/Blueprints/Level_3/3D_Menu_Level_3.3D_Menu_Level_3_C:ExecuteUbergraph_3D_Menu_Level_3' ref from Metadata '/Game/VirtualRealityBP/Blueprints/3D_Menu_Level_3.PackageMetaData'
[2017.08.01-07.21.44:700][499]LogSavePackage: Save=15.21ms
[2017.08.01-07.21.44:700][499]LogSavePackage: Moving '../../../../MA Daniel Schmidl/Masterarbeit/Saved/3D_Menu_Level_332D03E2E46E5DE5A3DE290BA58A1BA04.tmp' to '../../../../MA Daniel Schmidl/Masterarbeit/Content/VirtualRealityBP/Blueprints/Level_3/3D_Menu_Level_3.uasset'
[2017.08.01-07.21.44:702][499]LogSavePackage:Display: Finished SavePackage ../../../../MA Daniel Schmidl/Masterarbeit/Content/VirtualRealityBP/Blueprints/Level_3/3D_Menu_Level_3.uasset
[2017.08.01-07.21.55:321][752]LogLinker: Can't find file '/Game/VirtualRealityBP/Blueprints/ScoreHUD_2'
[2017.08.01-07.21.55:321][752]LogLinker: Can't find file '/Game/VirtualRealityBP/Blueprints/ScoreHUD_2'
[2017.08.01-07.22.03:729][740]LogLinker: Can't find file '/Game/VirtualRealityBP/Blueprints/ScoreHUD_2_Level_3'
[2017.08.01-07.22.03:730][740]LogLinker: Can't find file '/Game/VirtualRealityBP/Blueprints/ScoreHUD_2_Level_3'
[2017.08.01-07.22.03:836][740]LogMetaData: Removing '/Game/VirtualRealityBP/Blueprints/ScoreHUD_2_Level_3.SKEL_ScoreHUD_2_Level_3_C' ref from Metadata '/Game/VirtualRealityBP/Blueprints/ScoreHUD_2.PackageMetaData'
[2017.08.01-07.22.03:836][740]LogMetaData: Removing '/Game/VirtualRealityBP/Blueprints/ScoreHUD_2_Level_3.ScoreHUD_2_Level_3_C' ref from Metadata '/Game/VirtualRealityBP/Blueprints/ScoreHUD_2.PackageMetaData'
[2017.08.01-07.22.03:935][740]LogSavePackage: Save=88.42ms
[2017.08.01-07.22.03:935][740]LogSavePackage: Moving '../../../../MA Daniel Schmidl/Masterarbeit/Saved/ScoreHUD_2_Level_3AE3487C64D21EDF3A26FEEBECBFA2F81.tmp' to '../../../../MA Daniel Schmidl/Masterarbeit/Content/VirtualRealityBP/Blueprints/ScoreHUD_2_Level_3.uasset'
[2017.08.01-07.22.03:936][740]LogSavePackage:Display: Finished SavePackage ../../../../MA Daniel Schmidl/Masterarbeit/Content/VirtualRealityBP/Blueprints/ScoreHUD_2_Level_3.uasset
[2017.08.01-07.22.06:936][ 82]LogMetaData: Removing '/Game/VirtualRealityBP/Blueprints/Level_3/ScoreHUD_2_Level_3.ScoreHUD_2_Level_3_C' ref from Metadata '/Game/VirtualRealityBP/Blueprints/ScoreHUD_2_Level_3.PackageMetaData'
[2017.08.01-07.22.06:936][ 82]LogMetaData: Removing '/Game/VirtualRealityBP/Blueprints/Level_3/ScoreHUD_2_Level_3.SKEL_ScoreHUD_2_Level_3_C' ref from Metadata '/Game/VirtualRealityBP/Blueprints/ScoreHUD_2_Level_3.PackageMetaData'
[2017.08.01-07.22.06:936][ 82]LogMetaData: Removing '/Game/VirtualRealityBP/Blueprints/Level_3/ScoreHUD_2_Level_3.SKEL_ScoreHUD_2_Level_3_C:GameMode' ref from Metadata '/Game/VirtualRealityBP/Blueprints/ScoreHUD_2_Level_3.PackageMetaData'
[2017.08.01-07.22.06:936][ 82]LogMetaData: Removing '/Game/VirtualRealityBP/Blueprints/Level_3/ScoreHUD_2_Level_3.SKEL_ScoreHUD_2_Level_3_C:GameIsPaused' ref from Metadata '/Game/VirtualRealityBP/Blueprints/ScoreHUD_2_Level_3.PackageMetaData'
[2017.08.01-07.22.06:936][ 82]LogMetaData: Removing '/Game/VirtualRealityBP/Blueprints/Level_3/ScoreHUD_2_Level_3.SKEL_ScoreHUD_2_Level_3_C:Time' ref from Metadata '/Game/VirtualRealityBP/Blueprints/ScoreHUD_2_Level_3.PackageMetaData'
[2017.08.01-07.22.06:936][ 82]LogMetaData: Removing '/Game/VirtualRealityBP/Blueprints/Level_3/ScoreHUD_2_Level_3.SKEL_ScoreHUD_2_Level_3_C:TryCounter' ref from Metadata '/Game/VirtualRealityBP/Blueprints/ScoreHUD_2_Level_3.PackageMetaData'
[2017.08.01-07.22.06:936][ 82]LogMetaData: Removing '/Game/VirtualRealityBP/Blueprints/Level_3/ScoreHUD_2_Level_3.SKEL_ScoreHUD_2_Level_3_C:GoalCounter' ref from Metadata '/Game/VirtualRealityBP/Blueprints/ScoreHUD_2_Level_3.PackageMetaData'
[2017.08.01-07.22.06:936][ 82]LogMetaData: Removing '/Game/VirtualRealityBP/Blueprints/Level_3/ScoreHUD_2_Level_3.SKEL_ScoreHUD_2_Level_3_C:ScoreTextTries' ref from Metadata '/Game/VirtualRealityBP/Blueprints/ScoreHUD_2_Level_3.PackageMetaData'
[2017.08.01-07.22.06:936][ 82]LogMetaData: Removing '/Game/VirtualRealityBP/Blueprints/Level_3/ScoreHUD_2_Level_3.SKEL_ScoreHUD_2_Level_3_C:ScoreTextTime' ref from Metadata '/Game/VirtualRealityBP/Blueprints/ScoreHUD_2_Level_3.PackageMetaData'
[2017.08.01-07.22.06:936][ 82]LogMetaData: Removing '/Game/VirtualRealityBP/Blueprints/Level_3/ScoreHUD_2_Level_3.SKEL_ScoreHUD_2_Level_3_C:ScoreTextGoals' ref from Metadata '/Game/VirtualRealityBP/Blueprints/ScoreHUD_2_Level_3.PackageMetaData'
[2017.08.01-07.22.06:936][ 82]LogMetaData: Removing '/Game/VirtualRealityBP/Blueprints/Level_3/ScoreHUD_2_Level_3.SKEL_ScoreHUD_2_Level_3_C:Image_383' ref from Metadata '/Game/VirtualRealityBP/Blueprints/ScoreHUD_2_Level_3.PackageMetaData'
[2017.08.01-07.22.06:936][ 82]LogMetaData: Removing '/Game/VirtualRealityBP/Blueprints/Level_3/ScoreHUD_2_Level_3.SKEL_ScoreHUD_2_Level_3_C:Image_382' ref from Metadata '/Game/VirtualRealityBP/Blueprints/ScoreHUD_2_Level_3.PackageMetaData'
[2017.08.01-07.22.06:936][ 82]LogMetaData: Removing '/Game/VirtualRealityBP/Blueprints/Level_3/ScoreHUD_2_Level_3.SKEL_ScoreHUD_2_Level_3_C:Image_290' ref from Metadata '/Game/VirtualRealityBP/Blueprints/ScoreHUD_2_Level_3.PackageMetaData'
[2017.08.01-07.22.06:936][ 82]LogMetaData: Removing '/Game/VirtualRealityBP/Blueprints/Level_3/ScoreHUD_2_Level_3.SKEL_ScoreHUD_2_Level_3_C:Image_222' ref from Metadata '/Game/VirtualRealityBP/Blueprints/ScoreHUD_2_Level_3.PackageMetaData'
[2017.08.01-07.22.06:936][ 82]LogMetaData: Removing '/Game/VirtualRealityBP/Blueprints/Level_3/ScoreHUD_2_Level_3.SKEL_ScoreHUD_2_Level_3_C:Image_179' ref from Metadata '/Game/VirtualRealityBP/Blueprints/ScoreHUD_2_Level_3.PackageMetaData'
[2017.08.01-07.22.06:936][ 82]LogMetaData: Removing '/Game/VirtualRealityBP/Blueprints/Level_3/ScoreHUD_2_Level_3.SKEL_ScoreHUD_2_Level_3_C:Image_2' ref from Metadata '/Game/VirtualRealityBP/Blueprints/ScoreHUD_2_Level_3.PackageMetaData'
[2017.08.01-07.22.06:936][ 82]LogMetaData: Removing '/Game/VirtualRealityBP/Blueprints/Level_3/ScoreHUD_2_Level_3.SKEL_ScoreHUD_2_Level_3_C:Image_0' ref from Metadata '/Game/VirtualRealityBP/Blueprints/ScoreHUD_2_Level_3.PackageMetaData'
[2017.08.01-07.22.06:936][ 82]LogMetaData: Removing '/Game/VirtualRealityBP/Blueprints/Level_3/ScoreHUD_2_Level_3.SKEL_ScoreHUD_2_Level_3_C:FinishOverlay' ref from Metadata '/Game/VirtualRealityBP/Blueprints/ScoreHUD_2_Level_3.PackageMetaData'
[2017.08.01-07.22.06:936][ 82]LogMetaData: Removing '/Game/VirtualRealityBP/Blueprints/Level_3/ScoreHUD_2_Level_3.SKEL_ScoreHUD_2_Level_3_C:CircularThrobber_117' ref from Metadata '/Game/VirtualRealityBP/Blueprints/ScoreHUD_2_Level_3.PackageMetaData'
[2017.08.01-07.22.06:936][ 82]LogMetaData: Removing '/Game/VirtualRealityBP/Blueprints/Level_3/ScoreHUD_2_Level_3.SKEL_ScoreHUD_2_Level_3_C:PreConstruct' ref from Metadata '/Game/VirtualRealityBP/Blueprints/ScoreHUD_2_Level_3.PackageMetaData'
[2017.08.01-07.22.06:936][ 82]LogMetaData: Removing '/Game/VirtualRealityBP/Blueprints/Level_3/ScoreHUD_2_Level_3.SKEL_ScoreHUD_2_Level_3_C:Construct' ref from Metadata '/Game/VirtualRealityBP/Blueprints/ScoreHUD_2_Level_3.PackageMetaData'
[2017.08.01-07.22.06:936][ 82]LogMetaData: Removing '/Game/VirtualRealityBP/Blueprints/Level_3/ScoreHUD_2_Level_3.SKEL_ScoreHUD_2_Level_3_C:Tick' ref from Metadata '/Game/VirtualRealityBP/Blueprints/ScoreHUD_2_Level_3.PackageMetaData'
[2017.08.01-07.22.06:936][ 82]LogMetaData: Removing '/Game/VirtualRealityBP/Blueprints/Level_3/ScoreHUD_2_Level_3.SKEL_ScoreHUD_2_Level_3_C:ExecuteUbergraph_ScoreHUD_2_Level_3' ref from Metadata '/Game/VirtualRealityBP/Blueprints/ScoreHUD_2_Level_3.PackageMetaData'
[2017.08.01-07.22.06:936][ 82]LogMetaData: Removing '/Game/VirtualRealityBP/Blueprints/Level_3/ScoreHUD_2_Level_3.ScoreHUD_2_Level_3_C:GameMode' ref from Metadata '/Game/VirtualRealityBP/Blueprints/ScoreHUD_2_Level_3.PackageMetaData'
[2017.08.01-07.22.06:936][ 82]LogMetaData: Removing '/Game/VirtualRealityBP/Blueprints/Level_3/ScoreHUD_2_Level_3.ScoreHUD_2_Level_3_C:GameIsPaused' ref from Metadata '/Game/VirtualRealityBP/Blueprints/ScoreHUD_2_Level_3.PackageMetaData'
[2017.08.01-07.22.06:936][ 82]LogMetaData: Removing '/Game/VirtualRealityBP/Blueprints/Level_3/ScoreHUD_2_Level_3.ScoreHUD_2_Level_3_C:Time' ref from Metadata '/Game/VirtualRealityBP/Blueprints/ScoreHUD_2_Level_3.PackageMetaData'
[2017.08.01-07.22.06:936][ 82]LogMetaData: Removing '/Game/VirtualRealityBP/Blueprints/Level_3/ScoreHUD_2_Level_3.ScoreHUD_2_Level_3_C:TryCounter' ref from Metadata '/Game/VirtualRealityBP/Blueprints/ScoreHUD_2_Level_3.PackageMetaData'
[2017.08.01-07.22.06:936][ 82]LogMetaData: Removing '/Game/VirtualRealityBP/Blueprints/Level_3/ScoreHUD_2_Level_3.ScoreHUD_2_Level_3_C:GoalCounter' ref from Metadata '/Game/VirtualRealityBP/Blueprints/ScoreHUD_2_Level_3.PackageMetaData'
[2017.08.01-07.22.06:936][ 82]LogMetaData: Removing '/Game/VirtualRealityBP/Blueprints/Level_3/ScoreHUD_2_Level_3.ScoreHUD_2_Level_3_C:ScoreTextTries' ref from Metadata '/Game/VirtualRealityBP/Blueprints/ScoreHUD_2_Level_3.PackageMetaData'
[2017.08.01-07.22.06:936][ 82]LogMetaData: Removing '/Game/VirtualRealityBP/Blueprints/Level_3/ScoreHUD_2_Level_3.ScoreHUD_2_Level_3_C:ScoreTextTime' ref from Metadata '/Game/VirtualRealityBP/Blueprints/ScoreHUD_2_Level_3.PackageMetaData'
[2017.08.01-07.22.06:936][ 82]LogMetaData: Removing '/Game/VirtualRealityBP/Blueprints/Level_3/ScoreHUD_2_Level_3.ScoreHUD_2_Level_3_C:ScoreTextGoals' ref from Metadata '/Game/VirtualRealityBP/Blueprints/ScoreHUD_2_Level_3.PackageMetaData'
[2017.08.01-07.22.06:936][ 82]LogMetaData: Removing '/Game/VirtualRealityBP/Blueprints/Level_3/ScoreHUD_2_Level_3.ScoreHUD_2_Level_3_C:Image_383' ref from Metadata '/Game/VirtualRealityBP/Blueprints/ScoreHUD_2_Level_3.PackageMetaData'
[2017.08.01-07.22.06:936][ 82]LogMetaData: Removing '/Game/VirtualRealityBP/Blueprints/Level_3/ScoreHUD_2_Level_3.ScoreHUD_2_Level_3_C:Image_382' ref from Metadata '/Game/VirtualRealityBP/Blueprints/ScoreHUD_2_Level_3.PackageMetaData'
[2017.08.01-07.22.06:936][ 82]LogMetaData: Removing '/Game/VirtualRealityBP/Blueprints/Level_3/ScoreHUD_2_Level_3.ScoreHUD_2_Level_3_C:Image_290' ref from Metadata '/Game/VirtualRealityBP/Blueprints/ScoreHUD_2_Level_3.PackageMetaData'
[2017.08.01-07.22.06:936][ 82]LogMetaData: Removing '/Game/VirtualRealityBP/Blueprints/Level_3/ScoreHUD_2_Level_3.ScoreHUD_2_Level_3_C:Image_222' ref from Metadata '/Game/VirtualRealityBP/Blueprints/ScoreHUD_2_Level_3.PackageMetaData'
[2017.08.01-07.22.06:936][ 82]LogMetaData: Removing '/Game/VirtualRealityBP/Blueprints/Level_3/ScoreHUD_2_Level_3.ScoreHUD_2_Level_3_C:Image_179' ref from Metadata '/Game/VirtualRealityBP/Blueprints/ScoreHUD_2_Level_3.PackageMetaData'
[2017.08.01-07.22.06:936][ 82]LogMetaData: Removing '/Game/VirtualRealityBP/Blueprints/Level_3/ScoreHUD_2_Level_3.ScoreHUD_2_Level_3_C:Image_2' ref from Metadata '/Game/VirtualRealityBP/Blueprints/ScoreHUD_2_Level_3.PackageMetaData'
[2017.08.01-07.22.06:936][ 82]LogMetaData: Removing '/Game/VirtualRealityBP/Blueprints/Level_3/ScoreHUD_2_Level_3.ScoreHUD_2_Level_3_C:Image_0' ref from Metadata '/Game/VirtualRealityBP/Blueprints/ScoreHUD_2_Level_3.PackageMetaData'
[2017.08.01-07.22.06:936][ 82]LogMetaData: Removing '/Game/VirtualRealityBP/Blueprints/Level_3/ScoreHUD_2_Level_3.ScoreHUD_2_Level_3_C:FinishOverlay' ref from Metadata '/Game/VirtualRealityBP/Blueprints/ScoreHUD_2_Level_3.PackageMetaData'
[2017.08.01-07.22.06:936][ 82]LogMetaData: Removing '/Game/VirtualRealityBP/Blueprints/Level_3/ScoreHUD_2_Level_3.ScoreHUD_2_Level_3_C:CircularThrobber_117' ref from Metadata '/Game/VirtualRealityBP/Blueprints/ScoreHUD_2_Level_3.PackageMetaData'
[2017.08.01-07.22.06:936][ 82]LogMetaData: Removing '/Game/VirtualRealityBP/Blueprints/Level_3/ScoreHUD_2_Level_3.ScoreHUD_2_Level_3_C:Construct' ref from Metadata '/Game/VirtualRealityBP/Blueprints/ScoreHUD_2_Level_3.PackageMetaData'
[2017.08.01-07.22.06:936][ 82]LogMetaData: Removing '/Game/VirtualRealityBP/Blueprints/Level_3/ScoreHUD_2_Level_3.ScoreHUD_2_Level_3_C:Tick' ref from Metadata '/Game/VirtualRealityBP/Blueprints/ScoreHUD_2_Level_3.PackageMetaData'
[2017.08.01-07.22.06:936][ 82]LogMetaData: Removing '/Game/VirtualRealityBP/Blueprints/Level_3/ScoreHUD_2_Level_3.ScoreHUD_2_Level_3_C:PreConstruct' ref from Metadata '/Game/VirtualRealityBP/Blueprints/ScoreHUD_2_Level_3.PackageMetaData'
[2017.08.01-07.22.06:936][ 82]LogMetaData: Removing '/Game/VirtualRealityBP/Blueprints/Level_3/ScoreHUD_2_Level_3.ScoreHUD_2_Level_3_C:ExecuteUbergraph_ScoreHUD_2_Level_3' ref from Metadata '/Game/VirtualRealityBP/Blueprints/ScoreHUD_2_Level_3.PackageMetaData'
[2017.08.01-07.22.07:033][ 82]LogSavePackage: Save=86.38ms
[2017.08.01-07.22.07:033][ 82]LogSavePackage: Moving '../../../../MA Daniel Schmidl/Masterarbeit/Saved/ScoreHUD_2_Level_3114E618C4792D82FC59D4F99CACB1BFD.tmp' to '../../../../MA Daniel Schmidl/Masterarbeit/Content/VirtualRealityBP/Blueprints/Level_3/ScoreHUD_2_Level_3.uasset'
[2017.08.01-07.22.07:034][ 82]LogSavePackage:Display: Finished SavePackage ../../../../MA Daniel Schmidl/Masterarbeit/Content/VirtualRealityBP/Blueprints/Level_3/ScoreHUD_2_Level_3.uasset
[2017.08.01-07.22.57:308][ 90]LogEditorViewport: Clicking on Actor (LMB): 3D_Menu_Level_2_C (3D_Menu_Level_2)
[2017.08.01-07.22.59:322][328]Cmd: DELETE
[2017.08.01-07.22.59:322][328]Cmd: ACTOR DELETE
[2017.08.01-07.22.59:322][328]LogEditorActor: Deleted Actor: 3D_Menu_Level_2_C
[2017.08.01-07.22.59:341][328]LogEditorActor: Deleted 1 Actors (0.019 secs)
[2017.08.01-07.23.03:777][806]LogRenderer: Reallocating scene render targets to support 1528x1000 NumSamples 1 (Frame:1).
[2017.08.01-07.23.34:173][168]LogEditorViewport: Clicking on Actor (LMB): Field_BP_C (Field)
[2017.08.01-07.23.36:056][390]LogEditorViewport: Clicking on Actor (LMB): 3D_Menu_Level_3_C (3D_Menu_Level_3)
[2017.08.01-07.23.46:726][664]LogEditorViewport: Clicking on Actor (LMB): 3D_Menu_Level_3_C (3D_Menu_Level_3)
[2017.08.01-07.24.05:446][283]BlueprintLog: New page: Compile 3D_Menu_Level_3
[2017.08.01-07.24.05:878][287]LogSavePackage: Save=14.68ms
[2017.08.01-07.24.05:878][287]LogSavePackage: Moving '../../../../MA Daniel Schmidl/Masterarbeit/Saved/3D_Menu_Level_308FA36E8444FA9DF5B5A918766160173.tmp' to '../../../../MA Daniel Schmidl/Masterarbeit/Content/VirtualRealityBP/Blueprints/Level_3/3D_Menu_Level_3.uasset'
[2017.08.01-07.24.05:879][287]LogSavePackage:Display: Finished SavePackage ../../../../MA Daniel Schmidl/Masterarbeit/Content/VirtualRealityBP/Blueprints/Level_3/3D_Menu_Level_3.uasset
[2017.08.01-07.25.03:061][351]BlueprintLog: New page: Compile ScoreHUD_2_Level_3
[2017.08.01-07.25.03:083][351]LogBlueprint:Warning: [Compiler ScoreHUD_2_Level_3] Warning Could not find a variable named "ScoreTextGoals" in 'ScoreHUD_2_Level_3_C'.
Make sure 'ScoreHUD_2_Level_3_C' has been compiled for  Get ScoreTextGoals
[2017.08.01-07.25.03:084][351]LogBlueprint:Error: [Compiler ScoreHUD_2_Level_3] Error The property associated with  Score Text Goals  could not be found
[2017.08.01-07.25.03:277][351]BlueprintEditorCompileResults:Warning: Warning Could not find a variable named "ScoreTextGoals" in 'ScoreHUD_2_Level_3_C'.
Make sure 'ScoreHUD_2_Level_3_C' has been compiled for  Get ScoreTextGoals
[2017.08.01-07.25.03:277][351]BlueprintEditorCompileResults:Error: Error The property associated with  Score Text Goals  could not be found
[2017.08.01-07.25.03:277][351]BlueprintEditorCompileResults: Info Fast Template Successfully Created.
[2017.08.01-07.25.03:277][351]LogBlueprint:Warning: [Compiler ScoreHUD_2_Level_3] Warning [0694.08] Compile of ScoreHUD_2_Level_3 failed. 1 Fatal Issue(s) 1 Warning(s) [in 217 ms] (/Game/VirtualRealityBP/Blueprints/Level_3/ScoreHUD_2_Level_3.ScoreHUD_2_Level_3)
[2017.08.01-07.25.03:765][381]LogSavePackage: Save=79.81ms
[2017.08.01-07.25.03:765][381]LogSavePackage: Moving '../../../../MA Daniel Schmidl/Masterarbeit/Saved/ScoreHUD_2_Level_3498B54A54D95B7D6103E0981658F4D75.tmp' to '../../../../MA Daniel Schmidl/Masterarbeit/Content/VirtualRealityBP/Blueprints/Level_3/ScoreHUD_2_Level_3.uasset'
[2017.08.01-07.25.03:767][381]LogSavePackage:Display: Finished SavePackage ../../../../MA Daniel Schmidl/Masterarbeit/Content/VirtualRealityBP/Blueprints/Level_3/ScoreHUD_2_Level_3.uasset
[2017.08.01-07.25.04:192][415]BlueprintLog: New page: Compile ScoreHUD_2_Level_3
[2017.08.01-07.25.04:212][415]LogBlueprint:Warning: [Compiler ScoreHUD_2_Level_3] Warning Could not find a variable named "ScoreTextGoals" in 'ScoreHUD_2_Level_3_C'.
Make sure 'ScoreHUD_2_Level_3_C' has been compiled for  Get ScoreTextGoals
[2017.08.01-07.25.04:213][415]LogBlueprint:Error: [Compiler ScoreHUD_2_Level_3] Error The property associated with  Score Text Goals  could not be found
[2017.08.01-07.25.04:398][415]BlueprintEditorCompileResults:Warning: Warning Could not find a variable named "ScoreTextGoals" in 'ScoreHUD_2_Level_3_C'.
Make sure 'ScoreHUD_2_Level_3_C' has been compiled for  Get ScoreTextGoals
[2017.08.01-07.25.04:398][415]BlueprintEditorCompileResults:Error: Error The property associated with  Score Text Goals  could not be found
[2017.08.01-07.25.04:398][415]BlueprintEditorCompileResults: Info Fast Template Successfully Created.
[2017.08.01-07.25.04:398][415]LogBlueprint:Warning: [Compiler ScoreHUD_2_Level_3] Warning [0695.20] Compile of ScoreHUD_2_Level_3 failed. 1 Fatal Issue(s) 1 Warning(s) [in 205 ms] (/Game/VirtualRealityBP/Blueprints/Level_3/ScoreHUD_2_Level_3.ScoreHUD_2_Level_3)
[2017.08.01-07.25.30:252][315]BlueprintLog: New page: Compile ScoreHUD_2_Level_3
[2017.08.01-07.25.30:369][315]BlueprintEditorCompileResults: Info Fast Template Successfully Created.
[2017.08.01-07.25.30:923][359]LogSavePackage: Save=49.58ms
[2017.08.01-07.25.30:923][359]LogSavePackage: Moving '../../../../MA Daniel Schmidl/Masterarbeit/Saved/ScoreHUD_2_Level_3C35B98AE45C941F6515FDEA8F0ABA14E.tmp' to '../../../../MA Daniel Schmidl/Masterarbeit/Content/VirtualRealityBP/Blueprints/Level_3/ScoreHUD_2_Level_3.uasset'
[2017.08.01-07.25.30:925][359]LogSavePackage:Display: Finished SavePackage ../../../../MA Daniel Schmidl/Masterarbeit/Content/VirtualRealityBP/Blueprints/Level_3/ScoreHUD_2_Level_3.uasset
[2017.08.01-07.25.33:146][594]LogTemp: Repeting last play command: Selected Viewport
[2017.08.01-07.25.33:171][594]LogPlayLevel: PlayLevel: No blueprints needed recompiling
[2017.08.01-07.25.33:171][594]PIE: New page: PIE session: PrototypeMap3 (Aug 1, 2017, 11:25:33 AM)
[2017.08.01-07.25.33:171][594]LogPlayLevel: Creating play world package: /Game/VirtualRealityBP/Maps/UEDPIE_0_PrototypeMap3
[2017.08.01-07.25.33:173][594]LogPlayLevel: PIE: StaticDuplicateObject took: (0.001840s)
[2017.08.01-07.25.33:173][594]LogAIModule: Creating AISystem for world PrototypeMap3
[2017.08.01-07.25.33:173][594]LogPlayLevel: PIE: World Init took: (0.000648s)
[2017.08.01-07.25.33:174][594]LogPlayLevel: PIE: Created PIE world by copying editor world from /Game/VirtualRealityBP/Maps/PrototypeMap3.PrototypeMap3 to /Game/VirtualRealityBP/Maps/UEDPIE_0_PrototypeMap3.PrototypeMap3 (0.002659s)
[2017.08.01-07.25.33:200][594]LogInit: XAudio2 using 'Lautsprecher (USB Audio Device)' : 2 channels at 44.1 kHz using 16 bits per sample (channel mask 0x3)
[2017.08.01-07.25.33:207][594]LogInit: FAudioDevice initialized.
[2017.08.01-07.25.33:234][594]LogLoad: Game class is 'Prototype_Gamemode_C'
[2017.08.01-07.25.33:236][594]LogWorld: Bringing World /Game/VirtualRealityBP/Maps/UEDPIE_0_PrototypeMap3.PrototypeMap3 up for play (max tick rate 0) at 2017.08.01-09.25.33
[2017.08.01-07.25.33:237][594]LogWorld: Bringing up level for play took: 0.001856
[2017.08.01-07.25.33:237][594]LogSpawn:Warning: SpawnActor failed because no class was specified
[2017.08.01-07.25.33:238][594]PIE: Info Play in editor start time for /Game/VirtualRealityBP/Maps/UEDPIE_0_PrototypeMap3 0.699
[2017.08.01-07.25.33:679][646]LogBlueprintUserMessages: [TriggerBoxPass_Blueprint] trigger
[2017.08.01-07.26.10:981][742]BlueprintLog: New page: Compile ScoreHUD_2_Level_3
[2017.08.01-07.26.11:113][742]BlueprintEditorCompileResults: Info Fast Template Successfully Created.
[2017.08.01-07.26.11:583][764]LogSavePackage: Save=50.03ms
[2017.08.01-07.26.11:583][764]LogSavePackage: Moving '../../../../MA Daniel Schmidl/Masterarbeit/Saved/ScoreHUD_2_Level_394B81A184E7B9B150B7415B1E2E234F3.tmp' to '../../../../MA Daniel Schmidl/Masterarbeit/Content/VirtualRealityBP/Blueprints/Level_3/ScoreHUD_2_Level_3.uasset'
[2017.08.01-07.26.11:584][764]LogSavePackage:Display: Finished SavePackage ../../../../MA Daniel Schmidl/Masterarbeit/Content/VirtualRealityBP/Blueprints/Level_3/ScoreHUD_2_Level_3.uasset
[2017.08.01-07.26.35:229][580]LogSavePackage: Save=46.44ms
[2017.08.01-07.26.35:229][580]LogSavePackage: Moving '../../../../MA Daniel Schmidl/Masterarbeit/Saved/ScoreHUD_2_Level_31A1F137744DE975E826422B718ECA451.tmp' to '../../../../MA Daniel Schmidl/Masterarbeit/Content/VirtualRealityBP/Blueprints/Level_3/ScoreHUD_2_Level_3.uasset'
[2017.08.01-07.26.35:231][580]LogSavePackage:Display: Finished SavePackage ../../../../MA Daniel Schmidl/Masterarbeit/Content/VirtualRealityBP/Blueprints/Level_3/ScoreHUD_2_Level_3.uasset
[2017.08.01-07.26.37:225][656]LogEditorViewport: Clicking on Actor (LMB): Field_BP_C (Field)
[2017.08.01-07.26.39:611][806]BlueprintLog: New page: Compile ScoreHUD_2_Level_3
[2017.08.01-07.26.39:746][806]BlueprintEditorCompileResults: Info Fast Template Successfully Created.
[2017.08.01-07.26.40:033][817]LogSavePackage: Save=49.21ms
[2017.08.01-07.26.40:033][817]LogSavePackage: Moving '../../../../MA Daniel Schmidl/Masterarbeit/Saved/ScoreHUD_2_Level_3004F263A469538F781D25EB5385C3EF3.tmp' to '../../../../MA Daniel Schmidl/Masterarbeit/Content/VirtualRealityBP/Blueprints/Level_3/ScoreHUD_2_Level_3.uasset'
[2017.08.01-07.26.40:033][817]LogSavePackage:Display: Finished SavePackage ../../../../MA Daniel Schmidl/Masterarbeit/Content/VirtualRealityBP/Blueprints/Level_3/ScoreHUD_2_Level_3.uasset
[2017.08.01-07.27.33:585][972]BlueprintLog: New page: Compile ScoreHUD
[2017.08.01-07.27.33:734][972]BlueprintEditorCompileResults: Info Fast Template Successfully Created.
[2017.08.01-07.27.33:976][982]Cmd: OBJ SAVEPACKAGE PACKAGE="/Game/VirtualRealityBP/Blueprints/ScoreHUD" FILE="../../../../MA Daniel Schmidl/Masterarbeit/Content/VirtualRealityBP/Blueprints/ScoreHUD.uasset" SILENT=true
[2017.08.01-07.27.34:073][982]LogSavePackage: Save=87.03ms
[2017.08.01-07.27.34:073][982]LogSavePackage: Moving '../../../../MA Daniel Schmidl/Masterarbeit/Saved/ScoreHUDD2F612B948492B30900B8CB93DA4C877.tmp' to '../../../../MA Daniel Schmidl/Masterarbeit/Content/VirtualRealityBP/Blueprints/ScoreHUD.uasset'
[2017.08.01-07.27.34:075][982]LogSavePackage:Display: Finished SavePackage ../../../../MA Daniel Schmidl/Masterarbeit/Content/VirtualRealityBP/Blueprints/ScoreHUD.uasset
[2017.08.01-07.27.54:055][202]LogUObjectHash:Warning: Ambiguous search, could be CanvasPanel /Game/VirtualRealityBP/Blueprints/ScoreHUD.ScoreHUD:WidgetTree.CanvasPanel_0 or CanvasPanel /Game/VirtualRealityBP/Blueprints/Level_2/ScoreHUD_Level_2.ScoreHUD_Level_2_C:WidgetTree.CanvasPanel_0
[2017.08.01-07.27.54:055][202]LogUObjectHash:Warning: Ambiguous search, could be CanvasPanel /Game/VirtualRealityBP/Blueprints/ScoreHUD.ScoreHUD:WidgetTree.CanvasPanel_0 or CanvasPanel /Game/VirtualRealityBP/Blueprints/Level_2/ScoreHUD_Level_2.ScoreHUD_Level_2:WidgetTree.CanvasPanel_0
[2017.08.01-07.27.54:055][202]LogUObjectHash:Warning: Ambiguous search, could be CanvasPanel /Game/VirtualRealityBP/Blueprints/ScoreHUD.ScoreHUD:WidgetTree.CanvasPanel_0 or CanvasPanel /Game/VirtualRealityBP/Blueprints/Level_3/ScoreHUD_2_Level_3.ScoreHUD_2_Level_3:WidgetTree.CanvasPanel_0
[2017.08.01-07.27.54:055][202]LogUObjectHash:Warning: Ambiguous search, could be CanvasPanel /Game/VirtualRealityBP/Blueprints/ScoreHUD.ScoreHUD:WidgetTree.CanvasPanel_0 or CanvasPanel /Game/VirtualRealityBP/Blueprints/UserFeedbackWidgetHUD.UserFeedbackWidgetHUD:WidgetTree.CanvasPanel_0
[2017.08.01-07.27.54:055][202]LogUObjectHash:Warning: Ambiguous search, could be CanvasPanel /Game/VirtualRealityBP/Blueprints/ScoreHUD.ScoreHUD:WidgetTree.CanvasPanel_0 or CanvasPanel /Game/VirtualRealityBP/Blueprints/UserFeedbackWidgetHUD.UserFeedbackWidgetHUD_C:WidgetTree.CanvasPanel_0
[2017.08.01-07.27.54:055][202]LogUObjectHash:Warning: Ambiguous search, could be CanvasPanel /Game/VirtualRealityBP/Blueprints/ScoreHUD.ScoreHUD:WidgetTree.CanvasPanel_0 or CanvasPanel /Game/VirtualRealityBP/Maps/PrototypeMap3.PrototypeMap3:ScoreHUD_2_Level_3_C_2.WidgetTree_233.CanvasPanel_0
[2017.08.01-07.27.54:055][202]LogUObjectHash:Warning: Ambiguous search, could be CanvasPanel /Game/VirtualRealityBP/Blueprints/ScoreHUD.ScoreHUD:WidgetTree.CanvasPanel_0 or CanvasPanel /Game/VirtualRealityBP/Maps/PrototypeMap3.PrototypeMap3:ScoreHUD_C_147.WidgetTree_161.CanvasPanel_0
[2017.08.01-07.27.54:055][202]LogUObjectHash:Warning: Ambiguous search, could be CanvasPanel /Game/VirtualRealityBP/Blueprints/ScoreHUD.ScoreHUD:WidgetTree.CanvasPanel_0 or CanvasPanel /Game/VirtualRealityBP/Maps/PrototypeMap3.PrototypeMap3:ScoreHUD_C_149.WidgetTree_163.CanvasPanel_0
[2017.08.01-07.27.54:055][202]LogUObjectHash:Warning: Ambiguous search, could be CanvasPanel /Game/VirtualRealityBP/Blueprints/ScoreHUD.ScoreHUD:WidgetTree.CanvasPanel_0 or CanvasPanel /Game/VirtualRealityBP/Maps/PrototypeMap3.PrototypeMap3:ScoreHUD_C_151.WidgetTree_165.CanvasPanel_0
[2017.08.01-07.27.54:055][202]LogUObjectHash:Warning: Ambiguous search, could be CanvasPanel /Game/VirtualRealityBP/Blueprints/ScoreHUD.ScoreHUD:WidgetTree.CanvasPanel_0 or CanvasPanel /Engine/Transient.REINST_ScoreHUD_2_Level_3_C_22:WidgetTree.CanvasPanel_0
[2017.08.01-07.27.54:055][202]LogUObjectHash:Warning: Ambiguous search, could be CanvasPanel /Game/VirtualRealityBP/Blueprints/ScoreHUD.ScoreHUD:WidgetTree.CanvasPanel_0 or CanvasPanel /Engine/Transient.World_15:ScoreHUD_2_Level_3_C_7.WidgetTree_61.CanvasPanel_0
[2017.08.01-07.27.54:055][202]LogUObjectHash:Warning: Ambiguous search, could be CanvasPanel /Game/VirtualRealityBP/Blueprints/ScoreHUD.ScoreHUD:WidgetTree.CanvasPanel_0 or CanvasPanel /Engine/Transient.World_13:ScoreHUD_2_Level_3_C_9.WidgetTree_88.CanvasPanel_0
[2017.08.01-07.27.54:055][202]LogUObjectHash:Warning: Ambiguous search, could be CanvasPanel /Game/VirtualRealityBP/Blueprints/ScoreHUD.ScoreHUD:WidgetTree.CanvasPanel_0 or CanvasPanel /Game/VirtualRealityBP/Blueprints/ScoreHUD.ScoreHUD_C:WidgetTree.CanvasPanel_0
[2017.08.01-07.27.54:055][202]LogUObjectHash:Warning: Ambiguous search, could be CanvasPanel /Game/VirtualRealityBP/Blueprints/ScoreHUD.ScoreHUD:WidgetTree.CanvasPanel_0 or CanvasPanel /Engine/Transient.REINST_ScoreHUD_2_Level_3_C_15:WidgetTree.CanvasPanel_0
[2017.08.01-07.27.54:055][202]LogUObjectHash:Warning: Ambiguous search, could be CanvasPanel /Game/VirtualRealityBP/Blueprints/ScoreHUD.ScoreHUD:WidgetTree.CanvasPanel_0 or CanvasPanel /Engine/Transient.World_17:ScoreHUD_Level_2_C_6.WidgetTree_92.CanvasPanel_0
[2017.08.01-07.27.54:055][202]LogUObjectHash:Warning: Ambiguous search, could be CanvasPanel /Game/VirtualRealityBP/Blueprints/ScoreHUD.ScoreHUD:WidgetTree.CanvasPanel_0 or CanvasPanel /Engine/Transient.REINST_ScoreHUD_C_28:WidgetTree.CanvasPanel_0
[2017.08.01-07.27.54:055][202]LogUObjectHash:Warning: Ambiguous search, could be CanvasPanel /Game/VirtualRealityBP/Blueprints/ScoreHUD.ScoreHUD:WidgetTree.CanvasPanel_0 or CanvasPanel /Engine/Transient.World_15:ScoreHUD_2_Level_3_C_15.WidgetTree_43.CanvasPanel_0
[2017.08.01-07.27.54:055][202]LogUObjectHash:Warning: Ambiguous search, could be CanvasPanel /Game/VirtualRealityBP/Blueprints/ScoreHUD.ScoreHUD:WidgetTree.CanvasPanel_0 or CanvasPanel /Engine/Transient.World_15:ScoreHUD_2_Level_3_C_14.WidgetTree_42.CanvasPanel_0
[2017.08.01-07.27.54:055][202]LogUObjectHash:Warning: Ambiguous search, could be CanvasPanel /Game/VirtualRealityBP/Blueprints/ScoreHUD.ScoreHUD:WidgetTree.CanvasPanel_0 or CanvasPanel /Game/VirtualRealityBP/Maps/PrototypeMap3.PrototypeMap3:ScoreHUD_C_199.WidgetTree_213.CanvasPanel_0
[2017.08.01-07.27.54:055][202]LogUObjectHash:Warning: Ambiguous search, could be CanvasPanel /Game/VirtualRealityBP/Blueprints/ScoreHUD.ScoreHUD:WidgetTree.CanvasPanel_0 or CanvasPanel /Game/VirtualRealityBP/Blueprints/Level_3/ScoreHUD_2_Level_3.ScoreHUD_2_Level_3_C:WidgetTree.CanvasPanel_0
[2017.08.01-07.27.54:055][202]LogUObjectHash:Warning: Ambiguous search, could be CanvasPanel /Game/VirtualRealityBP/Blueprints/ScoreHUD.ScoreHUD:WidgetTree.CanvasPanel_0 or CanvasPanel /Game/VirtualRealityBP/Maps/PrototypeMap3.PrototypeMap3:ScoreHUD_C_201.WidgetTree_215.CanvasPanel_0
[2017.08.01-07.27.54:055][202]LogUObjectHash:Warning: Ambiguous search, could be CanvasPanel /Game/VirtualRealityBP/Blueprints/ScoreHUD.ScoreHUD:WidgetTree.CanvasPanel_0 or CanvasPanel /Engine/Transient.World_15:ScoreHUD_2_Level_3_C_10.WidgetTree_91.CanvasPanel_0
[2017.08.01-07.27.54:055][202]LogUObjectHash:Warning: Ambiguous search, could be CanvasPanel /Game/VirtualRealityBP/Blueprints/ScoreHUD.ScoreHUD:WidgetTree.CanvasPanel_0 or CanvasPanel /Game/VirtualRealityBP/Maps/PrototypeMap3.PrototypeMap3:ScoreHUD_C_203.WidgetTree_217.CanvasPanel_0
[2017.08.01-07.27.54:055][202]LogUObjectHash:Warning: Ambiguous search, could be CanvasPanel /Game/VirtualRealityBP/Blueprints/ScoreHUD.ScoreHUD:WidgetTree.CanvasPanel_0 or CanvasPanel /Engine/Transient.REINST_ScoreHUD_2_Level_3_C_26:WidgetTree.CanvasPanel_0
[2017.08.01-07.27.54:055][202]LogUObjectHash:Warning: Ambiguous search, could be CanvasPanel /Game/VirtualRealityBP/Blueprints/ScoreHUD.ScoreHUD:WidgetTree.CanvasPanel_0 or CanvasPanel /Game/VirtualRealityBP/Maps/PrototypeMap3.PrototypeMap3:ScoreHUD_C_205.WidgetTree_219.CanvasPanel_0
[2017.08.01-07.27.54:055][202]LogUObjectHash:Warning: Ambiguous search, could be CanvasPanel /Game/VirtualRealityBP/Blueprints/ScoreHUD.ScoreHUD:WidgetTree.CanvasPanel_0 or CanvasPanel /Engine/Transient.World_11:ScoreHUD_C_19.WidgetTree_84.CanvasPanel_0
[2017.08.01-07.27.54:055][202]LogUObjectHash:Warning: Ambiguous search, could be CanvasPanel /Game/VirtualRealityBP/Blueprints/ScoreHUD.ScoreHUD:WidgetTree.CanvasPanel_0 or CanvasPanel /Engine/Transient.World_13:REINST_ScoreHUD_2_Level_3_C_0.WidgetTree_27.CanvasPanel_0
[2017.08.01-07.27.54:055][202]LogUObjectHash:Warning: Ambiguous search, could be CanvasPanel /Game/VirtualRealityBP/Blueprints/ScoreHUD.ScoreHUD:WidgetTree.CanvasPanel_0 or CanvasPanel /Engine/Transient.REINST_ScoreHUD_2_Level_3_C_24:WidgetTree.CanvasPanel_0
[2017.08.01-07.27.54:055][202]LogUObjectHash:Warning: Ambiguous search, could be CanvasPanel /Game/VirtualRealityBP/Blueprints/ScoreHUD.ScoreHUD:WidgetTree.CanvasPanel_0 or CanvasPanel /Game/VirtualRealityBP/Maps/PrototypeMap3.PrototypeMap3:REINST_ScoreHUD_2_Level_3_C_0.WidgetTree_221.CanvasPanel_0
[2017.08.01-07.27.54:055][202]LogUObjectHash:Warning: Ambiguous search, could be CanvasPanel /Game/VirtualRealityBP/Blueprints/ScoreHUD.ScoreHUD:WidgetTree.CanvasPanel_0 or CanvasPanel /Engine/Transient.World_15:ScoreHUD_2_Level_3_C_6.WidgetTree_60.CanvasPanel_0
[2017.08.01-07.27.54:055][202]LogUObjectHash:Warning: Ambiguous search, could be CanvasPanel /Game/VirtualRealityBP/Blueprints/ScoreHUD.ScoreHUD:WidgetTree.CanvasPanel_0 or CanvasPanel /Engine/Transient.World_15:ScoreHUD_2_Level_3_C_5.WidgetTree_59.CanvasPanel_0
[2017.08.01-07.27.54:055][202]LogUObjectHash:Warning: Ambiguous search, could be CanvasPanel /Game/VirtualRealityBP/Blueprints/ScoreHUD.ScoreHUD:WidgetTree.CanvasPanel_0 or CanvasPanel /Engine/Transient.World_13:REINST_ScoreHUD_2_Level_3_C_3.WidgetTree_30.CanvasPanel_0
[2017.08.01-07.27.54:055][202]LogUObjectHash:Warning: Ambiguous search, could be CanvasPanel /Game/VirtualRealityBP/Blueprints/ScoreHUD.ScoreHUD:WidgetTree.CanvasPanel_0 or CanvasPanel /Engine/Transient.World_15:ScoreHUD_2_Level_3_C_4.WidgetTree_58.CanvasPanel_0
[2017.08.01-07.27.54:055][202]LogUObjectHash:Warning: Ambiguous search, could be CanvasPanel /Game/VirtualRealityBP/Blueprints/ScoreHUD.ScoreHUD:WidgetTree.CanvasPanel_0 or CanvasPanel /Game/VirtualRealityBP/Maps/PrototypeMap3.PrototypeMap3:REINST_ScoreHUD_2_Level_3_C_3.WidgetTree_224.CanvasPanel_0
[2017.08.01-07.27.54:055][202]LogUObjectHash:Warning: Ambiguous search, could be CanvasPanel /Game/VirtualRealityBP/Blueprints/ScoreHUD.ScoreHUD:WidgetTree.CanvasPanel_0 or CanvasPanel /Engine/Transient.World_9:UserFeedbackWidgetHUD_C_15.WidgetTree_90.CanvasPanel_0
[2017.08.01-07.27.54:055][202]LogUObjectHash:Warning: Ambiguous search, could be CanvasPanel /Game/VirtualRealityBP/Blueprints/ScoreHUD.ScoreHUD:WidgetTree.CanvasPanel_0 or CanvasPanel /Engine/Transient.World_15:ScoreHUD_2_Level_3_C_12.WidgetTree_74.CanvasPanel_0
[2017.08.01-07.27.54:055][202]LogUObjectHash:Warning: Ambiguous search, could be CanvasPanel /Game/VirtualRealityBP/Blueprints/ScoreHUD.ScoreHUD:WidgetTree.CanvasPanel_0 or CanvasPanel /Engine/Transient.World_11:ScoreHUD_C_1.WidgetTree_89.CanvasPanel_0
[2017.08.01-07.27.54:055][202]LogUObjectHash:Warning: Ambiguous search, could be CanvasPanel /Game/VirtualRealityBP/Blueprints/ScoreHUD.ScoreHUD:WidgetTree.CanvasPanel_0 or CanvasPanel /Engine/Transient.World_15:ScoreHUD_2_Level_3_C_3.WidgetTree_77.CanvasPanel_0
[2017.08.01-07.27.54:055][202]LogProperty:Warning: Illegal TEXT reference to a private object in external package (CanvasPanelSlot /Game/VirtualRealityBP/Blueprints/ScoreHUD.ScoreHUD:WidgetTree.CanvasPanel_0.CanvasPanelSlot_13) from referencer (Overlay /Engine/UMG/Editor/Transient.FinishOverlay).  Import failed...
[2017.08.01-07.27.54:055][202]LogProperty:Warning: ObjectProperty /Script/UMG.Widget:Slot: unresolved reference to 'CanvasPanelSlot'CanvasPanel_0.CanvasPanelSlot_13''
[2017.08.01-07.28.36:788][621]LogEditorTransaction: Undo Resize Widget
[2017.08.01-07.28.45:417][114]BlueprintLog: New page: Compile ScoreHUD_Level_2
[2017.08.01-07.28.45:561][114]BlueprintEditorCompileResults: Info Fast Template Successfully Created.
[2017.08.01-07.28.46:064][134]LogSavePackage: Save=83.73ms
[2017.08.01-07.28.46:064][134]LogSavePackage: Moving '../../../../MA Daniel Schmidl/Masterarbeit/Saved/ScoreHUD_Level_2EFF2CDB045491C5CDD44D8907C8167A6.tmp' to '../../../../MA Daniel Schmidl/Masterarbeit/Content/VirtualRealityBP/Blueprints/Level_2/ScoreHUD_Level_2.uasset'
[2017.08.01-07.28.46:065][134]LogSavePackage:Display: Finished SavePackage ../../../../MA Daniel Schmidl/Masterarbeit/Content/VirtualRealityBP/Blueprints/Level_2/ScoreHUD_Level_2.uasset
[2017.08.01-07.29.31:340][677]LogSavePackage: Save=34.34ms
[2017.08.01-07.29.31:340][677]LogSavePackage: Moving '../../../../MA Daniel Schmidl/Masterarbeit/Saved/PrototypeMap3_Auto1DDB36F63482CEC18C632AD9460A39491.tmp' to '../../../../MA Daniel Schmidl/Masterarbeit/Saved/Autosaves/Game/VirtualRealityBP/Maps/PrototypeMap3_Auto1.umap'
[2017.08.01-07.29.31:341][677]LogSavePackage:Display: Finished SavePackage ../../../../MA Daniel Schmidl/Masterarbeit/Saved/Autosaves/Game/VirtualRealityBP/Maps/PrototypeMap3_Auto1.umap
[2017.08.01-07.29.31:342][677]LogFileHelpers: Editor autosave (incl. sublevels) for '/Game/VirtualRealityBP/Maps/PrototypeMap3' took 0.068
[2017.08.01-07.29.31:342][677]LogFileHelpers: Editor autosave (incl. sublevels) for all levels took 0.068
[2017.08.01-07.31.14:420][498]LogTemp: Repeting last play command: Selected Viewport
[2017.08.01-07.31.14:442][498]LogPlayLevel: PlayLevel: No blueprints needed recompiling
[2017.08.01-07.31.14:442][498]PIE: New page: PIE session: PrototypeMap3 (Aug 1, 2017, 11:31:14 AM)
[2017.08.01-07.31.14:442][498]LogPlayLevel: Creating play world package: /Game/VirtualRealityBP/Maps/UEDPIE_0_PrototypeMap3
[2017.08.01-07.31.14:444][498]LogPlayLevel: PIE: StaticDuplicateObject took: (0.001877s)
[2017.08.01-07.31.14:445][498]LogAIModule: Creating AISystem for world PrototypeMap3
[2017.08.01-07.31.14:445][498]LogPlayLevel: PIE: World Init took: (0.000721s)
[2017.08.01-07.31.14:445][498]LogPlayLevel: PIE: Created PIE world by copying editor world from /Game/VirtualRealityBP/Maps/PrototypeMap3.PrototypeMap3 to /Game/VirtualRealityBP/Maps/UEDPIE_0_PrototypeMap3.PrototypeMap3 (0.002790s)
[2017.08.01-07.31.14:473][498]LogInit: XAudio2 using 'Lautsprecher (USB Audio Device)' : 2 channels at 44.1 kHz using 16 bits per sample (channel mask 0x3)
[2017.08.01-07.31.14:481][498]LogInit: FAudioDevice initialized.
[2017.08.01-07.31.14:515][498]LogLoad: Game class is 'Prototype_Gamemode_C'
[2017.08.01-07.31.14:518][498]LogWorld: Bringing World /Game/VirtualRealityBP/Maps/UEDPIE_0_PrototypeMap3.PrototypeMap3 up for play (max tick rate 0) at 2017.08.01-09.31.14
[2017.08.01-07.31.14:518][498]LogWorld: Bringing up level for play took: 0.002002
[2017.08.01-07.31.14:519][498]LogSpawn:Warning: SpawnActor failed because no class was specified
[2017.08.01-07.31.14:519][498]PIE: Info Play in editor start time for /Game/VirtualRealityBP/Maps/UEDPIE_0_PrototypeMap3 -0.02
[2017.08.01-07.31.14:962][550]LogBlueprintUserMessages: [TriggerBoxPass_Blueprint] trigger
[2017.08.01-07.31.20:420][205]LogBlueprintUserMessages: [TriggerBoxPass_Blueprint] trigger
[2017.08.01-07.31.25:878][860]LogBlueprintUserMessages: [TriggerBoxPass_Blueprint] trigger
[2017.08.01-07.39.47:956][849]LogFileHelpers: Editor autosave (incl. sublevels) for '/Game/VirtualRealityBP/Maps/PrototypeMap3' took 0.023
[2017.08.01-07.39.47:958][849]OBJ SavePackage: Generating thumbnails for [1] asset(s) in package [/Game/VirtualRealityBP/Blueprints/MotionControllerPawn] ([1] browsable assets)...
[2017.08.01-07.39.47:975][849]OBJ SavePackage:     Rendered thumbnail for [Blueprint /Game/VirtualRealityBP/Blueprints/MotionControllerPawn.MotionControllerPawn]
[2017.08.01-07.39.47:975][849]OBJ SavePackage: Finished generating thumbnails for package [/Game/VirtualRealityBP/Blueprints/MotionControllerPawn]
[2017.08.01-07.39.48:177][849]LogSavePackage: Save=189.12ms
[2017.08.01-07.39.48:177][849]LogSavePackage: Moving '../../../../MA Daniel Schmidl/Masterarbeit/Saved/MotionControllerPawn_Auto2071781D649EACF2ACEF0E993A81E0BF1.tmp' to '../../../../MA Daniel Schmidl/Masterarbeit/Saved/Autosaves/Game/VirtualRealityBP/Blueprints/MotionControllerPawn_Auto2.uasset'
[2017.08.01-07.39.48:178][849]LogSavePackage:Display: Finished SavePackage ../../../../MA Daniel Schmidl/Masterarbeit/Saved/Autosaves/Game/VirtualRealityBP/Blueprints/MotionControllerPawn_Auto2.uasset
[2017.08.01-07.39.48:178][849]LogFileHelpers: Auto-saving content packages took 0.222
[2017.08.01-07.40.55:418][449]BlueprintLog: New page: Compile MotionControllerPawn
[2017.08.01-07.41.15:761][261]LogSavePackage: Save=176.98ms
[2017.08.01-07.41.15:761][261]LogSavePackage: Moving '../../../../MA Daniel Schmidl/Masterarbeit/Saved/MotionControllerPawn2B0BB24749D961EFA7EC45B292A8EADE.tmp' to '../../../../MA Daniel Schmidl/Masterarbeit/Content/VirtualRealityBP/Blueprints/MotionControllerPawn.uasset'
[2017.08.01-07.41.15:763][261]LogSavePackage:Display: Finished SavePackage ../../../../MA Daniel Schmidl/Masterarbeit/Content/VirtualRealityBP/Blueprints/MotionControllerPawn.uasset
[2017.08.01-07.41.15:888][261]LogSavePackage: Save=34.46ms
[2017.08.01-07.41.15:888][261]LogSavePackage: Moving '../../../../MA Daniel Schmidl/Masterarbeit/Saved/PrototypeMap33A0B381348A4B239B06D039DFDB7DAE6.tmp' to '../../../../MA Daniel Schmidl/Masterarbeit/Content/VirtualRealityBP/Maps/PrototypeMap3.umap'
[2017.08.01-07.41.15:890][261]LogSavePackage:Display: Finished SavePackage ../../../../MA Daniel Schmidl/Masterarbeit/Content/VirtualRealityBP/Maps/PrototypeMap3.umap
[2017.08.01-07.41.15:913][261]LogFileHelpers: Saving map 'PrototypeMap3' took 0.148
[2017.08.01-07.41.15:915][261]Cmd: MAP LOAD FILE="../../../../MA Daniel Schmidl/Masterarbeit/Content/VirtualRealityBP/Maps/PrototypeMap.umap" TEMPLATE=0 SHOWPROGRESS=1 FEATURELEVEL=3
[2017.08.01-07.41.15:920][261]LightingResults: New page: Lighting Build
[2017.08.01-07.41.15:921][261]LoadErrors: New page: Loading map: PrototypeMap.umap
[2017.08.01-07.41.15:922][261]MapCheck: New page: Map Check
[2017.08.01-07.41.15:922][261]LightingResults: New page: Lighting Build
[2017.08.01-07.41.15:981][261]LogAIModule: Creating AISystem for world PrototypeMap
[2017.08.01-07.41.16:068][261]LogEditorServer: Finished looking for orphan Actors (0.000 secs)
[2017.08.01-07.41.16:112][261]Cmd: MAP CHECKDEP NOCLEARLOG
[2017.08.01-07.41.16:172][261]MapCheck: Info Map check complete: 0 Error(s), 0 Warning(s), took 59.441ms to complete.
[2017.08.01-07.41.16:172][261]LogFileHelpers: Loading map 'PrototypeMap' took 0.258
[2017.08.01-07.41.16:973][349]LogTemp: Repeting last play command: Selected Viewport
[2017.08.01-07.41.17:014][349]LogPlayLevel: PlayLevel: No blueprints needed recompiling
[2017.08.01-07.41.17:014][349]PIE: New page: PIE session: PrototypeMap (Aug 1, 2017, 11:41:17 AM)
[2017.08.01-07.41.17:014][349]LogPlayLevel: Creating play world package: /Game/VirtualRealityBP/Maps/UEDPIE_0_PrototypeMap
[2017.08.01-07.41.17:016][349]LogPlayLevel: PIE: StaticDuplicateObject took: (0.002106s)
[2017.08.01-07.41.17:017][349]LogAIModule: Creating AISystem for world PrototypeMap
[2017.08.01-07.41.17:017][349]LogPlayLevel: PIE: World Init took: (0.000549s)
[2017.08.01-07.41.17:017][349]LogPlayLevel: PIE: Created PIE world by copying editor world from /Game/VirtualRealityBP/Maps/PrototypeMap.PrototypeMap to /Game/VirtualRealityBP/Maps/UEDPIE_0_PrototypeMap.PrototypeMap (0.002860s)
[2017.08.01-07.41.17:044][349]LogInit: XAudio2 using 'Lautsprecher (USB Audio Device)' : 2 channels at 44.1 kHz using 16 bits per sample (channel mask 0x3)
[2017.08.01-07.41.17:053][349]LogInit: FAudioDevice initialized.
[2017.08.01-07.41.17:083][349]LogLoad: Game class is 'Prototype_Gamemode_C'
[2017.08.01-07.41.17:086][349]LogWorld: Bringing World /Game/VirtualRealityBP/Maps/UEDPIE_0_PrototypeMap.PrototypeMap up for play (max tick rate 0) at 2017.08.01-09.41.17
[2017.08.01-07.41.17:086][349]LogWorld: Bringing up level for play took: 0.002013
[2017.08.01-07.41.17:086][349]LogSpawn:Warning: SpawnActor failed because no class was specified
[2017.08.01-07.41.17:087][349]PIE: Info Play in editor start time for /Game/VirtualRealityBP/Maps/UEDPIE_0_PrototypeMap 0.549
[2017.08.01-07.41.19:394][620]LogNet: Browse: /Game/VirtualRealityBP/Maps/PrototypeMap2
[2017.08.01-07.41.19:394][620]LogLoad: LoadMap: /Game/VirtualRealityBP/Maps/PrototypeMap2
[2017.08.01-07.41.19:415][620]Cmd: MEM
[2017.08.01-07.41.19:434][620]LogMemory: Platform Memory Stats for Windows
[2017.08.01-07.41.19:434][620]LogMemory: Process Physical Memory: 1767.43 MB used, 1838.63 MB peak
[2017.08.01-07.41.19:434][620]LogMemory: Process Virtual Memory: 3439.52 MB used, 3442.92 MB peak
[2017.08.01-07.41.19:434][620]LogMemory: Physical Memory: 4377.29 MB used,  11917.74 MB free, 16295.03 MB total
[2017.08.01-07.41.19:434][620]LogMemory: Virtual Memory: 4274.23 MB used,  11917.74 MB free, 134217728.00 MB total
[2017.08.01-07.41.19:434][620]LogMemory: 
[2017.08.01-07.41.19:434][620]Allocator Stats for TBB: (not implemented)
[2017.08.01-07.41.19:457][620]LogAIModule: Creating AISystem for world PrototypeMap2
[2017.08.01-07.41.19:457][620]LogLoad: Game class is 'Prototype_Gamemode_C'
[2017.08.01-07.41.19:463][620]LogWorld: Bringing World /Game/VirtualRealityBP/Maps/UEDPIE_0_PrototypeMap2.PrototypeMap2 up for play (max tick rate 0) at 2017.08.01-09.41.19
[2017.08.01-07.41.19:463][620]LogWorld: Bringing up level for play took: 0.005076
[2017.08.01-07.41.19:463][620]LogGameMode: FindPlayerStart: PATHS NOT DEFINED or NO PLAYERSTART with positive rating
[2017.08.01-07.41.19:463][620]LogSpawn:Warning: SpawnActor failed because no class was specified
[2017.08.01-07.41.19:464][620]LogLoad: Took 0.069405 seconds to LoadMap(/Game/VirtualRealityBP/Maps/PrototypeMap2)
[2017.08.01-07.41.19:917][669]LogBlueprintUserMessages: [TriggerBoxPass_Blueprint] trigger
[2017.08.01-07.41.20:575][748]LogNet: Browse: /Game/VirtualRealityBP/Maps/PrototypeMap3
[2017.08.01-07.41.20:575][748]LogLoad: LoadMap: /Game/VirtualRealityBP/Maps/PrototypeMap3
[2017.08.01-07.41.20:597][748]Cmd: MEM
[2017.08.01-07.41.20:615][748]LogMemory: Platform Memory Stats for Windows
[2017.08.01-07.41.20:615][748]LogMemory: Process Physical Memory: 1767.58 MB used, 1838.63 MB peak
[2017.08.01-07.41.20:615][748]LogMemory: Process Virtual Memory: 3497.28 MB used, 3497.63 MB peak
[2017.08.01-07.41.20:615][748]LogMemory: Physical Memory: 4363.61 MB used,  11931.43 MB free, 16295.03 MB total
[2017.08.01-07.41.20:615][748]LogMemory: Virtual Memory: 4330.23 MB used,  11931.43 MB free, 134217728.00 MB total
[2017.08.01-07.41.20:615][748]LogMemory: 
[2017.08.01-07.41.20:615][748]Allocator Stats for TBB: (not implemented)
[2017.08.01-07.41.20:695][748]LogAIModule: Creating AISystem for world PrototypeMap3
[2017.08.01-07.41.20:695][748]LogLoad: Game class is 'Prototype_Gamemode_C'
[2017.08.01-07.41.20:700][748]LogWorld: Bringing World /Game/VirtualRealityBP/Maps/UEDPIE_0_PrototypeMap3.PrototypeMap3 up for play (max tick rate 0) at 2017.08.01-09.41.20
[2017.08.01-07.41.20:700][748]LogWorld: Bringing up level for play took: 0.004514
[2017.08.01-07.41.20:701][748]LogGameMode: FindPlayerStart: PATHS NOT DEFINED or NO PLAYERSTART with positive rating
[2017.08.01-07.41.20:701][748]LogSpawn:Warning: SpawnActor failed because no class was specified
[2017.08.01-07.41.20:701][748]LogLoad: Took 0.125747 seconds to LoadMap(/Game/VirtualRealityBP/Maps/PrototypeMap3)
[2017.08.01-07.41.21:161][797]LogBlueprintUserMessages: [TriggerBoxPass_Blueprint] trigger
[2017.08.01-07.41.21:944][891]LogNet: Browse: /Game/VirtualRealityBP/Maps/PrototypeMap2
[2017.08.01-07.41.21:945][891]LogLoad: LoadMap: /Game/VirtualRealityBP/Maps/PrototypeMap2
[2017.08.01-07.41.21:966][891]Cmd: MEM
[2017.08.01-07.41.21:985][891]LogMemory: Platform Memory Stats for Windows
[2017.08.01-07.41.21:985][891]LogMemory: Process Physical Memory: 1839.91 MB used, 1839.91 MB peak
[2017.08.01-07.41.21:985][891]LogMemory: Process Virtual Memory: 3513.75 MB used, 3513.75 MB peak
[2017.08.01-07.41.21:985][891]LogMemory: Physical Memory: 4432.39 MB used,  11862.64 MB free, 16295.03 MB total
[2017.08.01-07.41.21:985][891]LogMemory: Virtual Memory: 4346.23 MB used,  11862.64 MB free, 134217728.00 MB total
[2017.08.01-07.41.21:985][891]LogMemory: 
[2017.08.01-07.41.21:985][891]Allocator Stats for TBB: (not implemented)
[2017.08.01-07.41.22:068][891]LogAIModule: Creating AISystem for world PrototypeMap2
[2017.08.01-07.41.22:068][891]LogLoad: Game class is 'Prototype_Gamemode_C'
[2017.08.01-07.41.22:074][891]LogWorld: Bringing World /Game/VirtualRealityBP/Maps/UEDPIE_0_PrototypeMap2.PrototypeMap2 up for play (max tick rate 0) at 2017.08.01-09.41.22
[2017.08.01-07.41.22:074][891]LogWorld: Bringing up level for play took: 0.005171
[2017.08.01-07.41.22:075][891]LogGameMode: FindPlayerStart: PATHS NOT DEFINED or NO PLAYERSTART with positive rating
[2017.08.01-07.41.22:075][891]LogSpawn:Warning: SpawnActor failed because no class was specified
[2017.08.01-07.41.22:075][891]LogLoad: Took 0.130168 seconds to LoadMap(/Game/VirtualRealityBP/Maps/PrototypeMap2)
[2017.08.01-07.41.22:535][940]LogBlueprintUserMessages: [TriggerBoxPass_Blueprint] trigger
[2017.08.01-07.41.23:268][ 28]LogNet: Browse: /Game/VirtualRealityBP/Maps/PrototypeMap
[2017.08.01-07.41.23:268][ 28]LogLoad: LoadMap: /Game/VirtualRealityBP/Maps/PrototypeMap
[2017.08.01-07.41.23:288][ 28]Cmd: MEM
[2017.08.01-07.41.23:307][ 28]LogMemory: Platform Memory Stats for Windows
[2017.08.01-07.41.23:308][ 28]LogMemory: Process Physical Memory: 1876.69 MB used, 1877.15 MB peak
[2017.08.01-07.41.23:308][ 28]LogMemory: Process Virtual Memory: 3559.75 MB used, 3561.91 MB peak
[2017.08.01-07.41.23:308][ 28]LogMemory: Physical Memory: 4467.89 MB used,  11827.14 MB free, 16295.03 MB total
[2017.08.01-07.41.23:308][ 28]LogMemory: Virtual Memory: 4390.29 MB used,  11827.14 MB free, 134217728.00 MB total
[2017.08.01-07.41.23:308][ 28]LogMemory: 
[2017.08.01-07.41.23:308][ 28]Allocator Stats for TBB: (not implemented)
[2017.08.01-07.41.23:308][ 28]LogPlayLevel: Creating play world package: /Game/VirtualRealityBP/Maps/UEDPIE_0_PrototypeMap
[2017.08.01-07.41.23:310][ 28]LogPlayLevel: PIE: StaticDuplicateObject took: (0.002016s)
[2017.08.01-07.41.23:310][ 28]LogAIModule: Creating AISystem for world PrototypeMap
[2017.08.01-07.41.23:310][ 28]LogPlayLevel: PIE: World Init took: (0.000571s)
[2017.08.01-07.41.23:310][ 28]LogPlayLevel: PIE: Created PIE world by copying editor world from /Game/VirtualRealityBP/Maps/PrototypeMap.PrototypeMap to /Game/VirtualRealityBP/Maps/UEDPIE_0_PrototypeMap.PrototypeMap (0.002796s)
[2017.08.01-07.41.23:310][ 28]LogLoad: Game class is 'Prototype_Gamemode_C'
[2017.08.01-07.41.23:319][ 28]LogWorld: Bringing World /Game/VirtualRealityBP/Maps/UEDPIE_0_PrototypeMap.PrototypeMap up for play (max tick rate 0) at 2017.08.01-09.41.23
[2017.08.01-07.41.23:319][ 28]LogWorld: Bringing up level for play took: 0.007930
[2017.08.01-07.41.23:320][ 28]LogGameMode: FindPlayerStart: PATHS NOT DEFINED or NO PLAYERSTART with positive rating
[2017.08.01-07.41.23:320][ 28]LogSpawn:Warning: SpawnActor failed because no class was specified
[2017.08.01-07.41.23:320][ 28]LogLoad: Took 0.051931 seconds to LoadMap(/Game/VirtualRealityBP/Maps/UEDPIE_0_PrototypeMap)
[2017.08.01-07.41.24:529][167]LogNet: Browse: /Game/VirtualRealityBP/Maps/PrototypeMap3
[2017.08.01-07.41.24:529][167]LogLoad: LoadMap: /Game/VirtualRealityBP/Maps/PrototypeMap3
[2017.08.01-07.41.24:551][167]Cmd: MEM
[2017.08.01-07.41.24:570][167]LogMemory: Platform Memory Stats for Windows
[2017.08.01-07.41.24:570][167]LogMemory: Process Physical Memory: 1895.63 MB used, 1895.64 MB peak
[2017.08.01-07.41.24:570][167]LogMemory: Process Virtual Memory: 3567.77 MB used, 3575.78 MB peak
[2017.08.01-07.41.24:570][167]LogMemory: Physical Memory: 4484.84 MB used,  11810.19 MB free, 16295.03 MB total
[2017.08.01-07.41.24:570][167]LogMemory: Virtual Memory: 4398.29 MB used,  11810.19 MB free, 134217728.00 MB total
[2017.08.01-07.41.24:570][167]LogMemory: 
[2017.08.01-07.41.24:570][167]Allocator Stats for TBB: (not implemented)
[2017.08.01-07.41.24:649][167]LogAIModule: Creating AISystem for world PrototypeMap3
[2017.08.01-07.41.24:649][167]LogLoad: Game class is 'Prototype_Gamemode_C'
[2017.08.01-07.41.24:654][167]LogWorld: Bringing World /Game/VirtualRealityBP/Maps/UEDPIE_0_PrototypeMap3.PrototypeMap3 up for play (max tick rate 0) at 2017.08.01-09.41.24
[2017.08.01-07.41.24:654][167]LogWorld: Bringing up level for play took: 0.004515
[2017.08.01-07.41.24:655][167]LogGameMode: FindPlayerStart: PATHS NOT DEFINED or NO PLAYERSTART with positive rating
[2017.08.01-07.41.24:655][167]LogSpawn:Warning: SpawnActor failed because no class was specified
[2017.08.01-07.41.24:655][167]LogLoad: Took 0.125967 seconds to LoadMap(/Game/VirtualRealityBP/Maps/PrototypeMap3)
[2017.08.01-07.41.25:113][216]LogBlueprintUserMessages: [TriggerBoxPass_Blueprint] trigger
[2017.08.01-07.41.26:880][428]LogNet: Browse: /Game/VirtualRealityBP/Maps/PrototypeMap2
[2017.08.01-07.41.26:881][428]LogLoad: LoadMap: /Game/VirtualRealityBP/Maps/PrototypeMap2
[2017.08.01-07.41.26:902][428]Cmd: MEM
[2017.08.01-07.41.26:921][428]LogMemory: Platform Memory Stats for Windows
[2017.08.01-07.41.26:921][428]LogMemory: Process Physical Memory: 1908.03 MB used, 1919.70 MB peak
[2017.08.01-07.41.26:921][428]LogMemory: Process Virtual Memory: 3579.80 MB used, 3615.86 MB peak
[2017.08.01-07.41.26:921][428]LogMemory: Physical Memory: 4497.66 MB used,  11797.38 MB free, 16295.03 MB total
[2017.08.01-07.41.26:921][428]LogMemory: Virtual Memory: 4410.29 MB used,  11797.38 MB free, 134217728.00 MB total
[2017.08.01-07.41.26:921][428]LogMemory: 
[2017.08.01-07.41.26:921][428]Allocator Stats for TBB: (not implemented)
[2017.08.01-07.41.27:004][428]LogAIModule: Creating AISystem for world PrototypeMap2
[2017.08.01-07.41.27:004][428]LogLoad: Game class is 'Prototype_Gamemode_C'
[2017.08.01-07.41.27:010][428]LogWorld: Bringing World /Game/VirtualRealityBP/Maps/UEDPIE_0_PrototypeMap2.PrototypeMap2 up for play (max tick rate 0) at 2017.08.01-09.41.27
[2017.08.01-07.41.27:011][428]LogWorld: Bringing up level for play took: 0.005730
[2017.08.01-07.41.27:011][428]LogGameMode: FindPlayerStart: PATHS NOT DEFINED or NO PLAYERSTART with positive rating
[2017.08.01-07.41.27:011][428]LogSpawn:Warning: SpawnActor failed because no class was specified
[2017.08.01-07.41.27:011][428]LogLoad: Took 0.130693 seconds to LoadMap(/Game/VirtualRealityBP/Maps/PrototypeMap2)
[2017.08.01-07.41.27:471][477]LogBlueprintUserMessages: [TriggerBoxPass_Blueprint] trigger
[2017.08.01-07.41.32:930][132]LogBlueprintUserMessages: [TriggerBoxPass_Blueprint] trigger
[2017.08.01-07.41.37:789][715]LogBlueprintUserMessages: [ScoreHUD_Level_2_C_15] 1
[2017.08.01-07.42.15:511][228]LogTemp: Repeting last play command: Selected Viewport
[2017.08.01-07.42.15:537][228]LogPlayLevel: PlayLevel: No blueprints needed recompiling
[2017.08.01-07.42.15:537][228]PIE: New page: PIE session: PrototypeMap (Aug 1, 2017, 11:42:15 AM)
[2017.08.01-07.42.15:537][228]LogPlayLevel: Creating play world package: /Game/VirtualRealityBP/Maps/UEDPIE_0_PrototypeMap
[2017.08.01-07.42.15:539][228]LogPlayLevel: PIE: StaticDuplicateObject took: (0.001972s)
[2017.08.01-07.42.15:540][228]LogAIModule: Creating AISystem for world PrototypeMap
[2017.08.01-07.42.15:540][228]LogPlayLevel: PIE: World Init took: (0.000609s)
[2017.08.01-07.42.15:540][228]LogPlayLevel: PIE: Created PIE world by copying editor world from /Game/VirtualRealityBP/Maps/PrototypeMap.PrototypeMap to /Game/VirtualRealityBP/Maps/UEDPIE_0_PrototypeMap.PrototypeMap (0.002755s)
[2017.08.01-07.42.15:567][228]LogInit: XAudio2 using 'Lautsprecher (USB Audio Device)' : 2 channels at 44.1 kHz using 16 bits per sample (channel mask 0x3)
[2017.08.01-07.42.15:574][228]LogInit: FAudioDevice initialized.
[2017.08.01-07.42.15:603][228]LogLoad: Game class is 'Prototype_Gamemode_C'
[2017.08.01-07.42.15:606][228]LogWorld: Bringing World /Game/VirtualRealityBP/Maps/UEDPIE_0_PrototypeMap.PrototypeMap up for play (max tick rate 0) at 2017.08.01-09.42.15
[2017.08.01-07.42.15:606][228]LogWorld: Bringing up level for play took: 0.001988
[2017.08.01-07.42.15:607][228]LogSpawn:Warning: SpawnActor failed because no class was specified
[2017.08.01-07.42.15:607][228]PIE: Info Play in editor start time for /Game/VirtualRealityBP/Maps/UEDPIE_0_PrototypeMap 1.07
[2017.08.01-07.42.18:893][616]LogBlueprintUserMessages: [TriggerBoxGoal_BP] tor
[2017.08.01-07.42.23:893][216]LogBlueprintUserMessages: [TriggerBoxGoal_BP] tor
[2017.08.01-07.42.23:894][216]LogBlueprintUserMessages: [ScoreHUD_C_15] challenge beendet
