Log file open, 09/19/17 12:35:51
LogWindows: LoadLibraryWithSearchPaths failed for file aqProf.dll. GetLastError=0
LogWindows: LoadLibraryWithSearchPaths failed for file VtuneApi.dll. GetLastError=0
LogWindows: LoadLibraryWithSearchPaths failed for file VtuneApi32e.dll. GetLastError=0
LogInit: Display: Running engine for game: DSHockeyGame
LogPlatformFile: Not using cached read wrapper
LogInit: Display: RandInit(-623983770) SRandInit(-623983769).
LogTaskGraph: Started task graph with 5 named threads and 8 total threads with 3 sets of task threads.
LogStats: Stats thread started at 0.119476
LogD3D11RHI: Aftermath initialized
LogPluginManager: Mounting plugin Paper2D
LogPluginManager: Mounting plugin LightPropagationVolume
LogPluginManager: Mounting plugin CodeLiteSourceCodeAccess
LogPluginManager: Mounting plugin GitSourceControl
LogPluginManager: Mounting plugin KDevelopSourceCodeAccess
LogPluginManager: Mounting plugin NullSourceCodeAccess
LogPluginManager: Mounting plugin PerforceSourceControl
LogPluginManager: Mounting plugin SubversionSourceControl
LogPluginManager: Mounting plugin UObjectPlugin
LogPluginManager: Mounting plugin VisualStudioSourceCodeAccess
LogPluginManager: Mounting plugin XCodeSourceCodeAccess
LogPluginManager: Mounting plugin AssetManagerEditor
LogPluginManager: Mounting plugin AudioCapture
LogPluginManager: Mounting plugin FacialAnimation
LogPluginManager: Mounting plugin GameplayTagsEditor
LogPluginManager: Mounting plugin MobileLauncherProfileWizard
LogPluginManager: Mounting plugin PluginBrowser
LogPluginManager: Mounting plugin SpeedTreeImporter
LogPluginManager: Mounting plugin AlembicImporter
LogPluginManager: Mounting plugin CharacterAI
LogPluginManager: Mounting plugin HTML5Networking
LogPluginManager: Mounting plugin AndroidMedia
LogPluginManager: Mounting plugin AvfMedia
LogPluginManager: Mounting plugin MediaPlayerEditor
LogPluginManager: Mounting plugin WmfMedia
LogPluginManager: Mounting plugin TcpMessaging
LogPluginManager: Mounting plugin UdpMessaging
LogPluginManager: Mounting plugin LevelSequenceEditor
LogPluginManager: Mounting plugin MatineeToLevelSequence
LogPluginManager: Mounting plugin OnlineSubsystemGooglePlay
LogPluginManager: Mounting plugin OnlineSubsystemIOS
LogPluginManager: Mounting plugin OnlineSubsystem
LogPluginManager: Mounting plugin OnlineSubsystemNull
LogPluginManager: Mounting plugin OnlineSubsystemUtils
LogPluginManager: Mounting plugin AndroidDeviceProfileSelector
LogPluginManager: Mounting plugin AndroidMoviePlayer
LogPluginManager: Mounting plugin AndroidPermission
LogPluginManager: Mounting plugin AppleMoviePlayer
LogPluginManager: Mounting plugin ArchVisCharacter
LogPluginManager: Mounting plugin CableComponent
LogPluginManager: Mounting plugin CustomMeshComponent
LogPluginManager: Mounting plugin ExampleDeviceProfileSelector
LogPluginManager: Mounting plugin GoogleCloudMessaging
LogPluginManager: Mounting plugin ImmediatePhysics
LogPluginManager: Mounting plugin IOSDeviceProfileSelector
LogPluginManager: Mounting plugin LinuxDeviceProfileSelector
LogPluginManager: Mounting plugin LocationServicesBPLibrary
LogPluginManager: Mounting plugin MobilePatchingUtils
LogPluginManager: Mounting plugin OculusVR
LogPluginManager: Mounting plugin PhysXVehicles
LogPluginManager: Mounting plugin ProceduralMeshComponent
LogPluginManager: Mounting plugin RuntimePhysXCooking
LogPluginManager: Mounting plugin SteamVR
LogPluginManager: Mounting plugin WindowsMoviePlayer
LogInit: Using libcurl 7.47.1
LogInit:  - built for x86_64-pc-win32
LogInit:  - supports SSL with OpenSSL/1.0.2g
LogInit:  - supports HTTP deflate (compression) using libz 1.2.8
LogInit:  - other features:
LogInit:      CURL_VERSION_SSL
LogInit:      CURL_VERSION_LIBZ
LogInit:      CURL_VERSION_IPV6
LogInit:      CURL_VERSION_ASYNCHDNS
LogInit:      CURL_VERSION_LARGEFILE
LogInit:      CURL_VERSION_IDN
LogInit:  CurlRequestOptions (configurable via config and command line):
LogInit:  - bVerifyPeer = false  - Libcurl will NOT verify peer certificate
LogInit:  - bUseHttpProxy = false  - Libcurl will NOT use HTTP proxy
LogInit:  - bDontReuseConnections = false  - Libcurl will reuse connections
LogInit:  - CertBundlePath = nullptr  - Libcurl will use whatever was configured at build time.
LogInit: Build: ++UE4+Release-4.17-CL-3586342
LogInit: Engine Version: 4.17.1-3586342+++UE4+Release-4.17
LogInit: Compatible Engine Version: 4.17.0-3573198+++UE4+Release-4.17
LogInit: Net CL: 3573198
LogDevObjectVersion: Number of dev versions registered: 16
LogDevObjectVersion:   Dev-Blueprints (B0D832E4-1F89-4F0D-ACCF-7EB736FD4AA2): 10
LogDevObjectVersion:   Dev-Build (E1C64328-A22C-4D53-A36C-8E866417BD8C): 0
LogDevObjectVersion:   Dev-Core (375EC13C-06E4-48FB-B500-84F0262A717E): 2
LogDevObjectVersion:   Dev-Editor (E4B068ED-F494-42E9-A231-DA0B2E46BB41): 20
LogDevObjectVersion:   Dev-Framework (CFFC743F-43B0-4480-9391-14DF171D2073): 28
LogDevObjectVersion:   Dev-Mobile (B02B49B5-BB20-44E9-A304-32B752E40360): 0
LogDevObjectVersion:   Dev-Networking (A4E4105C-59A1-49B5-A7C5-40C4547EDFEE): 0
LogDevObjectVersion:   Dev-Online (39C831C9-5AE6-47DC-9A44-9C173E1C8E7C): 0
LogDevObjectVersion:   Dev-Physics (78F01B33-EBEA-4F98-B9B4-84EACCB95AA2): 0
LogDevObjectVersion:   Dev-Platform (6631380F-2D4D-43E0-8009-CF276956A95A): 0
LogDevObjectVersion:   Dev-Rendering (12F88B9F-8875-4AFC-A67C-D90C383ABD29): 19
LogDevObjectVersion:   Dev-Sequencer (7B5AE74C-D270-4C10-A958-57980B212A5A): 4
LogDevObjectVersion:   Dev-VR (D7296918-1DD6-4BDD-9DE2-64A83CC13884): 0
LogDevObjectVersion:   Dev-LoadTimes (C2A15278-BFE7-4AFE-6C17-90FF531DF755): 1
LogDevObjectVersion:   Private-Geometry (6EACA3D4-40EC-4CC1-B786-8BED09428FC5): 1
LogDevObjectVersion:   Dev-AnimPhys (29E575DD-E0A3-4627-9D10-D276232CDCEA): 7
LogInit: Compiled (64-bit): Aug 15 2017 02:05:26
LogInit: Compiled with Visual C++: 19.00.24215.01
LogInit: Build Configuration: Development
LogInit: Branch Name: ++UE4+Release-4.17
LogInit: Command line:  /Temp/Autosaves/Game/VirtualRealityBP/Maps/UEDPCEVR_Map_2 -game -PIEVIACONSOLE -ResX=1280 -ResY=720  -Multiprocess -messaging -SessionName="Play in Standalone Game" -featureleveles2 -faketouches -windowed 
LogInit: Base directory: D:/UE_4.17/Engine/Binaries/Win64/
LogInit: Installed Engine Build: 1
LogInit: Presizing for max 8388607 objects, including 0 objects not considered by GC, pre-allocating 0 bytes for permanent pool.
LogInit: Object subsystem initialized
[2017.09.19-10.35.52:274][  0]LogInit: Selected Device Profile: [Windows]
[2017.09.19-10.35.52:274][  0]LogInit: Applying CVar settings loaded from the selected device profile: [Windows]
[2017.09.19-10.35.52:278][  0]LogInit: Computer: LAPTOP-ELQTR10M
[2017.09.19-10.35.52:278][  0]LogInit: User: danie
[2017.09.19-10.35.52:278][  0]LogInit: CPU Page size=4096, Cores=2
[2017.09.19-10.35.52:278][  0]LogInit: High frequency timer resolution =2.531249 MHz
[2017.09.19-10.35.52:278][  0]LogMemory: Memory total: Physical=7.9GB (8GB approx)
[2017.09.19-10.35.52:278][  0]LogMemory: Platform Memory Stats for Windows
[2017.09.19-10.35.52:278][  0]LogMemory: Process Physical Memory: 278.05 MB used, 278.05 MB peak
[2017.09.19-10.35.52:278][  0]LogMemory: Process Virtual Memory: 273.88 MB used, 273.88 MB peak
[2017.09.19-10.35.52:279][  0]LogMemory: Physical Memory: 5399.39 MB used,  2706.51 MB free, 8105.91 MB total
[2017.09.19-10.35.52:279][  0]LogMemory: Virtual Memory: 665.71 MB used,  2706.51 MB free, 134217728.00 MB total
[2017.09.19-10.35.52:456][  0]LogInit: Using OS detected language (de-DE).
[2017.09.19-10.35.52:456][  0]LogInit: Using OS detected locale (de-DE).
[2017.09.19-10.35.52:461][  0]LogTextLocalizationManager: No localization for 'de-DE' exists, so 'en' will be used for the language.
[2017.09.19-10.35.52:461][  0]LogTextLocalizationManager: No localization for 'de-DE' exists, so 'en' will be used for the locale.
[2017.09.19-10.35.53:172][  0]LogD3D11RHI: D3D11 adapters:
[2017.09.19-10.35.53:225][  0]LogD3D11RHI:    0. 'NVIDIA GeForce GTX 950M' (Feature Level 11_0)
[2017.09.19-10.35.53:225][  0]LogD3D11RHI:       4065/0/4052 MB DedicatedVideo/DedicatedSystem/SharedSystem, Outputs:2, VendorId:0x10de
[2017.09.19-10.35.53:231][  0]LogD3D11RHI:    1. 'Intel(R) HD Graphics 520' (Feature Level 11_0)
[2017.09.19-10.35.53:231][  0]LogD3D11RHI:       128/0/4052 MB DedicatedVideo/DedicatedSystem/SharedSystem, Outputs:0, VendorId:0x8086
[2017.09.19-10.35.53:233][  0]LogD3D11RHI:    2. 'Microsoft Basic Render Driver' (Feature Level 11_0)
[2017.09.19-10.35.53:233][  0]LogD3D11RHI:       0/0/4052 MB DedicatedVideo/DedicatedSystem/SharedSystem, Outputs:0, VendorId:0x1414
[2017.09.19-10.35.53:233][  0]LogD3D11RHI: Chosen D3D11 Adapter: 0
[2017.09.19-10.35.53:238][  0]LogD3D11RHI: Creating new Direct3DDevice
[2017.09.19-10.35.53:238][  0]LogD3D11RHI:     GPU DeviceId: 0x139a (for the marketing name, search the web for "GPU Device Id")
[2017.09.19-10.35.53:238][  0]LogWindows: EnumDisplayDevices:
[2017.09.19-10.35.53:238][  0]LogWindows:    0. 'Intel(R) HD Graphics 520' (P:0 D:1)
[2017.09.19-10.35.53:239][  0]LogWindows:    1. 'Intel(R) HD Graphics 520' (P:1 D:1)
[2017.09.19-10.35.53:239][  0]LogWindows:    2. 'Intel(R) HD Graphics 520' (P:0 D:0)
[2017.09.19-10.35.53:239][  0]LogWindows: DebugString: PrimaryIsNotTheChoosenAdapter PrimaryIsNotTheChoosenAdapter PrimaryIsNotTheChoosenAdapter FoundDriverCount:0 
[2017.09.19-10.35.53:239][  0]LogD3D11RHI:     Adapter Name: NVIDIA GeForce GTX 950M
[2017.09.19-10.35.53:239][  0]LogD3D11RHI:   Driver Version: Unknown (internal:Unknown, unified:Unknown)
[2017.09.19-10.35.53:239][  0]LogD3D11RHI:      Driver Date: Unknown
[2017.09.19-10.35.53:239][  0]LogRHI: Texture pool is 1361 MB (70% of 1945 MB)
[2017.09.19-10.35.53:256][  0]LogD3D11RHI: Async texture creation enabled
[2017.09.19-10.35.53:273][  0]LogD3D11RHI: GPU Timing Frequency: 1000.000000 (Debug: 2 2)
[2017.09.19-10.35.53:274][  0]LogShaderCompilers: Guid format shader working directory is 14 characters bigger than the processId version (../../../../Github/Masterarbeit/Intermediate/Shaders/WorkingDirectory/18044/).
[2017.09.19-10.35.53:274][  0]LogShaderCompilers: Cleaned the shader compiler working directory 'C:/Users/danie/AppData/Local/Temp/UnrealShaderWorkingDir/B64695704301F853BFF612BDAD1576F7/'.
[2017.09.19-10.35.53:274][  0]LogShaderCompilers: Display: Using Local Shader Compiler.
[2017.09.19-10.35.54:196][  0]LogTemp: Display: Loaded TP WindowsClientTargetPlatform
[2017.09.19-10.35.54:234][  0]LogTemp: Display: Loaded TP WindowsNoEditorTargetPlatform
[2017.09.19-10.35.54:271][  0]LogTemp: Display: Loaded TP WindowsServerTargetPlatform
[2017.09.19-10.35.54:308][  0]LogTemp: Display: Loaded TP WindowsTargetPlatform
[2017.09.19-10.35.54:308][  0]LogTargetPlatformManager: Display: Building Assets For Windows
[2017.09.19-10.35.54:642][  0]LogDerivedDataCache: Display: Max Cache Size: 512 MB
[2017.09.19-10.35.54:749][  0]LogDerivedDataCache: Loaded boot cache 0.11s 93MB C:/Users/danie/AppData/Local/UnrealEngine/4.17/DerivedDataCache/Boot.ddc.
[2017.09.19-10.35.54:749][  0]LogDerivedDataCache: Display: Loaded Boot cache: C:/Users/danie/AppData/Local/UnrealEngine/4.17/DerivedDataCache/Boot.ddc
[2017.09.19-10.35.54:749][  0]LogDerivedDataCache: FDerivedDataBackendGraph:  Pak pak cache file ../../../../Github/Masterarbeit/DerivedDataCache/DDC.ddp not found, will not use a pak cache.
[2017.09.19-10.35.54:749][  0]LogDerivedDataCache: Unable to find inner node Pak for hierarchical cache Hierarchy.
[2017.09.19-10.35.54:749][  0]LogDerivedDataCache: FDerivedDataBackendGraph:  CompressedPak pak cache file ../../../../Github/Masterarbeit/DerivedDataCache/Compressed.ddp not found, will not use a pak cache.
[2017.09.19-10.35.54:749][  0]LogDerivedDataCache: Unable to find inner node CompressedPak for hierarchical cache Hierarchy.
[2017.09.19-10.35.54:775][  0]LogDerivedDataCache: Display: Pak cache opened for reading ../../../Engine/DerivedDataCache/Compressed.ddp.
[2017.09.19-10.35.54:788][  0]LogDerivedDataCache: Using Local data cache path C:/Users/danie/AppData/Local/UnrealEngine/Common/DerivedDataCache: Writable
[2017.09.19-10.35.54:789][  0]LogMaterial: Verifying Global Shaders for PCD3D_ES2
[2017.09.19-10.35.54:790][  0]LogShaderCompilers: Instanced stereo rendering is not supported for the PCD3D_ES2 shader platform.
[2017.09.19-10.35.55:508][  0]LogSlate: Using Freetype 2.6.0
[2017.09.19-10.35.55:508][  0]LogSlate: SlateFontCache - WITH_FREETYPE: 1, WITH_HARFBUZZ: 1
[2017.09.19-10.35.55:508][  0]LogSlate: SlateFontCache - WITH_FREETYPE: 1, WITH_HARFBUZZ: 1
[2017.09.19-10.35.56:501][  0]LogAssetRegistry: FAssetRegistry took 0.0087 seconds to start up
[2017.09.19-10.35.56:542][  0]LogPackageLocalizationCache: Processed 5 localized package path(s) for 1 prioritized culture(s) in 0.010931 seconds
[2017.09.19-10.35.56:710][  0]LogInit: Selected Device Profile: [Windows]
[2017.09.19-10.35.56:923][  0]LogContentStreaming: Texture pool size is 1000.00 MB
[2017.09.19-10.35.56:990][  0]LogMaterial: Missing cached shader map for material WorldGridMaterial, compiling. Is special engine material.
