Log file open, 12/07/17 09:54:14
LogWindows: LoadLibraryWithSearchPaths failed for file aqProf.dll. GetLastError=0
LogWindows: LoadLibraryWithSearchPaths failed for file VtuneApi.dll. GetLastError=0
LogWindows: LoadLibraryWithSearchPaths failed for file VtuneApi32e.dll. GetLastError=0
LogInit: Display: Running engine for game: DSHockeyGame
LogPlatformFile: Not using cached read wrapper
LogInit: Display: RandInit(-2138024630) SRandInit(-2138024630).
LogTaskGraph: Started task graph with 5 named threads and 8 total threads with 3 sets of task threads.
LogStats: Stats thread started at 5.129701
LogD3D11RHI: Aftermath initialized
LogPluginManager: Mounting plugin Paper2D
LogPluginManager: Mounting plugin LightPropagationVolume
LogPluginManager: Mounting plugin CodeLiteSourceCodeAccess
LogPluginManager: Mounting plugin GitSourceControl
LogPluginManager: Mounting plugin KDevelopSourceCodeAccess
LogPluginManager: Mounting plugin NullSourceCodeAccess
LogPluginManager: Mounting plugin PerforceSourceControl
LogPluginManager: Mounting plugin SubversionSourceControl
LogPluginManager: Mounting plugin UObjectPlugin
LogPluginManager: Mounting plugin VisualStudioSourceCodeAccess
LogPluginManager: Mounting plugin XCodeSourceCodeAccess
LogPluginManager: Mounting plugin AssetManagerEditor
LogPluginManager: Mounting plugin AudioCapture
LogPluginManager: Mounting plugin FacialAnimation
LogPluginManager: Mounting plugin GameplayTagsEditor
LogPluginManager: Mounting plugin MobileLauncherProfileWizard
LogPluginManager: Mounting plugin PluginBrowser
LogPluginManager: Mounting plugin SpeedTreeImporter
LogPluginManager: Mounting plugin AlembicImporter
LogPluginManager: Mounting plugin CharacterAI
LogPluginManager: Mounting plugin HTML5Networking
LogPluginManager: Mounting plugin AndroidMedia
LogPluginManager: Mounting plugin AvfMedia
LogPluginManager: Mounting plugin MediaPlayerEditor
LogPluginManager: Mounting plugin WmfMedia
LogPluginManager: Mounting plugin TcpMessaging
LogPluginManager: Mounting plugin UdpMessaging
LogPluginManager: Mounting plugin LevelSequenceEditor
LogPluginManager: Mounting plugin MatineeToLevelSequence
LogPluginManager: Mounting plugin OnlineSubsystemGooglePlay
LogPluginManager: Mounting plugin OnlineSubsystemIOS
LogPluginManager: Mounting plugin OnlineSubsystem
LogPluginManager: Mounting plugin OnlineSubsystemNull
LogPluginManager: Mounting plugin OnlineSubsystemUtils
LogPluginManager: Mounting plugin AndroidDeviceProfileSelector
LogPluginManager: Mounting plugin AndroidMoviePlayer
LogPluginManager: Mounting plugin AndroidPermission
LogPluginManager: Mounting plugin AppleMoviePlayer
LogPluginManager: Mounting plugin ArchVisCharacter
LogPluginManager: Mounting plugin CableComponent
LogPluginManager: Mounting plugin CustomMeshComponent
LogPluginManager: Mounting plugin ExampleDeviceProfileSelector
LogPluginManager: Mounting plugin GoogleCloudMessaging
LogPluginManager: Mounting plugin ImmediatePhysics
LogPluginManager: Mounting plugin IOSDeviceProfileSelector
LogPluginManager: Mounting plugin LinuxDeviceProfileSelector
LogPluginManager: Mounting plugin LocationServicesBPLibrary
LogPluginManager: Mounting plugin MobilePatchingUtils
LogPluginManager: Mounting plugin OculusVR
LogPluginManager: Mounting plugin PhysXVehicles
LogPluginManager: Mounting plugin ProceduralMeshComponent
LogPluginManager: Mounting plugin RuntimePhysXCooking
LogPluginManager: Mounting plugin SteamVR
LogPluginManager: Mounting plugin WindowsMoviePlayer
LogPluginManager: Mounting plugin VictoryBPLibrary
LogInit: Using libcurl 7.47.1
LogInit:  - built for x86_64-pc-win32
LogInit:  - supports SSL with OpenSSL/1.0.2g
LogInit:  - supports HTTP deflate (compression) using libz 1.2.8
LogInit:  - other features:
LogInit:      CURL_VERSION_SSL
LogInit:      CURL_VERSION_LIBZ
LogInit:      CURL_VERSION_IPV6
LogInit:      CURL_VERSION_ASYNCHDNS
LogInit:      CURL_VERSION_LARGEFILE
LogInit:      CURL_VERSION_IDN
LogInit:  CurlRequestOptions (configurable via config and command line):
LogInit:  - bVerifyPeer = false  - Libcurl will NOT verify peer certificate
LogInit:  - bUseHttpProxy = false  - Libcurl will NOT use HTTP proxy
LogInit:  - bDontReuseConnections = false  - Libcurl will reuse connections
LogInit:  - CertBundlePath = nullptr  - Libcurl will use whatever was configured at build time.
LogInit: Build: ++UE4+Release-4.17-CL-3586342
LogInit: Engine Version: 4.17.1-3586342+++UE4+Release-4.17
LogInit: Compatible Engine Version: 4.17.0-3573198+++UE4+Release-4.17
LogInit: Net CL: 3573198
LogDevObjectVersion: Number of dev versions registered: 16
LogDevObjectVersion:   Dev-Blueprints (B0D832E4-1F89-4F0D-ACCF-7EB736FD4AA2): 10
LogDevObjectVersion:   Dev-Build (E1C64328-A22C-4D53-A36C-8E866417BD8C): 0
LogDevObjectVersion:   Dev-Core (375EC13C-06E4-48FB-B500-84F0262A717E): 2
LogDevObjectVersion:   Dev-Editor (E4B068ED-F494-42E9-A231-DA0B2E46BB41): 20
LogDevObjectVersion:   Dev-Framework (CFFC743F-43B0-4480-9391-14DF171D2073): 28
LogDevObjectVersion:   Dev-Mobile (B02B49B5-BB20-44E9-A304-32B752E40360): 0
LogDevObjectVersion:   Dev-Networking (A4E4105C-59A1-49B5-A7C5-40C4547EDFEE): 0
LogDevObjectVersion:   Dev-Online (39C831C9-5AE6-47DC-9A44-9C173E1C8E7C): 0
LogDevObjectVersion:   Dev-Physics (78F01B33-EBEA-4F98-B9B4-84EACCB95AA2): 0
LogDevObjectVersion:   Dev-Platform (6631380F-2D4D-43E0-8009-CF276956A95A): 0
LogDevObjectVersion:   Dev-Rendering (12F88B9F-8875-4AFC-A67C-D90C383ABD29): 19
LogDevObjectVersion:   Dev-Sequencer (7B5AE74C-D270-4C10-A958-57980B212A5A): 4
LogDevObjectVersion:   Dev-VR (D7296918-1DD6-4BDD-9DE2-64A83CC13884): 0
LogDevObjectVersion:   Dev-LoadTimes (C2A15278-BFE7-4AFE-6C17-90FF531DF755): 1
LogDevObjectVersion:   Private-Geometry (6EACA3D4-40EC-4CC1-B786-8BED09428FC5): 1
LogDevObjectVersion:   Dev-AnimPhys (29E575DD-E0A3-4627-9D10-D276232CDCEA): 7
LogInit: Compiled (64-bit): Aug 15 2017 02:05:26
LogInit: Compiled with Visual C++: 19.00.24215.01
LogInit: Build Configuration: Development
LogInit: Branch Name: ++UE4+Release-4.17
LogInit: Command line:  
LogInit: Base directory: D:/UE_4.17/Engine/Binaries/Win64/
LogInit: Installed Engine Build: 1
LogInit: Presizing for max 8388607 objects, including 0 objects not considered by GC, pre-allocating 0 bytes for permanent pool.
LogInit: Object subsystem initialized
[2017.12.07-08.54.17:059][  0]LogInit: Selected Device Profile: [Windows]
[2017.12.07-08.54.17:059][  0]LogInit: Applying CVar settings loaded from the selected device profile: [Windows]
[2017.12.07-08.54.17:174][  0]LogInit: Computer: LAPTOP-ELQTR10M
[2017.12.07-08.54.17:174][  0]LogInit: User: danie
[2017.12.07-08.54.17:174][  0]LogInit: CPU Page size=4096, Cores=2
[2017.12.07-08.54.17:174][  0]LogInit: High frequency timer resolution =2.531254 MHz
[2017.12.07-08.54.17:174][  0]LogMemory: Memory total: Physical=7.9GB (8GB approx)
[2017.12.07-08.54.17:174][  0]LogMemory: Platform Memory Stats for Windows
[2017.12.07-08.54.17:174][  0]LogMemory: Process Physical Memory: 277.97 MB used, 277.97 MB peak
[2017.12.07-08.54.17:174][  0]LogMemory: Process Virtual Memory: 275.80 MB used, 275.80 MB peak
[2017.12.07-08.54.17:174][  0]LogMemory: Physical Memory: 4657.11 MB used,  3448.79 MB free, 8105.91 MB total
[2017.12.07-08.54.17:174][  0]LogMemory: Virtual Memory: 667.77 MB used,  3448.79 MB free, 134217728.00 MB total
[2017.12.07-08.54.18:530][  0]LogInit: Using OS detected language (de-DE).
[2017.12.07-08.54.18:530][  0]LogInit: Using OS detected locale (de-DE).
[2017.12.07-08.54.18:866][  0]LogTextLocalizationManager: No localization for 'de-DE' exists, so 'en' will be used for the language.
[2017.12.07-08.54.18:866][  0]LogTextLocalizationManager: No localization for 'de-DE' exists, so 'en' will be used for the locale.
[2017.12.07-08.54.21:687][  0]LogD3D11RHI: D3D11 adapters:
[2017.12.07-08.54.23:003][  0]LogD3D11RHI:    0. 'NVIDIA GeForce GTX 950M' (Feature Level 11_0)
[2017.12.07-08.54.23:004][  0]LogD3D11RHI:       4065/0/4052 MB DedicatedVideo/DedicatedSystem/SharedSystem, Outputs:2, VendorId:0x10de
[2017.12.07-08.54.23:010][  0]LogD3D11RHI:    1. 'Intel(R) HD Graphics 520' (Feature Level 11_0)
[2017.12.07-08.54.23:010][  0]LogD3D11RHI:       128/0/4052 MB DedicatedVideo/DedicatedSystem/SharedSystem, Outputs:0, VendorId:0x8086
[2017.12.07-08.54.23:012][  0]LogD3D11RHI:    2. 'Microsoft Basic Render Driver' (Feature Level 11_0)
[2017.12.07-08.54.23:012][  0]LogD3D11RHI:       0/0/4052 MB DedicatedVideo/DedicatedSystem/SharedSystem, Outputs:0, VendorId:0x1414
[2017.12.07-08.54.23:012][  0]LogD3D11RHI: Chosen D3D11 Adapter: 0
[2017.12.07-08.54.23:018][  0]LogD3D11RHI: Creating new Direct3DDevice
[2017.12.07-08.54.23:018][  0]LogD3D11RHI:     GPU DeviceId: 0x139a (for the marketing name, search the web for "GPU Device Id")
[2017.12.07-08.54.23:018][  0]LogWindows: EnumDisplayDevices:
[2017.12.07-08.54.23:018][  0]LogWindows:    0. 'Intel(R) HD Graphics 520' (P:1 D:1)
[2017.12.07-08.54.23:019][  0]LogWindows:    1. 'Intel(R) HD Graphics 520' (P:0 D:1)
[2017.12.07-08.54.23:019][  0]LogWindows:    2. 'Intel(R) HD Graphics 520' (P:0 D:0)
[2017.12.07-08.54.23:019][  0]LogWindows: DebugString: PrimaryIsNotTheChoosenAdapter PrimaryIsNotTheChoosenAdapter PrimaryIsNotTheChoosenAdapter FoundDriverCount:0 
[2017.12.07-08.54.23:019][  0]LogD3D11RHI:     Adapter Name: NVIDIA GeForce GTX 950M
[2017.12.07-08.54.23:019][  0]LogD3D11RHI:   Driver Version: Unknown (internal:Unknown, unified:Unknown)
[2017.12.07-08.54.23:019][  0]LogD3D11RHI:      Driver Date: Unknown
[2017.12.07-08.54.23:019][  0]LogRHI: Texture pool is 1361 MB (70% of 1945 MB)
[2017.12.07-08.54.23:665][  0]LogD3D11RHI: Async texture creation enabled
[2017.12.07-08.54.24:105][  0]LogD3D11RHI: GPU Timing Frequency: 1000.000000 (Debug: 2 3)
[2017.12.07-08.54.24:215][  0]LogShaderCompilers: Guid format shader working directory is 15 characters bigger than the processId version (../../../../Github/Masterarbeit/Intermediate/Shaders/WorkingDirectory/2620/).
[2017.12.07-08.54.24:216][  0]LogShaderCompilers: Cleaned the shader compiler working directory 'C:/Users/danie/AppData/Local/Temp/UnrealShaderWorkingDir/7F8D5CD0452DB105962FCC9510DEEDA4/'.
[2017.12.07-08.54.24:226][  0]LogShaderCompilers: Display: Using Local Shader Compiler.
[2017.12.07-08.54.28:403][  0]LogTemp: Display: Loaded TP AllDesktopTargetPlatform
[2017.12.07-08.54.28:452][  0]LogTemp: Display: Loaded TP MacClientTargetPlatform
[2017.12.07-08.54.28:500][  0]LogTemp: Display: Loaded TP MacNoEditorTargetPlatform
[2017.12.07-08.54.28:550][  0]LogTemp: Display: Loaded TP MacServerTargetPlatform
[2017.12.07-08.54.28:606][  0]LogTemp: Display: Loaded TP MacTargetPlatform
[2017.12.07-08.54.28:657][  0]LogTemp: Display: Loaded TP WindowsClientTargetPlatform
[2017.12.07-08.54.28:707][  0]LogTemp: Display: Loaded TP WindowsNoEditorTargetPlatform
[2017.12.07-08.54.28:759][  0]LogTemp: Display: Loaded TP WindowsServerTargetPlatform
[2017.12.07-08.54.28:802][  0]LogTemp: Display: Loaded TP WindowsTargetPlatform
[2017.12.07-08.54.28:876][  0]LogTemp: Display: Loaded TP AndroidTargetPlatform
[2017.12.07-08.54.28:926][  0]LogTemp: Display: Loaded TP Android_ASTCTargetPlatform
[2017.12.07-08.54.28:974][  0]LogTemp: Display: Loaded TP Android_ATCTargetPlatform
[2017.12.07-08.54.29:026][  0]LogTemp: Display: Loaded TP Android_DXTTargetPlatform
[2017.12.07-08.54.29:074][  0]LogTemp: Display: Loaded TP Android_ETC1TargetPlatform
[2017.12.07-08.54.29:123][  0]LogTemp: Display: Loaded TP Android_ETC2TargetPlatform
[2017.12.07-08.54.29:223][  0]LogTemp: Display: Loaded TP Android_MultiTargetPlatform
[2017.12.07-08.54.29:223][  0]LogTemp: Display: Loaded TP Android_PVRTCTargetPlatform
[2017.12.07-08.54.29:259][  0]LogTemp: Display: Loaded TP HTML5TargetPlatform
[2017.12.07-08.54.29:449][  0]LogTemp: Display: Loaded TP IOSTargetPlatform
[2017.12.07-08.54.29:482][  0]LogTemp: Display: Loaded TP TVOSTargetPlatform
[2017.12.07-08.54.29:532][  0]LogTemp: Display: Loaded TP LinuxClientTargetPlatform
[2017.12.07-08.54.29:581][  0]LogTemp: Display: Loaded TP LinuxNoEditorTargetPlatform
[2017.12.07-08.54.29:630][  0]LogTemp: Display: Loaded TP LinuxServerTargetPlatform
[2017.12.07-08.54.29:686][  0]LogTemp: Display: Loaded TP LinuxTargetPlatform
[2017.12.07-08.54.29:686][  0]LogTargetPlatformManager: Display: Building Assets For Windows
[2017.12.07-08.54.31:188][  0]LogDerivedDataCache: Display: Max Cache Size: 512 MB
[2017.12.07-08.54.31:584][  0]LogDerivedDataCache: Loaded boot cache 0.39s 93MB C:/Users/danie/AppData/Local/UnrealEngine/4.17/DerivedDataCache/Boot.ddc.
[2017.12.07-08.54.31:584][  0]LogDerivedDataCache: Display: Loaded Boot cache: C:/Users/danie/AppData/Local/UnrealEngine/4.17/DerivedDataCache/Boot.ddc
[2017.12.07-08.54.31:584][  0]LogDerivedDataCache: FDerivedDataBackendGraph:  Pak pak cache file ../../../../Github/Masterarbeit/DerivedDataCache/DDC.ddp not found, will not use a pak cache.
[2017.12.07-08.54.31:584][  0]LogDerivedDataCache: Unable to find inner node Pak for hierarchical cache Hierarchy.
[2017.12.07-08.54.31:584][  0]LogDerivedDataCache: FDerivedDataBackendGraph:  CompressedPak pak cache file ../../../../Github/Masterarbeit/DerivedDataCache/Compressed.ddp not found, will not use a pak cache.
[2017.12.07-08.54.31:584][  0]LogDerivedDataCache: Unable to find inner node CompressedPak for hierarchical cache Hierarchy.
[2017.12.07-08.54.31:691][  0]LogDerivedDataCache: Display: Pak cache opened for reading ../../../Engine/DerivedDataCache/Compressed.ddp.
[2017.12.07-08.54.31:705][  0]LogDerivedDataCache: Using Local data cache path C:/Users/danie/AppData/Local/UnrealEngine/Common/DerivedDataCache: Writable
[2017.12.07-08.54.31:798][  0]LogMaterial: Verifying Global Shaders for PCD3D_SM5
[2017.12.07-08.54.31:846][  0]LogSlate: Using Freetype 2.6.0
[2017.12.07-08.54.31:969][  0]LogSlate: SlateFontCache - WITH_FREETYPE: 1, WITH_HARFBUZZ: 1
[2017.12.07-08.54.31:981][  0]LogSlate: SlateFontCache - WITH_FREETYPE: 1, WITH_HARFBUZZ: 1
[2017.12.07-08.54.41:019][  0]LogAssetRegistry: FAssetRegistry took 0.0417 seconds to start up
[2017.12.07-08.54.43:418][  0]LogInit: Selected Device Profile: [Windows]
[2017.12.07-08.54.45:893][  0]LogContentStreaming: Texture pool size is 0.00 MB
[2017.12.07-08.54.46:913][  0]LogSimplygon: Simplygon DLL not present - disabling.
[2017.12.07-08.54.47:007][  0]LogMeshReduction: Using SimplygonSwarm for distributed automatic mesh merging
[2017.12.07-08.54.47:007][  0]LogMeshReduction: Using QuadricMeshReduction for automatic static mesh reduction
[2017.12.07-08.54.47:007][  0]LogMeshReduction: No automatic skeletal mesh reduction module available
[2017.12.07-08.54.47:007][  0]LogMeshReduction: No automatic mesh merging module available
[2017.12.07-08.54.47:007][  0]LogMeshMerging: No automatic mesh merging module available
[2017.12.07-08.54.50:355][  0]LogNetVersion: DSHockeyGame , NetCL: 3573198, EngineNetVer: 2, GameNetVer: 0 (Checksum: 4108346606)
[2017.12.07-08.54.51:937][  0]LogPackageLocalizationCache: Processed 6 localized package path(s) for 1 prioritized culture(s) in 0.113899 seconds
[2017.12.07-08.54.51:955][  0]LogUObjectArray: 35825 objects as part of root set at end of initial load.
[2017.12.07-08.54.51:955][  0]LogUObjectAllocator: 7529104 out of 0 bytes used by permanent object pool.
[2017.12.07-08.54.51:955][  0]LogUObjectArray: CloseDisregardForGC: 0/0 objects in disregard for GC pool
[2017.12.07-08.54.52:005][  0]LogInit: WinSock: version 1.1 (2.2), MaxSocks=32767, MaxUdp=65467
[2017.12.07-08.55.18:308][  0]LogTcpMessaging: Initializing TcpMessaging bridge
[2017.12.07-08.55.18:383][  0]LogUdpMessaging: Initializing bridge on interface 0.0.0.0:0 to multicast group 230.0.0.1:6666.
[2017.12.07-08.55.19:958][  0]LogMaterial: Uniform references updated for custom material expression Custom.
[2017.12.07-08.55.20:887][  0]SourceControl: Source control is disabled
[2017.12.07-08.55.20:887][  0]SourceControl: Source control is disabled
[2017.12.07-08.55.21:018][  0]SourceControl: Source control is disabled
[2017.12.07-08.55.21:077][  0]SourceControl: Source control is disabled
[2017.12.07-08.55.22:242][  0]LogAndroidPermission: UAndroidPermissionCallbackProxy::GetInstance
[2017.12.07-08.55.22:454][  0]LogOcInput: OculusInput pre-init called
[2017.12.07-08.55.23:254][  0]LogEngine: Initializing Engine...
[2017.12.07-08.55.23:266][  0]LogHMD: Failed to initialize OpenVR with code 110
[2017.12.07-08.55.24:010][  0]LogStats: UGameplayTagsManager::ConstructGameplayTagTree: Construct from data asset -  0.000 s
[2017.12.07-08.55.24:010][  0]LogStats: UGameplayTagsManager::ConstructGameplayTagTree: GameplayTagTreeChangedEvent.Broadcast -  0.000 s
[2017.12.07-08.55.24:603][  0]LogAIModule: Creating AISystem for world Untitled
[2017.12.07-08.55.24:775][  0]LogInit: XAudio2 using 'Lautsprecher (Realtek High Definition Audio(SST))' : 2 channels at 48 kHz using 32 bits per sample (channel mask 0x3)
[2017.12.07-08.55.25:377][  0]LogInit: FAudioDevice initialized.
[2017.12.07-08.55.25:531][  0]LogDerivedDataCache: Saved boot cache 0.15s 93MB C:/Users/danie/AppData/Local/UnrealEngine/4.17/DerivedDataCache/Boot.ddc.
[2017.12.07-08.55.25:537][  0]LogInit: Texture streaming: Enabled
[2017.12.07-08.55.25:722][  0]LogEngineSessionManager: EngineSessionManager initialized
[2017.12.07-08.55.26:516][  0]LogInit: Transaction tracking system initialized
[2017.12.07-08.55.27:082][  0]BlueprintLog: New page: Editor Load
[2017.12.07-08.55.29:049][  0]LocalizationService: Localization service is disabled
[2017.12.07-08.55.30:634][  0]LogConsoleResponse: Display: 
[2017.12.07-08.55.34:507][  0]LogFileCache: Scanning file cache for directory 'D:/Github/Masterarbeit/Content/' took 0.02s
[2017.12.07-08.55.34:508][  0]LogCook: Display: Max memory allowance for cook 16384mb min free memory 0mb
[2017.12.07-08.55.34:508][  0]LogCook: Display: Mobile HDR setting 1
[2017.12.07-08.55.34:613][  0]LogGameplayTags: Display: UGameplayTagsManager::DoneAddingNativeTags. DelegateIsBound: 0
[2017.12.07-08.55.38:054][  0]SourceControl: Source control is disabled
[2017.12.07-08.55.38:106][  0]Cmd: MAP LOAD FILE="../../../../Github/Masterarbeit/Content/VirtualRealityBP/Maps/PrototypeMap.umap" TEMPLATE=0 SHOWPROGRESS=1 FEATURELEVEL=3
[2017.12.07-08.55.38:149][  0]LightingResults: New page: Lighting Build
[2017.12.07-08.55.38:330][  0]MapCheck: New page: Map Check
[2017.12.07-08.55.38:330][  0]LightingResults: New page: Lighting Build
[2017.12.07-08.55.40:014][  0]LogBlueprint: Warning: [Compiler BP_MotionController] ProjectPointToNavigation_DEPRECATED  is deprecated; This version of ProjectPointToNavigation is deprecated. Please use the new version
[2017.12.07-08.55.40:038][  0]LogBlueprint: Warning: [Compiler BP_MotionController] [0098.47] Compile of BP_MotionController successful, but with 1 Warning(s) [in 92 ms] (/Game/VirtualRealityBP/Blueprints/BP_MotionController.BP_MotionController)
[2017.12.07-08.55.41:594][  0]LogAIModule: Creating AISystem for world PrototypeMap
[2017.12.07-08.55.42:143][  0]LogEditorServer: Finished looking for orphan Actors (0.000 secs)
[2017.12.07-08.55.42:336][  0]Cmd: MAP CHECKDEP NOCLEARLOG
[2017.12.07-08.55.42:376][  0]MapCheck: Map check complete: 0 Error(s), 0 Warning(s), took 39.572ms to complete.
[2017.12.07-08.55.42:376][  0]LogFileHelpers: Loading map 'PrototypeMap' took 4.292
[2017.12.07-08.55.44:247][  0]LogCollectionManager: Loaded 0 collections in 0.001159 seconds
[2017.12.07-08.55.44:466][  0]LogFileCache: Scanning file cache for directory 'D:/Github/Masterarbeit/Saved/Collections/' took 0.01s
[2017.12.07-08.55.44:466][  0]LogFileCache: Scanning file cache for directory 'D:/Github/Masterarbeit/Content/Developers/danie/Collections/' took 0.01s
[2017.12.07-08.55.44:466][  0]LogFileCache: Scanning file cache for directory 'D:/Github/Masterarbeit/Content/Collections/' took 0.01s
[2017.12.07-08.55.44:466][  0]LogCollectionManager: Rebuilt the GUID cache for 0 collections in 0.000000 seconds
[2017.12.07-08.55.44:497][  0]LogContentBrowser: Native class hierarchy populated in 0.0290 seconds. Added 2392 classes and 503 folders.
[2017.12.07-08.55.44:631][  0]LogContentBrowser: Native class hierarchy updated for 'WidgetCarousel' in 0.0007 seconds. Added 0 classes and 0 folders.
[2017.12.07-08.55.45:645][  0]LogContentBrowser: Native class hierarchy updated for 'AddContentDialog' in 0.0007 seconds. Added 0 classes and 0 folders.
[2017.12.07-08.55.45:818][  0]LogContentBrowser: Native class hierarchy updated for 'SceneOutliner' in 0.0009 seconds. Added 1 classes and 2 folders.
[2017.12.07-08.55.47:898][  0]LogSlate: Took 0.019678 seconds to synchronously load lazily loaded font '../../../Engine/Content/Slate/Fonts/Roboto-Regular.ttf' (155K)
[2017.12.07-08.55.47:927][  0]LogSlate: Took 0.016159 seconds to synchronously load lazily loaded font '../../../Engine/Content/Slate/Fonts/Roboto-Bold.ttf' (160K)
[2017.12.07-08.55.47:991][  0]LogSlate: Took 0.016674 seconds to synchronously load lazily loaded font '../../../Engine/Content/Editor/Slate/Fonts/FontAwesome.ttf' (139K)
[2017.12.07-08.55.48:542][  0]LogRenderer: Reallocating scene render targets to support 1208x564 Format 26 NumSamples 1 (Frame:1).
[2017.12.07-08.55.49:895][  0]LogContentBrowser: Native class hierarchy updated for 'HierarchicalLODOutliner' in 0.0013 seconds. Added 1 classes and 2 folders.
[2017.12.07-08.55.49:895][  0]LogLoad: (Engine Initialization) Total time: 108.33 seconds
[2017.12.07-08.55.49:895][  0]LogLoad: (Engine Initialization) Total Blueprint compile time: 0.00 seconds
[2017.12.07-08.55.49:935][  0]LogExternalProfiler: Found external profiler: VSPerf
[2017.12.07-08.55.49:935][  0]LogExternalProfiler: Using external profiler: VSPerf
[2017.12.07-08.55.50:814][  0]LogContentStreaming: Texture pool size now 1000 MB
[2017.12.07-08.55.52:727][  5]LogAssetRegistry: Asset discovery search completed in 71.7305 seconds
[2017.12.07-08.55.52:736][  5]LogCollectionManager: Rebuilt the object cache for 0 collections in 0.000000 seconds (found 0 objects)
[2017.12.07-08.55.52:748][  5]LogCollectionManager: Fixed up redirectors for 0 collections in 0.011569 seconds (updated 0 objects)
[2017.12.07-08.55.58:179][132]LogSlate: Took 0.007411 seconds to synchronously load lazily loaded font '../../../Engine/Content/Slate/Fonts/Roboto-Light.ttf' (159K)
[2017.12.07-08.56.00:388][180]Cmd: MAP LOAD FILE="../../../../Github/Masterarbeit/Content/VirtualRealityBP/Maps/EVR_Map.umap" TEMPLATE=0 SHOWPROGRESS=1 FEATURELEVEL=3
[2017.12.07-08.56.00:472][180]LogSlate: Took 0.000185 seconds to synchronously load lazily loaded font '../../../Engine/Content/Slate/Fonts/Roboto-Light.ttf' (159K)
[2017.12.07-08.56.00:524][180]LightingResults: New page: Lighting Build
[2017.12.07-08.56.00:525][180]LoadErrors: New page: Loading map: EVR_Map.umap
[2017.12.07-08.56.00:558][180]MapCheck: New page: Map Check
[2017.12.07-08.56.00:558][180]LightingResults: New page: Lighting Build
[2017.12.07-08.56.01:587][180]LogSlate: Took 0.000151 seconds to synchronously load lazily loaded font '../../../Engine/Content/Slate/Fonts/Roboto-Regular.ttf' (155K)
[2017.12.07-08.56.02:981][180]LogAIModule: Creating AISystem for world EVR_Map
[2017.12.07-08.56.03:342][180]LogEditorServer: Finished looking for orphan Actors (0.000 secs)
[2017.12.07-08.56.03:461][180]Cmd: MAP CHECKDEP NOCLEARLOG
[2017.12.07-08.56.03:525][180]MapCheck: Map check complete: 0 Error(s), 0 Warning(s), took 64.056ms to complete.
[2017.12.07-08.56.03:525][180]LogFileHelpers: Loading map 'EVR_Map' took 3.259
[2017.12.07-08.56.06:414][250]LogEditorViewport: Clicking on Actor (context menu): DirectionalLight (DirectionalLight2)
[2017.12.07-08.56.08:019][251]LogEditorViewport: Clicking on Actor (LMB): DirectionalLight (DirectionalLight2)
[2017.12.07-08.56.09:512][293]LogEditorViewport: Clicking on Actor (LMB): DonauArena_BP_C (DonauArena_BP)
[2017.12.07-08.56.10:550][316]LogEditorViewport: Clicking on Actor (LMB): EVR_3D_Menu_2_C (EVR_3D_Menu_2)
[2017.12.07-09.07.08:430][318]LogContentBrowser: Native class hierarchy updated for 'BlueprintGraph' in 0.0010 seconds. Added 113 classes and 0 folders.
[2017.12.07-09.07.12:013][318]LogSlate: Took 0.000151 seconds to synchronously load lazily loaded font '../../../Engine/Content/Slate/Fonts/Roboto-Light.ttf' (159K)
[2017.12.07-09.07.12:079][318]LogSlate: Took 0.052708 seconds to synchronously load lazily loaded font '../../../Engine/Content/Editor/Slate/Fonts/Roboto-BoldCondensed.ttf' (158K)
[2017.12.07-09.07.16:522][399]LogSlate: Took 0.015394 seconds to synchronously load lazily loaded font '../../../Engine/Content/Editor/Slate/Fonts/Roboto-Italic.ttf' (157K)
[2017.12.07-09.21.44:459][253]LogFileHelpers: Editor autosave (incl. sublevels) for '/Game/VirtualRealityBP/Maps/EVR_Map' took 0.788
[2017.12.07-09.21.44:554][253]OBJ SavePackage: Generating thumbnails for [0] asset(s) in package [/Game/VirtualRealityBP/Blueprints/Level_EVR_1/EVR_ScoreHUD] ([1] browsable assets)...
[2017.12.07-09.21.44:569][253]OBJ SavePackage: Finished generating thumbnails for package [/Game/VirtualRealityBP/Blueprints/Level_EVR_1/EVR_ScoreHUD]
[2017.12.07-09.21.45:065][253]LogSavePackage: Save=293.36ms
[2017.12.07-09.21.45:065][253]LogSavePackage: Moving '../../../../Github/Masterarbeit/Saved/EVR_ScoreHUD_Auto106AEA4994615A8D16D9153A939E4A7D4.tmp' to '../../../../Github/Masterarbeit/Saved/Autosaves/Game/VirtualRealityBP/Blueprints/Level_EVR_1/EVR_ScoreHUD_Auto1.uasset'
[2017.12.07-09.21.45:115][253]LogSavePackage: Display: Finished SavePackage ../../../../Github/Masterarbeit/Saved/Autosaves/Game/VirtualRealityBP/Blueprints/Level_EVR_1/EVR_ScoreHUD_Auto1.uasset
[2017.12.07-09.21.45:115][253]LogFileHelpers: Auto-saving content packages took 0.647
[2017.12.07-09.25.19:163][177]LogEditorTransaction: Undo Move Node
[2017.12.07-09.25.39:924][649]LogRenderer: Reallocating scene render targets to support 1528x1000 Format 26 NumSamples 1 (Frame:1).
[2017.12.07-09.25.51:792][996]LogBlueprint: Warning: [DELETE] 'ScoreTextTime' variable not found. Base class was probably changed.
[2017.12.07-09.25.51:792][996]LogBlueprint: Warning: [DELETE] 'GameIsPaused' variable not found. Base class was probably changed.
[2017.12.07-09.25.51:792][996]LogBlueprint: Warning: [DELETE] 'Time' variable not found. Base class was probably changed.
[2017.12.07-09.25.51:792][996]LogBlueprint: Warning: [DELETE] 'Time' variable not found. Base class was probably changed.
[2017.12.07-09.25.51:792][996]LogBlueprint: Warning: [DELETE] 'Time' variable not found. Base class was probably changed.
[2017.12.07-09.25.51:792][996]LogBlueprint: Warning: [DELETE] 'SaveTimeT1' variable not found. Base class was probably changed.
[2017.12.07-09.31.47:711][ 56]LogFileHelpers: Editor autosave (incl. sublevels) for '/Game/VirtualRealityBP/Maps/EVR_Map' took 1.843
[2017.12.07-09.31.47:714][ 56]OBJ SavePackage: Generating thumbnails for [0] asset(s) in package [/Game/VirtualRealityBP/Blueprints/Level_EVR_1/EVR_ScoreHUD] ([1] browsable assets)...
[2017.12.07-09.31.47:714][ 56]OBJ SavePackage: Finished generating thumbnails for package [/Game/VirtualRealityBP/Blueprints/Level_EVR_1/EVR_ScoreHUD]
[2017.12.07-09.31.47:900][ 56]LogSavePackage: Save=149.69ms
[2017.12.07-09.31.47:900][ 56]LogSavePackage: Moving '../../../../Github/Masterarbeit/Saved/EVR_ScoreHUD_Auto23DC31ED7424B3502A0D479B3CA0CEB09.tmp' to '../../../../Github/Masterarbeit/Saved/Autosaves/Game/VirtualRealityBP/Blueprints/Level_EVR_1/EVR_ScoreHUD_Auto2.uasset'
[2017.12.07-09.31.47:903][ 56]LogSavePackage: Display: Finished SavePackage ../../../../Github/Masterarbeit/Saved/Autosaves/Game/VirtualRealityBP/Blueprints/Level_EVR_1/EVR_ScoreHUD_Auto2.uasset
[2017.12.07-09.31.47:904][ 56]OBJ SavePackage: Generating thumbnails for [0] asset(s) in package [/Game/VirtualRealityBP/Blueprints/Level_EVR_1/DELETE] ([1] browsable assets)...
[2017.12.07-09.31.47:904][ 56]OBJ SavePackage: Finished generating thumbnails for package [/Game/VirtualRealityBP/Blueprints/Level_EVR_1/DELETE]
[2017.12.07-09.31.47:930][ 56]LogSavePackage: Save=24.15ms
[2017.12.07-09.31.47:930][ 56]LogSavePackage: Moving '../../../../Github/Masterarbeit/Saved/DELETE_Auto29D26292D4202D8C3AD33F6A01CE26026.tmp' to '../../../../Github/Masterarbeit/Saved/Autosaves/Game/VirtualRealityBP/Blueprints/Level_EVR_1/DELETE_Auto2.uasset'
[2017.12.07-09.31.47:932][ 56]LogSavePackage: Display: Finished SavePackage ../../../../Github/Masterarbeit/Saved/Autosaves/Game/VirtualRealityBP/Blueprints/Level_EVR_1/DELETE_Auto2.uasset
[2017.12.07-09.31.47:932][ 56]LogFileHelpers: Auto-saving content packages took 0.220
[2017.12.07-10.15.37:430][771]LogEditorViewport: Clicking on Actor (LMB): BlockingVolume (BlockingVolume_Pfosten4)
[2017.12.07-10.16.15:196][629]LogEditorViewport: Clicking on Actor (LMB): BlockingVolume (BlockingVolume_Pfosten1)
[2017.12.07-10.16.29:433][  1]Cmd: TRANSACTION UNDO
[2017.12.07-10.16.29:433][  1]LogEditorTransaction: Undo Move Actors
[2017.12.07-10.17.03:523][359]LogFileHelpers: Editor autosave (incl. sublevels) for '/Game/VirtualRealityBP/Maps/EVR_Map' took 0.092
[2017.12.07-10.27.04:048][349]LogFileHelpers: Editor autosave (incl. sublevels) for '/Game/VirtualRealityBP/Maps/EVR_Map' took 0.074
[2017.12.07-10.39.17:206][830]LogSavePackage: Save=244.22ms
[2017.12.07-10.39.17:207][830]LogSavePackage: Moving '../../../../Github/Masterarbeit/Saved/EVR_Map_Auto31D76C9EA4311DEE67240AFA5080EB186.tmp' to '../../../../Github/Masterarbeit/Saved/Autosaves/Game/VirtualRealityBP/Maps/EVR_Map_Auto3.umap'
[2017.12.07-10.39.17:209][830]LogSavePackage: Display: Finished SavePackage ../../../../Github/Masterarbeit/Saved/Autosaves/Game/VirtualRealityBP/Maps/EVR_Map_Auto3.umap
[2017.12.07-10.39.17:236][830]LogFileHelpers: Editor autosave (incl. sublevels) for '/Game/VirtualRealityBP/Maps/EVR_Map' took 0.562
[2017.12.07-10.39.17:236][830]LogFileHelpers: Editor autosave (incl. sublevels) for all levels took 0.562
[2017.12.07-10.39.17:240][830]OBJ SavePackage: Generating thumbnails for [1] asset(s) in package [/Game/VirtualRealityBP/Blueprints/Goal_BP] ([1] browsable assets)...
[2017.12.07-10.39.17:292][830]OBJ SavePackage:     Rendered thumbnail for [Blueprint /Game/VirtualRealityBP/Blueprints/Goal_BP.Goal_BP]
[2017.12.07-10.39.17:292][830]OBJ SavePackage: Finished generating thumbnails for package [/Game/VirtualRealityBP/Blueprints/Goal_BP]
[2017.12.07-10.39.17:349][830]LogSavePackage: Save=40.03ms
[2017.12.07-10.39.17:349][830]LogSavePackage: Moving '../../../../Github/Masterarbeit/Saved/Goal_BP_Auto3AB3FA9274A44438E05D9E6902DD11806.tmp' to '../../../../Github/Masterarbeit/Saved/Autosaves/Game/VirtualRealityBP/Blueprints/Goal_BP_Auto3.uasset'
[2017.12.07-10.39.17:351][830]LogSavePackage: Display: Finished SavePackage ../../../../Github/Masterarbeit/Saved/Autosaves/Game/VirtualRealityBP/Blueprints/Goal_BP_Auto3.uasset
[2017.12.07-10.39.17:351][830]LogFileHelpers: Auto-saving content packages took 0.113
[2017.12.07-10.39.41:915][228]Cmd: OBJ SAVEPACKAGE PACKAGE="/Game/VirtualRealityBP/Blueprints/Goal_BP" FILE="../../../../Github/Masterarbeit/Content/VirtualRealityBP/Blueprints/Goal_BP.uasset" SILENT=true
[2017.12.07-10.39.41:942][228]LogSavePackage: Save=11.16ms
[2017.12.07-10.39.41:942][228]LogSavePackage: Moving '../../../../Github/Masterarbeit/Saved/Goal_BP3761388047CB4AC5B227368990260464.tmp' to '../../../../Github/Masterarbeit/Content/VirtualRealityBP/Blueprints/Goal_BP.uasset'
[2017.12.07-10.39.41:947][228]LogSavePackage: Display: Finished SavePackage ../../../../Github/Masterarbeit/Content/VirtualRealityBP/Blueprints/Goal_BP.uasset
[2017.12.07-10.39.41:953][228]Cmd: OBJ SAVEPACKAGE PACKAGE="/Game/VirtualRealityBP/Blueprints/Level_EVR_1/DELETE" FILE="../../../../Github/Masterarbeit/Content/VirtualRealityBP/Blueprints/Level_EVR_1/DELETE.uasset" SILENT=true
[2017.12.07-10.39.41:992][228]LogSavePackage: Save=37.74ms
[2017.12.07-10.39.41:992][228]LogSavePackage: Moving '../../../../Github/Masterarbeit/Saved/DELETE0E9C3F814739FE2662CEFE841FF49A21.tmp' to '../../../../Github/Masterarbeit/Content/VirtualRealityBP/Blueprints/Level_EVR_1/DELETE.uasset'
[2017.12.07-10.39.41:996][228]LogSavePackage: Display: Finished SavePackage ../../../../Github/Masterarbeit/Content/VirtualRealityBP/Blueprints/Level_EVR_1/DELETE.uasset
[2017.12.07-10.39.42:241][228]LogSavePackage: Save=151.64ms
[2017.12.07-10.39.42:241][228]LogSavePackage: Moving '../../../../Github/Masterarbeit/Saved/EVR_ScoreHUD3AB4B80D46895F2A1A97C7825412EDCB.tmp' to '../../../../Github/Masterarbeit/Content/VirtualRealityBP/Blueprints/Level_EVR_1/EVR_ScoreHUD.uasset'
[2017.12.07-10.39.42:250][228]LogSavePackage: Display: Finished SavePackage ../../../../Github/Masterarbeit/Content/VirtualRealityBP/Blueprints/Level_EVR_1/EVR_ScoreHUD.uasset
[2017.12.07-10.39.42:906][228]Cmd: OBJ SAVEPACKAGE PACKAGE="/Game/VirtualRealityBP/Maps/EVR_Map" FILE="../../../../Github/Masterarbeit/Content/VirtualRealityBP/Maps/EVR_Map.umap" SILENT=true AUTOSAVING=false KEEPDIRTY=false
[2017.12.07-10.39.43:104][228]LogSavePackage: Save=157.48ms
[2017.12.07-10.39.43:104][228]LogSavePackage: Moving '../../../../Github/Masterarbeit/Saved/EVR_Map7566E09445E7928C482C3E8364E217CA.tmp' to '../../../../Github/Masterarbeit/Content/VirtualRealityBP/Maps/EVR_Map.umap'
[2017.12.07-10.39.43:122][228]LogSavePackage: Display: Finished SavePackage ../../../../Github/Masterarbeit/Content/VirtualRealityBP/Maps/EVR_Map.umap
[2017.12.07-10.39.43:157][228]LogFileHelpers: Saving map 'EVR_Map' took 0.877
[2017.12.07-10.39.43:169][228]Cmd: MAP LOAD FILE="../../../../Github/Masterarbeit/Content/VirtualRealityBP/Maps/EVR_Map_2.umap" TEMPLATE=0 SHOWPROGRESS=1 FEATURELEVEL=3
[2017.12.07-10.39.43:212][228]LightingResults: New page: Lighting Build
[2017.12.07-10.39.43:213][228]LoadErrors: New page: Loading map: EVR_Map_2.umap
[2017.12.07-10.39.43:219][228]MapCheck: New page: Map Check
[2017.12.07-10.39.43:219][228]LightingResults: New page: Lighting Build
[2017.12.07-10.39.43:552][228]LogMaterial: Missing cached shader map for material BasicShapeMaterial, compiling. 
[2017.12.07-10.39.44:062][228]LogAIModule: Creating AISystem for world EVR_Map_2
[2017.12.07-10.39.44:401][228]LogEditorServer: Finished looking for orphan Actors (0.000 secs)
[2017.12.07-10.39.44:512][228]Cmd: MAP CHECKDEP NOCLEARLOG
[2017.12.07-10.39.44:573][228]MapCheck: Map check complete: 0 Error(s), 0 Warning(s), took 60.134ms to complete.
[2017.12.07-10.39.44:573][228]LogFileHelpers: Loading map 'EVR_Map_2' took 1.408
[2017.12.07-10.39.58:346][489]LogScript: Warning: Accessed None trying to read property K2Node_DynamicCast_AsPrototype_Gamemode
	MovingPlayer_BP_2_C /Engine/Transient.World_11:PersistentLevel.MovingPlayer_BP_2_C_1
	Function /Game/VirtualRealityBP/Blueprints/Level_EVR_2/MovingPlayer_BP_2.MovingPlayer_BP_2_C:ExecuteUbergraph_MovingPlayer_BP_2:01CA
[2017.12.07-10.49.47:502][337]LogFileHelpers: Editor autosave (incl. sublevels) for '/Game/VirtualRealityBP/Maps/EVR_Map_2' took 0.026
[2017.12.07-10.49.47:504][337]OBJ SavePackage: Generating thumbnails for [0] asset(s) in package [/Game/VirtualRealityBP/Blueprints/Level_EVR_1/EVR_TriggerBoxGoal_Blueprint] ([1] browsable assets)...
[2017.12.07-10.49.47:505][337]OBJ SavePackage: Finished generating thumbnails for package [/Game/VirtualRealityBP/Blueprints/Level_EVR_1/EVR_TriggerBoxGoal_Blueprint]
[2017.12.07-10.49.47:622][337]LogSavePackage: Save=52.79ms
[2017.12.07-10.49.47:622][337]LogSavePackage: Moving '../../../../Github/Masterarbeit/Saved/EVR_TriggerBoxGoal_Blueprint_Auto46E3786094A3F698C7FE585B555654AAA.tmp' to '../../../../Github/Masterarbeit/Saved/Autosaves/Game/VirtualRealityBP/Blueprints/Level_EVR_1/EVR_TriggerBoxGoal_Blueprint_Auto4.uasset'
[2017.12.07-10.49.47:623][337]LogSavePackage: Display: Finished SavePackage ../../../../Github/Masterarbeit/Saved/Autosaves/Game/VirtualRealityBP/Blueprints/Level_EVR_1/EVR_TriggerBoxGoal_Blueprint_Auto4.uasset
[2017.12.07-10.49.47:623][337]LogFileHelpers: Auto-saving content packages took 0.121
[2017.12.07-10.57.24:612][802]LogSavePackage: Save=44.08ms
[2017.12.07-10.57.24:612][802]LogSavePackage: Moving '../../../../Github/Masterarbeit/Saved/EVR_TriggerBoxGoal_Blueprint24F2158E4D2C8B7E6F5FAD83B79C2D68.tmp' to '../../../../Github/Masterarbeit/Content/VirtualRealityBP/Blueprints/Level_EVR_1/EVR_TriggerBoxGoal_Blueprint.uasset'
[2017.12.07-10.57.24:616][802]LogSavePackage: Display: Finished SavePackage ../../../../Github/Masterarbeit/Content/VirtualRealityBP/Blueprints/Level_EVR_1/EVR_TriggerBoxGoal_Blueprint.uasset
[2017.12.07-10.57.24:632][802]Cmd: MAP LOAD FILE="../../../../Github/Masterarbeit/Content/VirtualRealityBP/Maps/EVR_Map.umap" TEMPLATE=0 SHOWPROGRESS=1 FEATURELEVEL=3
[2017.12.07-10.57.24:680][802]LightingResults: New page: Lighting Build
[2017.12.07-10.57.24:681][802]LoadErrors: New page: Loading map: EVR_Map.umap
[2017.12.07-10.57.24:687][802]MapCheck: New page: Map Check
[2017.12.07-10.57.24:687][802]LightingResults: New page: Lighting Build
[2017.12.07-10.57.26:488][802]LogAIModule: Creating AISystem for world EVR_Map
[2017.12.07-10.57.26:669][802]LogEditorServer: Finished looking for orphan Actors (0.000 secs)
[2017.12.07-10.57.26:740][802]Cmd: MAP CHECKDEP NOCLEARLOG
[2017.12.07-10.57.26:786][802]MapCheck: Map check complete: 0 Error(s), 0 Warning(s), took 45.237ms to complete.
[2017.12.07-10.57.26:786][802]LogFileHelpers: Loading map 'EVR_Map' took 2.159
[2017.12.07-11.07.23:611][636]LogFileHelpers: Editor autosave (incl. sublevels) for '/Game/VirtualRealityBP/Maps/EVR_Map' took 0.032
[2017.12.07-11.07.23:614][636]OBJ SavePackage: Generating thumbnails for [0] asset(s) in package [/Game/VirtualRealityBP/Blueprints/Level_EVR_1/EVR_TriggerBoxNoGoal_BP_Blueprint] ([1] browsable assets)...
[2017.12.07-11.07.23:614][636]OBJ SavePackage: Finished generating thumbnails for package [/Game/VirtualRealityBP/Blueprints/Level_EVR_1/EVR_TriggerBoxNoGoal_BP_Blueprint]
[2017.12.07-11.07.25:421][636]LogSavePackage: Save=75.65ms
[2017.12.07-11.07.25:421][636]LogSavePackage: Moving '../../../../Github/Masterarbeit/Saved/EVR_TriggerBoxNoGoal_BP_Blueprint_Auto52104ACD34A81E32617D9939C35AD665F.tmp' to '../../../../Github/Masterarbeit/Saved/Autosaves/Game/VirtualRealityBP/Blueprints/Level_EVR_1/EVR_TriggerBoxNoGoal_BP_Blueprint_Auto5.uasset'
[2017.12.07-11.07.25:429][636]LogSavePackage: Display: Finished SavePackage ../../../../Github/Masterarbeit/Saved/Autosaves/Game/VirtualRealityBP/Blueprints/Level_EVR_1/EVR_TriggerBoxNoGoal_BP_Blueprint_Auto5.uasset
[2017.12.07-11.07.25:429][636]LogFileHelpers: Auto-saving content packages took 1.817
[2017.12.07-11.25.35:270][332]LogRenderer: Reallocating scene render targets to support 1616x1000 Format 26 NumSamples 1 (Frame:8211).
[2017.12.07-13.08.06:261][346]LogD3D11RHI: Timed out while waiting for GPU to catch up. (0.5 s)
[2017.12.07-13.24.45:324][829]LogEditorTransaction: Undo Move Node
[2017.12.07-13.25.12:793][969]LogFileHelpers: Editor autosave (incl. sublevels) for '/Game/VirtualRealityBP/Maps/EVR_Map' took 0.488
[2017.12.07-13.25.12:880][969]OBJ SavePackage: Generating thumbnails for [0] asset(s) in package [/Game/VirtualRealityBP/Blueprints/Prototype_Gamemode] ([1] browsable assets)...
[2017.12.07-13.25.12:895][969]OBJ SavePackage: Finished generating thumbnails for package [/Game/VirtualRealityBP/Blueprints/Prototype_Gamemode]
[2017.12.07-13.25.13:620][969]LogSavePackage: Save=365.74ms
[2017.12.07-13.25.13:620][969]LogSavePackage: Moving '../../../../Github/Masterarbeit/Saved/Prototype_Gamemode_Auto6CC3CD5D14DD91DC8DACA9E8B427E2E5C.tmp' to '../../../../Github/Masterarbeit/Saved/Autosaves/Game/VirtualRealityBP/Blueprints/Prototype_Gamemode_Auto6.uasset'
[2017.12.07-13.25.13:623][969]LogSavePackage: Display: Finished SavePackage ../../../../Github/Masterarbeit/Saved/Autosaves/Game/VirtualRealityBP/Blueprints/Prototype_Gamemode_Auto6.uasset
[2017.12.07-13.25.13:623][969]LogFileHelpers: Auto-saving content packages took 0.815
[2017.12.07-15.12.31:778][ 61]LogSavePackage: Save=292.88ms
[2017.12.07-15.12.31:779][ 61]LogSavePackage: Moving '../../../../Github/Masterarbeit/Saved/EVR_TriggerBoxNoGoal_BP_Blueprint527566E94B4A4319F1222BAD088C7FA4.tmp' to '../../../../Github/Masterarbeit/Content/VirtualRealityBP/Blueprints/Level_EVR_1/EVR_TriggerBoxNoGoal_BP_Blueprint.uasset'
[2017.12.07-15.12.31:803][ 61]LogSavePackage: Display: Finished SavePackage ../../../../Github/Masterarbeit/Content/VirtualRealityBP/Blueprints/Level_EVR_1/EVR_TriggerBoxNoGoal_BP_Blueprint.uasset
[2017.12.07-15.12.31:808][ 61]Cmd: OBJ SAVEPACKAGE PACKAGE="/Game/VirtualRealityBP/Blueprints/Prototype_Gamemode" FILE="../../../../Github/Masterarbeit/Content/VirtualRealityBP/Blueprints/Prototype_Gamemode.uasset" SILENT=true
[2017.12.07-15.12.31:883][ 61]LogSavePackage: Save=36.12ms
[2017.12.07-15.12.31:883][ 61]LogSavePackage: Moving '../../../../Github/Masterarbeit/Saved/Prototype_Gamemode197C21354ED4464663B858B52BCD7734.tmp' to '../../../../Github/Masterarbeit/Content/VirtualRealityBP/Blueprints/Prototype_Gamemode.uasset'
[2017.12.07-15.12.31:887][ 61]LogSavePackage: Display: Finished SavePackage ../../../../Github/Masterarbeit/Content/VirtualRealityBP/Blueprints/Prototype_Gamemode.uasset
[2017.12.07-15.12.33:202][ 61]LogActorComponent: UnregisterComponent: (/Engine/Transient.EditorFloorComp) Not registered. Aborting.
[2017.12.07-15.12.33:483][ 61]LogActorComponent: UnregisterComponent: (/Engine/Transient.EditorFloorComp) Not registered. Aborting.
[2017.12.07-15.12.33:724][ 61]LogActorComponent: UnregisterComponent: (/Engine/Transient.EditorFloorComp) Not registered. Aborting.
[2017.12.07-15.12.33:931][ 61]LogActorComponent: UnregisterComponent: (/Engine/Transient.EditorFloorComp) Not registered. Aborting.
[2017.12.07-15.12.34:539][ 61]LogWindowsTextInputMethodSystem: Display: IME system now deactivated.
[2017.12.07-15.12.35:520][ 62]Cmd: QUIT_EDITOR
[2017.12.07-15.12.36:679][ 62]LogExit: Preparing to exit.
[2017.12.07-15.12.39:354][ 62]LogDirectoryWatcher: A directory notification for 'D:/Github/Masterarbeit/Content/' was aborted.
[2017.12.07-15.12.40:700][ 62]LogExit: Editor shut down
[2017.12.07-15.12.40:815][ 62]LogExit: Transaction tracking system shut down
[2017.12.07-15.12.41:459][ 62]LogDirectoryWatcher: A directory notification for '../../../Engine/Content/' was aborted.
[2017.12.07-15.12.41:459][ 62]LogDirectoryWatcher: A directory notification for '../../../../Github/Masterarbeit/Content/' was aborted.
[2017.12.07-15.12.41:459][ 62]LogDirectoryWatcher: A directory notification for '../../../Engine/Plugins/2D/Paper2D/Content/' was aborted.
[2017.12.07-15.12.41:459][ 62]LogDirectoryWatcher: A directory notification for '../../../Engine/Plugins/Runtime/Oculus/OculusVR/Content/' was aborted.
[2017.12.07-15.12.41:459][ 62]LogDirectoryWatcher: A directory notification for '../../../Engine/Plugins/Runtime/Steam/SteamVR/Content/' was aborted.
[2017.12.07-15.12.46:149][ 62]LogExit: Object subsystem successfully closed.
[2017.12.07-15.12.46:903][ 62]LogD3D11RHI: Shutdown
[2017.12.07-15.12.46:904][ 62]LogD3D11RHI: CleanupD3DDevice
[2017.12.07-15.12.47:776][ 62]LogD3D11RHI: ~FD3D11DynamicRHI
[2017.12.07-15.12.51:404][ 62]LogModuleManager: Shutting down and abandoning module SequencerWidgets (538)
[2017.12.07-15.12.51:404][ 62]LogModuleManager: Shutting down and abandoning module BlueprintGraph (536)
[2017.12.07-15.12.51:404][ 62]LogModuleManager: Shutting down and abandoning module BlueprintProfiler (534)
[2017.12.07-15.12.51:430][ 62]LogModuleManager: Shutting down and abandoning module HierarchicalLODOutliner (532)
[2017.12.07-15.12.51:430][ 62]LogModuleManager: Shutting down and abandoning module SceneOutliner (530)
[2017.12.07-15.12.51:435][ 62]LogModuleManager: Shutting down and abandoning module AddContentDialog (528)
[2017.12.07-15.12.51:506][ 62]LogDirectoryWatcher: A directory notification for 'D:/UE_4.17/FeaturePacks/' was aborted.
[2017.12.07-15.12.51:530][ 62]LogModuleManager: Shutting down and abandoning module WidgetCarousel (527)
[2017.12.07-15.12.51:530][ 62]LogModuleManager: Shutting down and abandoning module EditorWidgets (524)
[2017.12.07-15.12.51:530][ 62]LogModuleManager: Shutting down and abandoning module CollectionManager (522)
[2017.12.07-15.12.51:577][ 62]LogDirectoryWatcher: A directory notification for 'D:/Github/Masterarbeit/Content/Collections/' was aborted.
[2017.12.07-15.12.51:577][ 62]LogDirectoryWatcher: A directory notification for 'D:/Github/Masterarbeit/Content/Developers/danie/Collections/' was aborted.
[2017.12.07-15.12.51:577][ 62]LogDirectoryWatcher: A directory notification for 'D:/Github/Masterarbeit/Saved/Collections/' was aborted.
[2017.12.07-15.12.51:577][ 62]LogModuleManager: Shutting down and abandoning module StatsViewer (520)
[2017.12.07-15.12.51:611][ 62]LogModuleManager: Shutting down and abandoning module FoliageEdit (518)
[2017.12.07-15.12.51:611][ 62]LogModuleManager: Shutting down and abandoning module LandscapeEditor (516)
[2017.12.07-15.12.51:670][ 62]LogModuleManager: Shutting down and abandoning module MeshPaintMode (514)
[2017.12.07-15.12.51:684][ 62]LogModuleManager: Shutting down and abandoning module SceneDepthPickerMode (512)
[2017.12.07-15.12.51:684][ 62]LogModuleManager: Shutting down and abandoning module ActorPickerMode (510)
[2017.12.07-15.12.51:684][ 62]LogModuleManager: Shutting down and abandoning module GeometryMode (508)
[2017.12.07-15.12.51:684][ 62]LogModuleManager: Shutting down and abandoning module TextureAlignMode (506)
[2017.12.07-15.12.51:684][ 62]LogModuleManager: Shutting down and abandoning module BspMode (504)
[2017.12.07-15.12.51:684][ 62]LogModuleManager: Shutting down and abandoning module PIEPreviewDeviceProfileSelector (502)
[2017.12.07-15.12.51:699][ 62]LogModuleManager: Shutting down and abandoning module HardwareSurvey (500)
[2017.12.07-15.12.51:703][ 62]LogModuleManager: Shutting down and abandoning module SequenceRecorderSections (498)
[2017.12.07-15.12.51:712][ 62]LogModuleManager: Shutting down and abandoning module AutomationWorker (496)
[2017.12.07-15.12.51:727][ 62]LogModuleManager: Shutting down and abandoning module MatineeToLevelSequence (494)
[2017.12.07-15.12.51:778][ 62]LogModuleManager: Shutting down and abandoning module LevelSequenceEditor (492)
[2017.12.07-15.12.51:794][ 62]LogModuleManager: Shutting down and abandoning module PlacementMode (491)
[2017.12.07-15.12.51:794][ 62]LogModuleManager: Shutting down and abandoning module WmfMediaFactory (488)
[2017.12.07-15.12.51:794][ 62]LogModuleManager: Shutting down and abandoning module WmfMediaEditor (486)
[2017.12.07-15.12.51:795][ 62]LogModuleManager: Shutting down and abandoning module AvfMediaFactory (484)
[2017.12.07-15.12.51:795][ 62]LogModuleManager: Shutting down and abandoning module AvfMediaEditor (482)
[2017.12.07-15.12.51:795][ 62]LogModuleManager: Shutting down and abandoning module AndroidMediaFactory (480)
[2017.12.07-15.12.51:795][ 62]LogModuleManager: Shutting down and abandoning module Media (479)
[2017.12.07-15.12.51:795][ 62]LogModuleManager: Shutting down and abandoning module AndroidMediaEditor (476)
[2017.12.07-15.12.51:795][ 62]LogModuleManager: Shutting down and abandoning module CharacterAI (474)
[2017.12.07-15.12.51:795][ 62]LogModuleManager: Shutting down and abandoning module AudioCapture (472)
[2017.12.07-15.12.51:803][ 62]LogModuleManager: Shutting down and abandoning module SequenceRecorder (471)
[2017.12.07-15.12.51:808][ 62]LogModuleManager: Shutting down and abandoning module SmartSnapping (468)
[2017.12.07-15.12.51:809][ 62]LogModuleManager: Shutting down and abandoning module SessionServices (466)
[2017.12.07-15.12.51:809][ 62]LogModuleManager: Shutting down and abandoning module ViewportSnapping (464)
[2017.12.07-15.12.51:809][ 62]LogModuleManager: Shutting down and abandoning module ViewportInteraction (462)
[2017.12.07-15.12.51:816][ 62]LogModuleManager: Shutting down and abandoning module ClothPainter (460)
[2017.12.07-15.12.51:829][ 62]LogModuleManager: Shutting down and abandoning module LogVisualizer (458)
[2017.12.07-15.12.51:852][ 62]LogModuleManager: Shutting down and abandoning module IntroTutorials (456)
[2017.12.07-15.12.51:885][ 62]LogModuleManager: Shutting down and abandoning module GameProjectGeneration (455)
[2017.12.07-15.12.51:905][ 62]LogModuleManager: Shutting down and abandoning module IOSPlatformEditor (452)
[2017.12.07-15.12.51:913][ 62]LogModuleManager: Shutting down and abandoning module HTML5PlatformEditor (450)
[2017.12.07-15.12.51:913][ 62]LogModuleManager: Shutting down and abandoning module AndroidPlatformEditor (448)
[2017.12.07-15.12.51:913][ 62]LogModuleManager: Shutting down and abandoning module AndroidDeviceDetection (447)
[2017.12.07-15.12.52:355][ 62]LogModuleManager: Shutting down and abandoning module WindowsPlatformEditor (444)
[2017.12.07-15.12.52:355][ 62]LogModuleManager: Shutting down and abandoning module IOSRuntimeSettings (442)
[2017.12.07-15.12.52:355][ 62]LogModuleManager: Shutting down and abandoning module AndroidRuntimeSettings (440)
[2017.12.07-15.12.52:355][ 62]LogModuleManager: Shutting down and abandoning module InputBindingEditor (438)
[2017.12.07-15.12.52:373][ 62]LogModuleManager: Shutting down and abandoning module MergeActors (436)
[2017.12.07-15.12.52:400][ 62]LogModuleManager: Shutting down and abandoning module SizeMap (434)
[2017.12.07-15.12.52:410][ 62]LogModuleManager: Shutting down and abandoning module TreeMap (432)
[2017.12.07-15.12.52:415][ 62]LogModuleManager: Shutting down and abandoning module ReferenceViewer (430)
[2017.12.07-15.12.52:424][ 62]LogModuleManager: Shutting down and abandoning module LocalizationDashboard (428)
[2017.12.07-15.12.52:458][ 62]LogModuleManager: Shutting down and abandoning module LocalizationService (427)
[2017.12.07-15.12.52:464][ 62]LogModuleManager: Shutting down and abandoning module HardwareTargeting (424)
[2017.12.07-15.12.52:464][ 62]LogModuleManager: Shutting down and abandoning module DeviceProfileEditor (422)
[2017.12.07-15.12.52:470][ 62]LogModuleManager: Shutting down and abandoning module UndoHistory (420)
[2017.12.07-15.12.52:479][ 62]LogModuleManager: Shutting down and abandoning module XmlParser (418)
[2017.12.07-15.12.52:485][ 62]LogModuleManager: Shutting down and abandoning module Blutility (416)
[2017.12.07-15.12.52:485][ 62]LogModuleManager: Shutting down and abandoning module ProjectSettingsViewer (414)
[2017.12.07-15.12.52:485][ 62]LogModuleManager: Shutting down and abandoning module ProjectTargetPlatformEditor (413)
[2017.12.07-15.12.52:490][ 62]LogModuleManager: Shutting down and abandoning module EditorSettingsViewer (410)
[2017.12.07-15.12.52:490][ 62]LogModuleManager: Shutting down and abandoning module SettingsEditor (408)
[2017.12.07-15.12.52:502][ 62]LogModuleManager: Shutting down and abandoning module ProjectLauncher (406)
[2017.12.07-15.12.52:516][ 62]LogModuleManager: Shutting down and abandoning module SessionFrontend (404)
[2017.12.07-15.12.52:520][ 62]LogModuleManager: Shutting down and abandoning module ProfilerClient (402)
[2017.12.07-15.12.52:527][ 62]LogModuleManager: Shutting down and abandoning module DeviceManager (400)
[2017.12.07-15.12.52:538][ 62]LogModuleManager: Shutting down and abandoning module TargetDeviceServices (399)
[2017.12.07-15.12.52:604][ 62]LogModuleManager: Shutting down and abandoning module AutomationController (396)
[2017.12.07-15.12.52:635][ 62]LogModuleManager: Shutting down and abandoning module AutomationWindow (394)
[2017.12.07-15.12.52:658][ 62]LogModuleManager: Shutting down and abandoning module Layers (392)
[2017.12.07-15.12.52:669][ 62]LogModuleManager: Shutting down and abandoning module ComponentVisualizers (390)
[2017.12.07-15.12.52:669][ 62]LogModuleManager: Shutting down and abandoning module DetailCustomizations (388)
[2017.12.07-15.12.52:694][ 62]LogModuleManager: Shutting down and abandoning module PackagesDialog (386)
[2017.12.07-15.12.52:694][ 62]LogModuleManager: Shutting down and abandoning module Persona (384)
[2017.12.07-15.12.52:721][ 62]LogModuleManager: Shutting down and abandoning module AdvancedPreviewScene (383)
[2017.12.07-15.12.52:721][ 62]LogModuleManager: Shutting down and abandoning module AnimGraph (381)
[2017.12.07-15.12.52:729][ 62]LogModuleManager: Shutting down and abandoning module Kismet (378)
[2017.12.07-15.12.52:768][ 62]LogModuleManager: Shutting down and abandoning module ClassViewer (376)
[2017.12.07-15.12.52:832][ 62]LogModuleManager: Shutting down and abandoning module Toolbox (374)
[2017.12.07-15.12.52:839][ 62]LogModuleManager: Shutting down and abandoning module ModuleUI (372)
[2017.12.07-15.12.52:849][ 62]LogModuleManager: Shutting down and abandoning module MovieSceneTools (370)
[2017.12.07-15.12.52:898][ 62]LogModuleManager: Shutting down and abandoning module OutputLog (368)
[2017.12.07-15.12.52:915][ 62]LogModuleManager: Shutting down and abandoning module GammaUI (366)
[2017.12.07-15.12.52:926][ 62]LogModuleManager: Shutting down and abandoning module Documentation (364)
[2017.12.07-15.12.52:927][ 62]LogModuleManager: Shutting down and abandoning module MovieSceneTracks (362)
[2017.12.07-15.12.52:927][ 62]LogModuleManager: Shutting down and abandoning module MovieScene (360)
[2017.12.07-15.12.52:927][ 62]LogModuleManager: Shutting down and abandoning module Niagara (358)
[2017.12.07-15.12.52:927][ 62]LogModuleManager: Shutting down and abandoning module NiagaraEditor (357)
[2017.12.07-15.12.52:973][ 62]LogModuleManager: Shutting down and abandoning module StreamingPauseRendering (354)
[2017.12.07-15.12.52:978][ 62]LogModuleManager: Shutting down and abandoning module LauncherPlatform (352)
[2017.12.07-15.12.52:978][ 62]LogModuleManager: Shutting down and abandoning module AnalyticsET (350)
[2017.12.07-15.12.52:978][ 62]LogModuleManager: Shutting down and abandoning module PortalServices (348)
[2017.12.07-15.12.52:978][ 62]LogModuleManager: Shutting down and abandoning module PortalRpc (346)
[2017.12.07-15.12.52:978][ 62]LogModuleManager: Shutting down and abandoning module MessagingRpc (344)
[2017.12.07-15.12.52:978][ 62]LogModuleManager: Shutting down and abandoning module AIModule (342)
[2017.12.07-15.12.52:991][ 62]LogModuleManager: Shutting down and abandoning module GameplayDebugger (341)
[2017.12.07-15.12.53:004][ 62]LogModuleManager: Shutting down and abandoning module AITestSuite (339)
[2017.12.07-15.12.53:008][ 62]LogModuleManager: Shutting down and abandoning module ProfilerService (336)
[2017.12.07-15.12.53:024][ 62]LogModuleManager: Shutting down and abandoning module TaskGraph (334)
[2017.12.07-15.12.53:061][ 62]LogModuleManager: Shutting down and abandoning module SteamVRController (332)
[2017.12.07-15.12.53:061][ 62]LogModuleManager: Shutting down and abandoning module ProceduralMeshComponentEditor (330)
[2017.12.07-15.12.53:061][ 62]LogModuleManager: Shutting down and abandoning module ProceduralMeshComponent (328)
[2017.12.07-15.12.53:061][ 62]LogModuleManager: Shutting down and abandoning module OculusInput (326)
[2017.12.07-15.12.53:061][ 62]LogModuleManager: Shutting down and abandoning module MobilePatchingUtils (324)
[2017.12.07-15.12.53:061][ 62]LogModuleManager: Shutting down and abandoning module CustomMeshComponent (322)
[2017.12.07-15.12.53:061][ 62]LogModuleManager: Shutting down and abandoning module CableComponent (320)
[2017.12.07-15.12.53:061][ 62]LogModuleManager: Shutting down and abandoning module ArchVisCharacter (318)
[2017.12.07-15.12.53:061][ 62]LogModuleManager: Shutting down and abandoning module AndroidPermission (316)
[2017.12.07-15.12.53:062][ 62]LogModuleManager: Shutting down and abandoning module MediaPlayerEditor (312)
[2017.12.07-15.12.53:102][ 62]LogModuleManager: Shutting down and abandoning module HTML5Networking (310)
[2017.12.07-15.12.53:102][ 62]LogModuleManager: Shutting down and abandoning module AlembicImporter (308)
[2017.12.07-15.12.53:112][ 62]LogModuleManager: Shutting down and abandoning module AlembicLibrary (307)
[2017.12.07-15.12.53:113][ 62]LogModuleManager: Shutting down and abandoning module GeometryCache (306)
[2017.12.07-15.12.53:113][ 62]LogModuleManager: Shutting down and abandoning module GeometryCacheEd (305)
[2017.12.07-15.12.53:113][ 62]LogModuleManager: Shutting down and abandoning module SpeedTreeImporter (300)
[2017.12.07-15.12.53:113][ 62]LogModuleManager: Shutting down and abandoning module PluginBrowser (298)
[2017.12.07-15.12.53:161][ 62]LogModuleManager: Shutting down and abandoning module MobileLauncherProfileWizard (296)
[2017.12.07-15.12.53:192][ 62]LogModuleManager: Shutting down and abandoning module VisualStudioSourceCodeAccess (294)
[2017.12.07-15.12.53:198][ 62]LogModuleManager: Shutting down and abandoning module DesktopPlatform (293)
[2017.12.07-15.12.53:205][ 62]LogModuleManager: Shutting down and abandoning module UObjectPlugin (290)
[2017.12.07-15.12.53:205][ 62]LogModuleManager: Shutting down and abandoning module SubversionSourceControl (288)
[2017.12.07-15.12.53:217][ 62]LogModuleManager: Shutting down and abandoning module PerforceSourceControl (286)
[2017.12.07-15.12.53:231][ 62]LogModuleManager: Shutting down and abandoning module GitSourceControl (284)
[2017.12.07-15.12.53:269][ 62]LogModuleManager: Shutting down and abandoning module SourceControl (283)
[2017.12.07-15.12.53:284][ 62]LogModuleManager: Shutting down and abandoning module LightPropagationVolumeEditor (280)
[2017.12.07-15.12.53:284][ 62]LogModuleManager: Shutting down and abandoning module PaperTiledImporter (278)
[2017.12.07-15.12.53:284][ 62]LogModuleManager: Shutting down and abandoning module PaperSpriteSheetImporter (276)
[2017.12.07-15.12.53:284][ 62]LogModuleManager: Shutting down and abandoning module Paper2DEditor (274)
[2017.12.07-15.12.53:328][ 62]LogModuleManager: Shutting down and abandoning module MeshPaint (273)
[2017.12.07-15.12.53:341][ 62]LogModuleManager: Shutting down and abandoning module LevelEditor (271)
[2017.12.07-15.12.53:396][ 62]LogModuleManager: Shutting down and abandoning module PixelInspectorModule (270)
[2017.12.07-15.12.53:441][ 62]LogModuleManager: Shutting down and abandoning module MainFrame (268)
[2017.12.07-15.12.53:441][ 62]LogModuleManager: Shutting down and abandoning module HotReload (267)
[2017.12.07-15.12.53:442][ 62]LogDirectoryWatcher: A directory notification for 'D:/Github/Masterarbeit/Plugins/VictoryPlugin/Binaries/Win64' was aborted.
[2017.12.07-15.12.53:454][ 62]LogModuleManager: Shutting down and abandoning module VictoryBPLibrary (262)
[2017.12.07-15.12.53:471][ 62]LogModuleManager: Shutting down and abandoning module RuntimePhysXCooking (260)
[2017.12.07-15.12.53:487][ 62]LogModuleManager: Shutting down and abandoning module PhysXVehiclesEditor (258)
[2017.12.07-15.12.53:496][ 62]LogModuleManager: Shutting down and abandoning module PhysXVehicles (256)
[2017.12.07-15.12.53:496][ 62]LogModuleManager: Shutting down and abandoning module OculusEditor (254)
[2017.12.07-15.12.53:496][ 62]LogModuleManager: Shutting down and abandoning module LocationServicesBPLibrary (252)
[2017.12.07-15.12.53:496][ 62]LogModuleManager: Shutting down and abandoning module ImmediatePhysicsEditor (250)
[2017.12.07-15.12.53:497][ 62]LogModuleManager: Shutting down and abandoning module ImmediatePhysics (248)
[2017.12.07-15.12.53:497][ 62]LogModuleManager: Shutting down and abandoning module UdpMessaging (246)
[2017.12.07-15.12.53:612][ 62]LogModuleManager: Shutting down and abandoning module TcpMessaging (244)
[2017.12.07-15.12.53:712][ 62]LogModuleManager: Shutting down and abandoning module GameplayTagsEditor (242)
[2017.12.07-15.12.53:771][ 62]LogModuleManager: Shutting down and abandoning module FacialAnimationEditor (240)
[2017.12.07-15.12.53:777][ 62]LogModuleManager: Shutting down and abandoning module FacialAnimation (238)
[2017.12.07-15.12.53:777][ 62]LogModuleManager: Shutting down and abandoning module AssetManagerEditor (236)
[2017.12.07-15.12.53:827][ 62]LogModuleManager: Shutting down and abandoning module GraphEditor (235)
[2017.12.07-15.12.53:827][ 62]LogModuleManager: Shutting down and abandoning module ContentBrowser (233)
[2017.12.07-15.12.53:841][ 62]LogModuleManager: Shutting down and abandoning module LightPropagationVolumeRuntime (230)
[2017.12.07-15.12.53:841][ 62]LogModuleManager: Shutting down and abandoning module Paper2D (228)
[2017.12.07-15.12.53:841][ 62]LogModuleManager: Shutting down and abandoning module WindowsMoviePlayer (226)
[2017.12.07-15.12.53:849][ 62]LogModuleManager: Shutting down and abandoning module WmfMedia (224)
[2017.12.07-15.12.53:869][ 62]LogModuleManager: Shutting down and abandoning module PacketHandler (222)
[2017.12.07-15.12.53:869][ 62]LogModuleManager: Shutting down and abandoning module ClothingSystemEditor (220)
[2017.12.07-15.12.53:869][ 62]LogModuleManager: Shutting down and abandoning module ClothingSystemRuntime (218)
[2017.12.07-15.12.53:889][ 62]LogModuleManager: Shutting down and abandoning module Overlay (216)
[2017.12.07-15.12.53:889][ 62]LogModuleManager: Shutting down and abandoning module OverlayEditor (215)
[2017.12.07-15.12.53:898][ 62]LogModuleManager: Shutting down and abandoning module MediaAssets (212)
[2017.12.07-15.12.53:898][ 62]LogModuleManager: Shutting down and abandoning module VREditor (210)
[2017.12.07-15.12.53:918][ 62]LogModuleManager: Shutting down and abandoning module StringTableEditor (208)
[2017.12.07-15.12.53:925][ 62]LogModuleManager: Shutting down and abandoning module GameplayTasksEditor (206)
[2017.12.07-15.12.53:925][ 62]LogModuleManager: Shutting down and abandoning module BehaviorTreeEditor (204)
[2017.12.07-15.12.53:980][ 62]LogModuleManager: Shutting down and abandoning module FunctionalTesting (202)
[2017.12.07-15.12.53:986][ 62]LogModuleManager: Shutting down and abandoning module CollisionAnalyzer (200)
[2017.12.07-15.12.53:999][ 62]LogModuleManager: Shutting down and abandoning module WorkspaceMenuStructure (199)
[2017.12.07-15.12.54:025][ 62]LogModuleManager: Shutting down and abandoning module UMG (196)
[2017.12.07-15.12.54:025][ 62]LogModuleManager: Shutting down and abandoning module UMGEditor (195)
[2017.12.07-15.12.54:025][ 62]LogModuleManager: Shutting down and abandoning module Sequencer (194)
[2017.12.07-15.12.54:038][ 62]LogModuleManager: Shutting down and abandoning module MessageLog (191)
[2017.12.07-15.12.54:053][ 62]LogModuleManager: Shutting down and abandoning module SlateReflector (186)
[2017.12.07-15.12.54:094][ 62]LogModuleManager: Shutting down and abandoning module Slate (184)
[2017.12.07-15.12.54:094][ 62]LogModuleManager: Shutting down and abandoning module EditorStyle (182)
[2017.12.07-15.12.54:174][ 62]LogModuleManager: Shutting down and abandoning module MRMesh (180)
[2017.12.07-15.12.54:174][ 62]LogModuleManager: Shutting down and abandoning module SourceCodeAccess (178)
[2017.12.07-15.12.54:177][ 62]LogModuleManager: Shutting down and abandoning module HeadMountedDisplay (176)
[2017.12.07-15.12.54:177][ 62]LogModuleManager: Shutting down and abandoning module XAudio2 (174)
[2017.12.07-15.12.54:177][ 62]LogModuleManager: Shutting down and abandoning module Networking (172)
[2017.12.07-15.12.54:177][ 62]LogModuleManager: Shutting down and abandoning module Core (168)
[2017.12.07-15.12.54:177][ 62]LogModuleManager: Shutting down and abandoning module KismetCompiler (164)
[2017.12.07-15.12.54:177][ 62]LogModuleManager: Shutting down and abandoning module LevelSequence (162)
[2017.12.07-15.12.54:177][ 62]LogModuleManager: Shutting down and abandoning module MeshUtilities (160)
[2017.12.07-15.12.54:226][ 62]LogModuleManager: Shutting down and abandoning module MeshMergeUtilities (159)
[2017.12.07-15.12.54:281][ 62]LogModuleManager: Shutting down and abandoning module MeshReductionInterface (158)
[2017.12.07-15.12.54:281][ 62]LogModuleManager: Shutting down and abandoning module SimplygonSwarm (157)
[2017.12.07-15.12.54:292][ 62]LogModuleManager: Shutting down and abandoning module SimplygonMeshReduction (155)
[2017.12.07-15.12.54:310][ 62]LogModuleManager: Shutting down and abandoning module QuadricMeshReduction (153)
[2017.12.07-15.12.54:323][ 62]LogModuleManager: Shutting down and abandoning module MaterialBaking (149)
[2017.12.07-15.12.54:338][ 62]LogModuleManager: Shutting down and abandoning module DirectoryWatcher (146)
[2017.12.07-15.12.54:346][ 62]LogModuleManager: Shutting down and abandoning module DerivedDataCache (144)
[2017.12.07-15.12.54:428][ 62]LogDerivedDataCache: Shutdown
[2017.12.07-15.12.54:428][ 62]LogModuleManager: Shutting down and abandoning module TargetPlatform (142)
[2017.12.07-15.12.54:443][ 62]LogModuleManager: Shutting down and abandoning module VulkanShaderFormat (141)
[2017.12.07-15.12.54:448][ 62]LogModuleManager: Shutting down and abandoning module ShaderFormatVectorVM (139)
[2017.12.07-15.12.54:455][ 62]LogModuleManager: Shutting down and abandoning module ShaderFormatOpenGL (137)
[2017.12.07-15.12.54:466][ 62]LogModuleManager: Shutting down and abandoning module ShaderFormatD3D (135)
[2017.12.07-15.12.54:475][ 62]LogModuleManager: Shutting down and abandoning module MetalShaderFormat (133)
[2017.12.07-15.12.54:496][ 62]LogModuleManager: Shutting down and abandoning module TextureFormatUncompressed (131)
[2017.12.07-15.12.54:496][ 62]LogModuleManager: Shutting down and abandoning module TextureFormatPVR (129)
[2017.12.07-15.12.54:496][ 62]LogModuleManager: Shutting down and abandoning module TextureFormatDXT (127)
[2017.12.07-15.12.54:511][ 62]LogModuleManager: Shutting down and abandoning module TextureFormatIntelISPCTexComp (125)
[2017.12.07-15.12.54:539][ 62]LogModuleManager: Shutting down and abandoning module TextureFormatASTC (123)
[2017.12.07-15.12.54:539][ 62]LogModuleManager: Shutting down and abandoning module ImageWrapper (122)
[2017.12.07-15.12.54:539][ 62]LogModuleManager: Shutting down and abandoning module TextureFormatAndroid (119)
[2017.12.07-15.12.54:540][ 62]LogModuleManager: Shutting down and abandoning module AudioFormatOpus (117)
[2017.12.07-15.12.54:540][ 62]LogModuleManager: Shutting down and abandoning module AudioFormatOgg (115)
[2017.12.07-15.12.54:540][ 62]LogModuleManager: Shutting down and abandoning module AudioFormatADPCM (113)
[2017.12.07-15.12.54:540][ 62]LogModuleManager: Shutting down and abandoning module LinuxTargetPlatform (111)
[2017.12.07-15.12.54:540][ 62]LogModuleManager: Shutting down and abandoning module LinuxServerTargetPlatform (109)
[2017.12.07-15.12.54:542][ 62]LogModuleManager: Shutting down and abandoning module LinuxNoEditorTargetPlatform (107)
[2017.12.07-15.12.54:542][ 62]LogModuleManager: Shutting down and abandoning module LinuxClientTargetPlatform (105)
[2017.12.07-15.12.54:542][ 62]LogModuleManager: Shutting down and abandoning module TVOSTargetPlatform (103)
[2017.12.07-15.12.54:543][ 62]LogModuleManager: Shutting down and abandoning module Messaging (101)
[2017.12.07-15.12.54:544][ 62]LogModuleManager: Shutting down and abandoning module IOSTargetPlatform (99)
[2017.12.07-15.12.54:544][ 62]LogModuleManager: Shutting down and abandoning module HTML5TargetPlatform (97)
[2017.12.07-15.12.54:544][ 62]LogModuleManager: Shutting down and abandoning module Android_PVRTCTargetPlatform (95)
[2017.12.07-15.12.54:544][ 62]LogModuleManager: Shutting down and abandoning module Android_MultiTargetPlatform (93)
[2017.12.07-15.12.54:544][ 62]LogModuleManager: Shutting down and abandoning module Android_ETC2TargetPlatform (91)
[2017.12.07-15.12.54:544][ 62]LogModuleManager: Shutting down and abandoning module Android_ETC1TargetPlatform (89)
[2017.12.07-15.12.54:544][ 62]LogModuleManager: Shutting down and abandoning module Android_DXTTargetPlatform (87)
[2017.12.07-15.12.54:544][ 62]LogModuleManager: Shutting down and abandoning module Android_ATCTargetPlatform (85)
[2017.12.07-15.12.54:545][ 62]LogModuleManager: Shutting down and abandoning module Android_ASTCTargetPlatform (83)
[2017.12.07-15.12.54:545][ 62]LogModuleManager: Shutting down and abandoning module AndroidTargetPlatform (81)
[2017.12.07-15.12.54:545][ 62]LogModuleManager: Shutting down and abandoning module WindowsTargetPlatform (79)
[2017.12.07-15.12.54:545][ 62]LogModuleManager: Shutting down and abandoning module WindowsServerTargetPlatform (77)
[2017.12.07-15.12.54:558][ 62]LogModuleManager: Shutting down and abandoning module WindowsNoEditorTargetPlatform (75)
[2017.12.07-15.12.54:565][ 62]LogModuleManager: Shutting down and abandoning module WindowsClientTargetPlatform (73)
[2017.12.07-15.12.54:573][ 62]LogModuleManager: Shutting down and abandoning module MacTargetPlatform (71)
[2017.12.07-15.12.54:573][ 62]LogModuleManager: Shutting down and abandoning module MacServerTargetPlatform (69)
[2017.12.07-15.12.54:581][ 62]LogModuleManager: Shutting down and abandoning module MacNoEditorTargetPlatform (67)
[2017.12.07-15.12.54:591][ 62]LogModuleManager: Shutting down and abandoning module MacClientTargetPlatform (65)
[2017.12.07-15.12.54:601][ 62]LogModuleManager: Shutting down and abandoning module AllDesktopTargetPlatform (63)
[2017.12.07-15.12.54:601][ 62]LogModuleManager: Shutting down and abandoning module InputCore (60)
[2017.12.07-15.12.54:601][ 62]LogModuleManager: Shutting down and abandoning module Settings (58)
[2017.12.07-15.12.54:602][ 62]LogModuleManager: Shutting down and abandoning module PhysXCooking (56)
[2017.12.07-15.12.54:602][ 62]LogModuleManager: Shutting down and abandoning module SteamVR (54)
[2017.12.07-15.12.54:606][ 62]LogModuleManager: Shutting down and abandoning module OculusHMD (52)
[2017.12.07-15.12.54:615][ 62]LogModuleManager: Shutting down and abandoning module ExampleDeviceProfileSelector (50)
[2017.12.07-15.12.54:615][ 62]LogModuleManager: Shutting down and abandoning module OnlineBlueprintSupport (48)
[2017.12.07-15.12.54:615][ 62]LogModuleManager: Shutting down and abandoning module OnlineSubsystem (44)
[2017.12.07-15.12.54:632][ 62]LogOnline: Display: Unloading online subsystem: NULL
[2017.12.07-15.12.54:669][ 62]LogModuleManager: Shutting down and abandoning module XMPP (43)
[2017.12.07-15.12.54:700][ 62]LogModuleManager: Shutting down and abandoning module HTTP (41)
[2017.12.07-15.12.54:711][ 62]LogHttp: Display: Http module shutting down, but needs to wait on 1 outstanding Http requests:
[2017.12.07-15.12.54:727][ 62]LogHttp: Display: 	verb=[POST] url=[https://datarouter.ol.epicgames.com/datarouter/api/v1/public/data?SessionID=%7BF964B277-41FD-8517-4F72-CDBB6D8ED361%7D&AppID=UEEditor.Rocket.Release&AppVersion=4.17.1-3586342%2B%2B%2BUE4%2BRelease-4.17&UserID=1a4e72b84605f241aedbd0856a2b1682%7C6de05fa92587480fb7882ffc140bd849%7C705478e5-d4b4-468d-9618-97abfa4f769e&AppEnvironment=datacollector-binary&UploadType=eteventstream] status=Processing
[2017.12.07-15.12.54:767][ 62]LogModuleManager: Shutting down and abandoning module SSL (40)
[2017.12.07-15.12.54:820][ 62]LogModuleManager: Shutting down and abandoning module AnimationModifiers (36)
[2017.12.07-15.12.54:839][ 62]LogModuleManager: Shutting down and abandoning module PropertyEditor (35)
[2017.12.07-15.12.54:912][ 62]LogModuleManager: Shutting down and abandoning module AudioEditor (32)
[2017.12.07-15.12.54:940][ 62]LogModuleManager: Shutting down and abandoning module TextureCompressor (30)
[2017.12.07-15.12.54:987][ 62]LogModuleManager: Shutting down and abandoning module ShaderCore (28)
[2017.12.07-15.12.54:987][ 62]LogModuleManager: Shutting down and abandoning module Landscape (26)
[2017.12.07-15.12.54:996][ 62]LogModuleManager: Shutting down and abandoning module SlateRHIRenderer (24)
[2017.12.07-15.12.55:043][ 62]LogModuleManager: Shutting down and abandoning module OpenGLDrv (22)
[2017.12.07-15.12.55:055][ 62]LogModuleManager: Shutting down and abandoning module D3D11RHI (20)
[2017.12.07-15.12.55:055][ 62]LogModuleManager: Shutting down and abandoning module AnimGraphRuntime (18)
[2017.12.07-15.12.55:066][ 62]LogModuleManager: Shutting down and abandoning module Renderer (16)
[2017.12.07-15.12.55:066][ 62]LogModuleManager: Shutting down and abandoning module Engine (14)
[2017.12.07-15.12.55:080][ 62]LogModuleManager: Shutting down and abandoning module CoreUObject (12)
[2017.12.07-15.12.55:080][ 62]LogModuleManager: Shutting down and abandoning module NetworkFile (10)
[2017.12.07-15.12.55:085][ 62]LogModuleManager: Shutting down and abandoning module CookedIterativeFile (8)
[2017.12.07-15.12.55:085][ 62]LogModuleManager: Shutting down and abandoning module StreamingFile (6)
[2017.12.07-15.12.55:096][ 62]LogModuleManager: Shutting down and abandoning module SandboxFile (4)
[2017.12.07-15.12.55:097][ 62]LogModuleManager: Shutting down and abandoning module PakFile (2)
[2017.12.07-15.12.55:168][ 62]LogExit: Exiting.
[2017.12.07-15.12.55:250][ 62]Log file closed, 12/07/17 16:12:55
