Log file open, 07/21/17 10:49:12
LogInit:Display: Running engine for game: DSHockeyGame
LogPlatformFile: Not using cached read wrapper
LogInit:Display: RandInit(867144925) SRandInit(867144925).
LogTaskGraph: Started task graph with 5 named threads and 10 total threads with 1 sets of task threads.
LogStats: Stats thread started at 0.114635
LogInit: Using libcurl 7.47.1
LogInit:  - built for x86_64-pc-win32
LogInit:  - supports SSL with OpenSSL/1.0.2g
LogInit:  - supports HTTP deflate (compression) using libz 1.2.8
LogInit:  - other features:
LogInit:      CURL_VERSION_SSL
LogInit:      CURL_VERSION_LIBZ
LogInit:      CURL_VERSION_IPV6
LogInit:      CURL_VERSION_ASYNCHDNS
LogInit:      CURL_VERSION_LARGEFILE
LogInit:      CURL_VERSION_IDN
LogInit:  CurlRequestOptions (configurable via config and command line):
LogInit:  - bVerifyPeer = false  - Libcurl will NOT verify peer certificate
LogInit:  - bUseHttpProxy = false  - Libcurl will NOT use HTTP proxy
LogInit:  - bDontReuseConnections = false  - Libcurl will reuse connections
LogInit:  - CertBundlePath = nullptr  - Libcurl will use whatever was configured at build time.
LogInit: Build: ++UE4+Release-4.16-CL-3514769
LogInit: Engine Version: 4.16.2-3514769+++UE4+Release-4.16
LogInit: Compatible Engine Version: 4.16.0-3452394+++UE4+Release-4.16
LogInit: Net CL: 3452394
LogDevObjectVersion: Number of dev versions registered: 16
LogDevObjectVersion:   Dev-Blueprints (B0D832E4-1F89-4F0D-ACCF-7EB736FD4AA2): 9
LogDevObjectVersion:   Dev-Build (E1C64328-A22C-4D53-A36C-8E866417BD8C): 0
LogDevObjectVersion:   Dev-Core (375EC13C-06E4-48FB-B500-84F0262A717E): 2
LogDevObjectVersion:   Dev-Editor (E4B068ED-F494-42E9-A231-DA0B2E46BB41): 17
LogDevObjectVersion:   Dev-Framework (CFFC743F-43B0-4480-9391-14DF171D2073): 23
LogDevObjectVersion:   Dev-Mobile (B02B49B5-BB20-44E9-A304-32B752E40360): 0
LogDevObjectVersion:   Dev-Networking (A4E4105C-59A1-49B5-A7C5-40C4547EDFEE): 0
LogDevObjectVersion:   Dev-Online (39C831C9-5AE6-47DC-9A44-9C173E1C8E7C): 0
LogDevObjectVersion:   Dev-Physics (78F01B33-EBEA-4F98-B9B4-84EACCB95AA2): 0
LogDevObjectVersion:   Dev-Platform (6631380F-2D4D-43E0-8009-CF276956A95A): 0
LogDevObjectVersion:   Dev-Rendering (12F88B9F-8875-4AFC-A67C-D90C383ABD29): 15
LogDevObjectVersion:   Dev-Sequencer (7B5AE74C-D270-4C10-A958-57980B212A5A): 4
LogDevObjectVersion:   Dev-VR (D7296918-1DD6-4BDD-9DE2-64A83CC13884): 0
LogDevObjectVersion:   Dev-LoadTimes (C2A15278-BFE7-4AFE-6C17-90FF531DF755): 1
LogDevObjectVersion:   Private-Geometry (6EACA3D4-40EC-4CC1-B786-8BED09428FC5): 1
LogDevObjectVersion:   Dev-AnimPhys (29E575DD-E0A3-4627-9D10-D276232CDCEA): 3
LogInit: Compiled (64-bit): Jun 29 2017 02:03:24
LogInit: Compiled with Visual C++: 19.00.24215.01
LogInit: Build Configuration: Development
LogInit: Branch Name: ++UE4+Release-4.16
LogInit: Command line: -EpicPortal 
LogInit: Base directory: C:/Program Files/Epic Games/UE_4.16/Engine/Binaries/Win64/
LogInit: Installed Engine Build: 1
LogInit: Presizing for max 8388607 objects, including 0 objects not considered by GC, pre-allocating 0 bytes for permanent pool.
LogInit: Object subsystem initialized
[2017.07.21-08.49.12:930][  0]LogInit: Selected Device Profile: [Windows]
[2017.07.21-08.49.12:930][  0]LogInit: Applying CVar settings loaded from the selected device profile: [Windows]
[2017.07.21-08.49.12:942][  0]LogInit: Computer: PC1011604132
[2017.07.21-08.49.12:942][  0]LogInit: User: LocalAdmin
[2017.07.21-08.49.12:942][  0]LogInit: CPU Page size=4096, Cores=6
[2017.07.21-08.49.12:942][  0]LogInit: High frequency timer resolution =3.220792 MHz
[2017.07.21-08.49.12:942][  0]LogMemory: Memory total: Physical=15.9GB (16GB approx)
[2017.07.21-08.49.12:942][  0]LogMemory: Platform Memory Stats for Windows
[2017.07.21-08.49.12:942][  0]LogMemory: Process Physical Memory: 272.44 MB used, 272.44 MB peak
[2017.07.21-08.49.12:942][  0]LogMemory: Process Virtual Memory: 259.25 MB used, 259.25 MB peak
[2017.07.21-08.49.12:942][  0]LogMemory: Physical Memory: 6187.96 MB used,  10107.07 MB free, 16295.03 MB total
[2017.07.21-08.49.12:942][  0]LogMemory: Virtual Memory: 639.95 MB used,  10107.07 MB free, 134217728.00 MB total
[2017.07.21-08.49.13:023][  0]LogInit: Using OS detected language (de-DE).
[2017.07.21-08.49.13:023][  0]LogInit: Using OS detected locale (de-DE).
[2017.07.21-08.49.13:026][  0]LogTextLocalizationManager: No localization for 'de-DE' exists, so 'en' will be used for the language.
[2017.07.21-08.49.13:026][  0]LogTextLocalizationManager: No localization for 'de-DE' exists, so 'en' will be used for the locale.
[2017.07.21-08.49.13:942][  0]LogD3D11RHI: D3D11 adapters:
[2017.07.21-08.49.13:966][  0]LogD3D11RHI:    0. 'NVIDIA GeForce GTX 980 Ti' (Feature Level 11_0)
[2017.07.21-08.49.13:966][  0]LogD3D11RHI:       6102/0/8147 MB DedicatedVideo/DedicatedSystem/SharedSystem, Outputs:1, VendorId:0x10de
[2017.07.21-08.49.13:967][  0]LogD3D11RHI:    1. 'Microsoft Basic Render Driver' (Feature Level 11_0)
[2017.07.21-08.49.13:967][  0]LogD3D11RHI:       0/0/8147 MB DedicatedVideo/DedicatedSystem/SharedSystem, Outputs:0, VendorId:0x1414
[2017.07.21-08.49.13:967][  0]LogD3D11RHI: Chosen D3D11 Adapter: 0
[2017.07.21-08.49.13:970][  0]LogD3D11RHI: Creating new Direct3DDevice
[2017.07.21-08.49.13:970][  0]LogD3D11RHI:     GPU DeviceId: 0x17c8 (for the marketing name, search the web for "GPU Device Id")
[2017.07.21-08.49.13:970][  0]LogWindows: EnumDisplayDevices:
[2017.07.21-08.49.13:971][  0]LogWindows:    0. 'NVIDIA GeForce GTX 980 Ti' (P:1 D:1)
[2017.07.21-08.49.13:971][  0]LogWindows:    1. 'NVIDIA GeForce GTX 980 Ti' (P:0 D:0)
[2017.07.21-08.49.13:971][  0]LogWindows:    2. 'NVIDIA GeForce GTX 980 Ti' (P:0 D:0)
[2017.07.21-08.49.13:971][  0]LogWindows:    3. 'NVIDIA GeForce GTX 980 Ti' (P:0 D:0)
[2017.07.21-08.49.13:971][  0]LogWindows: DebugString: FoundDriverCount:4 
[2017.07.21-08.49.13:971][  0]LogD3D11RHI:     Adapter Name: NVIDIA GeForce GTX 980 Ti
[2017.07.21-08.49.13:971][  0]LogD3D11RHI:   Driver Version: 376.53 (internal:21.21.13.7653, unified:376.53)
[2017.07.21-08.49.13:971][  0]LogD3D11RHI:      Driver Date: 12-29-2016
[2017.07.21-08.49.13:971][  0]LogRHI: Texture pool is 1361 MB (70% of 1945 MB)
[2017.07.21-08.49.13:985][  0]LogD3D11RHI: Async texture creation enabled
[2017.07.21-08.49.13:995][  0]LogD3D11RHI: GPU Timing Frequency: 1000.000000 (Debug: 2 1)
[2017.07.21-08.49.14:037][  0]LogShaderCompilers: Guid format shader working directory is 17 characters bigger than the processId version (D:/MA Daniel Schmidl/Masterarbeit/Intermediate/Shaders/WorkingDirectory/10524/).
[2017.07.21-08.49.14:038][  0]LogShaderCompilers: Cleaned the shader compiler working directory 'C:/Users/LocalAdmin/AppData/Local/Temp/UnrealShaderWorkingDir/BAF2AFA04602237542AA0F8474F38606/'.
[2017.07.21-08.49.14:038][  0]LogShaderCompilers:Display: Using Local Shader Compiler.
[2017.07.21-08.49.15:137][  0]LogTemp:Display: Loaded TP AllDesktopTargetPlatform
[2017.07.21-08.49.15:197][  0]LogTemp:Display: Loaded TP MacClientTargetPlatform
[2017.07.21-08.49.15:259][  0]LogTemp:Display: Loaded TP MacNoEditorTargetPlatform
[2017.07.21-08.49.15:321][  0]LogTemp:Display: Loaded TP MacServerTargetPlatform
[2017.07.21-08.49.15:383][  0]LogTemp:Display: Loaded TP MacTargetPlatform
[2017.07.21-08.49.15:447][  0]LogTemp:Display: Loaded TP WindowsClientTargetPlatform
[2017.07.21-08.49.15:509][  0]LogTemp:Display: Loaded TP WindowsNoEditorTargetPlatform
[2017.07.21-08.49.15:572][  0]LogTemp:Display: Loaded TP WindowsServerTargetPlatform
[2017.07.21-08.49.15:627][  0]LogTemp:Display: Loaded TP WindowsTargetPlatform
[2017.07.21-08.49.15:687][  0]LogTemp:Display: Loaded TP AndroidTargetPlatform
[2017.07.21-08.49.15:748][  0]LogTemp:Display: Loaded TP Android_ASTCTargetPlatform
[2017.07.21-08.49.15:808][  0]LogTemp:Display: Loaded TP Android_ATCTargetPlatform
[2017.07.21-08.49.15:869][  0]LogTemp:Display: Loaded TP Android_DXTTargetPlatform
[2017.07.21-08.49.15:931][  0]LogTemp:Display: Loaded TP Android_ETC1TargetPlatform
[2017.07.21-08.49.15:992][  0]LogTemp:Display: Loaded TP Android_ETC2TargetPlatform
[2017.07.21-08.49.16:118][  0]LogTemp:Display: Loaded TP Android_MultiTargetPlatform
[2017.07.21-08.49.16:118][  0]LogTemp:Display: Loaded TP Android_PVRTCTargetPlatform
[2017.07.21-08.49.16:169][  0]LogTemp:Display: Loaded TP HTML5TargetPlatform
[2017.07.21-08.49.16:279][  0]LogTemp:Display: Loaded TP IOSTargetPlatform
[2017.07.21-08.49.16:315][  0]LogTemp:Display: Loaded TP TVOSTargetPlatform
[2017.07.21-08.49.16:375][  0]LogTemp:Display: Loaded TP LinuxClientTargetPlatform
[2017.07.21-08.49.16:435][  0]LogTemp:Display: Loaded TP LinuxNoEditorTargetPlatform
[2017.07.21-08.49.16:496][  0]LogTemp:Display: Loaded TP LinuxServerTargetPlatform
[2017.07.21-08.49.16:556][  0]LogTemp:Display: Loaded TP LinuxTargetPlatform
[2017.07.21-08.49.16:556][  0]LogTargetPlatformManager:Display: Building Assets For Windows
[2017.07.21-08.49.17:185][  0]LogDerivedDataCache:Display: Max Cache Size: 512 MB
[2017.07.21-08.49.17:264][  0]LogDerivedDataCache: Loaded boot cache 0.08s 90MB C:/Users/LocalAdmin/AppData/Local/UnrealEngine/4.16/DerivedDataCache/Boot.ddc.
[2017.07.21-08.49.17:264][  0]LogDerivedDataCache:Display: Loaded Boot cache: C:/Users/LocalAdmin/AppData/Local/UnrealEngine/4.16/DerivedDataCache/Boot.ddc
[2017.07.21-08.49.17:264][  0]LogDerivedDataCache: FDerivedDataBackendGraph:  Pak pak cache file D:/MA Daniel Schmidl/Masterarbeit/DerivedDataCache/DDC.ddp not found, will not use a pak cache.
[2017.07.21-08.49.17:264][  0]LogDerivedDataCache: Unable to find inner node Pak for hierarchical cache Hierarchy.
[2017.07.21-08.49.17:264][  0]LogDerivedDataCache: FDerivedDataBackendGraph:  CompressedPak pak cache file D:/MA Daniel Schmidl/Masterarbeit/DerivedDataCache/Compressed.ddp not found, will not use a pak cache.
[2017.07.21-08.49.17:264][  0]LogDerivedDataCache: Unable to find inner node CompressedPak for hierarchical cache Hierarchy.
[2017.07.21-08.49.17:282][  0]LogDerivedDataCache:Display: Pak cache opened for reading ../../../Engine/DerivedDataCache/Compressed.ddp.
[2017.07.21-08.49.17:295][  0]LogDerivedDataCache: Using Local data cache path C:/Users/LocalAdmin/AppData/Local/UnrealEngine/Common/DerivedDataCache: Writable
[2017.07.21-08.49.17:350][  0]LogMaterial: Verifying Global Shaders for PCD3D_SM5
[2017.07.21-08.49.17:350][  0]LogSlate: Using Freetype 2.6.0
[2017.07.21-08.49.17:351][  0]LogSlate: SlateFontCache - WITH_FREETYPE: 1, WITH_HARFBUZZ: 1
[2017.07.21-08.49.17:351][  0]LogSlate: SlateFontCache - WITH_FREETYPE: 1, WITH_HARFBUZZ: 1
[2017.07.21-08.49.17:673][  0]LogInit: Selected Device Profile: [Windows]
[2017.07.21-08.49.17:739][  0]LogContentStreaming: Texture pool size is 0.00 MB
[2017.07.21-08.49.17:783][  0]LogMaterial: Missing cached shader map for material WorldGridMaterial, compiling. Is special engine material.
[2017.07.21-08.49.43:544][  0]LogMaterial: Missing cached shader map for material DefaultDeferredDecalMaterial, compiling. 
[2017.07.21-08.49.47:711][  0]LogMaterial: Missing cached shader map for material DefaultLightFunctionMaterial, compiling. 
[2017.07.21-08.49.48:271][  0]LogMaterial: Missing cached shader map for material DefaultPostProcessMaterial, compiling. 
[2017.07.21-08.49.48:798][  0]LogMaterial: Missing cached shader map for material TransformGizmoMaterial, compiling. 
[2017.07.21-08.49.48:806][  0]LogMaterial: Missing cached shader map for material TranslucentTransformGizmoMaterial, compiling. 
[2017.07.21-08.49.48:927][  0]LogMeshUtilities: Using QuadricMeshReduction for automatic static mesh reduction
[2017.07.21-08.49.49:001][  0]LogSimplygon: Simplygon DLL not present - disabling.
[2017.07.21-08.49.49:081][  0]LogMeshUtilities: Using SimplygonSwarm for distributed automatic mesh merging
[2017.07.21-08.49.49:081][  0]LogMeshUtilities: No automatic skeletal mesh reduction module available
[2017.07.21-08.49.49:081][  0]LogMeshUtilities: No automatic mesh merging module available
[2017.07.21-08.49.49:296][  0]LogMaterial: Missing cached shader map for material SnapGridMaterial, compiling. 
[2017.07.21-08.49.49:325][  0]LogMaterial: Missing cached shader map for material Xray, compiling. 
[2017.07.21-08.49.49:339][  0]LogMaterial: Missing cached shader map for material Main, compiling. 
[2017.07.21-08.49.49:358][  0]LogMaterial: Missing cached shader map for material CineMat, compiling. 
[2017.07.21-08.49.49:412][  0]LogMaterial: Missing cached shader map for material MatineeCam_mat, compiling. 
[2017.07.21-08.49.49:447][  0]LogMaterial: Missing cached shader map for material M_SimpleOpaque, compiling. 
[2017.07.21-08.49.49:488][  0]LogMaterial: Missing cached shader map for material M_SimpleTranslucent, compiling. 
[2017.07.21-08.49.49:793][  0]LogMaterial: Missing cached shader map for material SkySphereMaterial, compiling. 
[2017.07.21-08.49.49:810][  0]LogMaterial: Missing cached shader map for material FloorPlaneMaterial, compiling. 
[2017.07.21-08.49.49:907][  0]LogMaterial: Missing cached shader map for material LandscapeGizmo_Mat, compiling. 
[2017.07.21-08.49.49:942][  0]LogMaterial: Missing cached shader map for material LandscapeGizmoHeight_Mat, compiling. 
[2017.07.21-08.49.50:010][  0]LogMaterial: Missing cached shader map for material SplineEditorMeshMat, compiling. 
[2017.07.21-08.49.50:049][  0]LogMaterial: Missing cached shader map for material HelpActorMaterial, compiling. 
[2017.07.21-08.49.50:256][  0]LogMaterial: Missing cached shader map for material DefaultTextMaterialOpaque, compiling. 
[2017.07.21-08.49.50:359][  0]LogNetVersion: DSHockeyGame , NetCL: 3452394, EngineNetVer: 2, GameNetVer: 0 (Checksum: 256397287)
[2017.07.21-08.49.50:473][  0]LogAssetRegistry: FAssetRegistry took 0.0299 seconds to start up
[2017.07.21-08.49.50:554][  0]LogPackageLocalizationCache: Processed 4 localized package path(s) for 1 prioritized culture(s) in 0.021335 seconds
[2017.07.21-08.49.50:564][  0]LogUObjectArray: 34194 objects as part of root set at end of initial load.
[2017.07.21-08.49.50:564][  0]LogUObjectAllocator: 7260424 out of 0 bytes used by permanent object pool.
[2017.07.21-08.49.50:564][  0]LogUObjectArray: CloseDisregardForGC: 0/0 objects in disregard for GC pool
[2017.07.21-08.49.50:745][  0]LogInit: WinSock: version 1.1 (2.2), MaxSocks=32767, MaxUdp=65467
[2017.07.21-08.49.54:520][  0]LogMaterial: Missing cached shader map for material VivePreControllerMaterial, compiling. 
[2017.07.21-08.49.54:545][  0]LogMaterial: Missing cached shader map for material OculusControllerMaterial, compiling. 
[2017.07.21-08.49.54:569][  0]LogMaterial: Missing cached shader map for material GridMaterial, compiling. 
[2017.07.21-08.49.54:587][  0]LogMaterial: Missing cached shader map for material VRTextMaterial, compiling. 
[2017.07.21-08.49.54:609][  0]LogMaterial: Missing cached shader map for material GridPostProcess, compiling. 
[2017.07.21-08.49.54:629][  0]LogMaterial: Missing cached shader map for material GenericHMDMaterial, compiling. 
[2017.07.21-08.49.54:656][  0]LogMaterial: Missing cached shader map for material TeleportDirectionMaterial, compiling. 
[2017.07.21-08.49.54:689][  0]LogMaterial: Missing cached shader map for material LaserPointerMaterial, compiling. 
[2017.07.21-08.49.54:721][  0]LogMaterial: Missing cached shader map for material KeyDiskMaterial, compiling. 
[2017.07.21-08.49.54:739][  0]LogMaterial: Missing cached shader map for material M_ContentWindow, compiling. 
[2017.07.21-08.49.54:791][  0]LogMaterial: Missing cached shader map for material FlattenHeightMat, compiling. 
[2017.07.21-08.49.54:811][  0]LogMaterial: Missing cached shader map for material ArrowMaterial, compiling. 
[2017.07.21-08.49.54:848][  0]LogMaterial: Missing cached shader map for material LineMaterial, compiling. 
[2017.07.21-08.49.57:288][  0]LogTcpMessaging: Initializing TcpMessaging bridge
[2017.07.21-08.49.57:374][  0]LogUdpMessaging: Initializing bridge on interface 0.0.0.0:0 to multicast group 230.0.0.1:6666.
[2017.07.21-08.49.57:937][  0]LogMaterial: Missing cached shader map for material DefaultMaterial, compiling. 
[2017.07.21-08.49.58:696][  0]LogMaterial: Missing cached shader map for material BaseColor, compiling. 
[2017.07.21-08.49.58:710][  0]LogMaterial: Missing cached shader map for material CustomDepth, compiling. 
[2017.07.21-08.49.58:743][  0]LogMaterial: Uniform references updated for custom material expression Custom.
[2017.07.21-08.49.58:749][  0]LogMaterial: Missing cached shader map for material CustomStencil, compiling. 
[2017.07.21-08.49.58:766][  0]LogMaterial: Missing cached shader map for material FinalImage, compiling. 
[2017.07.21-08.49.58:781][  0]LogMaterial: Missing cached shader map for material LightingModel, compiling. 
[2017.07.21-08.49.58:798][  0]LogMaterial: Missing cached shader map for material MaterialAO, compiling. 
[2017.07.21-08.49.58:811][  0]LogMaterial: Missing cached shader map for material Metallic, compiling. 
[2017.07.21-08.49.58:825][  0]LogMaterial: Missing cached shader map for material Opacity, compiling. 
[2017.07.21-08.49.58:842][  0]LogMaterial: Missing cached shader map for material Roughness, compiling. 
[2017.07.21-08.49.58:855][  0]LogMaterial: Missing cached shader map for material SceneColor, compiling. 
[2017.07.21-08.49.58:873][  0]LogMaterial: Missing cached shader map for material SceneDepth, compiling. 
[2017.07.21-08.49.58:890][  0]LogMaterial: Missing cached shader map for material SeparateTranslucencyRGB, compiling. 
[2017.07.21-08.49.58:905][  0]LogMaterial: Missing cached shader map for material SeparateTranslucencyA, compiling. 
[2017.07.21-08.49.58:919][  0]LogMaterial: Missing cached shader map for material Specular, compiling. 
[2017.07.21-08.49.58:934][  0]LogMaterial: Missing cached shader map for material SubsurfaceColor, compiling. 
[2017.07.21-08.49.58:948][  0]LogMaterial: Missing cached shader map for material WorldNormal, compiling. 
[2017.07.21-08.49.58:965][  0]LogMaterial: Missing cached shader map for material AmbientOcclusion, compiling. 
[2017.07.21-08.49.58:985][  0]LogMaterial: Missing cached shader map for material CustomDepthWorldUnits, compiling. 
[2017.07.21-08.49.58:998][  0]LogMaterial: Missing cached shader map for material SceneDepthWorldUnits, compiling. 
[2017.07.21-08.49.59:011][  0]LogMaterial: Missing cached shader map for material PreTonemapHDRColor, compiling. 
[2017.07.21-08.49.59:025][  0]LogMaterial: Missing cached shader map for material PostTonemapHDRColor, compiling. 
[2017.07.21-08.49.59:842][  0]SourceControl: Info Source control is disabled
[2017.07.21-08.49.59:845][  0]SourceControl: Info Source control is disabled
[2017.07.21-08.49.59:965][  0]SourceControl: Info Source control is disabled
[2017.07.21-08.50.00:082][  0]SourceControl: Info Source control is disabled
[2017.07.21-08.50.01:780][  0]LogAndroidPermission: UAndroidPermissionCallbackProxy::GetInstance
[2017.07.21-08.50.03:165][  0]LogMaterial: Missing cached shader map for material HighResScreenshot, compiling. 
[2017.07.21-08.50.03:186][  0]LogMaterial: Missing cached shader map for material HighResScreenshotMask, compiling. 
[2017.07.21-08.50.03:208][  0]LogMaterial: Missing cached shader map for material HighResScreenshotCaptureRegion, compiling. 
[2017.07.21-08.50.03:242][  0]LogEngine: Initializing Engine...
[2017.07.21-08.50.03:274][  0]LogHMD: Failed to initialize OpenVR with code 208
[2017.07.21-08.50.03:281][  0]LogMaterial: Missing cached shader map for material WireframeMaterial, compiling. Is special engine material.
[2017.07.21-08.50.03:556][  0]LogMaterial: Missing cached shader map for material LevelColorationLitMaterial, compiling. Is special engine material.
[2017.07.21-08.50.04:295][  0]LogMaterial: Missing cached shader map for material LevelColorationUnlitMaterial, compiling. Is special engine material.
[2017.07.21-08.50.04:540][  0]LogMaterial: Missing cached shader map for material MAT_LevelColorationLitLightmapUV, compiling. Is special engine material.
[2017.07.21-08.50.05:291][  0]LogMaterial: Missing cached shader map for material ShadedLevelColorationLitMaterial, compiling. Is special engine material.
[2017.07.21-08.50.06:043][  0]LogMaterial: Missing cached shader map for material ShadedLevelColorationUnlitMateri, compiling. Is special engine material.
[2017.07.21-08.50.06:296][  0]LogMaterial: Missing cached shader map for material VertexColorMaterial, compiling. 
[2017.07.21-08.50.06:398][  0]LogMaterial: Missing cached shader map for material VertexColorViewMode_ColorOnly, compiling. 
[2017.07.21-08.50.06:422][  0]LogMaterial: Missing cached shader map for material VertexColorViewMode_AlphaAsColor, compiling. 
[2017.07.21-08.50.06:447][  0]LogMaterial: Missing cached shader map for material VertexColorViewMode_RedOnly, compiling. 
[2017.07.21-08.50.06:469][  0]LogMaterial: Missing cached shader map for material VertexColorViewMode_GreenOnly, compiling. 
[2017.07.21-08.50.06:492][  0]LogMaterial: Missing cached shader map for material VertexColorViewMode_BlueOnly, compiling. 
[2017.07.21-08.50.06:517][  0]LogMaterial: Missing cached shader map for material RemoveSurfaceMaterial, compiling. 
[2017.07.21-08.50.06:529][  0]LogMaterial: Missing cached shader map for material DebugMeshMaterial, compiling. 
[2017.07.21-08.50.06:549][  0]LogMaterial: Missing cached shader map for material M_InvalidLightmapSettings, compiling. 
[2017.07.21-08.50.06:593][  0]LogMaterial: Missing cached shader map for material GizmoMaterial, compiling. 
[2017.07.21-08.50.06:610][  0]LogMaterial: Missing cached shader map for material PhAT_JointLimitMaterial, compiling. 
[2017.07.21-08.50.06:631][  0]LogMaterial: Missing cached shader map for material GeomMaterial, compiling. 
[2017.07.21-08.50.06:648][  0]LogMaterial: Missing cached shader map for material EditorBrushMaterial, compiling. 
[2017.07.21-08.50.06:670][  0]LogMaterial: Missing cached shader map for material BoneWeightMaterial, compiling. 
[2017.07.21-08.50.06:765][  0]LogMaterial: Missing cached shader map for material ClothMaterial, compiling. 
[2017.07.21-08.50.06:786][  0]LogMaterial: Missing cached shader map for material PreviewShadowIndicatorMaterial, compiling. 
[2017.07.21-08.50.06:926][  0]LogStats: UGameplayTagsManager::ConstructGameplayTagTree: Construct from data asset -  0.000 s
[2017.07.21-08.50.06:926][  0]LogStats: UGameplayTagsManager::ConstructGameplayTagTree: GameplayTagTreeChangedEvent.Broadcast -  0.000 s
[2017.07.21-08.50.07:266][  0]LogAIModule: Creating AISystem for world Untitled
[2017.07.21-08.50.07:294][  0]LogInit: XAudio2 using 'Lautsprecher (USB Audio Device)' : 2 channels at 44.1 kHz using 16 bits per sample (channel mask 0x3)
[2017.07.21-08.50.07:320][  0]LogInit: FAudioDevice initialized.
[2017.07.21-08.50.07:390][  0]LogDerivedDataCache: Saved boot cache 0.07s 94MB C:/Users/LocalAdmin/AppData/Local/UnrealEngine/4.16/DerivedDataCache/Boot.ddc.
[2017.07.21-08.50.07:409][  0]LogInit: Texture streaming: Enabled
[2017.07.21-08.50.07:686][  0]LogEngineSessionManager: EngineSessionManager initialized
[2017.07.21-08.50.08:248][  0]LogInit: Transaction tracking system initialized
[2017.07.21-08.50.09:090][  0]BlueprintLog: New page: Editor Load
[2017.07.21-08.50.11:622][  0]LocalizationService: Info Localization service is disabled
[2017.07.21-08.50.13:401][  0]LogConsoleResponse:Display: 
[2017.07.21-08.50.13:475][  0]LogMaterial: Missing cached shader map for material Cross_Mat, compiling. 
[2017.07.21-08.50.13:501][  0]LogMaterial: Missing cached shader map for material PhAT_BoneSelectedMaterial, compiling. 
[2017.07.21-08.50.13:520][  0]LogMaterial: Missing cached shader map for material PhAT_ElemSelectedMaterial, compiling. 
[2017.07.21-08.50.13:541][  0]LogMaterial: Missing cached shader map for material PhAT_NoCollisionMaterial, compiling. 
[2017.07.21-08.50.13:563][  0]LogMaterial: Missing cached shader map for material PhAT_UnselectedMaterial, compiling. 
[2017.07.21-08.50.13:592][  0]LogMaterial: Missing cached shader map for material Tick_Mat, compiling. 
[2017.07.21-08.50.13:621][  0]LogMaterial: Missing cached shader map for material WidgetGridVertexColorMaterial_Ma, compiling. 
[2017.07.21-08.50.13:644][  0]LogMaterial: Missing cached shader map for material WidgetMaterial, compiling. 
[2017.07.21-08.50.13:662][  0]LogMaterial: Missing cached shader map for material WidgetMaterial_Current, compiling. 
[2017.07.21-08.50.13:681][  0]LogMaterial: Missing cached shader map for material WidgetMaterial_X, compiling. 
[2017.07.21-08.50.13:704][  0]LogMaterial: Missing cached shader map for material WidgetMaterial_Y, compiling. 
[2017.07.21-08.50.13:723][  0]LogMaterial: Missing cached shader map for material WidgetMaterial_Z, compiling. 
[2017.07.21-08.50.13:744][  0]LogMaterial: Missing cached shader map for material WidgetVertexColorMaterial, compiling. 
[2017.07.21-08.50.13:798][  0]LogMaterial: Missing cached shader map for material LevelGridMaterial, compiling. 
[2017.07.21-08.50.13:847][  0]LogMaterial: Missing cached shader map for material BlinkingCaret, compiling. 
[2017.07.21-08.50.13:893][  0]LogMaterial: Missing cached shader map for material M_StreamingPause, compiling. 
[2017.07.21-08.50.13:938][  0]LogCook:Display: Max memory allowance for cook 16384mb min free memory 0mb
[2017.07.21-08.50.13:938][  0]LogCook:Display: Mobile HDR setting 1
[2017.07.21-08.50.14:076][  0]LogFileCache: Scanning file cache for directory 'D:/MA Daniel Schmidl/Masterarbeit/Content/' took 0.01s
[2017.07.21-08.50.16:594][  0]SourceControl: Info Source control is disabled
[2017.07.21-08.50.16:594][  0]Cmd: MAP LOAD FILE="D:/MA Daniel Schmidl/Masterarbeit/Content/VirtualRealityBP/Maps/StartupMap.umap" TEMPLATE=0 SHOWPROGRESS=1 FEATURELEVEL=3
[2017.07.21-08.50.16:595][  0]LightingResults: New page: Lighting Build
[2017.07.21-08.50.16:702][  0]MapCheck: New page: Map Check
[2017.07.21-08.50.16:702][  0]LightingResults: New page: Lighting Build
[2017.07.21-08.50.16:830][  0]LogTexture:Display: Building textures: HQ_Lightmap1_1 (AutoDXT, 512X512)
[2017.07.21-08.50.16:865][  0]LogTexture:Display: Building textures: LQ_Lightmap_1_1 (DXT1, 512X512)
[2017.07.21-08.50.16:885][  0]LogTexture:Display: Building textures: SkyOcclusion1_1 (AutoDXT, 512X256)
[2017.07.21-08.50.16:905][  0]LogTexture:Display: Building textures: ShadowMapTexture2D_0 (BGRA8, 256X256)
[2017.07.21-08.50.16:930][  0]LogAIModule: Creating AISystem for world StartupMap
[2017.07.21-08.50.17:322][  0]LogEditorServer: Finished looking for orphan Actors (0.000 secs)
[2017.07.21-08.50.17:343][  0]Cmd: MAP CHECKDEP NOCLEARLOG
[2017.07.21-08.50.17:458][  0]MapCheck: Info Map check complete: 0 Error(s), 0 Warning(s), took 113.64ms to complete.
[2017.07.21-08.50.17:458][  0]LogFileHelpers: Loading map 'StartupMap' took 0.863
[2017.07.21-08.50.17:522][  0]LogWindowsTextInputMethodSystem:Display: IME system now deactivated.
[2017.07.21-08.50.17:713][  0]LogCollectionManager: Loaded 0 collections in 0.002443 seconds
[2017.07.21-08.50.17:884][  0]LogFileCache: Scanning file cache for directory 'D:/MA Daniel Schmidl/Masterarbeit/Saved/Collections/' took 0.01s
[2017.07.21-08.50.17:884][  0]LogFileCache: Scanning file cache for directory 'D:/MA Daniel Schmidl/Masterarbeit/Content/Developers/LocalAdmin/Collections/' took 0.01s
[2017.07.21-08.50.17:884][  0]LogFileCache: Scanning file cache for directory 'D:/MA Daniel Schmidl/Masterarbeit/Content/Collections/' took 0.01s
[2017.07.21-08.50.17:884][  0]LogCollectionManager: Rebuilt the GUID cache for 0 collections in 0.000003 seconds
[2017.07.21-08.50.17:903][  0]LogContentBrowser: Native class hierarchy populated in 0.0168 seconds. Added 2329 classes and 491 folders.
[2017.07.21-08.50.18:084][  0]LogContentBrowser: Native class hierarchy updated for 'WidgetCarousel' in 0.0010 seconds. Added 0 classes and 0 folders.
[2017.07.21-08.50.18:169][  0]LogContentBrowser: Native class hierarchy updated for 'AddContentDialog' in 0.0008 seconds. Added 0 classes and 0 folders.
[2017.07.21-08.50.18:295][  0]LogContentBrowser: Native class hierarchy updated for 'SceneOutliner' in 0.0011 seconds. Added 1 classes and 2 folders.
[2017.07.21-08.50.18:423][  0]LogCrashTracker: Crashtracker disabled due to settings.
[2017.07.21-08.50.18:441][  0]LogSlate: Took 0.000769 seconds to synchronously load lazily loaded font '../../../Engine/Content/Slate/Fonts/Roboto-Regular.ttf' (155K)
[2017.07.21-08.50.18:444][  0]LogSlate: Took 0.000582 seconds to synchronously load lazily loaded font '../../../Engine/Content/Slate/Fonts/Roboto-Bold.ttf' (160K)
[2017.07.21-08.50.18:458][  0]LogSlate: Took 0.001227 seconds to synchronously load lazily loaded font '../../../Engine/Content/Editor/Slate/Fonts/FontAwesome.ttf' (139K)
[2017.07.21-08.50.18:534][  0]LogMaterial: Missing cached shader map for material LevelGridMaterial2, compiling. 
[2017.07.21-08.50.18:651][  0]LogRenderer: Reallocating scene render targets to support 1616x808 NumSamples 1 (Frame:1).
[2017.07.21-08.50.19:146][  0]LogContentBrowser: Native class hierarchy updated for 'HierarchicalLODOutliner' in 0.0009 seconds. Added 1 classes and 2 folders.
[2017.07.21-08.50.19:146][  0]LogLoad: (Engine Initialization) Total time: 67.99 seconds
[2017.07.21-08.50.19:146][  0]LogLoad: (Engine Initialization) Total Blueprint compile time: 0.11 seconds
[2017.07.21-08.50.19:146][  0]LogExternalProfiler: No external profilers were discovered.  External profiling features will not be available.
[2017.07.21-08.50.19:156][  0]LogOcInput: OculusInput pre-init called
[2017.07.21-08.50.19:156][  0]LogHMD: Starting GearVRController plugin
[2017.07.21-08.50.19:180][  0]LogContentStreaming: Texture pool size now 1000 MB
[2017.07.21-08.50.19:268][  1]LogAssetRegistry: Asset discovery search completed in 28.8177 seconds
[2017.07.21-08.50.19:272][  1]LogCollectionManager: Rebuilt the object cache for 0 collections in 0.000001 seconds (found 0 objects)
[2017.07.21-08.50.19:272][  1]LogCollectionManager: Fixed up redirectors for 0 collections in 0.000070 seconds (updated 0 objects)
[2017.07.21-08.51.04:508][909]LogSlate: Took 0.001316 seconds to synchronously load lazily loaded font '../../../Engine/Content/Slate/Fonts/Roboto-Light.ttf' (159K)
[2017.07.21-08.51.06:493][ 57]Cmd: MAP LOAD FILE="D:/MA Daniel Schmidl/Masterarbeit/Content/VirtualRealityBP/Maps/PrototypeMap.umap" TEMPLATE=0 SHOWPROGRESS=1 FEATURELEVEL=3
[2017.07.21-08.51.06:499][ 57]LogSlate: Took 0.000364 seconds to synchronously load lazily loaded font '../../../Engine/Content/Slate/Fonts/Roboto-Light.ttf' (159K)
[2017.07.21-08.51.06:509][ 57]LightingResults: New page: Lighting Build
[2017.07.21-08.51.06:510][ 57]LoadErrors: New page: Loading map: PrototypeMap.umap
[2017.07.21-08.51.06:513][ 57]MapCheck: New page: Map Check
[2017.07.21-08.51.06:513][ 57]LightingResults: New page: Lighting Build
[2017.07.21-08.51.06:761][ 57]LogBlueprint:Warning: [Compiler BP_MotionController] Warning  ProjectPointToNavigation_DEPRECATED  is deprecated; This version of ProjectPointToNavigation is deprecated. Please use the new version
[2017.07.21-08.51.06:789][ 57]LogBlueprint:Warning: [Compiler BP_MotionController] Warning [0115.63] Compile of BP_MotionController successful, but with 1 Warning(s) [in 46 ms] (/Game/VirtualRealityBP/Blueprints/BP_MotionController.BP_MotionController)
[2017.07.21-08.51.06:789][ 57]LogBlueprint:Warning: [Compiler BP_MotionController] Warning [0115.63] Compile of BP_MotionController successful, but with 2 Warning(s) [in 0 ms] (/Game/VirtualRealityBP/Blueprints/BP_MotionController.BP_MotionController)
[2017.07.21-08.51.06:789][ 57]LogBlueprint:Warning: [Compiler BP_MotionController] Warning [0115.63] Compile of BP_MotionController successful, but with 3 Warning(s) [in 0 ms] (/Game/VirtualRealityBP/Blueprints/BP_MotionController.BP_MotionController)
[2017.07.21-08.51.06:820][ 57]LogBlueprint:Warning: [Compiler BP_MotionController] Warning  ProjectPointToNavigation_DEPRECATED  is deprecated; This version of ProjectPointToNavigation is deprecated. Please use the new version
[2017.07.21-08.51.06:849][ 57]LogBlueprint:Warning: [Compiler BP_MotionController] Warning [0115.69] Compile of BP_MotionController successful, but with 1 Warning(s) [in 49 ms] (/Game/VirtualRealityBP/Blueprints/BP_MotionController.BP_MotionController)
[2017.07.21-08.51.06:849][ 57]LogBlueprint:Warning: [Compiler BP_MotionController] Warning [0115.69] Compile of BP_MotionController successful, but with 2 Warning(s) [in 0 ms] (/Game/VirtualRealityBP/Blueprints/BP_MotionController.BP_MotionController)
[2017.07.21-08.51.06:849][ 57]LogBlueprint:Warning: [Compiler BP_MotionController] Warning [0115.69] Compile of BP_MotionController successful, but with 3 Warning(s) [in 0 ms] (/Game/VirtualRealityBP/Blueprints/BP_MotionController.BP_MotionController)
[2017.07.21-08.51.07:474][ 57]LogStaticMesh: Building static mesh hockey_stick...
[2017.07.21-08.51.07:508][ 57]LogStaticMesh: Built static mesh [0.03s] /Game/hockey_stick.hockey_stick
[2017.07.21-08.51.07:528][ 57]LogMaterial: Missing cached shader map for material Cylinder03Mat, compiling. 
[2017.07.21-08.51.07:550][ 57]LogStaticMesh: Building static mesh puck...
[2017.07.21-08.51.07:934][ 57]LogStaticMesh: Built static mesh [0.38s] /Game/puck.puck
[2017.07.21-08.51.07:990][ 57]LogMaterial: Missing cached shader map for material M_Sky_Panning_Clouds2, compiling. 
[2017.07.21-08.51.08:005][ 57]LogMaterial: Missing cached shader map for material Box01Mat, compiling. 
[2017.07.21-08.51.08:025][ 57]LogMaterial: Missing cached shader map for material M_Basic_Wall, compiling. 
[2017.07.21-08.51.08:060][ 57]LogSlate: Took 0.000384 seconds to synchronously load lazily loaded font '../../../Engine/Content/Slate/Fonts/Roboto-Regular.ttf' (155K)
[2017.07.21-08.51.08:063][ 57]LogAIModule: Creating AISystem for world PrototypeMap
[2017.07.21-08.51.08:087][ 57]LogEditorServer: Finished looking for orphan Actors (0.000 secs)
[2017.07.21-08.51.08:144][ 57]Cmd: MAP CHECKDEP NOCLEARLOG
[2017.07.21-08.51.08:269][ 57]MapCheck: Info Map check complete: 0 Error(s), 0 Warning(s), took 125.301ms to complete.
[2017.07.21-08.51.08:269][ 57]LogFileHelpers: Loading map 'PrototypeMap' took 1.779
[2017.07.21-08.51.29:148][458]LogTemp: Repeting last play command: Selected Viewport
[2017.07.21-08.51.29:290][458]LogPlayLevel: PlayLevel: No blueprints needed recompiling
[2017.07.21-08.51.29:293][458]PIE: New page: PIE session: PrototypeMap (Jul 21, 2017, 12:51:29 PM)
[2017.07.21-08.51.29:293][458]LogPlayLevel: Creating play world package: /Game/VirtualRealityBP/Maps/UEDPIE_0_PrototypeMap
[2017.07.21-08.51.29:297][458]LogPlayLevel: PIE: StaticDuplicateObject took: (0.003984s)
[2017.07.21-08.51.29:298][458]LogAIModule: Creating AISystem for world PrototypeMap
[2017.07.21-08.51.29:298][458]LogPlayLevel: PIE: World Init took: (0.001052s)
[2017.07.21-08.51.29:299][458]LogPlayLevel: PIE: Created PIE world by copying editor world from /Game/VirtualRealityBP/Maps/PrototypeMap.PrototypeMap to /Game/VirtualRealityBP/Maps/UEDPIE_0_PrototypeMap.PrototypeMap (0.006196s)
[2017.07.21-08.51.29:358][458]LogInit: XAudio2 using 'Lautsprecher (USB Audio Device)' : 2 channels at 44.1 kHz using 16 bits per sample (channel mask 0x3)
[2017.07.21-08.51.29:373][458]LogInit: FAudioDevice initialized.
[2017.07.21-08.51.29:423][458]LogLoad: Game class is 'Prototype_Gamemode_C'
[2017.07.21-08.51.29:432][458]LogWorld: Bringing World /Game/VirtualRealityBP/Maps/UEDPIE_0_PrototypeMap.PrototypeMap up for play (max tick rate 0) at 2017.07.21-10.51.29
[2017.07.21-08.51.29:435][458]LogWorld: Bringing up level for play took: 0.004331
[2017.07.21-08.51.29:544][458]LogContentBrowser: Native class hierarchy updated for 'MovieSceneCapture' in 0.0010 seconds. Added 11 classes and 0 folders.
[2017.07.21-08.51.29:559][458]PIE: Info Play in editor start time for /Game/VirtualRealityBP/Maps/UEDPIE_0_PrototypeMap 0.425
[2017.07.21-08.51.32:631][703]LogBlueprintUserMessages: [TriggerBoxGoal_Blueprint] tor
[2017.07.21-08.51.32:632][703]LogScript:Warning: Accessed None trying to read property gamemode
	TriggerBoxGoal_Blueprint_C /Game/VirtualRealityBP/Maps/UEDPIE_0_PrototypeMap.PrototypeMap:PersistentLevel.TriggerBoxGoal_Blueprint
	Function /Game/VirtualRealityBP/Blueprints/TriggerBoxGoal_Blueprint.TriggerBoxGoal_Blueprint_C:ExecuteUbergraph_TriggerBoxGoal_Blueprint:00B9
[2017.07.21-08.51.32:632][703]PIE:Error: Error Blueprint Runtime Error: Accessed None trying to read property gamemode from function: 'ExecuteUbergraph_TriggerBoxGoal_Blueprint' from node: Set Goal Score in graph: EventGraph in object: TriggerBoxGoal_Blueprint with description: Accessed None trying to read property gamemode
[2017.07.21-08.51.34:621][862]LogBlueprintUserMessages: [TriggerBoxGoal_Blueprint] box
[2017.07.21-08.51.57:008][399]LogContentBrowser: Native class hierarchy updated for 'BlueprintGraph' in 0.0015 seconds. Added 112 classes and 0 folders.
[2017.07.21-08.51.57:895][399]LogMaterial: Missing cached shader map for material GridMaterial, compiling. 
[2017.07.21-08.51.57:937][399]LogMaterial: Missing cached shader map for material PersonaFloorMat, compiling. 
[2017.07.21-08.51.58:064][399]LogSlate: Took 0.001242 seconds to synchronously load lazily loaded font '../../../Engine/Content/Editor/Slate/Fonts/Roboto-BoldCondensed.ttf' (158K)
[2017.07.21-08.51.58:288][400]LogSlate: Took 0.001166 seconds to synchronously load lazily loaded font '../../../Engine/Content/Editor/Slate/Fonts/Roboto-Italic.ttf' (157K)
[2017.07.21-08.54.13:742][ 13]BlueprintLog: New page: Compile TriggerBoxGoal_Blueprint
[2017.07.21-08.54.14:420][ 48]LogSavePackage: Save=45.08ms
[2017.07.21-08.54.14:420][ 48]LogSavePackage: Moving 'D:/MA Daniel Schmidl/Masterarbeit/Saved/TriggerBoxGoal_BlueprintE67C423A4350E230E90B169FBFA1701C.tmp' to 'D:/MA Daniel Schmidl/Masterarbeit/Content/VirtualRealityBP/Blueprints/TriggerBoxGoal_Blueprint.uasset'
[2017.07.21-08.54.14:422][ 48]LogSavePackage:Display: Finished SavePackage D:/MA Daniel Schmidl/Masterarbeit/Content/VirtualRealityBP/Blueprints/TriggerBoxGoal_Blueprint.uasset
[2017.07.21-08.54.24:228][124]LogDirectoryWatcher:Warning: Failed to begin reading directory changes for D:/MA Daniel Schmidl/Masterarbeit/Plugins/. Error: Das System kann die angegebene Datei nicht finden. (0x00000002)
[2017.07.21-08.54.36:059][377]LogDirectoryWatcher: A directory notification for '../../../Engine/Plugins/' was aborted.
[2017.07.21-08.56.08:201][297]LogEditorViewport: Clicking on Actor (LMB): StaticMeshActor (Floor)
[2017.07.21-08.56.12:688][744]LogEditorViewport: Clicking on Actor (LMB): StaticMeshActor (Floor)
[2017.07.21-08.56.58:154][756]LogAudio:Warning: Current Audio Device with ID {0.0.0.00000000}.{10164c2f-44a8-43d1-99c9-21018af42b85} was removed. Shutting down audio device.
[2017.07.21-08.59.06:967][886]LogAudio:Warning: Current Audio Device with ID {0.0.0.00000000}.{10164c2f-44a8-43d1-99c9-21018af42b85} was removed. Shutting down audio device.
[2017.07.21-09.00.46:967][186]LogAudio:Warning: Current Audio Device with ID {0.0.0.00000000}.{10164c2f-44a8-43d1-99c9-21018af42b85} was removed. Shutting down audio device.
[2017.07.21-09.02.11:723][148]LogAudio:Warning: Current Audio Device with ID {0.0.0.00000000}.{10164c2f-44a8-43d1-99c9-21018af42b85} was removed. Shutting down audio device.
[2017.07.21-09.04.32:677][476]LogAudio:Warning: Current Audio Device with ID {0.0.0.00000000}.{10164c2f-44a8-43d1-99c9-21018af42b85} was removed. Shutting down audio device.
[2017.07.21-09.05.44:972][400]LogAudio:Warning: Current Audio Device with ID {0.0.0.00000000}.{10164c2f-44a8-43d1-99c9-21018af42b85} was removed. Shutting down audio device.
[2017.07.21-09.07.32:936][454]LogWindowsTextInputMethodSystem:Display: IME system now deactivated.
[2017.07.21-09.07.33:118][455]Cmd: QUIT_EDITOR
[2017.07.21-09.07.33:253][455]LogExit: Preparing to exit.
[2017.07.21-09.07.33:917][455]LogExit: Editor shut down
[2017.07.21-09.07.33:921][455]LogExit: Transaction tracking system shut down
[2017.07.21-09.07.34:008][455]LogObj: Freed 0b from 0 cluster array pools.
[2017.07.21-09.07.34:009][455]LogExit: Object subsystem successfully closed.
[2017.07.21-09.07.34:038][455]LogD3D11RHI: Shutdown
[2017.07.21-09.07.34:038][455]LogD3D11RHI: CleanupD3DDevice
[2017.07.21-09.07.34:132][455]LogD3D11RHI: ~FD3D11DynamicRHI
[2017.07.21-09.07.34:152][455]LogModuleManager: Shutting down and abandoning module BlueprintGraph (530)
[2017.07.21-09.07.34:152][455]LogModuleManager: Shutting down and abandoning module BlueprintProfiler (528)
[2017.07.21-09.07.34:153][455]LogModuleManager: Shutting down and abandoning module MovieSceneCapture (526)
[2017.07.21-09.07.34:154][455]LogModuleManager: Shutting down and abandoning module HierarchicalLODOutliner (524)
[2017.07.21-09.07.34:154][455]LogModuleManager: Shutting down and abandoning module CrashTracker (522)
[2017.07.21-09.07.34:154][455]LogModuleManager: Shutting down and abandoning module SceneOutliner (520)
[2017.07.21-09.07.34:154][455]LogModuleManager: Shutting down and abandoning module AddContentDialog (518)
[2017.07.21-09.07.34:154][455]LogDirectoryWatcher: A directory notification for 'C:/Program Files/Epic Games/UE_4.16/FeaturePacks/' was aborted.
[2017.07.21-09.07.34:155][455]LogModuleManager: Shutting down and abandoning module WidgetCarousel (517)
[2017.07.21-09.07.34:155][455]LogModuleManager: Shutting down and abandoning module EditorWidgets (514)
[2017.07.21-09.07.34:155][455]LogModuleManager: Shutting down and abandoning module CollectionManager (512)
[2017.07.21-09.07.34:155][455]LogDirectoryWatcher: A directory notification for 'D:/MA Daniel Schmidl/Masterarbeit/Content/Collections/' was aborted.
[2017.07.21-09.07.34:155][455]LogDirectoryWatcher: A directory notification for 'D:/MA Daniel Schmidl/Masterarbeit/Content/Developers/LocalAdmin/Collections/' was aborted.
[2017.07.21-09.07.34:156][455]LogDirectoryWatcher: A directory notification for 'D:/MA Daniel Schmidl/Masterarbeit/Saved/Collections/' was aborted.
[2017.07.21-09.07.34:156][455]LogModuleManager: Shutting down and abandoning module StatsViewer (510)
[2017.07.21-09.07.34:156][455]LogModuleManager: Shutting down and abandoning module FoliageEdit (508)
[2017.07.21-09.07.34:156][455]LogModuleManager: Shutting down and abandoning module LandscapeEditor (506)
[2017.07.21-09.07.34:156][455]LogModuleManager: Shutting down and abandoning module MeshPaintMode (504)
[2017.07.21-09.07.34:156][455]LogModuleManager: Shutting down and abandoning module SceneDepthPickerMode (502)
[2017.07.21-09.07.34:156][455]LogModuleManager: Shutting down and abandoning module ActorPickerMode (500)
[2017.07.21-09.07.34:156][455]LogModuleManager: Shutting down and abandoning module GeometryMode (498)
[2017.07.21-09.07.34:156][455]LogModuleManager: Shutting down and abandoning module TextureAlignMode (496)
[2017.07.21-09.07.34:156][455]LogModuleManager: Shutting down and abandoning module BspMode (494)
[2017.07.21-09.07.34:156][455]LogModuleManager: Shutting down and abandoning module HardwareSurvey (492)
[2017.07.21-09.07.34:156][455]LogModuleManager: Shutting down and abandoning module SequenceRecorderSections (490)
[2017.07.21-09.07.34:156][455]LogModuleManager: Shutting down and abandoning module AutomationWorker (488)
[2017.07.21-09.07.34:156][455]LogModuleManager: Shutting down and abandoning module MatineeToLevelSequence (486)
[2017.07.21-09.07.34:156][455]LogModuleManager: Shutting down and abandoning module LevelSequenceEditor (484)
[2017.07.21-09.07.34:156][455]LogModuleManager: Shutting down and abandoning module PlacementMode (483)
[2017.07.21-09.07.34:156][455]LogModuleManager: Shutting down and abandoning module WmfMediaFactory (480)
[2017.07.21-09.07.34:156][455]LogModuleManager: Shutting down and abandoning module WmfMediaEditor (478)
[2017.07.21-09.07.34:156][455]LogModuleManager: Shutting down and abandoning module AvfMediaFactory (476)
[2017.07.21-09.07.34:156][455]LogModuleManager: Shutting down and abandoning module AvfMediaEditor (474)
[2017.07.21-09.07.34:156][455]LogModuleManager: Shutting down and abandoning module AndroidMediaFactory (472)
[2017.07.21-09.07.34:156][455]LogModuleManager: Shutting down and abandoning module Media (471)
[2017.07.21-09.07.34:156][455]LogModuleManager: Shutting down and abandoning module AndroidMediaEditor (468)
[2017.07.21-09.07.34:156][455]LogModuleManager: Shutting down and abandoning module CharacterAI (466)
[2017.07.21-09.07.34:156][455]LogModuleManager: Shutting down and abandoning module AudioCapture (464)
[2017.07.21-09.07.34:156][455]LogModuleManager: Shutting down and abandoning module SequenceRecorder (463)
[2017.07.21-09.07.34:156][455]LogModuleManager: Shutting down and abandoning module SmartSnapping (460)
[2017.07.21-09.07.34:156][455]LogModuleManager: Shutting down and abandoning module SessionServices (458)
[2017.07.21-09.07.34:156][455]LogModuleManager: Shutting down and abandoning module ViewportSnapping (456)
[2017.07.21-09.07.34:156][455]LogModuleManager: Shutting down and abandoning module ViewportInteraction (454)
[2017.07.21-09.07.34:156][455]LogModuleManager: Shutting down and abandoning module ClothPainter (452)
[2017.07.21-09.07.34:156][455]LogModuleManager: Shutting down and abandoning module LogVisualizer (450)
[2017.07.21-09.07.34:156][455]LogModuleManager: Shutting down and abandoning module IntroTutorials (448)
[2017.07.21-09.07.34:156][455]LogModuleManager: Shutting down and abandoning module GameProjectGeneration (447)
[2017.07.21-09.07.34:156][455]LogModuleManager: Shutting down and abandoning module EditorLiveStreaming (444)
[2017.07.21-09.07.34:156][455]LogModuleManager: Shutting down and abandoning module IOSPlatformEditor (442)
[2017.07.21-09.07.34:156][455]LogModuleManager: Shutting down and abandoning module HTML5PlatformEditor (440)
[2017.07.21-09.07.34:156][455]LogModuleManager: Shutting down and abandoning module AndroidPlatformEditor (438)
[2017.07.21-09.07.34:156][455]LogModuleManager: Shutting down and abandoning module AndroidDeviceDetection (437)
[2017.07.21-09.07.34:960][455]LogModuleManager: Shutting down and abandoning module IOSRuntimeSettings (434)
[2017.07.21-09.07.34:960][455]LogModuleManager: Shutting down and abandoning module AndroidRuntimeSettings (432)
[2017.07.21-09.07.34:960][455]LogModuleManager: Shutting down and abandoning module InputBindingEditor (430)
[2017.07.21-09.07.34:960][455]LogModuleManager: Shutting down and abandoning module MergeActors (428)
[2017.07.21-09.07.34:960][455]LogModuleManager: Shutting down and abandoning module SizeMap (426)
[2017.07.21-09.07.34:960][455]LogModuleManager: Shutting down and abandoning module TreeMap (424)
[2017.07.21-09.07.34:960][455]LogModuleManager: Shutting down and abandoning module ReferenceViewer (422)
[2017.07.21-09.07.34:960][455]LogModuleManager: Shutting down and abandoning module LocalizationDashboard (420)
[2017.07.21-09.07.34:960][455]LogModuleManager: Shutting down and abandoning module LocalizationService (419)
[2017.07.21-09.07.34:960][455]LogModuleManager: Shutting down and abandoning module HardwareTargeting (416)
[2017.07.21-09.07.34:960][455]LogModuleManager: Shutting down and abandoning module DeviceProfileEditor (414)
[2017.07.21-09.07.34:961][455]LogModuleManager: Shutting down and abandoning module UndoHistory (412)
[2017.07.21-09.07.34:961][455]LogModuleManager: Shutting down and abandoning module UserFeedback (410)
[2017.07.21-09.07.34:961][455]LogModuleManager: Shutting down and abandoning module XmlParser (408)
[2017.07.21-09.07.34:961][455]LogModuleManager: Shutting down and abandoning module Blutility (406)
[2017.07.21-09.07.34:961][455]LogModuleManager: Shutting down and abandoning module ProjectSettingsViewer (404)
[2017.07.21-09.07.34:961][455]LogModuleManager: Shutting down and abandoning module ProjectTargetPlatformEditor (403)
[2017.07.21-09.07.34:961][455]LogModuleManager: Shutting down and abandoning module EditorSettingsViewer (400)
[2017.07.21-09.07.34:961][455]LogModuleManager: Shutting down and abandoning module SettingsEditor (398)
[2017.07.21-09.07.34:961][455]LogModuleManager: Shutting down and abandoning module ProjectLauncher (396)
[2017.07.21-09.07.34:961][455]LogModuleManager: Shutting down and abandoning module SessionFrontend (394)
[2017.07.21-09.07.34:961][455]LogModuleManager: Shutting down and abandoning module ProfilerClient (392)
[2017.07.21-09.07.34:961][455]LogModuleManager: Shutting down and abandoning module DeviceManager (390)
[2017.07.21-09.07.34:961][455]LogModuleManager: Shutting down and abandoning module TargetDeviceServices (389)
[2017.07.21-09.07.35:015][455]LogModuleManager: Shutting down and abandoning module AutomationController (386)
[2017.07.21-09.07.35:015][455]LogModuleManager: Shutting down and abandoning module AutomationWindow (384)
[2017.07.21-09.07.35:015][455]LogModuleManager: Shutting down and abandoning module Layers (382)
[2017.07.21-09.07.35:015][455]LogModuleManager: Shutting down and abandoning module ComponentVisualizers (380)
[2017.07.21-09.07.35:015][455]LogModuleManager: Shutting down and abandoning module DetailCustomizations (378)
[2017.07.21-09.07.35:015][455]LogModuleManager: Shutting down and abandoning module PackagesDialog (376)
[2017.07.21-09.07.35:016][455]LogModuleManager: Shutting down and abandoning module Persona (374)
[2017.07.21-09.07.35:016][455]LogModuleManager: Shutting down and abandoning module AdvancedPreviewScene (373)
[2017.07.21-09.07.35:016][455]LogModuleManager: Shutting down and abandoning module AnimGraph (371)
[2017.07.21-09.07.35:016][455]LogModuleManager: Shutting down and abandoning module Kismet (368)
[2017.07.21-09.07.35:023][455]LogModuleManager: Shutting down and abandoning module ClassViewer (366)
[2017.07.21-09.07.35:024][455]LogModuleManager: Shutting down and abandoning module Toolbox (364)
[2017.07.21-09.07.35:024][455]LogModuleManager: Shutting down and abandoning module ModuleUI (362)
[2017.07.21-09.07.35:024][455]LogModuleManager: Shutting down and abandoning module MovieSceneTools (360)
[2017.07.21-09.07.35:024][455]LogModuleManager: Shutting down and abandoning module OutputLog (358)
[2017.07.21-09.07.35:024][455]LogModuleManager: Shutting down and abandoning module GammaUI (356)
[2017.07.21-09.07.35:024][455]LogModuleManager: Shutting down and abandoning module Documentation (354)
[2017.07.21-09.07.35:024][455]LogModuleManager: Shutting down and abandoning module MovieSceneTracks (352)
[2017.07.21-09.07.35:024][455]LogModuleManager: Shutting down and abandoning module MovieScene (350)
[2017.07.21-09.07.35:024][455]LogModuleManager: Shutting down and abandoning module Niagara (348)
[2017.07.21-09.07.35:024][455]LogModuleManager: Shutting down and abandoning module NiagaraEditor (347)
[2017.07.21-09.07.35:024][455]LogModuleManager: Shutting down and abandoning module StreamingPauseRendering (344)
[2017.07.21-09.07.35:024][455]LogModuleManager: Shutting down and abandoning module AnalyticsET (342)
[2017.07.21-09.07.35:024][455]LogModuleManager: Shutting down and abandoning module PortalServices (340)
[2017.07.21-09.07.35:024][455]LogModuleManager: Shutting down and abandoning module PortalRpc (338)
[2017.07.21-09.07.35:024][455]LogModuleManager: Shutting down and abandoning module MessagingRpc (336)
[2017.07.21-09.07.35:024][455]LogModuleManager: Shutting down and abandoning module AIModule (334)
[2017.07.21-09.07.35:024][455]LogModuleManager: Shutting down and abandoning module GameplayDebugger (333)
[2017.07.21-09.07.35:024][455]LogModuleManager: Shutting down and abandoning module AITestSuite (331)
[2017.07.21-09.07.35:024][455]LogModuleManager: Shutting down and abandoning module ProfilerService (328)
[2017.07.21-09.07.35:036][455]LogModuleManager: Shutting down and abandoning module TaskGraph (326)
[2017.07.21-09.07.35:036][455]LogModuleManager: Shutting down and abandoning module SteamVRController (324)
[2017.07.21-09.07.35:036][455]LogModuleManager: Shutting down and abandoning module SteamVR (322)
[2017.07.21-09.07.35:036][455]LogModuleManager: Shutting down and abandoning module ProceduralMeshComponentEditor (320)
[2017.07.21-09.07.35:036][455]LogModuleManager: Shutting down and abandoning module ProceduralMeshComponent (318)
[2017.07.21-09.07.35:036][455]LogModuleManager: Shutting down and abandoning module OculusLibrary (316)
[2017.07.21-09.07.35:036][455]LogModuleManager: Shutting down and abandoning module OculusInput (314)
[2017.07.21-09.07.35:036][455]LogModuleManager: Shutting down and abandoning module MobilePatchingUtils (312)
[2017.07.21-09.07.35:036][455]LogModuleManager: Shutting down and abandoning module CustomMeshComponent (310)
[2017.07.21-09.07.35:036][455]LogModuleManager: Shutting down and abandoning module CableComponent (308)
[2017.07.21-09.07.35:036][455]LogModuleManager: Shutting down and abandoning module ArchVisCharacter (306)
[2017.07.21-09.07.35:036][455]LogModuleManager: Shutting down and abandoning module AndroidPermission (304)
[2017.07.21-09.07.35:036][455]LogModuleManager: Shutting down and abandoning module MediaPlayerEditor (300)
[2017.07.21-09.07.35:036][455]LogModuleManager: Shutting down and abandoning module HTML5Networking (298)
[2017.07.21-09.07.35:036][455]LogModuleManager: Shutting down and abandoning module AlembicImporter (296)
[2017.07.21-09.07.35:036][455]LogModuleManager: Shutting down and abandoning module AlembicLibrary (295)
[2017.07.21-09.07.35:036][455]LogModuleManager: Shutting down and abandoning module GeometryCache (294)
[2017.07.21-09.07.35:037][455]LogModuleManager: Shutting down and abandoning module GeometryCacheEd (293)
[2017.07.21-09.07.35:037][455]LogModuleManager: Shutting down and abandoning module SuperSearchEditor (288)
[2017.07.21-09.07.35:037][455]LogModuleManager: Shutting down and abandoning module SuperSearch (287)
[2017.07.21-09.07.35:037][455]LogModuleManager: Shutting down and abandoning module SpeedTreeImporter (284)
[2017.07.21-09.07.35:037][455]LogModuleManager: Shutting down and abandoning module PluginBrowser (282)
[2017.07.21-09.07.35:037][455]LogModuleManager: Shutting down and abandoning module MobileLauncherProfileWizard (280)
[2017.07.21-09.07.35:037][455]LogModuleManager: Shutting down and abandoning module VisualStudioSourceCodeAccess (278)
[2017.07.21-09.07.35:037][455]LogModuleManager: Shutting down and abandoning module DesktopPlatform (277)
[2017.07.21-09.07.35:037][455]LogModuleManager: Shutting down and abandoning module UObjectPlugin (274)
[2017.07.21-09.07.35:037][455]LogModuleManager: Shutting down and abandoning module SubversionSourceControl (272)
[2017.07.21-09.07.35:037][455]LogModuleManager: Shutting down and abandoning module PerforceSourceControl (270)
[2017.07.21-09.07.35:037][455]LogModuleManager: Shutting down and abandoning module GitSourceControl (268)
[2017.07.21-09.07.35:037][455]LogModuleManager: Shutting down and abandoning module SourceControl (267)
[2017.07.21-09.07.35:037][455]LogModuleManager: Shutting down and abandoning module LightPropagationVolumeEditor (264)
[2017.07.21-09.07.35:037][455]LogModuleManager: Shutting down and abandoning module PaperTiledImporter (262)
[2017.07.21-09.07.35:037][455]LogModuleManager: Shutting down and abandoning module PaperSpriteSheetImporter (260)
[2017.07.21-09.07.35:037][455]LogModuleManager: Shutting down and abandoning module Paper2DEditor (258)
[2017.07.21-09.07.35:037][455]LogModuleManager: Shutting down and abandoning module MeshPaint (257)
[2017.07.21-09.07.35:037][455]LogModuleManager: Shutting down and abandoning module LevelEditor (255)
[2017.07.21-09.07.35:038][455]LogModuleManager: Shutting down and abandoning module PixelInspectorModule (254)
[2017.07.21-09.07.35:038][455]LogModuleManager: Shutting down and abandoning module MainFrame (252)
[2017.07.21-09.07.35:038][455]LogModuleManager: Shutting down and abandoning module HotReload (251)
[2017.07.21-09.07.35:038][455]LogModuleManager: Shutting down and abandoning module PhysXVehiclesEditor (246)
[2017.07.21-09.07.35:038][455]LogModuleManager: Shutting down and abandoning module PhysXVehicles (244)
[2017.07.21-09.07.35:038][455]LogModuleManager: Shutting down and abandoning module LocationServicesBPLibrary (242)
[2017.07.21-09.07.35:038][455]LogModuleManager: Shutting down and abandoning module ImmediatePhysicsEditor (240)
[2017.07.21-09.07.35:038][455]LogModuleManager: Shutting down and abandoning module ImmediatePhysics (238)
[2017.07.21-09.07.35:038][455]LogModuleManager: Shutting down and abandoning module UdpMessaging (236)
[2017.07.21-09.07.35:139][455]LogModuleManager: Shutting down and abandoning module TcpMessaging (234)
[2017.07.21-09.07.35:241][455]LogModuleManager: Shutting down and abandoning module GameplayTagsEditor (232)
[2017.07.21-09.07.35:241][455]LogModuleManager: Shutting down and abandoning module FacialAnimationEditor (230)
[2017.07.21-09.07.35:241][455]LogModuleManager: Shutting down and abandoning module FacialAnimation (228)
[2017.07.21-09.07.35:241][455]LogModuleManager: Shutting down and abandoning module AssetManagerEditor (226)
[2017.07.21-09.07.35:241][455]LogModuleManager: Shutting down and abandoning module GraphEditor (225)
[2017.07.21-09.07.35:241][455]LogModuleManager: Shutting down and abandoning module ContentBrowser (223)
[2017.07.21-09.07.35:241][455]LogModuleManager: Shutting down and abandoning module LightPropagationVolumeRuntime (220)
[2017.07.21-09.07.35:241][455]LogModuleManager: Shutting down and abandoning module Paper2D (218)
[2017.07.21-09.07.35:241][455]LogModuleManager: Shutting down and abandoning module WindowsMoviePlayer (216)
[2017.07.21-09.07.35:241][455]LogModuleManager: Shutting down and abandoning module WmfMedia (214)
[2017.07.21-09.07.35:241][455]LogModuleManager: Shutting down and abandoning module ClothingSystemEditor (212)
[2017.07.21-09.07.35:241][455]LogModuleManager: Shutting down and abandoning module ClothingSystemRuntime (210)
[2017.07.21-09.07.35:241][455]LogModuleManager: Shutting down and abandoning module MediaAssets (208)
[2017.07.21-09.07.35:241][455]LogModuleManager: Shutting down and abandoning module GameLiveStreaming (206)
[2017.07.21-09.07.35:241][455]LogModuleManager: Shutting down and abandoning module VREditor (204)
[2017.07.21-09.07.35:242][455]LogModuleManager: Shutting down and abandoning module StringTableEditor (202)
[2017.07.21-09.07.35:242][455]LogModuleManager: Shutting down and abandoning module GameplayTasksEditor (200)
[2017.07.21-09.07.35:242][455]LogModuleManager: Shutting down and abandoning module BehaviorTreeEditor (198)
[2017.07.21-09.07.35:242][455]LogModuleManager: Shutting down and abandoning module FunctionalTesting (196)
[2017.07.21-09.07.35:242][455]LogModuleManager: Shutting down and abandoning module CollisionAnalyzer (194)
[2017.07.21-09.07.35:242][455]LogModuleManager: Shutting down and abandoning module UMG (192)
[2017.07.21-09.07.35:242][455]LogModuleManager: Shutting down and abandoning module UMGEditor (191)
[2017.07.21-09.07.35:242][455]LogModuleManager: Shutting down and abandoning module Sequencer (190)
[2017.07.21-09.07.35:242][455]LogModuleManager: Shutting down and abandoning module AssetTools (188)
[2017.07.21-09.07.35:242][455]LogModuleManager: Shutting down and abandoning module MessageLog (187)
[2017.07.21-09.07.35:242][455]LogModuleManager: Shutting down and abandoning module WorkspaceMenuStructure (186)
[2017.07.21-09.07.35:242][455]LogModuleManager: Shutting down and abandoning module SlateReflector (180)
[2017.07.21-09.07.35:242][455]LogModuleManager: Shutting down and abandoning module Slate (178)
[2017.07.21-09.07.35:242][455]LogModuleManager: Shutting down and abandoning module EditorStyle (176)
[2017.07.21-09.07.35:245][455]LogModuleManager: Shutting down and abandoning module SourceCodeAccess (174)
[2017.07.21-09.07.35:245][455]LogModuleManager: Shutting down and abandoning module HeadMountedDisplay (172)
[2017.07.21-09.07.35:245][455]LogModuleManager: Shutting down and abandoning module XAudio2 (170)
[2017.07.21-09.07.35:245][455]LogModuleManager: Shutting down and abandoning module Networking (168)
[2017.07.21-09.07.35:245][455]LogModuleManager: Shutting down and abandoning module Core (164)
[2017.07.21-09.07.35:245][455]LogModuleManager: Shutting down and abandoning module AssetRegistry (162)
[2017.07.21-09.07.35:315][455]LogDirectoryWatcher: A directory notification for '../../../Engine/Content/' was aborted.
[2017.07.21-09.07.35:315][455]LogDirectoryWatcher: A directory notification for 'D:/MA Daniel Schmidl/Masterarbeit/Content/' was aborted.
[2017.07.21-09.07.35:315][455]LogDirectoryWatcher: A directory notification for '../../../Engine/Plugins/2D/Paper2D/Content/' was aborted.
[2017.07.21-09.07.35:315][455]LogDirectoryWatcher: A directory notification for '../../../Engine/Plugins/Runtime/GearVR/Content/' was aborted.
[2017.07.21-09.07.35:318][455]LogModuleManager: Shutting down and abandoning module DirectoryWatcher (161)
[2017.07.21-09.07.35:319][455]LogModuleManager: Shutting down and abandoning module KismetCompiler (158)
[2017.07.21-09.07.35:319][455]LogModuleManager: Shutting down and abandoning module LevelSequence (156)
[2017.07.21-09.07.35:319][455]LogModuleManager: Shutting down and abandoning module PhysXFormats (154)
[2017.07.21-09.07.35:319][455]LogModuleManager: Shutting down and abandoning module MeshUtilities (152)
[2017.07.21-09.07.35:319][455]LogModuleManager: Shutting down and abandoning module SimplygonSwarm (151)
[2017.07.21-09.07.35:319][455]LogModuleManager: Shutting down and abandoning module SimplygonMeshReduction (149)
[2017.07.21-09.07.35:319][455]LogModuleManager: Shutting down and abandoning module QuadricMeshReduction (147)
[2017.07.21-09.07.35:319][455]LogModuleManager: Shutting down and abandoning module DerivedDataCache (144)
[2017.07.21-09.07.35:415][455]LogDerivedDataCache: Shutdown
[2017.07.21-09.07.35:415][455]LogModuleManager: Shutting down and abandoning module TargetPlatform (142)
[2017.07.21-09.07.35:415][455]LogModuleManager: Shutting down and abandoning module VulkanShaderFormat (141)
[2017.07.21-09.07.35:415][455]LogModuleManager: Shutting down and abandoning module ShaderFormatVectorVM (139)
[2017.07.21-09.07.35:415][455]LogModuleManager: Shutting down and abandoning module ShaderFormatOpenGL (137)
[2017.07.21-09.07.35:415][455]LogModuleManager: Shutting down and abandoning module ShaderFormatD3D (135)
[2017.07.21-09.07.35:415][455]LogModuleManager: Shutting down and abandoning module MetalShaderFormat (133)
[2017.07.21-09.07.35:415][455]LogModuleManager: Shutting down and abandoning module TextureFormatUncompressed (131)
[2017.07.21-09.07.35:415][455]LogModuleManager: Shutting down and abandoning module TextureFormatPVR (129)
[2017.07.21-09.07.35:415][455]LogModuleManager: Shutting down and abandoning module TextureFormatDXT (127)
[2017.07.21-09.07.35:415][455]LogModuleManager: Shutting down and abandoning module TextureFormatIntelISPCTexComp (125)
[2017.07.21-09.07.35:415][455]LogModuleManager: Shutting down and abandoning module TextureFormatASTC (123)
[2017.07.21-09.07.35:415][455]LogModuleManager: Shutting down and abandoning module ImageWrapper (122)
[2017.07.21-09.07.35:415][455]LogModuleManager: Shutting down and abandoning module TextureFormatAndroid (119)
[2017.07.21-09.07.35:415][455]LogModuleManager: Shutting down and abandoning module AudioFormatOpus (117)
[2017.07.21-09.07.35:415][455]LogModuleManager: Shutting down and abandoning module AudioFormatOgg (115)
[2017.07.21-09.07.35:415][455]LogModuleManager: Shutting down and abandoning module AudioFormatADPCM (113)
[2017.07.21-09.07.35:415][455]LogModuleManager: Shutting down and abandoning module LinuxTargetPlatform (111)
[2017.07.21-09.07.35:415][455]LogModuleManager: Shutting down and abandoning module LinuxServerTargetPlatform (109)
[2017.07.21-09.07.35:415][455]LogModuleManager: Shutting down and abandoning module LinuxNoEditorTargetPlatform (107)
[2017.07.21-09.07.35:415][455]LogModuleManager: Shutting down and abandoning module LinuxClientTargetPlatform (105)
[2017.07.21-09.07.35:415][455]LogModuleManager: Shutting down and abandoning module TVOSTargetPlatform (103)
[2017.07.21-09.07.35:415][455]LogModuleManager: Shutting down and abandoning module Messaging (101)
[2017.07.21-09.07.35:415][455]LogModuleManager: Shutting down and abandoning module IOSTargetPlatform (99)
[2017.07.21-09.07.35:415][455]LogModuleManager: Shutting down and abandoning module HTML5TargetPlatform (97)
[2017.07.21-09.07.35:415][455]LogModuleManager: Shutting down and abandoning module Android_PVRTCTargetPlatform (95)
[2017.07.21-09.07.35:415][455]LogModuleManager: Shutting down and abandoning module Android_MultiTargetPlatform (93)
[2017.07.21-09.07.35:415][455]LogModuleManager: Shutting down and abandoning module Android_ETC2TargetPlatform (91)
[2017.07.21-09.07.35:415][455]LogModuleManager: Shutting down and abandoning module Android_ETC1TargetPlatform (89)
[2017.07.21-09.07.35:415][455]LogModuleManager: Shutting down and abandoning module Android_DXTTargetPlatform (87)
[2017.07.21-09.07.35:415][455]LogModuleManager: Shutting down and abandoning module Android_ATCTargetPlatform (85)
[2017.07.21-09.07.35:415][455]LogModuleManager: Shutting down and abandoning module Android_ASTCTargetPlatform (83)
[2017.07.21-09.07.35:415][455]LogModuleManager: Shutting down and abandoning module AndroidTargetPlatform (81)
[2017.07.21-09.07.35:415][455]LogModuleManager: Shutting down and abandoning module WindowsTargetPlatform (79)
[2017.07.21-09.07.35:415][455]LogModuleManager: Shutting down and abandoning module WindowsServerTargetPlatform (77)
[2017.07.21-09.07.35:415][455]LogModuleManager: Shutting down and abandoning module WindowsNoEditorTargetPlatform (75)
[2017.07.21-09.07.35:415][455]LogModuleManager: Shutting down and abandoning module WindowsClientTargetPlatform (73)
[2017.07.21-09.07.35:415][455]LogModuleManager: Shutting down and abandoning module MacTargetPlatform (71)
[2017.07.21-09.07.35:415][455]LogModuleManager: Shutting down and abandoning module MacServerTargetPlatform (69)
[2017.07.21-09.07.35:415][455]LogModuleManager: Shutting down and abandoning module MacNoEditorTargetPlatform (67)
[2017.07.21-09.07.35:415][455]LogModuleManager: Shutting down and abandoning module MacClientTargetPlatform (65)
[2017.07.21-09.07.35:415][455]LogModuleManager: Shutting down and abandoning module AllDesktopTargetPlatform (63)
[2017.07.21-09.07.35:415][455]LogModuleManager: Shutting down and abandoning module InputCore (60)
[2017.07.21-09.07.35:415][455]LogModuleManager: Shutting down and abandoning module Settings (58)
[2017.07.21-09.07.35:415][455]LogModuleManager: Shutting down and abandoning module OculusRift (56)
[2017.07.21-09.07.35:415][455]LogModuleManager: Shutting down and abandoning module GearVRController (54)
[2017.07.21-09.07.35:415][455]LogModuleManager: Shutting down and abandoning module GearVR (52)
[2017.07.21-09.07.35:415][455]LogModuleManager: Shutting down and abandoning module ExampleDeviceProfileSelector (50)
[2017.07.21-09.07.35:416][455]LogModuleManager: Shutting down and abandoning module OnlineBlueprintSupport (48)
[2017.07.21-09.07.35:416][455]LogModuleManager: Shutting down and abandoning module OnlineSubsystem (44)
[2017.07.21-09.07.35:416][455]LogOnline:Display: Unloading online subsystem: NULL
[2017.07.21-09.07.35:416][455]LogModuleManager: Shutting down and abandoning module XMPP (43)
[2017.07.21-09.07.35:416][455]LogModuleManager: Shutting down and abandoning module HTTP (41)
[2017.07.21-09.07.35:416][455]LogHttp:Display: Http module shutting down, but needs to wait on 1 outstanding Http requests:
[2017.07.21-09.07.35:416][455]LogHttp:Display: 	verb=[POST] url=[https://datarouter.ol.epicgames.com/datarouter/api/v1/public/data?SessionID=%7B349643E3-43E7-FA3C-0B2A-10853C9CBF40%7D&AppID=UEEditor.Rocket.Release&AppVersion=4.16.2-3514769%2B%2B%2BUE4%2BRelease-4.16&UserID=f8179dad484facb1bbe537a2f6f6f875%7C6de05fa92587480fb7882ffc140bd849%7Ca8421cad-14d1-4c31-b419-d88541bd8cac&AppEnvironment=datacollector-binary&UploadType=eteventstream] status=Processing
[2017.07.21-09.07.35:449][455]LogModuleManager: Shutting down and abandoning module SSL (40)
[2017.07.21-09.07.35:450][455]LogModuleManager: Shutting down and abandoning module HTTPChunkInstaller (36)
[2017.07.21-09.07.35:450][455]LogModuleManager: Shutting down and abandoning module AnimationModifiers (34)
[2017.07.21-09.07.35:451][455]LogModuleManager: Shutting down and abandoning module PropertyEditor (33)
[2017.07.21-09.07.35:451][455]LogModuleManager: Shutting down and abandoning module AudioEditor (30)
[2017.07.21-09.07.35:451][455]LogModuleManager: Shutting down and abandoning module TextureCompressor (28)
[2017.07.21-09.07.35:451][455]LogModuleManager: Shutting down and abandoning module ShaderCore (26)
[2017.07.21-09.07.35:451][455]LogModuleManager: Shutting down and abandoning module Landscape (24)
[2017.07.21-09.07.35:451][455]LogModuleManager: Shutting down and abandoning module SlateRHIRenderer (22)
[2017.07.21-09.07.35:452][455]LogModuleManager: Shutting down and abandoning module OpenGLDrv (20)
[2017.07.21-09.07.35:452][455]LogModuleManager: Shutting down and abandoning module D3D11RHI (18)
[2017.07.21-09.07.35:452][455]LogModuleManager: Shutting down and abandoning module AnimGraphRuntime (16)
[2017.07.21-09.07.35:452][455]LogModuleManager: Shutting down and abandoning module Renderer (14)
[2017.07.21-09.07.35:452][455]LogModuleManager: Shutting down and abandoning module Engine (12)
[2017.07.21-09.07.35:452][455]LogModuleManager: Shutting down and abandoning module CoreUObject (10)
[2017.07.21-09.07.35:452][455]LogModuleManager: Shutting down and abandoning module NetworkFile (8)
[2017.07.21-09.07.35:452][455]LogModuleManager: Shutting down and abandoning module StreamingFile (6)
[2017.07.21-09.07.35:452][455]LogModuleManager: Shutting down and abandoning module SandboxFile (4)
[2017.07.21-09.07.35:452][455]LogModuleManager: Shutting down and abandoning module PakFile (2)
[2017.07.21-09.07.35:455][455]LogExit: Exiting.
[2017.07.21-09.07.35:465][455]Log file closed, 07/21/17 11:07:35
