Log file open, 08/31/17 09:19:02
LogWindows: LoadLibraryWithSearchPaths failed for file aqProf.dll. GetLastError=0
LogWindows: LoadLibraryWithSearchPaths failed for file VSPerf140.dll. GetLastError=0
LogWindows: LoadLibraryWithSearchPaths failed for file VtuneApi.dll. GetLastError=0
LogWindows: LoadLibraryWithSearchPaths failed for file VtuneApi32e.dll. GetLastError=0
LogInit: Display: Running engine for game: DSHockeyGame
LogPlatformFile: Not using cached read wrapper
LogInit: Display: RandInit(882353848) SRandInit(882353848).
LogTaskGraph: Started task graph with 5 named threads and 20 total threads with 3 sets of task threads.
LogStats: Stats thread started at 0.279172
LogD3D11RHI: Aftermath initialized
LogPluginManager: Mounting plugin Paper2D
LogPluginManager: Mounting plugin LightPropagationVolume
LogPluginManager: Mounting plugin CodeLiteSourceCodeAccess
LogPluginManager: Mounting plugin GitSourceControl
LogPluginManager: Mounting plugin KDevelopSourceCodeAccess
LogPluginManager: Mounting plugin NullSourceCodeAccess
LogPluginManager: Mounting plugin PerforceSourceControl
LogPluginManager: Mounting plugin SubversionSourceControl
LogPluginManager: Mounting plugin UObjectPlugin
LogPluginManager: Mounting plugin VisualStudioSourceCodeAccess
LogPluginManager: Mounting plugin XCodeSourceCodeAccess
LogPluginManager: Mounting plugin AssetManagerEditor
LogPluginManager: Mounting plugin AudioCapture
LogPluginManager: Mounting plugin FacialAnimation
LogPluginManager: Mounting plugin GameplayTagsEditor
LogPluginManager: Mounting plugin MobileLauncherProfileWizard
LogPluginManager: Mounting plugin PluginBrowser
LogPluginManager: Mounting plugin SpeedTreeImporter
LogPluginManager: Mounting plugin AlembicImporter
LogPluginManager: Mounting plugin CharacterAI
LogPluginManager: Mounting plugin HTML5Networking
LogPluginManager: Mounting plugin AndroidMedia
LogPluginManager: Mounting plugin AvfMedia
LogPluginManager: Mounting plugin MediaPlayerEditor
LogPluginManager: Mounting plugin WmfMedia
LogPluginManager: Mounting plugin TcpMessaging
LogPluginManager: Mounting plugin UdpMessaging
LogPluginManager: Mounting plugin LevelSequenceEditor
LogPluginManager: Mounting plugin MatineeToLevelSequence
LogPluginManager: Mounting plugin OnlineSubsystemGooglePlay
LogPluginManager: Mounting plugin OnlineSubsystemIOS
LogPluginManager: Mounting plugin OnlineSubsystem
LogPluginManager: Mounting plugin OnlineSubsystemNull
LogPluginManager: Mounting plugin OnlineSubsystemUtils
LogPluginManager: Mounting plugin AndroidDeviceProfileSelector
LogPluginManager: Mounting plugin AndroidMoviePlayer
LogPluginManager: Mounting plugin AndroidPermission
LogPluginManager: Mounting plugin AppleMoviePlayer
LogPluginManager: Mounting plugin ArchVisCharacter
LogPluginManager: Mounting plugin CableComponent
LogPluginManager: Mounting plugin CustomMeshComponent
LogPluginManager: Mounting plugin ExampleDeviceProfileSelector
LogPluginManager: Mounting plugin GoogleCloudMessaging
LogPluginManager: Mounting plugin ImmediatePhysics
LogPluginManager: Mounting plugin IOSDeviceProfileSelector
LogPluginManager: Mounting plugin LinuxDeviceProfileSelector
LogPluginManager: Mounting plugin LocationServicesBPLibrary
LogPluginManager: Mounting plugin MobilePatchingUtils
LogPluginManager: Mounting plugin OculusVR
LogPluginManager: Mounting plugin PhysXVehicles
LogPluginManager: Mounting plugin ProceduralMeshComponent
LogPluginManager: Mounting plugin RuntimePhysXCooking
LogPluginManager: Mounting plugin SteamVR
LogPluginManager: Mounting plugin WindowsMoviePlayer
LogInit: Using libcurl 7.47.1
LogInit:  - built for x86_64-pc-win32
LogInit:  - supports SSL with OpenSSL/1.0.2g
LogInit:  - supports HTTP deflate (compression) using libz 1.2.8
LogInit:  - other features:
LogInit:      CURL_VERSION_SSL
LogInit:      CURL_VERSION_LIBZ
LogInit:      CURL_VERSION_IPV6
LogInit:      CURL_VERSION_ASYNCHDNS
LogInit:      CURL_VERSION_LARGEFILE
LogInit:      CURL_VERSION_IDN
LogInit:  CurlRequestOptions (configurable via config and command line):
LogInit:  - bVerifyPeer = false  - Libcurl will NOT verify peer certificate
LogInit:  - bUseHttpProxy = false  - Libcurl will NOT use HTTP proxy
LogInit:  - bDontReuseConnections = false  - Libcurl will reuse connections
LogInit:  - CertBundlePath = nullptr  - Libcurl will use whatever was configured at build time.
LogInit: Build: ++UE4+Release-4.17-CL-3586342
LogInit: Engine Version: 4.17.1-3586342+++UE4+Release-4.17
LogInit: Compatible Engine Version: 4.17.0-3573198+++UE4+Release-4.17
LogInit: Net CL: 3573198
LogDevObjectVersion: Number of dev versions registered: 16
LogDevObjectVersion:   Dev-Blueprints (B0D832E4-1F89-4F0D-ACCF-7EB736FD4AA2): 10
LogDevObjectVersion:   Dev-Build (E1C64328-A22C-4D53-A36C-8E866417BD8C): 0
LogDevObjectVersion:   Dev-Core (375EC13C-06E4-48FB-B500-84F0262A717E): 2
LogDevObjectVersion:   Dev-Editor (E4B068ED-F494-42E9-A231-DA0B2E46BB41): 20
LogDevObjectVersion:   Dev-Framework (CFFC743F-43B0-4480-9391-14DF171D2073): 28
LogDevObjectVersion:   Dev-Mobile (B02B49B5-BB20-44E9-A304-32B752E40360): 0
LogDevObjectVersion:   Dev-Networking (A4E4105C-59A1-49B5-A7C5-40C4547EDFEE): 0
LogDevObjectVersion:   Dev-Online (39C831C9-5AE6-47DC-9A44-9C173E1C8E7C): 0
LogDevObjectVersion:   Dev-Physics (78F01B33-EBEA-4F98-B9B4-84EACCB95AA2): 0
LogDevObjectVersion:   Dev-Platform (6631380F-2D4D-43E0-8009-CF276956A95A): 0
LogDevObjectVersion:   Dev-Rendering (12F88B9F-8875-4AFC-A67C-D90C383ABD29): 19
LogDevObjectVersion:   Dev-Sequencer (7B5AE74C-D270-4C10-A958-57980B212A5A): 4
LogDevObjectVersion:   Dev-VR (D7296918-1DD6-4BDD-9DE2-64A83CC13884): 0
LogDevObjectVersion:   Dev-LoadTimes (C2A15278-BFE7-4AFE-6C17-90FF531DF755): 1
LogDevObjectVersion:   Private-Geometry (6EACA3D4-40EC-4CC1-B786-8BED09428FC5): 1
LogDevObjectVersion:   Dev-AnimPhys (29E575DD-E0A3-4627-9D10-D276232CDCEA): 7
LogInit: Compiled (64-bit): Aug 15 2017 02:05:26
LogInit: Compiled with Visual C++: 19.00.24215.01
LogInit: Build Configuration: Development
LogInit: Branch Name: ++UE4+Release-4.17
LogInit: Command line:  
LogInit: Base directory: D:/UE_4.17/Engine/Binaries/Win64/
LogInit: Installed Engine Build: 1
LogInit: Presizing for max 8388607 objects, including 0 objects not considered by GC, pre-allocating 0 bytes for permanent pool.
LogInit: Object subsystem initialized
[2017.08.31-07.19.03:300][  0]LogInit: Selected Device Profile: [Windows]
[2017.08.31-07.19.03:300][  0]LogInit: Applying CVar settings loaded from the selected device profile: [Windows]
[2017.08.31-07.19.03:331][  0]LogInit: Computer: PC1011604140
[2017.08.31-07.19.03:331][  0]LogInit: User: LocalAdmin
[2017.08.31-07.19.03:331][  0]LogInit: CPU Page size=4096, Cores=6
[2017.08.31-07.19.03:331][  0]LogInit: High frequency timer resolution =3.220795 MHz
[2017.08.31-07.19.03:332][  0]LogMemory: Memory total: Physical=15.9GB (16GB approx)
[2017.08.31-07.19.03:332][  0]LogMemory: Platform Memory Stats for Windows
[2017.08.31-07.19.03:332][  0]LogMemory: Process Physical Memory: 282.10 MB used, 282.10 MB peak
[2017.08.31-07.19.03:332][  0]LogMemory: Process Virtual Memory: 281.85 MB used, 281.85 MB peak
[2017.08.31-07.19.03:332][  0]LogMemory: Physical Memory: 2657.18 MB used,  13637.76 MB free, 16294.94 MB total
[2017.08.31-07.19.03:332][  0]LogMemory: Virtual Memory: 682.77 MB used,  13637.76 MB free, 134217728.00 MB total
[2017.08.31-07.19.03:615][  0]LogInit: Using OS detected language (de-DE).
[2017.08.31-07.19.03:615][  0]LogInit: Using OS detected locale (de-DE).
[2017.08.31-07.19.03:624][  0]LogTextLocalizationManager: No localization for 'de-DE' exists, so 'en' will be used for the language.
[2017.08.31-07.19.03:625][  0]LogTextLocalizationManager: No localization for 'de-DE' exists, so 'en' will be used for the locale.
[2017.08.31-07.19.04:516][  0]LogD3D11RHI: D3D11 adapters:
[2017.08.31-07.19.04:548][  0]LogD3D11RHI:    0. 'NVIDIA GeForce GTX 980 Ti' (Feature Level 11_0)
[2017.08.31-07.19.04:548][  0]LogD3D11RHI:       6102/0/8147 MB DedicatedVideo/DedicatedSystem/SharedSystem, Outputs:1, VendorId:0x10de
[2017.08.31-07.19.04:549][  0]LogD3D11RHI:    1. 'Microsoft Basic Render Driver' (Feature Level 11_0)
[2017.08.31-07.19.04:549][  0]LogD3D11RHI:       0/0/8147 MB DedicatedVideo/DedicatedSystem/SharedSystem, Outputs:0, VendorId:0x1414
[2017.08.31-07.19.04:549][  0]LogD3D11RHI: Chosen D3D11 Adapter: 0
[2017.08.31-07.19.04:552][  0]LogD3D11RHI: Creating new Direct3DDevice
[2017.08.31-07.19.04:552][  0]LogD3D11RHI:     GPU DeviceId: 0x17c8 (for the marketing name, search the web for "GPU Device Id")
[2017.08.31-07.19.04:553][  0]LogWindows: EnumDisplayDevices:
[2017.08.31-07.19.04:553][  0]LogWindows:    0. 'NVIDIA GeForce GTX 980 Ti' (P:1 D:1)
[2017.08.31-07.19.04:553][  0]LogWindows:    1. 'NVIDIA GeForce GTX 980 Ti' (P:0 D:0)
[2017.08.31-07.19.04:553][  0]LogWindows:    2. 'NVIDIA GeForce GTX 980 Ti' (P:0 D:0)
[2017.08.31-07.19.04:553][  0]LogWindows:    3. 'NVIDIA GeForce GTX 980 Ti' (P:0 D:0)
[2017.08.31-07.19.04:553][  0]LogWindows: DebugString: FoundDriverCount:4 
[2017.08.31-07.19.04:553][  0]LogD3D11RHI:     Adapter Name: NVIDIA GeForce GTX 980 Ti
[2017.08.31-07.19.04:553][  0]LogD3D11RHI:   Driver Version: 376.53 (internal:21.21.13.7653, unified:376.53)
[2017.08.31-07.19.04:553][  0]LogD3D11RHI:      Driver Date: 12-29-2016
[2017.08.31-07.19.04:553][  0]LogRHI: Texture pool is 1361 MB (70% of 1945 MB)
[2017.08.31-07.19.04:570][  0]LogD3D11RHI: Async texture creation enabled
[2017.08.31-07.19.04:589][  0]LogD3D11RHI: GPU Timing Frequency: 1000.000000 (Debug: 2 1)
[2017.08.31-07.19.04:640][  0]LogShaderCompilers: Guid format shader working directory is 4 characters bigger than the processId version (../../../../MA Daniel Schmidl/Masterarbeit 4.17/Intermediate/Shaders/WorkingDirectory/6300/).
[2017.08.31-07.19.04:640][  0]LogShaderCompilers: Cleaned the shader compiler working directory 'C:/Users/LocalAdmin/AppData/Local/Temp/UnrealShaderWorkingDir/D75D15D8464FC89CACEB6398FE7A18ED/'.
[2017.08.31-07.19.04:641][  0]LogShaderCompilers: Display: Using Local Shader Compiler.
[2017.08.31-07.19.06:093][  0]LogTemp: Display: Loaded TP AllDesktopTargetPlatform
[2017.08.31-07.19.06:137][  0]LogTemp: Display: Loaded TP MacClientTargetPlatform
[2017.08.31-07.19.06:181][  0]LogTemp: Display: Loaded TP MacNoEditorTargetPlatform
[2017.08.31-07.19.06:225][  0]LogTemp: Display: Loaded TP MacServerTargetPlatform
[2017.08.31-07.19.06:272][  0]LogTemp: Display: Loaded TP MacTargetPlatform
[2017.08.31-07.19.06:318][  0]LogTemp: Display: Loaded TP WindowsClientTargetPlatform
[2017.08.31-07.19.06:361][  0]LogTemp: Display: Loaded TP WindowsNoEditorTargetPlatform
[2017.08.31-07.19.06:406][  0]LogTemp: Display: Loaded TP WindowsServerTargetPlatform
[2017.08.31-07.19.06:440][  0]LogTemp: Display: Loaded TP WindowsTargetPlatform
[2017.08.31-07.19.06:484][  0]LogTemp: Display: Loaded TP AndroidTargetPlatform
[2017.08.31-07.19.06:525][  0]LogTemp: Display: Loaded TP Android_ASTCTargetPlatform
[2017.08.31-07.19.06:567][  0]LogTemp: Display: Loaded TP Android_ATCTargetPlatform
[2017.08.31-07.19.06:605][  0]LogTemp: Display: Loaded TP Android_DXTTargetPlatform
[2017.08.31-07.19.06:641][  0]LogTemp: Display: Loaded TP Android_ETC1TargetPlatform
[2017.08.31-07.19.06:691][  0]LogTemp: Display: Loaded TP Android_ETC2TargetPlatform
[2017.08.31-07.19.06:781][  0]LogTemp: Display: Loaded TP Android_MultiTargetPlatform
[2017.08.31-07.19.06:781][  0]LogTemp: Display: Loaded TP Android_PVRTCTargetPlatform
[2017.08.31-07.19.06:809][  0]LogTemp: Display: Loaded TP HTML5TargetPlatform
[2017.08.31-07.19.06:934][  0]LogTemp: Display: Loaded TP IOSTargetPlatform
[2017.08.31-07.19.06:961][  0]LogTemp: Display: Loaded TP TVOSTargetPlatform
[2017.08.31-07.19.07:003][  0]LogTemp: Display: Loaded TP LinuxClientTargetPlatform
[2017.08.31-07.19.07:064][  0]LogTemp: Display: Loaded TP LinuxNoEditorTargetPlatform
[2017.08.31-07.19.07:124][  0]LogTemp: Display: Loaded TP LinuxServerTargetPlatform
[2017.08.31-07.19.07:177][  0]LogTemp: Display: Loaded TP LinuxTargetPlatform
[2017.08.31-07.19.07:177][  0]LogTargetPlatformManager: Display: Building Assets For Windows
[2017.08.31-07.19.08:001][  0]LogDerivedDataCache: Display: Max Cache Size: 512 MB
[2017.08.31-07.19.08:347][  0]LogDerivedDataCache: Loaded boot cache 0.35s 106MB C:/Users/LocalAdmin/AppData/Local/UnrealEngine/4.17/DerivedDataCache/Boot.ddc.
[2017.08.31-07.19.08:347][  0]LogDerivedDataCache: Display: Loaded Boot cache: C:/Users/LocalAdmin/AppData/Local/UnrealEngine/4.17/DerivedDataCache/Boot.ddc
[2017.08.31-07.19.08:347][  0]LogDerivedDataCache: FDerivedDataBackendGraph:  Pak pak cache file ../../../../MA Daniel Schmidl/Masterarbeit 4.17/DerivedDataCache/DDC.ddp not found, will not use a pak cache.
[2017.08.31-07.19.08:347][  0]LogDerivedDataCache: Unable to find inner node Pak for hierarchical cache Hierarchy.
[2017.08.31-07.19.08:347][  0]LogDerivedDataCache: FDerivedDataBackendGraph:  CompressedPak pak cache file ../../../../MA Daniel Schmidl/Masterarbeit 4.17/DerivedDataCache/Compressed.ddp not found, will not use a pak cache.
[2017.08.31-07.19.08:347][  0]LogDerivedDataCache: Unable to find inner node CompressedPak for hierarchical cache Hierarchy.
[2017.08.31-07.19.08:371][  0]LogDerivedDataCache: Display: Pak cache opened for reading ../../../Engine/DerivedDataCache/Compressed.ddp.
[2017.08.31-07.19.08:384][  0]LogDerivedDataCache: Using Local data cache path C:/Users/LocalAdmin/AppData/Local/UnrealEngine/Common/DerivedDataCache: Writable
[2017.08.31-07.19.08:397][  0]LogMaterial: Verifying Global Shaders for PCD3D_SM5
[2017.08.31-07.19.08:398][  0]LogSlate: Using Freetype 2.6.0
[2017.08.31-07.19.08:400][  0]LogSlate: SlateFontCache - WITH_FREETYPE: 1, WITH_HARFBUZZ: 1
[2017.08.31-07.19.08:400][  0]LogSlate: SlateFontCache - WITH_FREETYPE: 1, WITH_HARFBUZZ: 1
[2017.08.31-07.19.11:974][  0]LogAssetRegistry: FAssetRegistry took 0.0271 seconds to start up
[2017.08.31-07.19.12:117][  0]LogInit: Selected Device Profile: [Windows]
[2017.08.31-07.19.12:320][  0]LogContentStreaming: Texture pool size is 0.00 MB
[2017.08.31-07.19.12:698][  0]LogSimplygon: Simplygon DLL not present - disabling.
[2017.08.31-07.19.12:730][  0]LogMeshReduction: Using SimplygonSwarm for distributed automatic mesh merging
[2017.08.31-07.19.12:730][  0]LogMeshReduction: Using QuadricMeshReduction for automatic static mesh reduction
[2017.08.31-07.19.12:730][  0]LogMeshReduction: No automatic skeletal mesh reduction module available
[2017.08.31-07.19.12:730][  0]LogMeshReduction: No automatic mesh merging module available
[2017.08.31-07.19.12:730][  0]LogMeshMerging: No automatic mesh merging module available
[2017.08.31-07.19.13:125][  0]LogNetVersion: DSHockeyGame , NetCL: 3573198, EngineNetVer: 2, GameNetVer: 0 (Checksum: 4108346606)
[2017.08.31-07.19.13:316][  0]LogPackageLocalizationCache: Processed 5 localized package path(s) for 1 prioritized culture(s) in 0.017841 seconds
[2017.08.31-07.19.13:321][  0]LogUObjectArray: 35825 objects as part of root set at end of initial load.
[2017.08.31-07.19.13:321][  0]LogUObjectAllocator: 7529112 out of 0 bytes used by permanent object pool.
[2017.08.31-07.19.13:321][  0]LogUObjectArray: CloseDisregardForGC: 0/0 objects in disregard for GC pool
[2017.08.31-07.19.13:359][  0]LogInit: WinSock: version 1.1 (2.2), MaxSocks=32767, MaxUdp=65467
[2017.08.31-07.19.16:589][  0]LogTcpMessaging: Initializing TcpMessaging bridge
[2017.08.31-07.19.16:628][  0]LogUdpMessaging: Initializing bridge on interface 0.0.0.0:0 to multicast group 230.0.0.1:6666.
[2017.08.31-07.19.17:173][  0]LogMaterial: Uniform references updated for custom material expression Custom.
[2017.08.31-07.19.17:508][  0]SourceControl: Source control is disabled
[2017.08.31-07.19.17:508][  0]SourceControl: Source control is disabled
[2017.08.31-07.19.17:542][  0]SourceControl: Source control is disabled
[2017.08.31-07.19.17:580][  0]SourceControl: Source control is disabled
[2017.08.31-07.19.18:063][  0]LogAndroidPermission: UAndroidPermissionCallbackProxy::GetInstance
[2017.08.31-07.19.18:235][  0]LogOcInput: OculusInput pre-init called
[2017.08.31-07.19.18:448][  0]LogEngine: Initializing Engine...
[2017.08.31-07.19.24:950][  0]LogHMD: Failed to initialize OpenVR with code 208
[2017.08.31-07.19.25:227][  0]LogStats: UGameplayTagsManager::ConstructGameplayTagTree: Construct from data asset -  0.000 s
[2017.08.31-07.19.25:227][  0]LogStats: UGameplayTagsManager::ConstructGameplayTagTree: GameplayTagTreeChangedEvent.Broadcast -  0.000 s
[2017.08.31-07.19.25:334][  0]LogAIModule: Creating AISystem for world Untitled
[2017.08.31-07.19.25:389][  0]LogInit: XAudio2 using 'Lautsprecher (USB Audio Device)' : 2 channels at 44.1 kHz using 16 bits per sample (channel mask 0x3)
[2017.08.31-07.19.25:419][  0]LogInit: FAudioDevice initialized.
[2017.08.31-07.19.25:515][  0]LogDerivedDataCache: Saved boot cache 0.10s 93MB C:/Users/LocalAdmin/AppData/Local/UnrealEngine/4.17/DerivedDataCache/Boot.ddc.
[2017.08.31-07.19.25:529][  0]LogInit: Texture streaming: Enabled
[2017.08.31-07.19.25:609][  0]LogEngineSessionManager: EngineSessionManager initialized
[2017.08.31-07.19.25:803][  0]LogInit: Transaction tracking system initialized
[2017.08.31-07.19.26:058][  0]BlueprintLog: New page: Editor Load
[2017.08.31-07.19.26:761][  0]LocalizationService: Localization service is disabled
[2017.08.31-07.19.27:233][  0]LogConsoleResponse: Display: 
[2017.08.31-07.19.27:416][  0]LogCook: Display: Max memory allowance for cook 16384mb min free memory 0mb
[2017.08.31-07.19.27:417][  0]LogCook: Display: Mobile HDR setting 1
[2017.08.31-07.19.27:417][  0]LogGameplayTags: Display: UGameplayTagsManager::DoneAddingNativeTags. DelegateIsBound: 0
[2017.08.31-07.19.28:113][  0]LogFileCache: Scanning file cache for directory 'D:/MA Daniel Schmidl/Masterarbeit 4.17/Content/' took 0.01s
[2017.08.31-07.19.28:148][  0]SourceControl: Source control is disabled
[2017.08.31-07.19.28:148][  0]Cmd: MAP LOAD FILE="../../../../MA Daniel Schmidl/Masterarbeit 4.17/Content/VirtualRealityBP/Maps/PrototypeMap.umap" TEMPLATE=0 SHOWPROGRESS=1 FEATURELEVEL=3
[2017.08.31-07.19.28:149][  0]LightingResults: New page: Lighting Build
[2017.08.31-07.19.28:177][  0]MapCheck: New page: Map Check
[2017.08.31-07.19.28:177][  0]LightingResults: New page: Lighting Build
[2017.08.31-07.19.28:389][  0]LogBlueprint: Warning: [Compiler BP_MotionController] ProjectPointToNavigation_DEPRECATED  is deprecated; This version of ProjectPointToNavigation is deprecated. Please use the new version
[2017.08.31-07.19.28:408][  0]LogBlueprint: Warning: [Compiler BP_MotionController] [0028.45] Compile of BP_MotionController successful, but with 1 Warning(s) [in 39 ms] (/Game/VirtualRealityBP/Blueprints/BP_MotionController.BP_MotionController)
[2017.08.31-07.19.28:853][  0]LogAIModule: Creating AISystem for world PrototypeMap
[2017.08.31-07.19.28:867][  0]LogEditorServer: Finished looking for orphan Actors (0.000 secs)
[2017.08.31-07.19.28:887][  0]Cmd: MAP CHECKDEP NOCLEARLOG
[2017.08.31-07.19.28:937][  0]MapCheck: Map check complete: 0 Error(s), 0 Warning(s), took 50.259ms to complete.
[2017.08.31-07.19.28:937][  0]LogFileHelpers: Loading map 'PrototypeMap' took 0.790
[2017.08.31-07.19.28:990][  0]LogWindowsTextInputMethodSystem: Display: IME system now deactivated.
[2017.08.31-07.19.29:069][  0]LogCollectionManager: Loaded 0 collections in 0.000942 seconds
[2017.08.31-07.19.29:134][  0]LogFileCache: Scanning file cache for directory 'D:/MA Daniel Schmidl/Masterarbeit 4.17/Saved/Collections/' took 0.01s
[2017.08.31-07.19.29:134][  0]LogFileCache: Scanning file cache for directory 'D:/MA Daniel Schmidl/Masterarbeit 4.17/Content/Developers/LocalAdmin/Collections/' took 0.01s
[2017.08.31-07.19.29:134][  0]LogFileCache: Scanning file cache for directory 'D:/MA Daniel Schmidl/Masterarbeit 4.17/Content/Collections/' took 0.01s
[2017.08.31-07.19.29:134][  0]LogCollectionManager: Rebuilt the GUID cache for 0 collections in 0.000000 seconds
[2017.08.31-07.19.29:143][  0]LogContentBrowser: Native class hierarchy populated in 0.0087 seconds. Added 2386 classes and 500 folders.
[2017.08.31-07.19.29:185][  0]LogContentBrowser: Native class hierarchy updated for 'WidgetCarousel' in 0.0006 seconds. Added 0 classes and 0 folders.
[2017.08.31-07.19.29:283][  0]LogContentBrowser: Native class hierarchy updated for 'AddContentDialog' in 0.0006 seconds. Added 0 classes and 0 folders.
[2017.08.31-07.19.29:313][  0]LogContentBrowser: Native class hierarchy updated for 'SceneOutliner' in 0.0007 seconds. Added 1 classes and 2 folders.
[2017.08.31-07.19.29:338][  0]LogSlate: Took 0.000934 seconds to synchronously load lazily loaded font '../../../Engine/Content/Slate/Fonts/Roboto-Regular.ttf' (155K)
[2017.08.31-07.19.29:341][  0]LogSlate: Took 0.000948 seconds to synchronously load lazily loaded font '../../../Engine/Content/Slate/Fonts/Roboto-Bold.ttf' (160K)
[2017.08.31-07.19.29:348][  0]LogSlate: Took 0.001051 seconds to synchronously load lazily loaded font '../../../Engine/Content/Editor/Slate/Fonts/FontAwesome.ttf' (139K)
[2017.08.31-07.19.29:462][  0]LogRenderer: Reallocating scene render targets to support 1208x576 Format 26 NumSamples 1 (Frame:1).
[2017.08.31-07.19.29:509][  0]LogSlate: Took 0.001117 seconds to synchronously load lazily loaded font '../../../Engine/Content/Slate/Fonts/Roboto-Light.ttf' (159K)
[2017.08.31-07.19.29:610][  0]LogContentBrowser: Native class hierarchy updated for 'HierarchicalLODOutliner' in 0.0007 seconds. Added 1 classes and 2 folders.
[2017.08.31-07.19.29:610][  0]LogLoad: (Engine Initialization) Total time: 29.65 seconds
[2017.08.31-07.19.29:610][  0]LogLoad: (Engine Initialization) Total Blueprint compile time: 0.00 seconds
[2017.08.31-07.19.29:610][  0]LogExternalProfiler: No external profilers were discovered.  External profiling features will not be available.
[2017.08.31-07.19.29:643][  0]LogContentStreaming: Texture pool size now 1000 MB
[2017.08.31-07.19.29:720][  1]LogAssetRegistry: Asset discovery search completed in 17.7692 seconds
[2017.08.31-07.19.29:722][  1]LogCollectionManager: Rebuilt the object cache for 0 collections in 0.000001 seconds (found 0 objects)
[2017.08.31-07.19.29:722][  1]LogCollectionManager: Fixed up redirectors for 0 collections in 0.000045 seconds (updated 0 objects)
[2017.08.31-07.19.33:430][424]LogTemp: Repeating last play command: Selected Viewport
[2017.08.31-07.19.33:472][424]LogPlayLevel: PlayLevel: No blueprints needed recompiling
[2017.08.31-07.19.33:473][424]PIE: New page: PIE session: PrototypeMap (Aug 31, 2017, 11:19:33 AM)
[2017.08.31-07.19.33:473][424]LogPlayLevel: Creating play world package: /Game/VirtualRealityBP/Maps/UEDPIE_0_PrototypeMap
[2017.08.31-07.19.33:475][424]LogPlayLevel: PIE: StaticDuplicateObject took: (0.002067s)
[2017.08.31-07.19.33:476][424]LogAIModule: Creating AISystem for world PrototypeMap
[2017.08.31-07.19.33:476][424]LogPlayLevel: PIE: World Init took: (0.000609s)
[2017.08.31-07.19.33:476][424]LogPlayLevel: PIE: Created PIE world by copying editor world from /Game/VirtualRealityBP/Maps/PrototypeMap.PrototypeMap to /Game/VirtualRealityBP/Maps/UEDPIE_0_PrototypeMap.PrototypeMap (0.002921s)
[2017.08.31-07.19.33:499][424]LogInit: XAudio2 using 'Lautsprecher (USB Audio Device)' : 2 channels at 44.1 kHz using 16 bits per sample (channel mask 0x3)
[2017.08.31-07.19.33:506][424]LogInit: FAudioDevice initialized.
[2017.08.31-07.19.33:548][424]LogLoad: Game class is 'Prototype_Gamemode_C'
[2017.08.31-07.19.33:553][424]LogWorld: Bringing World /Game/VirtualRealityBP/Maps/UEDPIE_0_PrototypeMap.PrototypeMap up for play (max tick rate 0) at 2017.08.31-09.19.33
[2017.08.31-07.19.33:554][424]LogWorld: Bringing up level for play took: 0.003063
[2017.08.31-07.19.33:555][424]LogSpawn: Warning: SpawnActor failed because no class was specified
[2017.08.31-07.19.33:584][424]LogContentBrowser: Native class hierarchy updated for 'MovieSceneCapture' in 0.0007 seconds. Added 11 classes and 0 folders.
[2017.08.31-07.19.33:586][424]PIE: Play in editor start time for /Game/VirtualRealityBP/Maps/UEDPIE_0_PrototypeMap -0.519
[2017.08.31-07.19.42:439][470]Cmd: MAP LOAD FILE="../../../../MA Daniel Schmidl/Masterarbeit 4.17/Content/VirtualRealityBP/Maps/EVR_Map.umap" TEMPLATE=0 SHOWPROGRESS=1 FEATURELEVEL=3
[2017.08.31-07.19.42:442][470]LogSlate: Took 0.000161 seconds to synchronously load lazily loaded font '../../../Engine/Content/Slate/Fonts/Roboto-Light.ttf' (159K)
[2017.08.31-07.19.42:447][470]LightingResults: New page: Lighting Build
[2017.08.31-07.19.42:448][470]LoadErrors: New page: Loading map: EVR_Map.umap
[2017.08.31-07.19.42:450][470]MapCheck: New page: Map Check
[2017.08.31-07.19.42:450][470]LightingResults: New page: Lighting Build
[2017.08.31-07.19.42:564][470]LogAIModule: Creating AISystem for world EVR_Map
[2017.08.31-07.19.42:576][470]LogEditorServer: Finished looking for orphan Actors (0.000 secs)
[2017.08.31-07.19.42:614][470]Cmd: MAP CHECKDEP NOCLEARLOG
[2017.08.31-07.19.42:668][470]MapCheck: Map check complete: 0 Error(s), 0 Warning(s), took 53.758ms to complete.
[2017.08.31-07.19.42:668][470]LogFileHelpers: Loading map 'EVR_Map' took 0.230
[2017.08.31-07.19.46:670][934]LogTemp: Repeating last play command: Selected Viewport
[2017.08.31-07.19.46:684][934]LogPlayLevel: PlayLevel: No blueprints needed recompiling
[2017.08.31-07.19.46:684][934]PIE: New page: PIE session: EVR_Map (Aug 31, 2017, 11:19:46 AM)
[2017.08.31-07.19.46:684][934]LogPlayLevel: Creating play world package: /Game/VirtualRealityBP/Maps/UEDPIE_0_EVR_Map
[2017.08.31-07.19.46:686][934]LogPlayLevel: PIE: StaticDuplicateObject took: (0.002223s)
[2017.08.31-07.19.46:687][934]LogAIModule: Creating AISystem for world EVR_Map
[2017.08.31-07.19.46:687][934]LogPlayLevel: PIE: World Init took: (0.000612s)
[2017.08.31-07.19.46:687][934]LogPlayLevel: PIE: Created PIE world by copying editor world from /Game/VirtualRealityBP/Maps/EVR_Map.EVR_Map to /Game/VirtualRealityBP/Maps/UEDPIE_0_EVR_Map.EVR_Map (0.003049s)
[2017.08.31-07.19.46:710][934]LogInit: XAudio2 using 'Lautsprecher (USB Audio Device)' : 2 channels at 44.1 kHz using 16 bits per sample (channel mask 0x3)
[2017.08.31-07.19.46:718][934]LogInit: FAudioDevice initialized.
[2017.08.31-07.19.46:745][934]LogLoad: Game class is 'Prototype_Gamemode_C'
[2017.08.31-07.19.46:749][934]LogWorld: Bringing World /Game/VirtualRealityBP/Maps/UEDPIE_0_EVR_Map.EVR_Map up for play (max tick rate 0) at 2017.08.31-09.19.46
[2017.08.31-07.19.46:750][934]LogWorld: Bringing up level for play took: 0.003889
[2017.08.31-07.19.46:750][934]LogSpawn: Warning: SpawnActor failed because no class was specified
[2017.08.31-07.19.46:751][934]PIE: Play in editor start time for /Game/VirtualRealityBP/Maps/UEDPIE_0_EVR_Map 0.646
[2017.08.31-07.19.47:335][  3]LogBlueprintUserMessages: [EVR_TriggerBoxNoGoal_BP_Blueprint_5] PuckCharacter_BP
[2017.08.31-07.19.49:325][242]LogBlueprintUserMessages: [EVR_TriggerBoxNoGoal_BP_Blueprint_5] kein tor
[2017.08.31-07.19.52:982][680]LogBlueprintUserMessages: [EVR_TriggerBoxNoGoal_BP_Blueprint_5] Hello
[2017.08.31-07.19.53:173][703]LogBlueprintUserMessages: [EVR_TriggerBoxNoGoal_BP_Blueprint_5] Hello
[2017.08.31-07.19.53:373][727]LogBlueprintUserMessages: [EVR_TriggerBoxNoGoal_BP_Blueprint_5] Hello
[2017.08.31-07.19.53:582][752]LogBlueprintUserMessages: [EVR_TriggerBoxNoGoal_BP_Blueprint_5] Hello
[2017.08.31-07.19.53:815][780]LogBlueprintUserMessages: [EVR_TriggerBoxNoGoal_BP_Blueprint_5] Hello
[2017.08.31-07.19.53:990][801]LogBlueprintUserMessages: [EVR_TriggerBoxNoGoal_BP_Blueprint_5] Hello
[2017.08.31-07.19.54:190][825]LogBlueprintUserMessages: [EVR_TriggerBoxNoGoal_BP_Blueprint_5] Hello
[2017.08.31-07.20.04:370][550]LogContentBrowser: Native class hierarchy updated for 'BlueprintGraph' in 0.0011 seconds. Added 113 classes and 0 folders.
[2017.08.31-07.20.05:008][550]LogSlate: Took 0.000207 seconds to synchronously load lazily loaded font '../../../Engine/Content/Slate/Fonts/Roboto-Regular.ttf' (155K)
[2017.08.31-07.20.05:078][550]LogSlate: Took 0.001078 seconds to synchronously load lazily loaded font '../../../Engine/Content/Editor/Slate/Fonts/Roboto-BoldCondensed.ttf' (158K)
[2017.08.31-07.20.08:365][860]LogRenderer: Reallocating scene render targets to support 1208x712 Format 26 NumSamples 1 (Frame:1).
[2017.08.31-07.20.11:259][152]LogSlate: Took 0.002724 seconds to synchronously load lazily loaded font '../../../Engine/Content/Editor/Slate/Fonts/Roboto-Italic.ttf' (157K)
[2017.08.31-07.20.41:748][274]LogEditorTransaction: Undo Set actor scale
[2017.08.31-07.20.41:767][274]LogSlate: Took 0.000253 seconds to synchronously load lazily loaded font '../../../Engine/Content/Slate/Fonts/Roboto-Light.ttf' (159K)
[2017.08.31-07.20.41:954][293]Cmd: TRANSACTION UNDO
[2017.08.31-07.20.41:954][293]LogEditorTransaction: Undo Set actor scale
[2017.08.31-07.20.42:186][312]Cmd: TRANSACTION UNDO
[2017.08.31-07.20.42:186][312]LogEditorTransaction: Undo Set actor scale
[2017.08.31-07.21.03:458][558]LogTemp: Repeating last play command: Selected Viewport
[2017.08.31-07.21.03:475][558]BlueprintLog: New page: Pre-Play auto-recompile
[2017.08.31-07.21.03:477][558]LogPlayLevel: [PlayLevel] Compiling EVR_TriggerBoxNoGoal_BP_Blueprint before play...
[2017.08.31-07.21.03:490][558]LogPlayLevel: [PlayLevel]   Compiling PuckCharacter_BP as a dependent...
[2017.08.31-07.21.04:028][558]LogPlayLevel: PlayLevel: Blueprint regeneration took 553 ms (2 blueprints)
[2017.08.31-07.21.04:028][558]PIE: New page: PIE session: EVR_Map (Aug 31, 2017, 11:21:04 AM)
[2017.08.31-07.21.04:028][558]LogPlayLevel: Creating play world package: /Game/VirtualRealityBP/Maps/UEDPIE_0_EVR_Map
[2017.08.31-07.21.04:030][558]LogPlayLevel: PIE: StaticDuplicateObject took: (0.002072s)
[2017.08.31-07.21.04:031][558]LogAIModule: Creating AISystem for world EVR_Map
[2017.08.31-07.21.04:031][558]LogPlayLevel: PIE: World Init took: (0.000660s)
[2017.08.31-07.21.04:031][558]LogPlayLevel: PIE: Created PIE world by copying editor world from /Game/VirtualRealityBP/Maps/EVR_Map.EVR_Map to /Game/VirtualRealityBP/Maps/UEDPIE_0_EVR_Map.EVR_Map (0.002963s)
[2017.08.31-07.21.04:061][558]LogInit: XAudio2 using 'Lautsprecher (USB Audio Device)' : 2 channels at 44.1 kHz using 16 bits per sample (channel mask 0x3)
[2017.08.31-07.21.04:069][558]LogInit: FAudioDevice initialized.
[2017.08.31-07.21.04:098][558]LogLoad: Game class is 'Prototype_Gamemode_C'
[2017.08.31-07.21.04:100][558]LogWorld: Bringing World /Game/VirtualRealityBP/Maps/UEDPIE_0_EVR_Map.EVR_Map up for play (max tick rate 0) at 2017.08.31-09.21.04
[2017.08.31-07.21.04:101][558]LogWorld: Bringing up level for play took: 0.002145
[2017.08.31-07.21.04:101][558]LogSpawn: Warning: SpawnActor failed because no class was specified
[2017.08.31-07.21.04:102][558]PIE: Play in editor start time for /Game/VirtualRealityBP/Maps/UEDPIE_0_EVR_Map -0.003
[2017.08.31-07.21.04:682][627]LogBlueprintUserMessages: [EVR_TriggerBoxNoGoal_BP_Blueprint_5] PuckCharacter_BP
[2017.08.31-07.21.06:673][866]LogBlueprintUserMessages: [EVR_TriggerBoxNoGoal_BP_Blueprint_5] kein tor
[2017.08.31-07.28.54:192][266]LogTemp: Repeating last play command: Selected Viewport
[2017.08.31-07.28.54:205][266]BlueprintLog: New page: Pre-Play auto-recompile
[2017.08.31-07.28.54:213][266]LogPlayLevel: [PlayLevel] Compiling EVR_TriggerBoxNoGoal_BP_Blueprint before play...
[2017.08.31-07.28.54:465][266]LogPlayLevel: PlayLevel: Blueprint regeneration took 259 ms (1 blueprints)
[2017.08.31-07.28.54:466][266]PIE: New page: PIE session: EVR_Map (Aug 31, 2017, 11:28:54 AM)
[2017.08.31-07.28.54:466][266]LogPlayLevel: Creating play world package: /Game/VirtualRealityBP/Maps/UEDPIE_0_EVR_Map
[2017.08.31-07.28.54:468][266]LogPlayLevel: PIE: StaticDuplicateObject took: (0.002210s)
[2017.08.31-07.28.54:469][266]LogAIModule: Creating AISystem for world EVR_Map
[2017.08.31-07.28.54:469][266]LogPlayLevel: PIE: World Init took: (0.000716s)
[2017.08.31-07.28.54:469][266]LogPlayLevel: PIE: Created PIE world by copying editor world from /Game/VirtualRealityBP/Maps/EVR_Map.EVR_Map to /Game/VirtualRealityBP/Maps/UEDPIE_0_EVR_Map.EVR_Map (0.003160s)
[2017.08.31-07.28.54:499][266]LogInit: XAudio2 using 'Lautsprecher (USB Audio Device)' : 2 channels at 44.1 kHz using 16 bits per sample (channel mask 0x3)
[2017.08.31-07.28.54:506][266]LogInit: FAudioDevice initialized.
[2017.08.31-07.28.54:539][266]LogLoad: Game class is 'Prototype_Gamemode_C'
[2017.08.31-07.28.54:541][266]LogWorld: Bringing World /Game/VirtualRealityBP/Maps/UEDPIE_0_EVR_Map.EVR_Map up for play (max tick rate 0) at 2017.08.31-09.28.54
[2017.08.31-07.28.54:541][266]LogWorld: Bringing up level for play took: 0.002227
[2017.08.31-07.28.54:542][266]LogSpawn: Warning: SpawnActor failed because no class was specified
[2017.08.31-07.28.54:543][266]PIE: Play in editor start time for /Game/VirtualRealityBP/Maps/UEDPIE_0_EVR_Map 0.438
[2017.08.31-07.28.55:123][335]LogBlueprintUserMessages: [EVR_TriggerBoxNoGoal_BP_Blueprint_5] PuckCharacter_BP
[2017.08.31-07.28.57:115][574]LogBlueprintUserMessages: [EVR_TriggerBoxNoGoal_BP_Blueprint_5] kein tor
[2017.08.31-07.30.26:930][551]LogSavePackage: Save=46.64ms
[2017.08.31-07.30.26:930][551]LogSavePackage: Moving '../../../../MA Daniel Schmidl/Masterarbeit 4.17/Saved/EVR_Map_Auto1F00D32F945E966C18FD27DB3E6E142B7.tmp' to '../../../../MA Daniel Schmidl/Masterarbeit 4.17/Saved/Autosaves/Game/VirtualRealityBP/Maps/EVR_Map_Auto1.umap'
[2017.08.31-07.30.26:931][551]LogSavePackage: Display: Finished SavePackage ../../../../MA Daniel Schmidl/Masterarbeit 4.17/Saved/Autosaves/Game/VirtualRealityBP/Maps/EVR_Map_Auto1.umap
[2017.08.31-07.30.26:933][551]LogFileHelpers: Editor autosave (incl. sublevels) for '/Game/VirtualRealityBP/Maps/EVR_Map' took 0.091
[2017.08.31-07.30.26:933][551]LogFileHelpers: Editor autosave (incl. sublevels) for all levels took 0.091
[2017.08.31-07.30.26:934][551]OBJ SavePackage: Generating thumbnails for [1] asset(s) in package [/Game/VirtualRealityBP/Blueprints/PuckCharacter_BP] ([1] browsable assets)...
[2017.08.31-07.30.26:951][551]OBJ SavePackage:     Rendered thumbnail for [Blueprint /Game/VirtualRealityBP/Blueprints/PuckCharacter_BP.PuckCharacter_BP]
[2017.08.31-07.30.26:951][551]OBJ SavePackage: Finished generating thumbnails for package [/Game/VirtualRealityBP/Blueprints/PuckCharacter_BP]
[2017.08.31-07.30.26:979][551]LogSavePackage: Save=25.17ms
[2017.08.31-07.30.26:979][551]LogSavePackage: Moving '../../../../MA Daniel Schmidl/Masterarbeit 4.17/Saved/PuckCharacter_BP_Auto14D59C51F4083B8DFD6B1E7AEC2C582AB.tmp' to '../../../../MA Daniel Schmidl/Masterarbeit 4.17/Saved/Autosaves/Game/VirtualRealityBP/Blueprints/PuckCharacter_BP_Auto1.uasset'
[2017.08.31-07.30.26:980][551]LogSavePackage: Display: Finished SavePackage ../../../../MA Daniel Schmidl/Masterarbeit 4.17/Saved/Autosaves/Game/VirtualRealityBP/Blueprints/PuckCharacter_BP_Auto1.uasset
[2017.08.31-07.30.26:981][551]OBJ SavePackage: Generating thumbnails for [0] asset(s) in package [/Game/VirtualRealityBP/Blueprints/Level_EVR/EVR_TriggerBoxNoGoal_BP_Blueprint] ([1] browsable assets)...
[2017.08.31-07.30.26:981][551]OBJ SavePackage: Finished generating thumbnails for package [/Game/VirtualRealityBP/Blueprints/Level_EVR/EVR_TriggerBoxNoGoal_BP_Blueprint]
[2017.08.31-07.30.27:028][551]LogSavePackage: Save=44.42ms
[2017.08.31-07.30.27:028][551]LogSavePackage: Moving '../../../../MA Daniel Schmidl/Masterarbeit 4.17/Saved/EVR_TriggerBoxNoGoal_BP_Blueprint_Auto1259E002F4D44E8884E91E184947298D6.tmp' to '../../../../MA Daniel Schmidl/Masterarbeit 4.17/Saved/Autosaves/Game/VirtualRealityBP/Blueprints/Level_EVR/EVR_TriggerBoxNoGoal_BP_Blueprint_Auto1.uasset'
[2017.08.31-07.30.27:029][551]LogSavePackage: Display: Finished SavePackage ../../../../MA Daniel Schmidl/Masterarbeit 4.17/Saved/Autosaves/Game/VirtualRealityBP/Blueprints/Level_EVR/EVR_TriggerBoxNoGoal_BP_Blueprint_Auto1.uasset
[2017.08.31-07.30.27:029][551]LogFileHelpers: Auto-saving content packages took 0.096
[2017.08.31-07.33.38:588][278]BlueprintLog: New page: Compile EVR_TriggerBoxNoGoal_BP_Blueprint
[2017.08.31-07.33.39:495][333]LogSavePackage: Save=48.10ms
[2017.08.31-07.33.39:495][333]LogSavePackage: Moving '../../../../MA Daniel Schmidl/Masterarbeit 4.17/Saved/EVR_TriggerBoxNoGoal_BP_Blueprint753AE8094047204EF7D168A0EE3CDC69.tmp' to '../../../../MA Daniel Schmidl/Masterarbeit 4.17/Content/VirtualRealityBP/Blueprints/Level_EVR/EVR_TriggerBoxNoGoal_BP_Blueprint.uasset'
[2017.08.31-07.33.39:496][333]LogSavePackage: Display: Finished SavePackage ../../../../MA Daniel Schmidl/Masterarbeit 4.17/Content/VirtualRealityBP/Blueprints/Level_EVR/EVR_TriggerBoxNoGoal_BP_Blueprint.uasset
[2017.08.31-07.33.42:086][606]LogTemp: Repeating last play command: Selected Viewport
[2017.08.31-07.33.42:100][606]LogPlayLevel: PlayLevel: No blueprints needed recompiling
[2017.08.31-07.33.42:100][606]PIE: New page: PIE session: EVR_Map (Aug 31, 2017, 11:33:42 AM)
[2017.08.31-07.33.42:100][606]LogPlayLevel: Creating play world package: /Game/VirtualRealityBP/Maps/UEDPIE_0_EVR_Map
[2017.08.31-07.33.42:102][606]LogPlayLevel: PIE: StaticDuplicateObject took: (0.002168s)
[2017.08.31-07.33.42:103][606]LogAIModule: Creating AISystem for world EVR_Map
[2017.08.31-07.33.42:103][606]LogPlayLevel: PIE: World Init took: (0.000688s)
[2017.08.31-07.33.42:103][606]LogPlayLevel: PIE: Created PIE world by copying editor world from /Game/VirtualRealityBP/Maps/EVR_Map.EVR_Map to /Game/VirtualRealityBP/Maps/UEDPIE_0_EVR_Map.EVR_Map (0.003088s)
[2017.08.31-07.33.42:133][606]LogInit: XAudio2 using 'Lautsprecher (USB Audio Device)' : 2 channels at 44.1 kHz using 16 bits per sample (channel mask 0x3)
[2017.08.31-07.33.42:141][606]LogInit: FAudioDevice initialized.
[2017.08.31-07.33.42:172][606]LogLoad: Game class is 'Prototype_Gamemode_C'
[2017.08.31-07.33.42:175][606]LogWorld: Bringing World /Game/VirtualRealityBP/Maps/UEDPIE_0_EVR_Map.EVR_Map up for play (max tick rate 0) at 2017.08.31-09.33.42
[2017.08.31-07.33.42:175][606]LogWorld: Bringing up level for play took: 0.002223
[2017.08.31-07.33.42:175][606]LogSpawn: Warning: SpawnActor failed because no class was specified
[2017.08.31-07.33.42:176][606]PIE: Play in editor start time for /Game/VirtualRealityBP/Maps/UEDPIE_0_EVR_Map 0.072
[2017.08.31-07.33.42:758][668]LogBlueprintUserMessages: [EVR_TriggerBoxNoGoal_BP_Blueprint_5] PuckCharacter_BP
[2017.08.31-07.33.44:754][886]LogBlueprintUserMessages: [EVR_TriggerBoxNoGoal_BP_Blueprint_5] kein tor
[2017.08.31-07.34.10:966][761]BlueprintLog: New page: Compile EVR_TriggerBoxNoGoal_BP_Blueprint
[2017.08.31-07.34.11:470][780]LogSavePackage: Save=50.41ms
[2017.08.31-07.34.11:470][780]LogSavePackage: Moving '../../../../MA Daniel Schmidl/Masterarbeit 4.17/Saved/EVR_TriggerBoxNoGoal_BP_BlueprintC0FA310542A95CA3FF7CDD9371FF113C.tmp' to '../../../../MA Daniel Schmidl/Masterarbeit 4.17/Content/VirtualRealityBP/Blueprints/Level_EVR/EVR_TriggerBoxNoGoal_BP_Blueprint.uasset'
[2017.08.31-07.34.11:472][780]LogSavePackage: Display: Finished SavePackage ../../../../MA Daniel Schmidl/Masterarbeit 4.17/Content/VirtualRealityBP/Blueprints/Level_EVR/EVR_TriggerBoxNoGoal_BP_Blueprint.uasset
[2017.08.31-07.34.12:739][899]LogTemp: Repeating last play command: Selected Viewport
[2017.08.31-07.34.12:752][899]LogPlayLevel: PlayLevel: No blueprints needed recompiling
[2017.08.31-07.34.12:752][899]PIE: New page: PIE session: EVR_Map (Aug 31, 2017, 11:34:12 AM)
[2017.08.31-07.34.12:752][899]LogPlayLevel: Creating play world package: /Game/VirtualRealityBP/Maps/UEDPIE_0_EVR_Map
[2017.08.31-07.34.12:755][899]LogPlayLevel: PIE: StaticDuplicateObject took: (0.002090s)
[2017.08.31-07.34.12:755][899]LogAIModule: Creating AISystem for world EVR_Map
[2017.08.31-07.34.12:755][899]LogPlayLevel: PIE: World Init took: (0.000597s)
[2017.08.31-07.34.12:755][899]LogPlayLevel: PIE: Created PIE world by copying editor world from /Game/VirtualRealityBP/Maps/EVR_Map.EVR_Map to /Game/VirtualRealityBP/Maps/UEDPIE_0_EVR_Map.EVR_Map (0.002928s)
[2017.08.31-07.34.12:784][899]LogInit: XAudio2 using 'Lautsprecher (USB Audio Device)' : 2 channels at 44.1 kHz using 16 bits per sample (channel mask 0x3)
[2017.08.31-07.34.12:792][899]LogInit: FAudioDevice initialized.
[2017.08.31-07.34.12:821][899]LogLoad: Game class is 'Prototype_Gamemode_C'
[2017.08.31-07.34.12:824][899]LogWorld: Bringing World /Game/VirtualRealityBP/Maps/UEDPIE_0_EVR_Map.EVR_Map up for play (max tick rate 0) at 2017.08.31-09.34.12
[2017.08.31-07.34.12:824][899]LogWorld: Bringing up level for play took: 0.002218
[2017.08.31-07.34.12:824][899]LogSpawn: Warning: SpawnActor failed because no class was specified
[2017.08.31-07.34.12:825][899]PIE: Play in editor start time for /Game/VirtualRealityBP/Maps/UEDPIE_0_EVR_Map 0.721
[2017.08.31-07.34.13:406][967]LogBlueprintUserMessages: [EVR_TriggerBoxNoGoal_BP_Blueprint_5] PuckCharacter_BP
[2017.08.31-07.34.15:405][205]LogBlueprintUserMessages: [EVR_TriggerBoxNoGoal_BP_Blueprint_5] kein tor
[2017.08.31-07.34.17:942][397]LogBlueprintUserMessages: [EVR_TriggerBoxNoGoal_BP_Blueprint_5] PuckCharacter_BP_137.CharacterMesh0
[2017.08.31-07.34.43:252][352]BlueprintLog: New page: Compile EVR_TriggerBoxNoGoal_BP_Blueprint
[2017.08.31-07.34.43:780][374]LogSavePackage: Save=51.62ms
[2017.08.31-07.34.43:780][374]LogSavePackage: Moving '../../../../MA Daniel Schmidl/Masterarbeit 4.17/Saved/EVR_TriggerBoxNoGoal_BP_Blueprint4AEADB1B48C5C8E21029829DE85F54AB.tmp' to '../../../../MA Daniel Schmidl/Masterarbeit 4.17/Content/VirtualRealityBP/Blueprints/Level_EVR/EVR_TriggerBoxNoGoal_BP_Blueprint.uasset'
[2017.08.31-07.34.43:781][374]LogSavePackage: Display: Finished SavePackage ../../../../MA Daniel Schmidl/Masterarbeit 4.17/Content/VirtualRealityBP/Blueprints/Level_EVR/EVR_TriggerBoxNoGoal_BP_Blueprint.uasset
[2017.08.31-07.34.45:234][519]LogTemp: Repeating last play command: Selected Viewport
[2017.08.31-07.34.45:247][519]LogPlayLevel: PlayLevel: No blueprints needed recompiling
[2017.08.31-07.34.45:247][519]PIE: New page: PIE session: EVR_Map (Aug 31, 2017, 11:34:45 AM)
[2017.08.31-07.34.45:248][519]LogPlayLevel: Creating play world package: /Game/VirtualRealityBP/Maps/UEDPIE_0_EVR_Map
[2017.08.31-07.34.45:250][519]LogPlayLevel: PIE: StaticDuplicateObject took: (0.002070s)
[2017.08.31-07.34.45:250][519]LogAIModule: Creating AISystem for world EVR_Map
[2017.08.31-07.34.45:250][519]LogPlayLevel: PIE: World Init took: (0.000605s)
[2017.08.31-07.34.45:250][519]LogPlayLevel: PIE: Created PIE world by copying editor world from /Game/VirtualRealityBP/Maps/EVR_Map.EVR_Map to /Game/VirtualRealityBP/Maps/UEDPIE_0_EVR_Map.EVR_Map (0.002894s)
[2017.08.31-07.34.45:280][519]LogInit: XAudio2 using 'Lautsprecher (USB Audio Device)' : 2 channels at 44.1 kHz using 16 bits per sample (channel mask 0x3)
[2017.08.31-07.34.45:287][519]LogInit: FAudioDevice initialized.
[2017.08.31-07.34.45:315][519]LogLoad: Game class is 'Prototype_Gamemode_C'
[2017.08.31-07.34.45:317][519]LogWorld: Bringing World /Game/VirtualRealityBP/Maps/UEDPIE_0_EVR_Map.EVR_Map up for play (max tick rate 0) at 2017.08.31-09.34.45
[2017.08.31-07.34.45:317][519]LogWorld: Bringing up level for play took: 0.002091
[2017.08.31-07.34.45:318][519]LogSpawn: Warning: SpawnActor failed because no class was specified
[2017.08.31-07.34.45:319][519]PIE: Play in editor start time for /Game/VirtualRealityBP/Maps/UEDPIE_0_EVR_Map -0.786
[2017.08.31-07.34.45:905][588]LogBlueprintUserMessages: [EVR_TriggerBoxNoGoal_BP_Blueprint_5] PuckCharacter_BP
[2017.08.31-07.34.47:905][827]LogBlueprintUserMessages: [EVR_TriggerBoxNoGoal_BP_Blueprint_5] kein tor
[2017.08.31-07.34.49:906][ 67]LogBlueprintUserMessages: [EVR_TriggerBoxNoGoal_BP_Blueprint_5] PuckCharacter_BP_137.CharacterMesh0
[2017.08.31-07.36.17:067][  1]LogSlate: Took 0.002678 seconds to synchronously load lazily loaded font '../../../Engine/Content/Editor/Slate/Fonts/Roboto-BoldCondensedItalic.ttf' (160K)
[2017.08.31-07.36.46:255][276]BlueprintLog: New page: Compile EVR_TriggerBoxNoGoal_BP_Blueprint
[2017.08.31-07.38.39:668][827]BlueprintLog: New page: Compile EVR_TriggerBoxNoGoal_BP_Blueprint
[2017.08.31-07.38.40:465][873]LogSavePackage: Save=48.81ms
[2017.08.31-07.38.40:465][873]LogSavePackage: Moving '../../../../MA Daniel Schmidl/Masterarbeit 4.17/Saved/EVR_TriggerBoxNoGoal_BP_BlueprintEFA887C3434A8267254ACC9717EECE4D.tmp' to '../../../../MA Daniel Schmidl/Masterarbeit 4.17/Content/VirtualRealityBP/Blueprints/Level_EVR/EVR_TriggerBoxNoGoal_BP_Blueprint.uasset'
[2017.08.31-07.38.40:466][873]LogSavePackage: Display: Finished SavePackage ../../../../MA Daniel Schmidl/Masterarbeit 4.17/Content/VirtualRealityBP/Blueprints/Level_EVR/EVR_TriggerBoxNoGoal_BP_Blueprint.uasset
[2017.08.31-07.38.41:655][974]LogTemp: Repeating last play command: Selected Viewport
[2017.08.31-07.38.41:669][974]BlueprintLog: New page: Pre-Play auto-recompile
[2017.08.31-07.38.41:671][974]LogPlayLevel: [PlayLevel] Compiling EVR_TriggerBoxNoGoal_BP_Blueprint before play...
[2017.08.31-07.38.41:685][974]LogPlayLevel: [PlayLevel]   Compiling PuckCharacter_BP as a dependent...
[2017.08.31-07.38.42:261][974]LogPlayLevel: PlayLevel: Blueprint regeneration took 591 ms (2 blueprints)
[2017.08.31-07.38.42:261][974]PIE: New page: PIE session: EVR_Map (Aug 31, 2017, 11:38:42 AM)
[2017.08.31-07.38.42:261][974]LogPlayLevel: Creating play world package: /Game/VirtualRealityBP/Maps/UEDPIE_0_EVR_Map
[2017.08.31-07.38.42:263][974]LogPlayLevel: PIE: StaticDuplicateObject took: (0.002183s)
[2017.08.31-07.38.42:264][974]LogAIModule: Creating AISystem for world EVR_Map
[2017.08.31-07.38.42:264][974]LogPlayLevel: PIE: World Init took: (0.000661s)
[2017.08.31-07.38.42:264][974]LogPlayLevel: PIE: Created PIE world by copying editor world from /Game/VirtualRealityBP/Maps/EVR_Map.EVR_Map to /Game/VirtualRealityBP/Maps/UEDPIE_0_EVR_Map.EVR_Map (0.003063s)
[2017.08.31-07.38.42:294][974]LogInit: XAudio2 using 'Lautsprecher (USB Audio Device)' : 2 channels at 44.1 kHz using 16 bits per sample (channel mask 0x3)
[2017.08.31-07.38.42:302][974]LogInit: FAudioDevice initialized.
[2017.08.31-07.38.42:334][974]LogLoad: Game class is 'Prototype_Gamemode_C'
[2017.08.31-07.38.42:337][974]LogWorld: Bringing World /Game/VirtualRealityBP/Maps/UEDPIE_0_EVR_Map.EVR_Map up for play (max tick rate 0) at 2017.08.31-09.38.42
[2017.08.31-07.38.42:337][974]LogWorld: Bringing up level for play took: 0.002176
[2017.08.31-07.38.42:337][974]LogSpawn: Warning: SpawnActor failed because no class was specified
[2017.08.31-07.38.42:338][974]PIE: Play in editor start time for /Game/VirtualRealityBP/Maps/UEDPIE_0_EVR_Map 0.234
[2017.08.31-07.38.42:987][ 37]LogBlueprintUserMessages: [EVR_TriggerBoxNoGoal_BP_Blueprint_5] PuckCharacter_BP
[2017.08.31-07.38.44:977][262]LogBlueprintUserMessages: [EVR_TriggerBoxNoGoal_BP_Blueprint_5] kein tor
[2017.08.31-07.38.58:783][760]BlueprintLog: New page: Compile EVR_TriggerBoxNoGoal_BP_Blueprint
[2017.08.31-07.38.59:197][768]LogSavePackage: Save=51.19ms
[2017.08.31-07.38.59:197][768]LogSavePackage: Moving '../../../../MA Daniel Schmidl/Masterarbeit 4.17/Saved/EVR_TriggerBoxNoGoal_BP_Blueprint434E28984B7F4A6B8B23F1B244AE6AE7.tmp' to '../../../../MA Daniel Schmidl/Masterarbeit 4.17/Content/VirtualRealityBP/Blueprints/Level_EVR/EVR_TriggerBoxNoGoal_BP_Blueprint.uasset'
[2017.08.31-07.38.59:199][768]LogSavePackage: Display: Finished SavePackage ../../../../MA Daniel Schmidl/Masterarbeit 4.17/Content/VirtualRealityBP/Blueprints/Level_EVR/EVR_TriggerBoxNoGoal_BP_Blueprint.uasset
[2017.08.31-07.39.00:425][886]LogTemp: Repeating last play command: Selected Viewport
[2017.08.31-07.39.00:439][886]LogPlayLevel: PlayLevel: No blueprints needed recompiling
[2017.08.31-07.39.00:439][886]PIE: New page: PIE session: EVR_Map (Aug 31, 2017, 11:39:00 AM)
[2017.08.31-07.39.00:439][886]LogPlayLevel: Creating play world package: /Game/VirtualRealityBP/Maps/UEDPIE_0_EVR_Map
[2017.08.31-07.39.00:441][886]LogPlayLevel: PIE: StaticDuplicateObject took: (0.002061s)
[2017.08.31-07.39.00:441][886]LogAIModule: Creating AISystem for world EVR_Map
[2017.08.31-07.39.00:441][886]LogPlayLevel: PIE: World Init took: (0.000597s)
[2017.08.31-07.39.00:442][886]LogPlayLevel: PIE: Created PIE world by copying editor world from /Game/VirtualRealityBP/Maps/EVR_Map.EVR_Map to /Game/VirtualRealityBP/Maps/UEDPIE_0_EVR_Map.EVR_Map (0.002893s)
[2017.08.31-07.39.00:473][886]LogInit: XAudio2 using 'Lautsprecher (USB Audio Device)' : 2 channels at 44.1 kHz using 16 bits per sample (channel mask 0x3)
[2017.08.31-07.39.00:480][886]LogInit: FAudioDevice initialized.
[2017.08.31-07.39.00:508][886]LogLoad: Game class is 'Prototype_Gamemode_C'
[2017.08.31-07.39.00:510][886]LogWorld: Bringing World /Game/VirtualRealityBP/Maps/UEDPIE_0_EVR_Map.EVR_Map up for play (max tick rate 0) at 2017.08.31-09.39.00
[2017.08.31-07.39.00:510][886]LogWorld: Bringing up level for play took: 0.002108
[2017.08.31-07.39.00:510][886]LogSpawn: Warning: SpawnActor failed because no class was specified
[2017.08.31-07.39.00:511][886]PIE: Play in editor start time for /Game/VirtualRealityBP/Maps/UEDPIE_0_EVR_Map 0.407
[2017.08.31-07.39.01:099][955]LogBlueprintUserMessages: [EVR_TriggerBoxNoGoal_BP_Blueprint_5] PuckCharacter_BP
[2017.08.31-07.39.03:097][194]LogBlueprintUserMessages: [EVR_TriggerBoxNoGoal_BP_Blueprint_5] kein tor
[2017.08.31-07.39.05:100][434]LogBlueprintUserMessages: [EVR_TriggerBoxNoGoal_BP_Blueprint_5] PuckCharacter_BP_137.CharacterMesh0
[2017.08.31-07.41.36:714][388]LogSlate: Warning: Prevented a slow task dialog from being summoned while a context menu was open
[2017.08.31-07.41.44:225][270]BlueprintLog: New page: Compile EVR_TriggerBoxNoGoal_BP_Blueprint
[2017.08.31-07.41.57:454][801]BlueprintLog: New page: Compile EVR_TriggerBoxNoGoal_BP_Blueprint
[2017.08.31-07.41.57:472][801]LogBlueprint: Error: [Compiler EVR_TriggerBoxNoGoal_BP_Blueprint] The current value of the ' Spawn Transform ' pin is invalid: 'Spawn Transform' must have an input wired into it ("by ref" params expect a valid input to operate on).
[2017.08.31-07.41.57:472][801]LogBlueprint: Error: [Compiler EVR_TriggerBoxNoGoal_BP_Blueprint] The current value of the ' Spawn Transform ' pin is invalid: 'Spawn Transform' must have an input wired into it ("by ref" params expect a valid input to operate on).
[2017.08.31-07.41.57:735][801]LogBlueprint: Warning: [Compiler EVR_TriggerBoxNoGoal_BP_Blueprint] [1377.78] Compile of EVR_TriggerBoxNoGoal_BP_Blueprint failed. 2 Fatal Issue(s) 0 Warning(s) [in 281 ms] (/Game/VirtualRealityBP/Blueprints/Level_EVR/EVR_TriggerBoxNoGoal_BP_Blueprint.EVR_TriggerBoxNoGoal_BP_Blueprint)
[2017.08.31-07.42.32:772][160]LogSavePackage: Save=45.22ms
[2017.08.31-07.42.32:772][160]LogSavePackage: Moving '../../../../MA Daniel Schmidl/Masterarbeit 4.17/Saved/EVR_Map_Auto2D2A5C13D426EB1B9F3CC99843B6392AE.tmp' to '../../../../MA Daniel Schmidl/Masterarbeit 4.17/Saved/Autosaves/Game/VirtualRealityBP/Maps/EVR_Map_Auto2.umap'
[2017.08.31-07.42.32:773][160]LogSavePackage: Display: Finished SavePackage ../../../../MA Daniel Schmidl/Masterarbeit 4.17/Saved/Autosaves/Game/VirtualRealityBP/Maps/EVR_Map_Auto2.umap
[2017.08.31-07.42.32:774][160]LogFileHelpers: Editor autosave (incl. sublevels) for '/Game/VirtualRealityBP/Maps/EVR_Map' took 0.076
[2017.08.31-07.42.32:775][160]LogFileHelpers: Editor autosave (incl. sublevels) for all levels took 0.076
[2017.08.31-07.42.32:776][160]OBJ SavePackage: Generating thumbnails for [1] asset(s) in package [/Game/VirtualRealityBP/Blueprints/PuckCharacter_BP] ([1] browsable assets)...
[2017.08.31-07.42.32:790][160]OBJ SavePackage:     Rendered thumbnail for [Blueprint /Game/VirtualRealityBP/Blueprints/PuckCharacter_BP.PuckCharacter_BP]
[2017.08.31-07.42.32:790][160]OBJ SavePackage: Finished generating thumbnails for package [/Game/VirtualRealityBP/Blueprints/PuckCharacter_BP]
[2017.08.31-07.42.32:819][160]LogSavePackage: Save=26.14ms
[2017.08.31-07.42.32:819][160]LogSavePackage: Moving '../../../../MA Daniel Schmidl/Masterarbeit 4.17/Saved/PuckCharacter_BP_Auto2CC95479F4A16319AC1A698BA4B80CE62.tmp' to '../../../../MA Daniel Schmidl/Masterarbeit 4.17/Saved/Autosaves/Game/VirtualRealityBP/Blueprints/PuckCharacter_BP_Auto2.uasset'
[2017.08.31-07.42.32:820][160]LogSavePackage: Display: Finished SavePackage ../../../../MA Daniel Schmidl/Masterarbeit 4.17/Saved/Autosaves/Game/VirtualRealityBP/Blueprints/PuckCharacter_BP_Auto2.uasset
[2017.08.31-07.42.32:820][160]OBJ SavePackage: Generating thumbnails for [0] asset(s) in package [/Game/VirtualRealityBP/Blueprints/Level_EVR/EVR_TriggerBoxNoGoal_BP_Blueprint] ([1] browsable assets)...
[2017.08.31-07.42.32:821][160]OBJ SavePackage: Finished generating thumbnails for package [/Game/VirtualRealityBP/Blueprints/Level_EVR/EVR_TriggerBoxNoGoal_BP_Blueprint]
[2017.08.31-07.42.32:874][160]LogSavePackage: Save=49.68ms
[2017.08.31-07.42.32:874][160]LogSavePackage: Moving '../../../../MA Daniel Schmidl/Masterarbeit 4.17/Saved/EVR_TriggerBoxNoGoal_BP_Blueprint_Auto27A6131704D800E3FCCF538B8676C58DF.tmp' to '../../../../MA Daniel Schmidl/Masterarbeit 4.17/Saved/Autosaves/Game/VirtualRealityBP/Blueprints/Level_EVR/EVR_TriggerBoxNoGoal_BP_Blueprint_Auto2.uasset'
[2017.08.31-07.42.32:875][160]LogSavePackage: Display: Finished SavePackage ../../../../MA Daniel Schmidl/Masterarbeit 4.17/Saved/Autosaves/Game/VirtualRealityBP/Blueprints/Level_EVR/EVR_TriggerBoxNoGoal_BP_Blueprint_Auto2.uasset
[2017.08.31-07.42.32:875][160]LogFileHelpers: Auto-saving content packages took 0.100
[2017.08.31-07.46.31:147][838]BlueprintLog: New page: Compile EVR_TriggerBoxNoGoal_BP_Blueprint
[2017.08.31-07.46.32:686][965]LogTemp: Repeating last play command: Selected Viewport
[2017.08.31-07.46.32:700][965]LogPlayLevel: PlayLevel: No blueprints needed recompiling
[2017.08.31-07.46.32:700][965]PIE: New page: PIE session: EVR_Map (Aug 31, 2017, 11:46:32 AM)
[2017.08.31-07.46.32:700][965]LogPlayLevel: Creating play world package: /Game/VirtualRealityBP/Maps/UEDPIE_0_EVR_Map
[2017.08.31-07.46.32:703][965]LogPlayLevel: PIE: StaticDuplicateObject took: (0.002172s)
[2017.08.31-07.46.32:704][965]LogAIModule: Creating AISystem for world EVR_Map
[2017.08.31-07.46.32:704][965]LogPlayLevel: PIE: World Init took: (0.000738s)
[2017.08.31-07.46.32:704][965]LogPlayLevel: PIE: Created PIE world by copying editor world from /Game/VirtualRealityBP/Maps/EVR_Map.EVR_Map to /Game/VirtualRealityBP/Maps/UEDPIE_0_EVR_Map.EVR_Map (0.003137s)
[2017.08.31-07.46.32:735][965]LogInit: XAudio2 using 'Lautsprecher (USB Audio Device)' : 2 channels at 44.1 kHz using 16 bits per sample (channel mask 0x3)
[2017.08.31-07.46.32:743][965]LogInit: FAudioDevice initialized.
[2017.08.31-07.46.32:774][965]LogLoad: Game class is 'Prototype_Gamemode_C'
[2017.08.31-07.46.32:777][965]LogWorld: Bringing World /Game/VirtualRealityBP/Maps/UEDPIE_0_EVR_Map.EVR_Map up for play (max tick rate 0) at 2017.08.31-09.46.32
[2017.08.31-07.46.32:777][965]LogWorld: Bringing up level for play took: 0.002604
[2017.08.31-07.46.32:778][965]LogSpawn: Warning: SpawnActor failed because no class was specified
[2017.08.31-07.46.32:778][965]PIE: Play in editor start time for /Game/VirtualRealityBP/Maps/UEDPIE_0_EVR_Map 0.674
[2017.08.31-07.46.33:366][ 34]LogBlueprintUserMessages: [EVR_TriggerBoxNoGoal_BP_Blueprint_5] PuckCharacter_BP
[2017.08.31-07.46.35:360][273]LogBlueprintUserMessages: [EVR_TriggerBoxNoGoal_BP_Blueprint_5] kein tor
[2017.08.31-07.47.47:222][225]BlueprintLog: New page: Compile EVR_TriggerBoxNoGoal_BP_Blueprint
[2017.08.31-07.47.47:754][246]LogSavePackage: Save=49.81ms
[2017.08.31-07.47.47:754][246]LogSavePackage: Moving '../../../../MA Daniel Schmidl/Masterarbeit 4.17/Saved/EVR_TriggerBoxNoGoal_BP_BlueprintE1079598456AF04CA5430D9BE5B512FF.tmp' to '../../../../MA Daniel Schmidl/Masterarbeit 4.17/Content/VirtualRealityBP/Blueprints/Level_EVR/EVR_TriggerBoxNoGoal_BP_Blueprint.uasset'
[2017.08.31-07.47.47:755][246]LogSavePackage: Display: Finished SavePackage ../../../../MA Daniel Schmidl/Masterarbeit 4.17/Content/VirtualRealityBP/Blueprints/Level_EVR/EVR_TriggerBoxNoGoal_BP_Blueprint.uasset
[2017.08.31-07.47.48:948][360]LogTemp: Repeating last play command: Selected Viewport
[2017.08.31-07.47.48:962][360]LogPlayLevel: PlayLevel: No blueprints needed recompiling
[2017.08.31-07.47.48:962][360]PIE: New page: PIE session: EVR_Map (Aug 31, 2017, 11:47:48 AM)
[2017.08.31-07.47.48:962][360]LogPlayLevel: Creating play world package: /Game/VirtualRealityBP/Maps/UEDPIE_0_EVR_Map
[2017.08.31-07.47.48:964][360]LogPlayLevel: PIE: StaticDuplicateObject took: (0.002096s)
[2017.08.31-07.47.48:965][360]LogAIModule: Creating AISystem for world EVR_Map
[2017.08.31-07.47.48:965][360]LogPlayLevel: PIE: World Init took: (0.000642s)
[2017.08.31-07.47.48:965][360]LogPlayLevel: PIE: Created PIE world by copying editor world from /Game/VirtualRealityBP/Maps/EVR_Map.EVR_Map to /Game/VirtualRealityBP/Maps/UEDPIE_0_EVR_Map.EVR_Map (0.002973s)
[2017.08.31-07.47.48:996][360]LogInit: XAudio2 using 'Lautsprecher (USB Audio Device)' : 2 channels at 44.1 kHz using 16 bits per sample (channel mask 0x3)
[2017.08.31-07.47.49:003][360]LogInit: FAudioDevice initialized.
[2017.08.31-07.47.49:033][360]LogLoad: Game class is 'Prototype_Gamemode_C'
[2017.08.31-07.47.49:035][360]LogWorld: Bringing World /Game/VirtualRealityBP/Maps/UEDPIE_0_EVR_Map.EVR_Map up for play (max tick rate 0) at 2017.08.31-09.47.49
[2017.08.31-07.47.49:035][360]LogWorld: Bringing up level for play took: 0.002135
[2017.08.31-07.47.49:036][360]LogSpawn: Warning: SpawnActor failed because no class was specified
[2017.08.31-07.47.49:037][360]PIE: Play in editor start time for /Game/VirtualRealityBP/Maps/UEDPIE_0_EVR_Map 0.932
[2017.08.31-07.47.49:624][429]LogBlueprintUserMessages: [EVR_TriggerBoxNoGoal_BP_Blueprint_5] PuckCharacter_BP
[2017.08.31-07.47.51:617][668]LogBlueprintUserMessages: [EVR_TriggerBoxNoGoal_BP_Blueprint_5] kein tor
[2017.08.31-07.49.36:260][ 13]BlueprintLog: New page: Compile EVR_TriggerBoxNoGoal_BP_Blueprint
[2017.08.31-07.49.36:901][ 47]LogSavePackage: Save=46.99ms
[2017.08.31-07.49.36:902][ 47]LogSavePackage: Moving '../../../../MA Daniel Schmidl/Masterarbeit 4.17/Saved/EVR_TriggerBoxNoGoal_BP_Blueprint3EDDE6434BB67FA9CEE186879EFADE6F.tmp' to '../../../../MA Daniel Schmidl/Masterarbeit 4.17/Content/VirtualRealityBP/Blueprints/Level_EVR/EVR_TriggerBoxNoGoal_BP_Blueprint.uasset'
[2017.08.31-07.49.36:903][ 47]LogSavePackage: Display: Finished SavePackage ../../../../MA Daniel Schmidl/Masterarbeit 4.17/Content/VirtualRealityBP/Blueprints/Level_EVR/EVR_TriggerBoxNoGoal_BP_Blueprint.uasset
[2017.08.31-07.49.38:264][181]LogTemp: Repeating last play command: Selected Viewport
[2017.08.31-07.49.38:278][181]LogPlayLevel: PlayLevel: No blueprints needed recompiling
[2017.08.31-07.49.38:278][181]PIE: New page: PIE session: EVR_Map (Aug 31, 2017, 11:49:38 AM)
[2017.08.31-07.49.38:278][181]LogPlayLevel: Creating play world package: /Game/VirtualRealityBP/Maps/UEDPIE_0_EVR_Map
[2017.08.31-07.49.38:280][181]LogPlayLevel: PIE: StaticDuplicateObject took: (0.002103s)
[2017.08.31-07.49.38:281][181]LogAIModule: Creating AISystem for world EVR_Map
[2017.08.31-07.49.38:281][181]LogPlayLevel: PIE: World Init took: (0.000659s)
[2017.08.31-07.49.38:281][181]LogPlayLevel: PIE: Created PIE world by copying editor world from /Game/VirtualRealityBP/Maps/EVR_Map.EVR_Map to /Game/VirtualRealityBP/Maps/UEDPIE_0_EVR_Map.EVR_Map (0.003012s)
[2017.08.31-07.49.38:312][181]LogInit: XAudio2 using 'Lautsprecher (USB Audio Device)' : 2 channels at 44.1 kHz using 16 bits per sample (channel mask 0x3)
[2017.08.31-07.49.38:320][181]LogInit: FAudioDevice initialized.
[2017.08.31-07.49.38:353][181]LogLoad: Game class is 'Prototype_Gamemode_C'
[2017.08.31-07.49.38:355][181]LogWorld: Bringing World /Game/VirtualRealityBP/Maps/UEDPIE_0_EVR_Map.EVR_Map up for play (max tick rate 0) at 2017.08.31-09.49.38
[2017.08.31-07.49.38:355][181]LogWorld: Bringing up level for play took: 0.002158
[2017.08.31-07.49.38:356][181]LogSpawn: Warning: SpawnActor failed because no class was specified
[2017.08.31-07.49.38:357][181]PIE: Play in editor start time for /Game/VirtualRealityBP/Maps/UEDPIE_0_EVR_Map 0.252
[2017.08.31-07.49.38:944][250]LogBlueprintUserMessages: [EVR_TriggerBoxNoGoal_BP_Blueprint_5] PuckCharacter_BP
[2017.08.31-07.49.40:938][489]LogBlueprintUserMessages: [EVR_TriggerBoxNoGoal_BP_Blueprint_5] kein tor
[2017.08.31-07.50.05:943][446]LogTemp: Repeating last play command: Selected Viewport
[2017.08.31-07.50.05:957][446]LogPlayLevel: PlayLevel: No blueprints needed recompiling
[2017.08.31-07.50.05:957][446]PIE: New page: PIE session: EVR_Map (Aug 31, 2017, 11:50:05 AM)
[2017.08.31-07.50.05:957][446]LogPlayLevel: Creating play world package: /Game/VirtualRealityBP/Maps/UEDPIE_0_EVR_Map
[2017.08.31-07.50.05:959][446]LogPlayLevel: PIE: StaticDuplicateObject took: (0.002073s)
[2017.08.31-07.50.05:960][446]LogAIModule: Creating AISystem for world EVR_Map
[2017.08.31-07.50.05:960][446]LogPlayLevel: PIE: World Init took: (0.000637s)
[2017.08.31-07.50.05:960][446]LogPlayLevel: PIE: Created PIE world by copying editor world from /Game/VirtualRealityBP/Maps/EVR_Map.EVR_Map to /Game/VirtualRealityBP/Maps/UEDPIE_0_EVR_Map.EVR_Map (0.002933s)
[2017.08.31-07.50.05:991][446]LogInit: XAudio2 using 'Lautsprecher (USB Audio Device)' : 2 channels at 44.1 kHz using 16 bits per sample (channel mask 0x3)
[2017.08.31-07.50.05:998][446]LogInit: FAudioDevice initialized.
[2017.08.31-07.50.06:028][446]LogLoad: Game class is 'Prototype_Gamemode_C'
[2017.08.31-07.50.06:031][446]LogWorld: Bringing World /Game/VirtualRealityBP/Maps/UEDPIE_0_EVR_Map.EVR_Map up for play (max tick rate 0) at 2017.08.31-09.50.06
[2017.08.31-07.50.06:031][446]LogWorld: Bringing up level for play took: 0.002221
[2017.08.31-07.50.06:032][446]LogSpawn: Warning: SpawnActor failed because no class was specified
[2017.08.31-07.50.06:032][446]PIE: Play in editor start time for /Game/VirtualRealityBP/Maps/UEDPIE_0_EVR_Map -0.072
[2017.08.31-07.50.06:620][513]LogBlueprintUserMessages: [EVR_TriggerBoxNoGoal_BP_Blueprint_5] PuckCharacter_BP
[2017.08.31-07.50.08:614][751]LogBlueprintUserMessages: [EVR_TriggerBoxNoGoal_BP_Blueprint_5] kein tor
[2017.08.31-07.50.30:444][238]BlueprintLog: New page: Compile EVR_TriggerBoxNoGoal_BP_Blueprint
[2017.08.31-07.50.31:966][353]LogTemp: Repeating last play command: Selected Viewport
[2017.08.31-07.50.31:979][353]LogPlayLevel: PlayLevel: No blueprints needed recompiling
[2017.08.31-07.50.31:979][353]PIE: New page: PIE session: EVR_Map (Aug 31, 2017, 11:50:31 AM)
[2017.08.31-07.50.31:979][353]LogPlayLevel: Creating play world package: /Game/VirtualRealityBP/Maps/UEDPIE_0_EVR_Map
[2017.08.31-07.50.31:982][353]LogPlayLevel: PIE: StaticDuplicateObject took: (0.002082s)
[2017.08.31-07.50.31:982][353]LogAIModule: Creating AISystem for world EVR_Map
[2017.08.31-07.50.31:982][353]LogPlayLevel: PIE: World Init took: (0.000625s)
[2017.08.31-07.50.31:982][353]LogPlayLevel: PIE: Created PIE world by copying editor world from /Game/VirtualRealityBP/Maps/EVR_Map.EVR_Map to /Game/VirtualRealityBP/Maps/UEDPIE_0_EVR_Map.EVR_Map (0.002952s)
[2017.08.31-07.50.32:012][353]LogInit: XAudio2 using 'Lautsprecher (USB Audio Device)' : 2 channels at 44.1 kHz using 16 bits per sample (channel mask 0x3)
[2017.08.31-07.50.32:020][353]LogInit: FAudioDevice initialized.
[2017.08.31-07.50.32:049][353]LogLoad: Game class is 'Prototype_Gamemode_C'
[2017.08.31-07.50.32:051][353]LogWorld: Bringing World /Game/VirtualRealityBP/Maps/UEDPIE_0_EVR_Map.EVR_Map up for play (max tick rate 0) at 2017.08.31-09.50.32
[2017.08.31-07.50.32:052][353]LogWorld: Bringing up level for play took: 0.002111
[2017.08.31-07.50.32:052][353]LogSpawn: Warning: SpawnActor failed because no class was specified
[2017.08.31-07.50.32:053][353]PIE: Play in editor start time for /Game/VirtualRealityBP/Maps/UEDPIE_0_EVR_Map -0.051
[2017.08.31-07.50.32:640][422]LogBlueprintUserMessages: [EVR_TriggerBoxNoGoal_BP_Blueprint_5] PuckCharacter_BP
[2017.08.31-07.50.35:439][567]LogBlueprintUserMessages: [EVR_TriggerBoxNoGoal_BP_Blueprint_5] kein tor
[2017.08.31-07.50.40:892][160]LogTemp: Repeating last play command: Selected Viewport
[2017.08.31-07.50.40:905][160]LogPlayLevel: PlayLevel: No blueprints needed recompiling
[2017.08.31-07.50.40:905][160]PIE: New page: PIE session: EVR_Map (Aug 31, 2017, 11:50:40 AM)
[2017.08.31-07.50.40:906][160]LogPlayLevel: Creating play world package: /Game/VirtualRealityBP/Maps/UEDPIE_0_EVR_Map
[2017.08.31-07.50.40:908][160]LogPlayLevel: PIE: StaticDuplicateObject took: (0.002124s)
[2017.08.31-07.50.40:908][160]LogAIModule: Creating AISystem for world EVR_Map
[2017.08.31-07.50.40:908][160]LogPlayLevel: PIE: World Init took: (0.000589s)
[2017.08.31-07.50.40:909][160]LogPlayLevel: PIE: Created PIE world by copying editor world from /Game/VirtualRealityBP/Maps/EVR_Map.EVR_Map to /Game/VirtualRealityBP/Maps/UEDPIE_0_EVR_Map.EVR_Map (0.002936s)
[2017.08.31-07.50.40:939][160]LogInit: XAudio2 using 'Lautsprecher (USB Audio Device)' : 2 channels at 44.1 kHz using 16 bits per sample (channel mask 0x3)
[2017.08.31-07.50.40:946][160]LogInit: FAudioDevice initialized.
[2017.08.31-07.50.40:978][160]LogLoad: Game class is 'Prototype_Gamemode_C'
[2017.08.31-07.50.40:981][160]LogWorld: Bringing World /Game/VirtualRealityBP/Maps/UEDPIE_0_EVR_Map.EVR_Map up for play (max tick rate 0) at 2017.08.31-09.50.40
[2017.08.31-07.50.40:981][160]LogWorld: Bringing up level for play took: 0.002140
[2017.08.31-07.50.40:982][160]LogSpawn: Warning: SpawnActor failed because no class was specified
[2017.08.31-07.50.40:982][160]PIE: Play in editor start time for /Game/VirtualRealityBP/Maps/UEDPIE_0_EVR_Map 0.878
[2017.08.31-07.50.41:569][229]LogBlueprintUserMessages: [EVR_TriggerBoxNoGoal_BP_Blueprint_5] PuckCharacter_BP
[2017.08.31-07.50.43:564][468]LogBlueprintUserMessages: [EVR_TriggerBoxNoGoal_BP_Blueprint_5] kein tor
[2017.08.31-07.52.27:670][460]BlueprintLog: New page: Compile EVR_TriggerBoxNoGoal_BP_Blueprint
[2017.08.31-07.52.28:395][499]LogSavePackage: Save=42.73ms
[2017.08.31-07.52.28:395][499]LogSavePackage: Moving '../../../../MA Daniel Schmidl/Masterarbeit 4.17/Saved/EVR_TriggerBoxNoGoal_BP_BlueprintAF601C704DD4D9738C9EDD8C6DD9DF0E.tmp' to '../../../../MA Daniel Schmidl/Masterarbeit 4.17/Content/VirtualRealityBP/Blueprints/Level_EVR/EVR_TriggerBoxNoGoal_BP_Blueprint.uasset'
[2017.08.31-07.52.28:397][499]LogSavePackage: Display: Finished SavePackage ../../../../MA Daniel Schmidl/Masterarbeit 4.17/Content/VirtualRealityBP/Blueprints/Level_EVR/EVR_TriggerBoxNoGoal_BP_Blueprint.uasset
[2017.08.31-07.52.29:376][585]LogTemp: Repeating last play command: Selected Viewport
[2017.08.31-07.52.29:389][585]LogPlayLevel: PlayLevel: No blueprints needed recompiling
[2017.08.31-07.52.29:390][585]PIE: New page: PIE session: EVR_Map (Aug 31, 2017, 11:52:29 AM)
[2017.08.31-07.52.29:390][585]LogPlayLevel: Creating play world package: /Game/VirtualRealityBP/Maps/UEDPIE_0_EVR_Map
[2017.08.31-07.52.29:392][585]LogPlayLevel: PIE: StaticDuplicateObject took: (0.002070s)
[2017.08.31-07.52.29:392][585]LogAIModule: Creating AISystem for world EVR_Map
[2017.08.31-07.52.29:392][585]LogPlayLevel: PIE: World Init took: (0.000642s)
[2017.08.31-07.52.29:393][585]LogPlayLevel: PIE: Created PIE world by copying editor world from /Game/VirtualRealityBP/Maps/EVR_Map.EVR_Map to /Game/VirtualRealityBP/Maps/UEDPIE_0_EVR_Map.EVR_Map (0.002946s)
[2017.08.31-07.52.29:424][585]LogInit: XAudio2 using 'Lautsprecher (USB Audio Device)' : 2 channels at 44.1 kHz using 16 bits per sample (channel mask 0x3)
[2017.08.31-07.52.29:432][585]LogInit: FAudioDevice initialized.
[2017.08.31-07.52.29:460][585]LogLoad: Game class is 'Prototype_Gamemode_C'
[2017.08.31-07.52.29:463][585]LogWorld: Bringing World /Game/VirtualRealityBP/Maps/UEDPIE_0_EVR_Map.EVR_Map up for play (max tick rate 0) at 2017.08.31-09.52.29
[2017.08.31-07.52.29:463][585]LogWorld: Bringing up level for play took: 0.002186
[2017.08.31-07.52.29:463][585]LogSpawn: Warning: SpawnActor failed because no class was specified
[2017.08.31-07.52.29:464][585]PIE: Play in editor start time for /Game/VirtualRealityBP/Maps/UEDPIE_0_EVR_Map -0.64
[2017.08.31-07.52.44:134][197]LogEditorViewport: Clicking on Actor (LMB): Field_BP_C (Field)
[2017.08.31-07.52.54:575][187]LogEditorActor: Deleted Actor: PuckCharacter_BP_C
[2017.08.31-07.52.54:598][187]LogEditorActor: Deleted 1 Actors (0.023 secs)
[2017.08.31-07.53.07:874][711]LogTemp: Repeating last play command: Selected Viewport
[2017.08.31-07.53.07:890][711]LogPlayLevel: PlayLevel: No blueprints needed recompiling
[2017.08.31-07.53.07:890][711]PIE: New page: PIE session: EVR_Map (Aug 31, 2017, 11:53:07 AM)
[2017.08.31-07.53.07:890][711]LogPlayLevel: Creating play world package: /Game/VirtualRealityBP/Maps/UEDPIE_0_EVR_Map
[2017.08.31-07.53.07:892][711]LogPlayLevel: PIE: StaticDuplicateObject took: (0.002003s)
[2017.08.31-07.53.07:892][711]LogAIModule: Creating AISystem for world EVR_Map
[2017.08.31-07.53.07:893][711]LogPlayLevel: PIE: World Init took: (0.000628s)
[2017.08.31-07.53.07:893][711]LogPlayLevel: PIE: Created PIE world by copying editor world from /Game/VirtualRealityBP/Maps/EVR_Map.EVR_Map to /Game/VirtualRealityBP/Maps/UEDPIE_0_EVR_Map.EVR_Map (0.002860s)
[2017.08.31-07.53.07:923][711]LogInit: XAudio2 using 'Lautsprecher (USB Audio Device)' : 2 channels at 44.1 kHz using 16 bits per sample (channel mask 0x3)
[2017.08.31-07.53.07:930][711]LogInit: FAudioDevice initialized.
[2017.08.31-07.53.07:961][711]LogLoad: Game class is 'Prototype_Gamemode_C'
[2017.08.31-07.53.07:964][711]LogWorld: Bringing World /Game/VirtualRealityBP/Maps/UEDPIE_0_EVR_Map.EVR_Map up for play (max tick rate 0) at 2017.08.31-09.53.07
[2017.08.31-07.53.07:964][711]LogWorld: Bringing up level for play took: 0.002107
[2017.08.31-07.53.07:964][711]LogSpawn: Warning: SpawnActor failed because no class was specified
[2017.08.31-07.53.07:965][711]PIE: Play in editor start time for /Game/VirtualRealityBP/Maps/UEDPIE_0_EVR_Map -0.14
[2017.08.31-07.53.10:523][ 17]LogBlueprintUserMessages: [EVR_TriggerBoxNoGoal_BP_Blueprint_5] kein tor
[2017.08.31-07.54.06:695][778]LogEditorViewport: Clicking on Actor (context menu): Field_BP_C (Field)
[2017.08.31-07.54.07:575][877]LogEditorViewport: Clicking on Actor (LMB): Puck_BP_C (Puck_BP)
[2017.08.31-07.54.19:827][310]LogTemp: Repeating last play command: Selected Viewport
[2017.08.31-07.54.19:843][310]LogPlayLevel: PlayLevel: No blueprints needed recompiling
[2017.08.31-07.54.19:844][310]PIE: New page: PIE session: EVR_Map (Aug 31, 2017, 11:54:19 AM)
[2017.08.31-07.54.19:844][310]LogPlayLevel: Creating play world package: /Game/VirtualRealityBP/Maps/UEDPIE_0_EVR_Map
[2017.08.31-07.54.19:846][310]LogPlayLevel: PIE: StaticDuplicateObject took: (0.002099s)
[2017.08.31-07.54.19:846][310]LogAIModule: Creating AISystem for world EVR_Map
[2017.08.31-07.54.19:846][310]LogPlayLevel: PIE: World Init took: (0.000739s)
[2017.08.31-07.54.19:847][310]LogPlayLevel: PIE: Created PIE world by copying editor world from /Game/VirtualRealityBP/Maps/EVR_Map.EVR_Map to /Game/VirtualRealityBP/Maps/UEDPIE_0_EVR_Map.EVR_Map (0.003074s)
[2017.08.31-07.54.19:878][310]LogInit: XAudio2 using 'Lautsprecher (USB Audio Device)' : 2 channels at 44.1 kHz using 16 bits per sample (channel mask 0x3)
[2017.08.31-07.54.19:885][310]LogInit: FAudioDevice initialized.
[2017.08.31-07.54.19:918][310]LogLoad: Game class is 'Prototype_Gamemode_C'
[2017.08.31-07.54.19:920][310]LogWorld: Bringing World /Game/VirtualRealityBP/Maps/UEDPIE_0_EVR_Map.EVR_Map up for play (max tick rate 0) at 2017.08.31-09.54.19
[2017.08.31-07.54.19:921][310]LogWorld: Bringing up level for play took: 0.002040
[2017.08.31-07.54.19:921][310]LogSpawn: Warning: SpawnActor failed because no class was specified
[2017.08.31-07.54.19:922][310]PIE: Play in editor start time for /Game/VirtualRealityBP/Maps/UEDPIE_0_EVR_Map -0.183
[2017.08.31-07.54.22:488][617]LogBlueprintUserMessages: [EVR_TriggerBoxNoGoal_BP_Blueprint_5] kein tor
[2017.08.31-07.54.59:556][185]LogSavePackage: Save=41.76ms
[2017.08.31-07.54.59:556][185]LogSavePackage: Moving '../../../../MA Daniel Schmidl/Masterarbeit 4.17/Saved/EVR_Map_Auto3B940D3C4417A98278CC2B787535AA9A2.tmp' to '../../../../MA Daniel Schmidl/Masterarbeit 4.17/Saved/Autosaves/Game/VirtualRealityBP/Maps/EVR_Map_Auto3.umap'
[2017.08.31-07.54.59:557][185]LogSavePackage: Display: Finished SavePackage ../../../../MA Daniel Schmidl/Masterarbeit 4.17/Saved/Autosaves/Game/VirtualRealityBP/Maps/EVR_Map_Auto3.umap
[2017.08.31-07.54.59:558][185]LogFileHelpers: Editor autosave (incl. sublevels) for '/Game/VirtualRealityBP/Maps/EVR_Map' took 0.077
[2017.08.31-07.54.59:559][185]LogFileHelpers: Editor autosave (incl. sublevels) for all levels took 0.077
[2017.08.31-08.39.18:081][548]LogTemp: Repeating last play command: Selected Viewport
[2017.08.31-08.39.18:098][548]LogPlayLevel: PlayLevel: No blueprints needed recompiling
[2017.08.31-08.39.18:098][548]PIE: New page: PIE session: EVR_Map (Aug 31, 2017, 12:39:18 PM)
[2017.08.31-08.39.18:099][548]LogPlayLevel: Creating play world package: /Game/VirtualRealityBP/Maps/UEDPIE_0_EVR_Map
[2017.08.31-08.39.18:101][548]LogPlayLevel: PIE: StaticDuplicateObject took: (0.002859s)
[2017.08.31-08.39.18:102][548]LogAIModule: Creating AISystem for world EVR_Map
[2017.08.31-08.39.18:103][548]LogPlayLevel: PIE: World Init took: (0.001135s)
[2017.08.31-08.39.18:103][548]LogPlayLevel: PIE: Created PIE world by copying editor world from /Game/VirtualRealityBP/Maps/EVR_Map.EVR_Map to /Game/VirtualRealityBP/Maps/UEDPIE_0_EVR_Map.EVR_Map (0.004252s)
[2017.08.31-08.39.18:138][548]LogInit: XAudio2 using 'Lautsprecher (USB Audio Device)' : 2 channels at 44.1 kHz using 16 bits per sample (channel mask 0x3)
[2017.08.31-08.39.18:147][548]LogInit: FAudioDevice initialized.
[2017.08.31-08.39.18:175][548]LogLoad: Game class is 'Prototype_Gamemode_C'
[2017.08.31-08.39.18:178][548]LogWorld: Bringing World /Game/VirtualRealityBP/Maps/UEDPIE_0_EVR_Map.EVR_Map up for play (max tick rate 0) at 2017.08.31-10.39.18
[2017.08.31-08.39.18:179][548]LogWorld: Bringing up level for play took: 0.002574
[2017.08.31-08.39.18:179][548]LogSpawn: Warning: SpawnActor failed because no class was specified
[2017.08.31-08.39.18:180][548]PIE: Play in editor start time for /Game/VirtualRealityBP/Maps/UEDPIE_0_EVR_Map -0.164
[2017.08.31-08.39.20:747][855]LogBlueprintUserMessages: [EVR_TriggerBoxNoGoal_BP_Blueprint_5] kein tor
[2017.08.31-08.41.39:687][932]LogAudio: Warning: Current Audio Device with ID {0.0.0.00000000}.{f0143a61-be07-4a39-8876-93013f41837b} was removed. Shutting down audio device.
[2017.08.31-08.42.04:379][735]LogFileHelpers: Editor autosave (incl. sublevels) for '/Game/VirtualRealityBP/Maps/EVR_Map' took 0.033
[2017.08.31-08.42.04:381][735]OBJ SavePackage: Generating thumbnails for [0] asset(s) in package [/Game/VirtualRealityBP/Blueprints/Level_EVR/EVR_TriggerBoxNoGoal_BP_Blueprint] ([1] browsable assets)...
[2017.08.31-08.42.04:381][735]OBJ SavePackage: Finished generating thumbnails for package [/Game/VirtualRealityBP/Blueprints/Level_EVR/EVR_TriggerBoxNoGoal_BP_Blueprint]
[2017.08.31-08.42.04:429][735]LogSavePackage: Save=42.74ms
[2017.08.31-08.42.04:429][735]LogSavePackage: Moving '../../../../MA Daniel Schmidl/Masterarbeit 4.17/Saved/EVR_TriggerBoxNoGoal_BP_Blueprint_Auto436CF8F534B18F1B31D2184BC62D66EC8.tmp' to '../../../../MA Daniel Schmidl/Masterarbeit 4.17/Saved/Autosaves/Game/VirtualRealityBP/Blueprints/Level_EVR/EVR_TriggerBoxNoGoal_BP_Blueprint_Auto4.uasset'
[2017.08.31-08.42.04:430][735]LogSavePackage: Display: Finished SavePackage ../../../../MA Daniel Schmidl/Masterarbeit 4.17/Saved/Autosaves/Game/VirtualRealityBP/Blueprints/Level_EVR/EVR_TriggerBoxNoGoal_BP_Blueprint_Auto4.uasset
[2017.08.31-08.42.04:430][735]LogFileHelpers: Auto-saving content packages took 0.050
[2017.08.31-08.45.17:434][157]LogTemp: Repeating last play command: Selected Viewport
[2017.08.31-08.45.17:452][157]LogPlayLevel: PlayLevel: No blueprints needed recompiling
[2017.08.31-08.45.17:452][157]PIE: New page: PIE session: EVR_Map (Aug 31, 2017, 12:45:17 PM)
[2017.08.31-08.45.17:452][157]LogPlayLevel: Creating play world package: /Game/VirtualRealityBP/Maps/UEDPIE_0_EVR_Map
[2017.08.31-08.45.17:454][157]LogPlayLevel: PIE: StaticDuplicateObject took: (0.002276s)
[2017.08.31-08.45.17:455][157]LogAIModule: Creating AISystem for world EVR_Map
[2017.08.31-08.45.17:455][157]LogPlayLevel: PIE: World Init took: (0.000826s)
[2017.08.31-08.45.17:455][157]LogPlayLevel: PIE: Created PIE world by copying editor world from /Game/VirtualRealityBP/Maps/EVR_Map.EVR_Map to /Game/VirtualRealityBP/Maps/UEDPIE_0_EVR_Map.EVR_Map (0.003343s)
[2017.08.31-08.45.17:492][157]LogInit: XAudio2 using 'Lautsprecher (USB Audio Device)' : 2 channels at 44.1 kHz using 16 bits per sample (channel mask 0x3)
[2017.08.31-08.45.17:500][157]LogInit: FAudioDevice initialized.
[2017.08.31-08.45.17:530][157]LogLoad: Game class is 'Prototype_Gamemode_C'
[2017.08.31-08.45.17:532][157]LogWorld: Bringing World /Game/VirtualRealityBP/Maps/UEDPIE_0_EVR_Map.EVR_Map up for play (max tick rate 0) at 2017.08.31-10.45.17
[2017.08.31-08.45.17:533][157]LogWorld: Bringing up level for play took: 0.002419
[2017.08.31-08.45.17:533][157]LogSpawn: Warning: SpawnActor failed because no class was specified
[2017.08.31-08.45.17:534][157]PIE: Play in editor start time for /Game/VirtualRealityBP/Maps/UEDPIE_0_EVR_Map -0.81
