Log file open, 07/24/17 09:22:00
LogInit:Display: Running engine for game: DSHockeyGame
LogPlatformFile: Not using cached read wrapper
LogInit:Display: RandInit(-1716351416) SRandInit(-1716351416).
LogTaskGraph: Started task graph with 5 named threads and 10 total threads with 1 sets of task threads.
LogStats: Stats thread started at 0.106959
LogInit: Using libcurl 7.47.1
LogInit:  - built for x86_64-pc-win32
LogInit:  - supports SSL with OpenSSL/1.0.2g
LogInit:  - supports HTTP deflate (compression) using libz 1.2.8
LogInit:  - other features:
LogInit:      CURL_VERSION_SSL
LogInit:      CURL_VERSION_LIBZ
LogInit:      CURL_VERSION_IPV6
LogInit:      CURL_VERSION_ASYNCHDNS
LogInit:      CURL_VERSION_LARGEFILE
LogInit:      CURL_VERSION_IDN
LogInit:  CurlRequestOptions (configurable via config and command line):
LogInit:  - bVerifyPeer = false  - Libcurl will NOT verify peer certificate
LogInit:  - bUseHttpProxy = false  - Libcurl will NOT use HTTP proxy
LogInit:  - bDontReuseConnections = false  - Libcurl will reuse connections
LogInit:  - CertBundlePath = nullptr  - Libcurl will use whatever was configured at build time.
LogInit: Build: ++UE4+Release-4.16-CL-3514769
LogInit: Engine Version: 4.16.2-3514769+++UE4+Release-4.16
LogInit: Compatible Engine Version: 4.16.0-3452394+++UE4+Release-4.16
LogInit: Net CL: 3452394
LogDevObjectVersion: Number of dev versions registered: 16
LogDevObjectVersion:   Dev-Blueprints (B0D832E4-1F89-4F0D-ACCF-7EB736FD4AA2): 9
LogDevObjectVersion:   Dev-Build (E1C64328-A22C-4D53-A36C-8E866417BD8C): 0
LogDevObjectVersion:   Dev-Core (375EC13C-06E4-48FB-B500-84F0262A717E): 2
LogDevObjectVersion:   Dev-Editor (E4B068ED-F494-42E9-A231-DA0B2E46BB41): 17
LogDevObjectVersion:   Dev-Framework (CFFC743F-43B0-4480-9391-14DF171D2073): 23
LogDevObjectVersion:   Dev-Mobile (B02B49B5-BB20-44E9-A304-32B752E40360): 0
LogDevObjectVersion:   Dev-Networking (A4E4105C-59A1-49B5-A7C5-40C4547EDFEE): 0
LogDevObjectVersion:   Dev-Online (39C831C9-5AE6-47DC-9A44-9C173E1C8E7C): 0
LogDevObjectVersion:   Dev-Physics (78F01B33-EBEA-4F98-B9B4-84EACCB95AA2): 0
LogDevObjectVersion:   Dev-Platform (6631380F-2D4D-43E0-8009-CF276956A95A): 0
LogDevObjectVersion:   Dev-Rendering (12F88B9F-8875-4AFC-A67C-D90C383ABD29): 15
LogDevObjectVersion:   Dev-Sequencer (7B5AE74C-D270-4C10-A958-57980B212A5A): 4
LogDevObjectVersion:   Dev-VR (D7296918-1DD6-4BDD-9DE2-64A83CC13884): 0
LogDevObjectVersion:   Dev-LoadTimes (C2A15278-BFE7-4AFE-6C17-90FF531DF755): 1
LogDevObjectVersion:   Private-Geometry (6EACA3D4-40EC-4CC1-B786-8BED09428FC5): 1
LogDevObjectVersion:   Dev-AnimPhys (29E575DD-E0A3-4627-9D10-D276232CDCEA): 3
LogInit: Compiled (64-bit): Jun 29 2017 02:03:24
LogInit: Compiled with Visual C++: 19.00.24215.01
LogInit: Build Configuration: Development
LogInit: Branch Name: ++UE4+Release-4.16
LogInit: Command line: -EpicPortal 
LogInit: Base directory: D:/UE_4.16/Engine/Binaries/Win64/
LogInit: Installed Engine Build: 1
LogInit: Presizing for max 8388607 objects, including 0 objects not considered by GC, pre-allocating 0 bytes for permanent pool.
LogInit: Object subsystem initialized
[2017.07.24-07.22.00:446][  0]LogInit: Selected Device Profile: [Windows]
[2017.07.24-07.22.00:446][  0]LogInit: Applying CVar settings loaded from the selected device profile: [Windows]
[2017.07.24-07.22.00:460][  0]LogInit: Computer: PC1011604132
[2017.07.24-07.22.00:460][  0]LogInit: User: LocalAdmin
[2017.07.24-07.22.00:460][  0]LogInit: CPU Page size=4096, Cores=6
[2017.07.24-07.22.00:460][  0]LogInit: High frequency timer resolution =3.220792 MHz
[2017.07.24-07.22.00:460][  0]LogMemory: Memory total: Physical=15.9GB (16GB approx)
[2017.07.24-07.22.00:460][  0]LogMemory: Platform Memory Stats for Windows
[2017.07.24-07.22.00:460][  0]LogMemory: Process Physical Memory: 272.55 MB used, 272.55 MB peak
[2017.07.24-07.22.00:460][  0]LogMemory: Process Virtual Memory: 259.27 MB used, 259.27 MB peak
[2017.07.24-07.22.00:460][  0]LogMemory: Physical Memory: 3583.71 MB used,  12711.32 MB free, 16295.03 MB total
[2017.07.24-07.22.00:460][  0]LogMemory: Virtual Memory: 639.95 MB used,  12711.32 MB free, 134217728.00 MB total
[2017.07.24-07.22.00:503][  0]LogInit: Using OS detected language (de-DE).
[2017.07.24-07.22.00:503][  0]LogInit: Using OS detected locale (de-DE).
[2017.07.24-07.22.00:506][  0]LogTextLocalizationManager: No localization for 'de-DE' exists, so 'en' will be used for the language.
[2017.07.24-07.22.00:506][  0]LogTextLocalizationManager: No localization for 'de-DE' exists, so 'en' will be used for the locale.
[2017.07.24-07.22.01:411][  0]LogD3D11RHI: D3D11 adapters:
[2017.07.24-07.22.01:438][  0]LogD3D11RHI:    0. 'NVIDIA GeForce GTX 980 Ti' (Feature Level 11_0)
[2017.07.24-07.22.01:438][  0]LogD3D11RHI:       6102/0/8147 MB DedicatedVideo/DedicatedSystem/SharedSystem, Outputs:1, VendorId:0x10de
[2017.07.24-07.22.01:439][  0]LogD3D11RHI:    1. 'Microsoft Basic Render Driver' (Feature Level 11_0)
[2017.07.24-07.22.01:439][  0]LogD3D11RHI:       0/0/8147 MB DedicatedVideo/DedicatedSystem/SharedSystem, Outputs:0, VendorId:0x1414
[2017.07.24-07.22.01:439][  0]LogD3D11RHI: Chosen D3D11 Adapter: 0
[2017.07.24-07.22.01:442][  0]LogD3D11RHI: Creating new Direct3DDevice
[2017.07.24-07.22.01:442][  0]LogD3D11RHI:     GPU DeviceId: 0x17c8 (for the marketing name, search the web for "GPU Device Id")
[2017.07.24-07.22.01:442][  0]LogWindows: EnumDisplayDevices:
[2017.07.24-07.22.01:442][  0]LogWindows:    0. 'NVIDIA GeForce GTX 980 Ti' (P:1 D:1)
[2017.07.24-07.22.01:442][  0]LogWindows:    1. 'NVIDIA GeForce GTX 980 Ti' (P:0 D:0)
[2017.07.24-07.22.01:442][  0]LogWindows:    2. 'NVIDIA GeForce GTX 980 Ti' (P:0 D:0)
[2017.07.24-07.22.01:443][  0]LogWindows:    3. 'NVIDIA GeForce GTX 980 Ti' (P:0 D:0)
[2017.07.24-07.22.01:443][  0]LogWindows: DebugString: FoundDriverCount:4 
[2017.07.24-07.22.01:443][  0]LogD3D11RHI:     Adapter Name: NVIDIA GeForce GTX 980 Ti
[2017.07.24-07.22.01:443][  0]LogD3D11RHI:   Driver Version: 376.53 (internal:21.21.13.7653, unified:376.53)
[2017.07.24-07.22.01:443][  0]LogD3D11RHI:      Driver Date: 12-29-2016
[2017.07.24-07.22.01:443][  0]LogRHI: Texture pool is 1361 MB (70% of 1945 MB)
[2017.07.24-07.22.01:457][  0]LogD3D11RHI: Async texture creation enabled
[2017.07.24-07.22.01:468][  0]LogD3D11RHI: GPU Timing Frequency: 1000.000000 (Debug: 2 1)
[2017.07.24-07.22.01:510][  0]LogShaderCompilers: Guid format shader working directory is 9 characters bigger than the processId version (../../../../MA Daniel Schmidl/Masterarbeit/Intermediate/Shaders/WorkingDirectory/5928/).
[2017.07.24-07.22.01:511][  0]LogShaderCompilers: Cleaned the shader compiler working directory 'C:/Users/LocalAdmin/AppData/Local/Temp/UnrealShaderWorkingDir/4CCCD5274384A62799633E8C051C30F0/'.
[2017.07.24-07.22.01:511][  0]LogShaderCompilers:Display: Using Local Shader Compiler.
[2017.07.24-07.22.04:745][  0]LogTemp:Display: Loaded TP AllDesktopTargetPlatform
[2017.07.24-07.22.04:783][  0]LogTemp:Display: Loaded TP MacClientTargetPlatform
[2017.07.24-07.22.04:821][  0]LogTemp:Display: Loaded TP MacNoEditorTargetPlatform
[2017.07.24-07.22.04:859][  0]LogTemp:Display: Loaded TP MacServerTargetPlatform
[2017.07.24-07.22.04:899][  0]LogTemp:Display: Loaded TP MacTargetPlatform
[2017.07.24-07.22.04:937][  0]LogTemp:Display: Loaded TP WindowsClientTargetPlatform
[2017.07.24-07.22.04:975][  0]LogTemp:Display: Loaded TP WindowsNoEditorTargetPlatform
[2017.07.24-07.22.05:013][  0]LogTemp:Display: Loaded TP WindowsServerTargetPlatform
[2017.07.24-07.22.05:046][  0]LogTemp:Display: Loaded TP WindowsTargetPlatform
[2017.07.24-07.22.05:085][  0]LogTemp:Display: Loaded TP AndroidTargetPlatform
[2017.07.24-07.22.05:122][  0]LogTemp:Display: Loaded TP Android_ASTCTargetPlatform
[2017.07.24-07.22.05:159][  0]LogTemp:Display: Loaded TP Android_ATCTargetPlatform
[2017.07.24-07.22.05:196][  0]LogTemp:Display: Loaded TP Android_DXTTargetPlatform
[2017.07.24-07.22.05:233][  0]LogTemp:Display: Loaded TP Android_ETC1TargetPlatform
[2017.07.24-07.22.05:269][  0]LogTemp:Display: Loaded TP Android_ETC2TargetPlatform
[2017.07.24-07.22.05:351][  0]LogTemp:Display: Loaded TP Android_MultiTargetPlatform
[2017.07.24-07.22.05:351][  0]LogTemp:Display: Loaded TP Android_PVRTCTargetPlatform
[2017.07.24-07.22.05:381][  0]LogTemp:Display: Loaded TP HTML5TargetPlatform
[2017.07.24-07.22.05:472][  0]LogTemp:Display: Loaded TP IOSTargetPlatform
[2017.07.24-07.22.05:495][  0]LogTemp:Display: Loaded TP TVOSTargetPlatform
[2017.07.24-07.22.05:532][  0]LogTemp:Display: Loaded TP LinuxClientTargetPlatform
[2017.07.24-07.22.05:569][  0]LogTemp:Display: Loaded TP LinuxNoEditorTargetPlatform
[2017.07.24-07.22.05:606][  0]LogTemp:Display: Loaded TP LinuxServerTargetPlatform
[2017.07.24-07.22.05:645][  0]LogTemp:Display: Loaded TP LinuxTargetPlatform
[2017.07.24-07.22.05:645][  0]LogTargetPlatformManager:Display: Building Assets For Windows
[2017.07.24-07.22.06:198][  0]LogDerivedDataCache:Display: Max Cache Size: 512 MB
[2017.07.24-07.22.06:282][  0]LogDerivedDataCache: Loaded boot cache 0.08s 103MB C:/Users/LocalAdmin/AppData/Local/UnrealEngine/4.16/DerivedDataCache/Boot.ddc.
[2017.07.24-07.22.06:282][  0]LogDerivedDataCache:Display: Loaded Boot cache: C:/Users/LocalAdmin/AppData/Local/UnrealEngine/4.16/DerivedDataCache/Boot.ddc
[2017.07.24-07.22.06:282][  0]LogDerivedDataCache: FDerivedDataBackendGraph:  Pak pak cache file ../../../../MA Daniel Schmidl/Masterarbeit/DerivedDataCache/DDC.ddp not found, will not use a pak cache.
[2017.07.24-07.22.06:282][  0]LogDerivedDataCache: Unable to find inner node Pak for hierarchical cache Hierarchy.
[2017.07.24-07.22.06:283][  0]LogDerivedDataCache: FDerivedDataBackendGraph:  CompressedPak pak cache file ../../../../MA Daniel Schmidl/Masterarbeit/DerivedDataCache/Compressed.ddp not found, will not use a pak cache.
[2017.07.24-07.22.06:283][  0]LogDerivedDataCache: Unable to find inner node CompressedPak for hierarchical cache Hierarchy.
[2017.07.24-07.22.06:301][  0]LogDerivedDataCache:Display: Pak cache opened for reading ../../../Engine/DerivedDataCache/Compressed.ddp.
[2017.07.24-07.22.06:313][  0]LogDerivedDataCache: Using Local data cache path C:/Users/LocalAdmin/AppData/Local/UnrealEngine/Common/DerivedDataCache: Writable
[2017.07.24-07.22.06:338][  0]LogMaterial: Verifying Global Shaders for PCD3D_SM5
[2017.07.24-07.22.06:338][  0]LogSlate: Using Freetype 2.6.0
[2017.07.24-07.22.06:339][  0]LogSlate: SlateFontCache - WITH_FREETYPE: 1, WITH_HARFBUZZ: 1
[2017.07.24-07.22.06:339][  0]LogSlate: SlateFontCache - WITH_FREETYPE: 1, WITH_HARFBUZZ: 1
[2017.07.24-07.22.08:876][  0]LogInit: Selected Device Profile: [Windows]
[2017.07.24-07.22.08:940][  0]LogContentStreaming: Texture pool size is 0.00 MB
[2017.07.24-07.22.09:099][  0]LogMeshUtilities: Using QuadricMeshReduction for automatic static mesh reduction
[2017.07.24-07.22.09:159][  0]LogSimplygon: Simplygon DLL not present - disabling.
[2017.07.24-07.22.09:192][  0]LogMeshUtilities: Using SimplygonSwarm for distributed automatic mesh merging
[2017.07.24-07.22.09:192][  0]LogMeshUtilities: No automatic skeletal mesh reduction module available
[2017.07.24-07.22.09:192][  0]LogMeshUtilities: No automatic mesh merging module available
[2017.07.24-07.22.09:692][  0]LogNetVersion: DSHockeyGame , NetCL: 3452394, EngineNetVer: 2, GameNetVer: 0 (Checksum: 256397287)
[2017.07.24-07.22.09:745][  0]LogAssetRegistry: FAssetRegistry took 0.0252 seconds to start up
[2017.07.24-07.22.09:771][  0]LogPackageLocalizationCache: Processed 4 localized package path(s) for 1 prioritized culture(s) in 0.012861 seconds
[2017.07.24-07.22.09:775][  0]LogUObjectArray: 34194 objects as part of root set at end of initial load.
[2017.07.24-07.22.09:775][  0]LogUObjectAllocator: 7260424 out of 0 bytes used by permanent object pool.
[2017.07.24-07.22.09:775][  0]LogUObjectArray: CloseDisregardForGC: 0/0 objects in disregard for GC pool
[2017.07.24-07.22.09:815][  0]LogInit: WinSock: version 1.1 (2.2), MaxSocks=32767, MaxUdp=65467
[2017.07.24-07.22.11:917][  0]LogTcpMessaging: Initializing TcpMessaging bridge
[2017.07.24-07.22.11:947][  0]LogUdpMessaging: Initializing bridge on interface 0.0.0.0:0 to multicast group 230.0.0.1:6666.
[2017.07.24-07.22.12:358][  0]LogMaterial: Uniform references updated for custom material expression Custom.
[2017.07.24-07.22.12:666][  0]SourceControl: Info Source control is disabled
[2017.07.24-07.22.12:668][  0]SourceControl: Info Source control is disabled
[2017.07.24-07.22.12:700][  0]SourceControl: Info Source control is disabled
[2017.07.24-07.22.12:732][  0]SourceControl: Info Source control is disabled
[2017.07.24-07.22.13:214][  0]LogAndroidPermission: UAndroidPermissionCallbackProxy::GetInstance
[2017.07.24-07.22.13:630][  0]LogEngine: Initializing Engine...
[2017.07.24-07.22.13:709][  0]LogHMD: Failed to initialize OpenVR with code 208
[2017.07.24-07.22.13:943][  0]LogStats: UGameplayTagsManager::ConstructGameplayTagTree: Construct from data asset -  0.000 s
[2017.07.24-07.22.13:943][  0]LogStats: UGameplayTagsManager::ConstructGameplayTagTree: GameplayTagTreeChangedEvent.Broadcast -  0.000 s
[2017.07.24-07.22.14:031][  0]LogAIModule: Creating AISystem for world Untitled
[2017.07.24-07.22.14:070][  0]LogInit: XAudio2 using 'Lautsprecher (USB Audio Device)' : 2 channels at 44.1 kHz using 16 bits per sample (channel mask 0x3)
[2017.07.24-07.22.14:121][  0]LogInit: FAudioDevice initialized.
[2017.07.24-07.22.14:169][  0]LogDerivedDataCache: Saved boot cache 0.05s 103MB C:/Users/LocalAdmin/AppData/Local/UnrealEngine/4.16/DerivedDataCache/Boot.ddc.
[2017.07.24-07.22.14:181][  0]LogInit: Texture streaming: Enabled
[2017.07.24-07.22.14:243][  0]LogEngineSessionManager: EngineSessionManager initialized
[2017.07.24-07.22.14:394][  0]LogInit: Transaction tracking system initialized
[2017.07.24-07.22.14:603][  0]BlueprintLog: New page: Editor Load
[2017.07.24-07.22.15:228][  0]LocalizationService: Info Localization service is disabled
[2017.07.24-07.22.15:694][  0]LogConsoleResponse:Display: 
[2017.07.24-07.22.15:827][  0]LogCook:Display: Max memory allowance for cook 16384mb min free memory 0mb
[2017.07.24-07.22.15:827][  0]LogCook:Display: Mobile HDR setting 1
[2017.07.24-07.22.16:529][  0]LogFileCache: Scanning file cache for directory 'D:/MA Daniel Schmidl/Masterarbeit/Content/' took 0.01s
[2017.07.24-07.22.16:529][  0]SourceControl: Info Source control is disabled
[2017.07.24-07.22.16:529][  0]Cmd: MAP LOAD FILE="../../../../MA Daniel Schmidl/Masterarbeit/Content/VirtualRealityBP/Maps/StartupMap.umap" TEMPLATE=0 SHOWPROGRESS=1 FEATURELEVEL=3
[2017.07.24-07.22.16:532][  0]LightingResults: New page: Lighting Build
[2017.07.24-07.22.16:561][  0]MapCheck: New page: Map Check
[2017.07.24-07.22.16:561][  0]LightingResults: New page: Lighting Build
[2017.07.24-07.22.16:659][  0]LogAIModule: Creating AISystem for world StartupMap
[2017.07.24-07.22.16:666][  0]LogEditorServer: Finished looking for orphan Actors (0.000 secs)
[2017.07.24-07.22.16:674][  0]Cmd: MAP CHECKDEP NOCLEARLOG
[2017.07.24-07.22.16:720][  0]MapCheck: Info Map check complete: 0 Error(s), 0 Warning(s), took 46.012ms to complete.
[2017.07.24-07.22.16:720][  0]LogFileHelpers: Loading map 'StartupMap' took 0.191
[2017.07.24-07.22.16:772][  0]LogWindowsTextInputMethodSystem:Display: IME system now deactivated.
[2017.07.24-07.22.16:890][  0]LogCollectionManager: Loaded 0 collections in 0.000815 seconds
[2017.07.24-07.22.16:955][  0]LogFileCache: Scanning file cache for directory 'D:/MA Daniel Schmidl/Masterarbeit/Saved/Collections/' took 0.01s
[2017.07.24-07.22.16:955][  0]LogFileCache: Scanning file cache for directory 'D:/MA Daniel Schmidl/Masterarbeit/Content/Developers/LocalAdmin/Collections/' took 0.01s
[2017.07.24-07.22.16:955][  0]LogFileCache: Scanning file cache for directory 'D:/MA Daniel Schmidl/Masterarbeit/Content/Collections/' took 0.01s
[2017.07.24-07.22.16:955][  0]LogCollectionManager: Rebuilt the GUID cache for 0 collections in 0.000002 seconds
[2017.07.24-07.22.16:964][  0]LogContentBrowser: Native class hierarchy populated in 0.0088 seconds. Added 2329 classes and 491 folders.
[2017.07.24-07.22.17:007][  0]LogContentBrowser: Native class hierarchy updated for 'WidgetCarousel' in 0.0005 seconds. Added 0 classes and 0 folders.
[2017.07.24-07.22.17:096][  0]LogContentBrowser: Native class hierarchy updated for 'AddContentDialog' in 0.0006 seconds. Added 0 classes and 0 folders.
[2017.07.24-07.22.17:127][  0]LogContentBrowser: Native class hierarchy updated for 'SceneOutliner' in 0.0006 seconds. Added 1 classes and 2 folders.
[2017.07.24-07.22.17:158][  0]LogCrashTracker: Crashtracker disabled due to settings.
[2017.07.24-07.22.17:162][  0]LogSlate: Took 0.000179 seconds to synchronously load lazily loaded font '../../../Engine/Content/Slate/Fonts/Roboto-Regular.ttf' (155K)
[2017.07.24-07.22.17:163][  0]LogSlate: Took 0.000160 seconds to synchronously load lazily loaded font '../../../Engine/Content/Slate/Fonts/Roboto-Bold.ttf' (160K)
[2017.07.24-07.22.17:172][  0]LogSlate: Took 0.003920 seconds to synchronously load lazily loaded font '../../../Engine/Content/Editor/Slate/Fonts/FontAwesome.ttf' (139K)
[2017.07.24-07.22.17:290][  0]LogRenderer: Reallocating scene render targets to support 1616x808 NumSamples 1 (Frame:1).
[2017.07.24-07.22.17:392][  0]LogUObjectGlobals:Warning: Failed to find object 'Class None.'
[2017.07.24-07.22.17:443][  0]LogContentBrowser: Native class hierarchy updated for 'HierarchicalLODOutliner' in 0.0006 seconds. Added 1 classes and 2 folders.
[2017.07.24-07.22.17:444][  0]LogLoad: (Engine Initialization) Total time: 18.32 seconds
[2017.07.24-07.22.17:444][  0]LogLoad: (Engine Initialization) Total Blueprint compile time: 0.03 seconds
[2017.07.24-07.22.17:444][  0]LogExternalProfiler: No external profilers were discovered.  External profiling features will not be available.
[2017.07.24-07.22.17:453][  0]LogOcInput: OculusInput pre-init called
[2017.07.24-07.22.17:453][  0]LogHMD: Starting GearVRController plugin
[2017.07.24-07.22.17:468][  0]LogAssetRegistry: Asset discovery search completed in 7.7446 seconds
[2017.07.24-07.22.17:470][  0]LogCollectionManager: Rebuilt the object cache for 0 collections in 0.000001 seconds (found 0 objects)
[2017.07.24-07.22.17:470][  0]LogCollectionManager: Fixed up redirectors for 0 collections in 0.000021 seconds (updated 0 objects)
[2017.07.24-07.22.17:473][  0]LogContentStreaming: Texture pool size now 1000 MB
[2017.07.24-07.22.37:459][381]LogSlate: Took 0.001114 seconds to synchronously load lazily loaded font '../../../Engine/Content/Slate/Fonts/Roboto-Light.ttf' (159K)
[2017.07.24-07.22.38:788][539]Cmd: MAP LOAD FILE="../../../../MA Daniel Schmidl/Masterarbeit/Content/VirtualRealityBP/Maps/PrototypeMap.umap" TEMPLATE=0 SHOWPROGRESS=1 FEATURELEVEL=3
[2017.07.24-07.22.38:791][539]LogSlate: Took 0.000347 seconds to synchronously load lazily loaded font '../../../Engine/Content/Slate/Fonts/Roboto-Light.ttf' (159K)
[2017.07.24-07.22.38:797][539]LightingResults: New page: Lighting Build
[2017.07.24-07.22.38:798][539]LoadErrors: New page: Loading map: PrototypeMap.umap
[2017.07.24-07.22.38:800][539]MapCheck: New page: Map Check
[2017.07.24-07.22.38:800][539]LightingResults: New page: Lighting Build
[2017.07.24-07.22.38:946][539]LogBlueprint:Warning: [Compiler BP_MotionController] Warning  ProjectPointToNavigation_DEPRECATED  is deprecated; This version of ProjectPointToNavigation is deprecated. Please use the new version
[2017.07.24-07.22.38:964][539]LogBlueprint:Warning: [Compiler BP_MotionController] Warning [0039.84] Compile of BP_MotionController successful, but with 1 Warning(s) [in 29 ms] (/Game/VirtualRealityBP/Blueprints/BP_MotionController.BP_MotionController)
[2017.07.24-07.22.38:964][539]LogBlueprint:Warning: [Compiler BP_MotionController] Warning [0039.84] Compile of BP_MotionController successful, but with 2 Warning(s) [in 0 ms] (/Game/VirtualRealityBP/Blueprints/BP_MotionController.BP_MotionController)
[2017.07.24-07.22.38:964][539]LogBlueprint:Warning: [Compiler BP_MotionController] Warning [0039.84] Compile of BP_MotionController successful, but with 3 Warning(s) [in 0 ms] (/Game/VirtualRealityBP/Blueprints/BP_MotionController.BP_MotionController)
[2017.07.24-07.22.38:983][539]LogBlueprint:Warning: [Compiler BP_MotionController] Warning  ProjectPointToNavigation_DEPRECATED  is deprecated; This version of ProjectPointToNavigation is deprecated. Please use the new version
[2017.07.24-07.22.39:001][539]LogBlueprint:Warning: [Compiler BP_MotionController] Warning [0039.88] Compile of BP_MotionController successful, but with 1 Warning(s) [in 29 ms] (/Game/VirtualRealityBP/Blueprints/BP_MotionController.BP_MotionController)
[2017.07.24-07.22.39:001][539]LogBlueprint:Warning: [Compiler BP_MotionController] Warning [0039.88] Compile of BP_MotionController successful, but with 2 Warning(s) [in 0 ms] (/Game/VirtualRealityBP/Blueprints/BP_MotionController.BP_MotionController)
[2017.07.24-07.22.39:001][539]LogBlueprint:Warning: [Compiler BP_MotionController] Warning [0039.88] Compile of BP_MotionController successful, but with 3 Warning(s) [in 0 ms] (/Game/VirtualRealityBP/Blueprints/BP_MotionController.BP_MotionController)
[2017.07.24-07.22.39:409][539]LogAIModule: Creating AISystem for world PrototypeMap
[2017.07.24-07.22.39:426][539]LogEditorServer: Finished looking for orphan Actors (0.000 secs)
[2017.07.24-07.22.39:461][539]Cmd: MAP CHECKDEP NOCLEARLOG
[2017.07.24-07.22.39:510][539]MapCheck: Info Map check complete: 0 Error(s), 0 Warning(s), took 49.672ms to complete.
[2017.07.24-07.22.39:510][539]LogFileHelpers: Loading map 'PrototypeMap' took 0.723
[2017.07.24-07.33.12:943][ 35]LogContentBrowser: Native class hierarchy updated for 'BlueprintGraph' in 0.0009 seconds. Added 112 classes and 0 folders.
[2017.07.24-07.33.13:551][ 35]LogSlate: Took 0.000207 seconds to synchronously load lazily loaded font '../../../Engine/Content/Slate/Fonts/Roboto-Light.ttf' (159K)
[2017.07.24-07.33.13:552][ 35]LogSlate: Took 0.001098 seconds to synchronously load lazily loaded font '../../../Engine/Content/Editor/Slate/Fonts/Roboto-BoldCondensed.ttf' (158K)
[2017.07.24-07.35.47:814][200]LogRenderer: Reallocating scene render targets to support 1616x1260 NumSamples 1 (Frame:1).
[2017.07.24-07.35.54:280][922]LogSlate: Took 0.002525 seconds to synchronously load lazily loaded font '../../../Engine/Content/Editor/Slate/Fonts/Roboto-Italic.ttf' (157K)
[2017.07.24-07.36.15:550][322]BlueprintLog: New page: Compile 3D_Menu
[2017.07.24-07.36.16:019][349]Cmd: OBJ SAVEPACKAGE PACKAGE="/Game/VirtualRealityBP/Blueprints/3D_Menu" FILE="../../../../MA Daniel Schmidl/Masterarbeit/Content/VirtualRealityBP/Blueprints/3D_Menu.uasset" SILENT=true
[2017.07.24-07.36.16:027][349]LogSavePackage: Save=8.03ms
[2017.07.24-07.36.16:027][349]LogSavePackage: Moving '../../../../MA Daniel Schmidl/Masterarbeit/Saved/3D_MenuB57B4769450E0ACD7039978D2064B48F.tmp' to '../../../../MA Daniel Schmidl/Masterarbeit/Content/VirtualRealityBP/Blueprints/3D_Menu.uasset'
[2017.07.24-07.36.16:029][349]LogSavePackage:Display: Finished SavePackage ../../../../MA Daniel Schmidl/Masterarbeit/Content/VirtualRealityBP/Blueprints/3D_Menu.uasset
[2017.07.24-07.36.59:022][117]LogSlate:Warning: Prevented a slow task dialog from being summoned while a context menu was open
[2017.07.24-07.37.25:310][984]LogFileHelpers: Editor autosave (incl. sublevels) for '/Game/VirtualRealityBP/Maps/PrototypeMap' took 0.015
[2017.07.24-07.37.25:311][984]OBJ SavePackage: Generating thumbnails for [0] asset(s) in package [/Game/VirtualRealityBP/Blueprints/3D_Menu] ([1] browsable assets)...
[2017.07.24-07.37.25:311][984]OBJ SavePackage: Finished generating thumbnails for package [/Game/VirtualRealityBP/Blueprints/3D_Menu]
[2017.07.24-07.37.25:326][984]LogSavePackage: Save=7.44ms
[2017.07.24-07.37.25:326][984]LogSavePackage: Moving '../../../../MA Daniel Schmidl/Masterarbeit/Saved/3D_Menu_Auto1FD7CDC3E46A7120AF1C5F78055A29A97.tmp' to '../../../../MA Daniel Schmidl/Masterarbeit/Saved/Autosaves/Game/VirtualRealityBP/Blueprints/3D_Menu_Auto1.uasset'
[2017.07.24-07.37.25:326][984]LogSavePackage:Display: Finished SavePackage ../../../../MA Daniel Schmidl/Masterarbeit/Saved/Autosaves/Game/VirtualRealityBP/Blueprints/3D_Menu_Auto1.uasset
[2017.07.24-07.37.25:326][984]LogFileHelpers: Auto-saving content packages took 0.016
[2017.07.24-07.40.46:441][635]BlueprintLog: New page: Compile 3D_Menu
[2017.07.24-07.40.47:296][716]Cmd: OBJ SAVEPACKAGE PACKAGE="/Game/VirtualRealityBP/Blueprints/3D_Menu" FILE="../../../../MA Daniel Schmidl/Masterarbeit/Content/VirtualRealityBP/Blueprints/3D_Menu.uasset" SILENT=true
[2017.07.24-07.40.47:312][716]LogSavePackage: Save=13.69ms
[2017.07.24-07.40.47:312][716]LogSavePackage: Moving '../../../../MA Daniel Schmidl/Masterarbeit/Saved/3D_MenuACF16E3548CDB72979E5A793F01A9A64.tmp' to '../../../../MA Daniel Schmidl/Masterarbeit/Content/VirtualRealityBP/Blueprints/3D_Menu.uasset'
[2017.07.24-07.40.47:313][716]LogSavePackage:Display: Finished SavePackage ../../../../MA Daniel Schmidl/Masterarbeit/Content/VirtualRealityBP/Blueprints/3D_Menu.uasset
[2017.07.24-07.48.28:702][ 82]LogEditorTransaction: Undo Resize Widget
[2017.07.24-07.50.39:651][851]BlueprintLog: New page: Compile ScoreHUD
[2017.07.24-07.50.39:658][851]LogBlueprint:Warning: [Prototype_Gamemode] 'Score_Text' variable not found. Base class was probably changed.
[2017.07.24-07.50.39:661][851]LogBlueprint:Warning: [Compiler Prototype_Gamemode] Warning Could not find a variable named "Score_Text" in 'ScoreHUD_C'.
Make sure 'ScoreHUD_C' has been compiled for  Get Score_Text
[2017.07.24-07.50.39:661][851]LogBlueprint:Error: [Compiler Prototype_Gamemode] Error The property associated with  Score Text  could not be found
[2017.07.24-07.50.39:872][851]BlueprintEditorCompileResults: Info Fast Template Successfully Created.
[2017.07.24-07.50.40:234][873]Cmd: OBJ SAVEPACKAGE PACKAGE="/Game/VirtualRealityBP/Blueprints/ScoreHUD" FILE="../../../../MA Daniel Schmidl/Masterarbeit/Content/VirtualRealityBP/Blueprints/ScoreHUD.uasset" SILENT=true
[2017.07.24-07.50.40:248][873]LogSavePackage: Save=11.85ms
[2017.07.24-07.50.40:248][873]LogSavePackage: Moving '../../../../MA Daniel Schmidl/Masterarbeit/Saved/ScoreHUD362556D7488C693188E7A0B870CB9B3F.tmp' to '../../../../MA Daniel Schmidl/Masterarbeit/Content/VirtualRealityBP/Blueprints/ScoreHUD.uasset'
[2017.07.24-07.50.40:250][873]LogSavePackage:Display: Finished SavePackage ../../../../MA Daniel Schmidl/Masterarbeit/Content/VirtualRealityBP/Blueprints/ScoreHUD.uasset
[2017.07.24-07.51.05:176][447]LogSavePackage: Save=35.65ms
[2017.07.24-07.51.05:176][447]LogSavePackage: Moving '../../../../MA Daniel Schmidl/Masterarbeit/Saved/PrototypeMap_Auto2632BF62B467B8E1A48554997E1824614.tmp' to '../../../../MA Daniel Schmidl/Masterarbeit/Saved/Autosaves/Game/VirtualRealityBP/Maps/PrototypeMap_Auto2.umap'
[2017.07.24-07.51.05:178][447]LogSavePackage:Display: Finished SavePackage ../../../../MA Daniel Schmidl/Masterarbeit/Saved/Autosaves/Game/VirtualRealityBP/Maps/PrototypeMap_Auto2.umap
[2017.07.24-07.51.05:180][447]LogFileHelpers: Editor autosave (incl. sublevels) for '/Game/VirtualRealityBP/Maps/PrototypeMap' took 0.060
[2017.07.24-07.51.05:180][447]LogFileHelpers: Editor autosave (incl. sublevels) for all levels took 0.060
[2017.07.24-07.51.05:181][447]OBJ SavePackage: Generating thumbnails for [0] asset(s) in package [/Game/VirtualRealityBP/Blueprints/ScoreHUD] ([1] browsable assets)...
[2017.07.24-07.51.05:181][447]OBJ SavePackage: Finished generating thumbnails for package [/Game/VirtualRealityBP/Blueprints/ScoreHUD]
[2017.07.24-07.51.05:194][447]LogSavePackage: Save=11.02ms
[2017.07.24-07.51.05:194][447]LogSavePackage: Moving '../../../../MA Daniel Schmidl/Masterarbeit/Saved/ScoreHUD_Auto29D826C71455D1E0745606780B5994D74.tmp' to '../../../../MA Daniel Schmidl/Masterarbeit/Saved/Autosaves/Game/VirtualRealityBP/Blueprints/ScoreHUD_Auto2.uasset'
[2017.07.24-07.51.05:195][447]LogSavePackage:Display: Finished SavePackage ../../../../MA Daniel Schmidl/Masterarbeit/Saved/Autosaves/Game/VirtualRealityBP/Blueprints/ScoreHUD_Auto2.uasset
[2017.07.24-07.51.05:195][447]LogFileHelpers: Auto-saving content packages took 0.015
[2017.07.24-07.51.05:852][490]Cmd: OBJ SAVEPACKAGE PACKAGE="/Game/VirtualRealityBP/Blueprints/ScoreHUD" FILE="../../../../MA Daniel Schmidl/Masterarbeit/Content/VirtualRealityBP/Blueprints/ScoreHUD.uasset" SILENT=true
[2017.07.24-07.51.05:867][490]LogSavePackage: Save=12.71ms
[2017.07.24-07.51.05:867][490]LogSavePackage: Moving '../../../../MA Daniel Schmidl/Masterarbeit/Saved/ScoreHUD55B4623C4521C4C121DE92AC34893C23.tmp' to '../../../../MA Daniel Schmidl/Masterarbeit/Content/VirtualRealityBP/Blueprints/ScoreHUD.uasset'
[2017.07.24-07.51.05:869][490]LogSavePackage:Display: Finished SavePackage ../../../../MA Daniel Schmidl/Masterarbeit/Content/VirtualRealityBP/Blueprints/ScoreHUD.uasset
[2017.07.24-07.51.13:660][144]LogTemp: Repeting last play command: Selected Viewport
[2017.07.24-07.51.13:694][144]BlueprintLog: New page: Pre-Play auto-recompile
[2017.07.24-07.51.13:694][144]LogPlayLevel: [PlayLevel] Compiling ScoreHUD before play...
[2017.07.24-07.51.13:699][144]LogBlueprint:Warning: [Prototype_Gamemode] 'Score_Text' variable not found. Base class was probably changed.
[2017.07.24-07.51.13:701][144]LogPlayLevel: [PlayLevel]   Compiling Prototype_Gamemode as a dependent...
[2017.07.24-07.51.13:705][144]LogBlueprint:Warning: [Compiler Prototype_Gamemode] Warning Could not find a variable named "Score_Text" in 'ScoreHUD_C'.
Make sure 'ScoreHUD_C' has been compiled for  Get Score_Text
[2017.07.24-07.51.13:705][144]LogBlueprint:Error: [Compiler Prototype_Gamemode] Error The property associated with  Score Text  could not be found
[2017.07.24-07.51.13:891][144]LogPlayLevel: PlayLevel: Blueprint regeneration took 196 ms (2 blueprints)
[2017.07.24-07.51.26:102][ 13]BlueprintLog: New page: Compile Prototype_Gamemode
[2017.07.24-07.51.26:111][ 13]LogBlueprint:Error: [Compiler TriggerBoxGoal_Blueprint] Error Could not find a function named "Set Goal Score" in 'Prototype_Gamemode_C'.
Make sure 'Prototype_Gamemode_C' has been compiled for  Set Goal Score
[2017.07.24-07.51.26:667][ 50]LogSavePackage: Save=12.55ms
[2017.07.24-07.51.26:667][ 50]LogSavePackage: Moving '../../../../MA Daniel Schmidl/Masterarbeit/Saved/Prototype_Gamemode2475BA154ACBECDCFC1EBB9AB61F0AEF.tmp' to '../../../../MA Daniel Schmidl/Masterarbeit/Content/VirtualRealityBP/Blueprints/Prototype_Gamemode.uasset'
[2017.07.24-07.51.26:669][ 50]LogSavePackage:Display: Finished SavePackage ../../../../MA Daniel Schmidl/Masterarbeit/Content/VirtualRealityBP/Blueprints/Prototype_Gamemode.uasset
[2017.07.24-07.51.28:755][292]LogTemp: Repeting last play command: Selected Viewport
[2017.07.24-07.51.28:770][292]LogPlayLevel: PlayLevel: No blueprints needed recompiling
[2017.07.24-07.51.46:970][430]BlueprintLog: New page: Compile TriggerBoxGoal_Blueprint
[2017.07.24-07.51.47:507][461]LogSavePackage: Save=36.69ms
[2017.07.24-07.51.47:507][461]LogSavePackage: Moving '../../../../MA Daniel Schmidl/Masterarbeit/Saved/TriggerBoxGoal_Blueprint2869BF01442FF8ADEB5107B53E27A60C.tmp' to '../../../../MA Daniel Schmidl/Masterarbeit/Content/VirtualRealityBP/Blueprints/TriggerBoxGoal_Blueprint.uasset'
[2017.07.24-07.51.47:509][461]LogSavePackage:Display: Finished SavePackage ../../../../MA Daniel Schmidl/Masterarbeit/Content/VirtualRealityBP/Blueprints/TriggerBoxGoal_Blueprint.uasset
[2017.07.24-07.51.50:054][728]LogTemp: Repeting last play command: Selected Viewport
[2017.07.24-07.51.50:069][728]LogPlayLevel: PlayLevel: No blueprints needed recompiling
[2017.07.24-07.51.50:071][728]PIE: New page: PIE session: PrototypeMap (Jul 24, 2017, 11:51:50 AM)
[2017.07.24-07.51.50:071][728]LogPlayLevel: Creating play world package: /Game/VirtualRealityBP/Maps/UEDPIE_0_PrototypeMap
[2017.07.24-07.51.50:074][728]LogPlayLevel: PIE: StaticDuplicateObject took: (0.002550s)
[2017.07.24-07.51.50:075][728]LogAIModule: Creating AISystem for world PrototypeMap
[2017.07.24-07.51.50:075][728]LogPlayLevel: PIE: World Init took: (0.001077s)
[2017.07.24-07.51.50:075][728]LogPlayLevel: PIE: Created PIE world by copying editor world from /Game/VirtualRealityBP/Maps/PrototypeMap.PrototypeMap to /Game/VirtualRealityBP/Maps/UEDPIE_0_PrototypeMap.PrototypeMap (0.003819s)
[2017.07.24-07.51.50:101][728]LogInit: XAudio2 using 'Lautsprecher (USB Audio Device)' : 2 channels at 44.1 kHz using 16 bits per sample (channel mask 0x3)
[2017.07.24-07.51.50:109][728]LogInit: FAudioDevice initialized.
[2017.07.24-07.51.50:149][728]LogLoad: Game class is 'Prototype_Gamemode_C'
[2017.07.24-07.51.50:152][728]LogWorld: Bringing World /Game/VirtualRealityBP/Maps/UEDPIE_0_PrototypeMap.PrototypeMap up for play (max tick rate 0) at 2017.07.24-09.51.50
[2017.07.24-07.51.50:153][728]LogWorld: Bringing up level for play took: 0.002172
[2017.07.24-07.51.50:185][728]LogContentBrowser: Native class hierarchy updated for 'MovieSceneCapture' in 0.0007 seconds. Added 11 classes and 0 folders.
[2017.07.24-07.51.50:190][728]PIE: Info Play in editor start time for /Game/VirtualRealityBP/Maps/UEDPIE_0_PrototypeMap -0.445
[2017.07.24-07.52.15:276][689]LogEditorViewport: Clicking on Actor (LMB): PuckActor_Blueprint_C (PuckActor_Blueprint)
[2017.07.24-07.52.20:099][259]LogTemp: Repeting last play command: Selected Viewport
[2017.07.24-07.52.20:115][259]LogPlayLevel: PlayLevel: No blueprints needed recompiling
[2017.07.24-07.52.20:115][259]PIE: New page: PIE session: PrototypeMap (Jul 24, 2017, 11:52:20 AM)
[2017.07.24-07.52.20:115][259]LogPlayLevel: Creating play world package: /Game/VirtualRealityBP/Maps/UEDPIE_0_PrototypeMap
[2017.07.24-07.52.20:117][259]LogPlayLevel: PIE: StaticDuplicateObject took: (0.002142s)
[2017.07.24-07.52.20:118][259]LogAIModule: Creating AISystem for world PrototypeMap
[2017.07.24-07.52.20:118][259]LogPlayLevel: PIE: World Init took: (0.001101s)
[2017.07.24-07.52.20:118][259]LogPlayLevel: PIE: Created PIE world by copying editor world from /Game/VirtualRealityBP/Maps/PrototypeMap.PrototypeMap to /Game/VirtualRealityBP/Maps/UEDPIE_0_PrototypeMap.PrototypeMap (0.003419s)
[2017.07.24-07.52.20:143][259]LogInit: XAudio2 using 'Lautsprecher (USB Audio Device)' : 2 channels at 44.1 kHz using 16 bits per sample (channel mask 0x3)
[2017.07.24-07.52.20:150][259]LogInit: FAudioDevice initialized.
[2017.07.24-07.52.20:184][259]LogLoad: Game class is 'Prototype_Gamemode_C'
[2017.07.24-07.52.20:186][259]LogWorld: Bringing World /Game/VirtualRealityBP/Maps/UEDPIE_0_PrototypeMap.PrototypeMap up for play (max tick rate 0) at 2017.07.24-09.52.20
[2017.07.24-07.52.20:187][259]LogWorld: Bringing up level for play took: 0.001456
[2017.07.24-07.52.20:190][259]PIE: Info Play in editor start time for /Game/VirtualRealityBP/Maps/UEDPIE_0_PrototypeMap -0.445
[2017.07.24-07.52.20:519][295]LogBlueprintUserMessages: [TriggerBoxGoal_Blueprint] tor
[2017.07.24-07.53.20:904][500]LogEditorViewport: Clicking on Actor (LMB): 3D_Menu_C (3D_Menu)
[2017.07.24-07.53.29:993][560]LogEditorViewport: Clicking on Actor (LMB): BP_Sky_Sphere_C (Sky Sphere)
[2017.07.24-07.53.31:409][702]LogEditorViewport: Clicking on Actor (LMB): 3D_Menu_C (3D_Menu)
[2017.07.24-07.53.32:389][808]Cmd: TRANSACTION UNDO
[2017.07.24-07.53.32:389][808]LogEditorTransaction: Undo Clicking on Actors
[2017.07.24-07.53.42:613][ 26]LogEditorViewport: Clicking on Actor (LMB): BP_Sky_Sphere_C (Sky Sphere)
[2017.07.24-07.53.43:031][ 74]LogEditorViewport: Clicking on Actor (LMB): 3D_Menu_C (3D_Menu)
[2017.07.24-07.53.48:296][698]LogTemp: Repeting last play command: Selected Viewport
[2017.07.24-07.53.48:313][698]LogPlayLevel: PlayLevel: No blueprints needed recompiling
[2017.07.24-07.53.48:313][698]PIE: New page: PIE session: PrototypeMap (Jul 24, 2017, 11:53:48 AM)
[2017.07.24-07.53.48:313][698]LogPlayLevel: Creating play world package: /Game/VirtualRealityBP/Maps/UEDPIE_0_PrototypeMap
[2017.07.24-07.53.48:315][698]LogPlayLevel: PIE: StaticDuplicateObject took: (0.002088s)
[2017.07.24-07.53.48:316][698]LogAIModule: Creating AISystem for world PrototypeMap
[2017.07.24-07.53.48:316][698]LogPlayLevel: PIE: World Init took: (0.000770s)
[2017.07.24-07.53.48:316][698]LogPlayLevel: PIE: Created PIE world by copying editor world from /Game/VirtualRealityBP/Maps/PrototypeMap.PrototypeMap to /Game/VirtualRealityBP/Maps/UEDPIE_0_PrototypeMap.PrototypeMap (0.003069s)
[2017.07.24-07.53.48:344][698]LogInit: XAudio2 using 'Lautsprecher (USB Audio Device)' : 2 channels at 44.1 kHz using 16 bits per sample (channel mask 0x3)
[2017.07.24-07.53.48:352][698]LogInit: FAudioDevice initialized.
[2017.07.24-07.53.48:383][698]LogLoad: Game class is 'Prototype_Gamemode_C'
[2017.07.24-07.53.48:385][698]LogWorld: Bringing World /Game/VirtualRealityBP/Maps/UEDPIE_0_PrototypeMap.PrototypeMap up for play (max tick rate 0) at 2017.07.24-09.53.48
[2017.07.24-07.53.48:385][698]LogWorld: Bringing up level for play took: 0.001469
[2017.07.24-07.53.48:388][698]PIE: Info Play in editor start time for /Game/VirtualRealityBP/Maps/UEDPIE_0_PrototypeMap -0.247
[2017.07.24-07.53.48:714][734]LogBlueprintUserMessages: [TriggerBoxGoal_Blueprint] tor
[2017.07.24-07.54.11:485][906]LogAudio:Warning: Current Audio Device with ID {0.0.0.00000000}.{10164c2f-44a8-43d1-99c9-21018af42b85} was removed. Shutting down audio device.
[2017.07.24-07.58.46:076][761]LogEditorViewport: Clicking on Actor (LMB): 3D_Menu_C (3D_Menu)
[2017.07.24-07.58.58:746][269]LogTemp: Repeting last play command: Selected Viewport
[2017.07.24-07.58.58:764][269]LogPlayLevel: PlayLevel: No blueprints needed recompiling
[2017.07.24-07.58.58:764][269]PIE: New page: PIE session: PrototypeMap (Jul 24, 2017, 11:58:58 AM)
[2017.07.24-07.58.58:764][269]LogPlayLevel: Creating play world package: /Game/VirtualRealityBP/Maps/UEDPIE_0_PrototypeMap
[2017.07.24-07.58.58:766][269]LogPlayLevel: PIE: StaticDuplicateObject took: (0.002192s)
[2017.07.24-07.58.58:767][269]LogAIModule: Creating AISystem for world PrototypeMap
[2017.07.24-07.58.58:768][269]LogPlayLevel: PIE: World Init took: (0.001076s)
[2017.07.24-07.58.58:768][269]LogPlayLevel: PIE: Created PIE world by copying editor world from /Game/VirtualRealityBP/Maps/PrototypeMap.PrototypeMap to /Game/VirtualRealityBP/Maps/UEDPIE_0_PrototypeMap.PrototypeMap (0.003486s)
[2017.07.24-07.58.58:796][269]LogInit: XAudio2 using 'Realtek Digital Output(Optical) (Realtek High Definition Audio)' : 2 channels at 48 kHz using 16 bits per sample (channel mask 0x3)
[2017.07.24-07.58.58:820][269]LogInit: FAudioDevice initialized.
[2017.07.24-07.58.58:852][269]LogLoad: Game class is 'Prototype_Gamemode_C'
[2017.07.24-07.58.58:855][269]LogWorld: Bringing World /Game/VirtualRealityBP/Maps/UEDPIE_0_PrototypeMap.PrototypeMap up for play (max tick rate 0) at 2017.07.24-09.58.58
[2017.07.24-07.58.58:855][269]LogWorld: Bringing up level for play took: 0.001619
[2017.07.24-07.58.58:858][269]PIE: Info Play in editor start time for /Game/VirtualRealityBP/Maps/UEDPIE_0_PrototypeMap 0.223
[2017.07.24-07.58.59:185][305]LogBlueprintUserMessages: [TriggerBoxGoal_Blueprint] tor
