Log file open, 07/28/17 10:42:17
LogInit:Display: Running engine for game: DSHockeyGame
LogPlatformFile: Not using cached read wrapper
LogInit:Display: RandInit(267331949) SRandInit(267331949).
LogTaskGraph: Started task graph with 5 named threads and 10 total threads with 1 sets of task threads.
LogStats: Stats thread started at 0.126575
LogInit: Using libcurl 7.47.1
LogInit:  - built for x86_64-pc-win32
LogInit:  - supports SSL with OpenSSL/1.0.2g
LogInit:  - supports HTTP deflate (compression) using libz 1.2.8
LogInit:  - other features:
LogInit:      CURL_VERSION_SSL
LogInit:      CURL_VERSION_LIBZ
LogInit:      CURL_VERSION_IPV6
LogInit:      CURL_VERSION_ASYNCHDNS
LogInit:      CURL_VERSION_LARGEFILE
LogInit:      CURL_VERSION_IDN
LogInit:  CurlRequestOptions (configurable via config and command line):
LogInit:  - bVerifyPeer = false  - Libcurl will NOT verify peer certificate
LogInit:  - bUseHttpProxy = false  - Libcurl will NOT use HTTP proxy
LogInit:  - bDontReuseConnections = false  - Libcurl will reuse connections
LogInit:  - CertBundlePath = nullptr  - Libcurl will use whatever was configured at build time.
LogInit: Build: ++UE4+Release-4.16-CL-3514769
LogInit: Engine Version: 4.16.2-3514769+++UE4+Release-4.16
LogInit: Compatible Engine Version: 4.16.0-3452394+++UE4+Release-4.16
LogInit: Net CL: 3452394
LogDevObjectVersion: Number of dev versions registered: 16
LogDevObjectVersion:   Dev-Blueprints (B0D832E4-1F89-4F0D-ACCF-7EB736FD4AA2): 9
LogDevObjectVersion:   Dev-Build (E1C64328-A22C-4D53-A36C-8E866417BD8C): 0
LogDevObjectVersion:   Dev-Core (375EC13C-06E4-48FB-B500-84F0262A717E): 2
LogDevObjectVersion:   Dev-Editor (E4B068ED-F494-42E9-A231-DA0B2E46BB41): 17
LogDevObjectVersion:   Dev-Framework (CFFC743F-43B0-4480-9391-14DF171D2073): 23
LogDevObjectVersion:   Dev-Mobile (B02B49B5-BB20-44E9-A304-32B752E40360): 0
LogDevObjectVersion:   Dev-Networking (A4E4105C-59A1-49B5-A7C5-40C4547EDFEE): 0
LogDevObjectVersion:   Dev-Online (39C831C9-5AE6-47DC-9A44-9C173E1C8E7C): 0
LogDevObjectVersion:   Dev-Physics (78F01B33-EBEA-4F98-B9B4-84EACCB95AA2): 0
LogDevObjectVersion:   Dev-Platform (6631380F-2D4D-43E0-8009-CF276956A95A): 0
LogDevObjectVersion:   Dev-Rendering (12F88B9F-8875-4AFC-A67C-D90C383ABD29): 15
LogDevObjectVersion:   Dev-Sequencer (7B5AE74C-D270-4C10-A958-57980B212A5A): 4
LogDevObjectVersion:   Dev-VR (D7296918-1DD6-4BDD-9DE2-64A83CC13884): 0
LogDevObjectVersion:   Dev-LoadTimes (C2A15278-BFE7-4AFE-6C17-90FF531DF755): 1
LogDevObjectVersion:   Private-Geometry (6EACA3D4-40EC-4CC1-B786-8BED09428FC5): 1
LogDevObjectVersion:   Dev-AnimPhys (29E575DD-E0A3-4627-9D10-D276232CDCEA): 3
LogInit: Compiled (64-bit): Jun 29 2017 02:03:24
LogInit: Compiled with Visual C++: 19.00.24215.01
LogInit: Build Configuration: Development
LogInit: Branch Name: ++UE4+Release-4.16
LogInit: Command line:  
LogInit: Base directory: D:/UE_4.16/Engine/Binaries/Win64/
LogInit: Installed Engine Build: 1
LogInit: Presizing for max 8388607 objects, including 0 objects not considered by GC, pre-allocating 0 bytes for permanent pool.
LogInit: Object subsystem initialized
[2017.07.28-08.42.17:937][  0]LogInit: Selected Device Profile: [Windows]
[2017.07.28-08.42.17:937][  0]LogInit: Applying CVar settings loaded from the selected device profile: [Windows]
[2017.07.28-08.42.17:953][  0]LogInit: Computer: PC1011604132
[2017.07.28-08.42.17:953][  0]LogInit: User: LocalAdmin
[2017.07.28-08.42.17:953][  0]LogInit: CPU Page size=4096, Cores=6
[2017.07.28-08.42.17:953][  0]LogInit: High frequency timer resolution =3.220797 MHz
[2017.07.28-08.42.17:953][  0]LogMemory: Memory total: Physical=15.9GB (16GB approx)
[2017.07.28-08.42.17:953][  0]LogMemory: Platform Memory Stats for Windows
[2017.07.28-08.42.17:953][  0]LogMemory: Process Physical Memory: 272.96 MB used, 272.96 MB peak
[2017.07.28-08.42.17:953][  0]LogMemory: Process Virtual Memory: 267.23 MB used, 267.23 MB peak
[2017.07.28-08.42.17:953][  0]LogMemory: Physical Memory: 2189.26 MB used,  14105.77 MB free, 16295.03 MB total
[2017.07.28-08.42.17:953][  0]LogMemory: Virtual Memory: 647.95 MB used,  14105.77 MB free, 134217728.00 MB total
[2017.07.28-08.42.18:121][  0]LogInit: Using OS detected language (de-DE).
[2017.07.28-08.42.18:121][  0]LogInit: Using OS detected locale (de-DE).
[2017.07.28-08.42.18:131][  0]LogTextLocalizationManager: No localization for 'de-DE' exists, so 'en' will be used for the language.
[2017.07.28-08.42.18:131][  0]LogTextLocalizationManager: No localization for 'de-DE' exists, so 'en' will be used for the locale.
[2017.07.28-08.42.19:133][  0]LogD3D11RHI: D3D11 adapters:
[2017.07.28-08.42.19:160][  0]LogD3D11RHI:    0. 'NVIDIA GeForce GTX 980 Ti' (Feature Level 11_0)
[2017.07.28-08.42.19:160][  0]LogD3D11RHI:       6102/0/8147 MB DedicatedVideo/DedicatedSystem/SharedSystem, Outputs:1, VendorId:0x10de
[2017.07.28-08.42.19:161][  0]LogD3D11RHI:    1. 'Microsoft Basic Render Driver' (Feature Level 11_0)
[2017.07.28-08.42.19:161][  0]LogD3D11RHI:       0/0/8147 MB DedicatedVideo/DedicatedSystem/SharedSystem, Outputs:0, VendorId:0x1414
[2017.07.28-08.42.19:161][  0]LogD3D11RHI: Chosen D3D11 Adapter: 0
[2017.07.28-08.42.19:163][  0]LogD3D11RHI: Creating new Direct3DDevice
[2017.07.28-08.42.19:164][  0]LogD3D11RHI:     GPU DeviceId: 0x17c8 (for the marketing name, search the web for "GPU Device Id")
[2017.07.28-08.42.19:164][  0]LogWindows: EnumDisplayDevices:
[2017.07.28-08.42.19:164][  0]LogWindows:    0. 'NVIDIA GeForce GTX 980 Ti' (P:1 D:1)
[2017.07.28-08.42.19:164][  0]LogWindows:    1. 'NVIDIA GeForce GTX 980 Ti' (P:0 D:0)
[2017.07.28-08.42.19:164][  0]LogWindows:    2. 'NVIDIA GeForce GTX 980 Ti' (P:0 D:0)
[2017.07.28-08.42.19:164][  0]LogWindows:    3. 'NVIDIA GeForce GTX 980 Ti' (P:0 D:0)
[2017.07.28-08.42.19:164][  0]LogWindows: DebugString: FoundDriverCount:4 
[2017.07.28-08.42.19:164][  0]LogD3D11RHI:     Adapter Name: NVIDIA GeForce GTX 980 Ti
[2017.07.28-08.42.19:164][  0]LogD3D11RHI:   Driver Version: 376.53 (internal:21.21.13.7653, unified:376.53)
[2017.07.28-08.42.19:164][  0]LogD3D11RHI:      Driver Date: 12-29-2016
[2017.07.28-08.42.19:164][  0]LogRHI: Texture pool is 1361 MB (70% of 1945 MB)
[2017.07.28-08.42.19:183][  0]LogD3D11RHI: Async texture creation enabled
[2017.07.28-08.42.19:200][  0]LogD3D11RHI: GPU Timing Frequency: 1000.000000 (Debug: 2 1)
[2017.07.28-08.42.19:246][  0]LogShaderCompilers: Guid format shader working directory is 9 characters bigger than the processId version (../../../../MA Daniel Schmidl/Masterarbeit/Intermediate/Shaders/WorkingDirectory/2712/).
[2017.07.28-08.42.19:246][  0]LogShaderCompilers: Cleaned the shader compiler working directory 'C:/Users/LocalAdmin/AppData/Local/Temp/UnrealShaderWorkingDir/FCC6403448C4ED6D73526182F80AAC08/'.
[2017.07.28-08.42.19:246][  0]LogShaderCompilers:Display: Using Local Shader Compiler.
[2017.07.28-08.42.20:609][  0]LogTemp:Display: Loaded TP AllDesktopTargetPlatform
[2017.07.28-08.42.20:645][  0]LogTemp:Display: Loaded TP MacClientTargetPlatform
[2017.07.28-08.42.20:681][  0]LogTemp:Display: Loaded TP MacNoEditorTargetPlatform
[2017.07.28-08.42.20:718][  0]LogTemp:Display: Loaded TP MacServerTargetPlatform
[2017.07.28-08.42.20:757][  0]LogTemp:Display: Loaded TP MacTargetPlatform
[2017.07.28-08.42.20:793][  0]LogTemp:Display: Loaded TP WindowsClientTargetPlatform
[2017.07.28-08.42.20:830][  0]LogTemp:Display: Loaded TP WindowsNoEditorTargetPlatform
[2017.07.28-08.42.20:866][  0]LogTemp:Display: Loaded TP WindowsServerTargetPlatform
[2017.07.28-08.42.20:897][  0]LogTemp:Display: Loaded TP WindowsTargetPlatform
[2017.07.28-08.42.20:936][  0]LogTemp:Display: Loaded TP AndroidTargetPlatform
[2017.07.28-08.42.20:971][  0]LogTemp:Display: Loaded TP Android_ASTCTargetPlatform
[2017.07.28-08.42.21:007][  0]LogTemp:Display: Loaded TP Android_ATCTargetPlatform
[2017.07.28-08.42.21:042][  0]LogTemp:Display: Loaded TP Android_DXTTargetPlatform
[2017.07.28-08.42.21:077][  0]LogTemp:Display: Loaded TP Android_ETC1TargetPlatform
[2017.07.28-08.42.21:113][  0]LogTemp:Display: Loaded TP Android_ETC2TargetPlatform
[2017.07.28-08.42.21:184][  0]LogTemp:Display: Loaded TP Android_MultiTargetPlatform
[2017.07.28-08.42.21:184][  0]LogTemp:Display: Loaded TP Android_PVRTCTargetPlatform
[2017.07.28-08.42.21:210][  0]LogTemp:Display: Loaded TP HTML5TargetPlatform
[2017.07.28-08.42.21:302][  0]LogTemp:Display: Loaded TP IOSTargetPlatform
[2017.07.28-08.42.21:323][  0]LogTemp:Display: Loaded TP TVOSTargetPlatform
[2017.07.28-08.42.21:359][  0]LogTemp:Display: Loaded TP LinuxClientTargetPlatform
[2017.07.28-08.42.21:395][  0]LogTemp:Display: Loaded TP LinuxNoEditorTargetPlatform
[2017.07.28-08.42.21:430][  0]LogTemp:Display: Loaded TP LinuxServerTargetPlatform
[2017.07.28-08.42.21:470][  0]LogTemp:Display: Loaded TP LinuxTargetPlatform
[2017.07.28-08.42.21:470][  0]LogTargetPlatformManager:Display: Building Assets For Windows
[2017.07.28-08.42.22:066][  0]LogDerivedDataCache:Display: Max Cache Size: 512 MB
[2017.07.28-08.42.22:345][  0]LogDerivedDataCache: Loaded boot cache 0.28s 91MB C:/Users/LocalAdmin/AppData/Local/UnrealEngine/4.16/DerivedDataCache/Boot.ddc.
[2017.07.28-08.42.22:345][  0]LogDerivedDataCache:Display: Loaded Boot cache: C:/Users/LocalAdmin/AppData/Local/UnrealEngine/4.16/DerivedDataCache/Boot.ddc
[2017.07.28-08.42.22:345][  0]LogDerivedDataCache: FDerivedDataBackendGraph:  Pak pak cache file ../../../../MA Daniel Schmidl/Masterarbeit/DerivedDataCache/DDC.ddp not found, will not use a pak cache.
[2017.07.28-08.42.22:345][  0]LogDerivedDataCache: Unable to find inner node Pak for hierarchical cache Hierarchy.
[2017.07.28-08.42.22:345][  0]LogDerivedDataCache: FDerivedDataBackendGraph:  CompressedPak pak cache file ../../../../MA Daniel Schmidl/Masterarbeit/DerivedDataCache/Compressed.ddp not found, will not use a pak cache.
[2017.07.28-08.42.22:345][  0]LogDerivedDataCache: Unable to find inner node CompressedPak for hierarchical cache Hierarchy.
[2017.07.28-08.42.22:366][  0]LogDerivedDataCache:Display: Pak cache opened for reading ../../../Engine/DerivedDataCache/Compressed.ddp.
[2017.07.28-08.42.22:378][  0]LogDerivedDataCache: Using Local data cache path C:/Users/LocalAdmin/AppData/Local/UnrealEngine/Common/DerivedDataCache: Writable
[2017.07.28-08.42.22:390][  0]LogMaterial: Verifying Global Shaders for PCD3D_SM5
[2017.07.28-08.42.22:391][  0]LogSlate: Using Freetype 2.6.0
[2017.07.28-08.42.22:395][  0]LogSlate: SlateFontCache - WITH_FREETYPE: 1, WITH_HARFBUZZ: 1
[2017.07.28-08.42.22:395][  0]LogSlate: SlateFontCache - WITH_FREETYPE: 1, WITH_HARFBUZZ: 1
[2017.07.28-08.42.25:188][  0]LogInit: Selected Device Profile: [Windows]
[2017.07.28-08.42.25:295][  0]LogContentStreaming: Texture pool size is 0.00 MB
[2017.07.28-08.42.25:601][  0]LogMeshUtilities: Using QuadricMeshReduction for automatic static mesh reduction
[2017.07.28-08.42.25:661][  0]LogSimplygon: Simplygon DLL not present - disabling.
[2017.07.28-08.42.25:693][  0]LogMeshUtilities: Using SimplygonSwarm for distributed automatic mesh merging
[2017.07.28-08.42.25:693][  0]LogMeshUtilities: No automatic skeletal mesh reduction module available
[2017.07.28-08.42.25:693][  0]LogMeshUtilities: No automatic mesh merging module available
[2017.07.28-08.42.26:302][  0]LogNetVersion: DSHockeyGame , NetCL: 3452394, EngineNetVer: 2, GameNetVer: 0 (Checksum: 256397287)
[2017.07.28-08.42.26:365][  0]LogAssetRegistry: FAssetRegistry took 0.0260 seconds to start up
[2017.07.28-08.42.26:393][  0]LogPackageLocalizationCache: Processed 4 localized package path(s) for 1 prioritized culture(s) in 0.013459 seconds
[2017.07.28-08.42.26:398][  0]LogUObjectArray: 34194 objects as part of root set at end of initial load.
[2017.07.28-08.42.26:398][  0]LogUObjectAllocator: 7260416 out of 0 bytes used by permanent object pool.
[2017.07.28-08.42.26:398][  0]LogUObjectArray: CloseDisregardForGC: 0/0 objects in disregard for GC pool
[2017.07.28-08.42.26:438][  0]LogInit: WinSock: version 1.1 (2.2), MaxSocks=32767, MaxUdp=65467
[2017.07.28-08.42.29:192][  0]LogTcpMessaging: Initializing TcpMessaging bridge
[2017.07.28-08.42.29:222][  0]LogUdpMessaging: Initializing bridge on interface 0.0.0.0:0 to multicast group 230.0.0.1:6666.
[2017.07.28-08.42.29:643][  0]LogMaterial: Uniform references updated for custom material expression Custom.
[2017.07.28-08.42.29:941][  0]SourceControl: Info Source control is disabled
[2017.07.28-08.42.29:943][  0]SourceControl: Info Source control is disabled
[2017.07.28-08.42.29:975][  0]SourceControl: Info Source control is disabled
[2017.07.28-08.42.30:006][  0]SourceControl: Info Source control is disabled
[2017.07.28-08.42.30:545][  0]LogAndroidPermission: UAndroidPermissionCallbackProxy::GetInstance
[2017.07.28-08.42.31:129][  0]LogEngine: Initializing Engine...
[2017.07.28-08.42.37:107][  0]LogHMD: Failed to initialize OpenVR with code 208
[2017.07.28-08.42.37:382][  0]LogStats: UGameplayTagsManager::ConstructGameplayTagTree: Construct from data asset -  0.000 s
[2017.07.28-08.42.37:383][  0]LogStats: UGameplayTagsManager::ConstructGameplayTagTree: GameplayTagTreeChangedEvent.Broadcast -  0.000 s
[2017.07.28-08.42.37:495][  0]LogAIModule: Creating AISystem for world Untitled
[2017.07.28-08.42.37:516][  0]LogInit: XAudio2 using 'Lautsprecher (USB Audio Device)' : 2 channels at 44.1 kHz using 16 bits per sample (channel mask 0x3)
[2017.07.28-08.42.37:546][  0]LogInit: FAudioDevice initialized.
[2017.07.28-08.42.37:615][  0]LogDerivedDataCache: Saved boot cache 0.07s 91MB C:/Users/LocalAdmin/AppData/Local/UnrealEngine/4.16/DerivedDataCache/Boot.ddc.
[2017.07.28-08.42.37:627][  0]LogInit: Texture streaming: Enabled
[2017.07.28-08.42.37:704][  0]LogEngineSessionManager: EngineSessionManager initialized
[2017.07.28-08.42.37:883][  0]LogInit: Transaction tracking system initialized
[2017.07.28-08.42.38:096][  0]BlueprintLog: New page: Editor Load
[2017.07.28-08.42.38:748][  0]LocalizationService: Info Localization service is disabled
[2017.07.28-08.42.39:224][  0]LogConsoleResponse:Display: 
[2017.07.28-08.42.39:387][  0]LogCook:Display: Max memory allowance for cook 16384mb min free memory 0mb
[2017.07.28-08.42.39:387][  0]LogCook:Display: Mobile HDR setting 1
[2017.07.28-08.42.40:113][  0]LogFileCache: Scanning file cache for directory 'D:/MA Daniel Schmidl/Masterarbeit/Content/' took 0.01s
[2017.07.28-08.42.40:113][  0]SourceControl: Info Source control is disabled
[2017.07.28-08.42.40:114][  0]Cmd: MAP LOAD FILE="../../../../MA Daniel Schmidl/Masterarbeit/Content/VirtualRealityBP/Maps/PrototypeMap.umap" TEMPLATE=0 SHOWPROGRESS=1 FEATURELEVEL=3
[2017.07.28-08.42.40:115][  0]LightingResults: New page: Lighting Build
[2017.07.28-08.42.40:143][  0]MapCheck: New page: Map Check
[2017.07.28-08.42.40:143][  0]LightingResults: New page: Lighting Build
[2017.07.28-08.42.40:330][  0]LogBlueprint:Warning: [Compiler BP_MotionController] Warning  ProjectPointToNavigation_DEPRECATED  is deprecated; This version of ProjectPointToNavigation is deprecated. Please use the new version
[2017.07.28-08.42.40:347][  0]LogBlueprint:Warning: [Compiler BP_MotionController] Warning [0024.88] Compile of BP_MotionController successful, but with 1 Warning(s) [in 27 ms] (/Game/VirtualRealityBP/Blueprints/BP_MotionController.BP_MotionController)
[2017.07.28-08.42.40:348][  0]LogBlueprint:Warning: [Compiler BP_MotionController] Warning [0024.88] Compile of BP_MotionController successful, but with 2 Warning(s) [in 0 ms] (/Game/VirtualRealityBP/Blueprints/BP_MotionController.BP_MotionController)
[2017.07.28-08.42.40:348][  0]LogBlueprint:Warning: [Compiler BP_MotionController] Warning [0024.88] Compile of BP_MotionController successful, but with 3 Warning(s) [in 0 ms] (/Game/VirtualRealityBP/Blueprints/BP_MotionController.BP_MotionController)
[2017.07.28-08.42.40:365][  0]LogBlueprint:Warning: [Compiler BP_MotionController] Warning  ProjectPointToNavigation_DEPRECATED  is deprecated; This version of ProjectPointToNavigation is deprecated. Please use the new version
[2017.07.28-08.42.40:382][  0]LogBlueprint:Warning: [Compiler BP_MotionController] Warning [0024.91] Compile of BP_MotionController successful, but with 1 Warning(s) [in 27 ms] (/Game/VirtualRealityBP/Blueprints/BP_MotionController.BP_MotionController)
[2017.07.28-08.42.40:382][  0]LogBlueprint:Warning: [Compiler BP_MotionController] Warning [0024.91] Compile of BP_MotionController successful, but with 2 Warning(s) [in 0 ms] (/Game/VirtualRealityBP/Blueprints/BP_MotionController.BP_MotionController)
[2017.07.28-08.42.40:382][  0]LogBlueprint:Warning: [Compiler BP_MotionController] Warning [0024.91] Compile of BP_MotionController successful, but with 3 Warning(s) [in 0 ms] (/Game/VirtualRealityBP/Blueprints/BP_MotionController.BP_MotionController)
[2017.07.28-08.42.40:951][  0]LogAIModule: Creating AISystem for world PrototypeMap
[2017.07.28-08.42.40:963][  0]LogEditorServer: Finished looking for orphan Actors (0.000 secs)
[2017.07.28-08.42.40:978][  0]Cmd: MAP CHECKDEP NOCLEARLOG
[2017.07.28-08.42.41:028][  0]MapCheck: Info Map check complete: 0 Error(s), 0 Warning(s), took 49.977ms to complete.
[2017.07.28-08.42.41:028][  0]LogFileHelpers: Loading map 'PrototypeMap' took 0.915
[2017.07.28-08.42.41:086][  0]LogWindowsTextInputMethodSystem:Display: IME system now deactivated.
[2017.07.28-08.42.41:156][  0]LogCollectionManager: Loaded 0 collections in 0.000795 seconds
[2017.07.28-08.42.41:220][  0]LogFileCache: Scanning file cache for directory 'D:/MA Daniel Schmidl/Masterarbeit/Saved/Collections/' took 0.01s
[2017.07.28-08.42.41:220][  0]LogFileCache: Scanning file cache for directory 'D:/MA Daniel Schmidl/Masterarbeit/Content/Developers/LocalAdmin/Collections/' took 0.01s
[2017.07.28-08.42.41:220][  0]LogFileCache: Scanning file cache for directory 'D:/MA Daniel Schmidl/Masterarbeit/Content/Collections/' took 0.01s
[2017.07.28-08.42.41:220][  0]LogCollectionManager: Rebuilt the GUID cache for 0 collections in 0.000004 seconds
[2017.07.28-08.42.41:229][  0]LogContentBrowser: Native class hierarchy populated in 0.0087 seconds. Added 2329 classes and 491 folders.
[2017.07.28-08.42.41:275][  0]LogContentBrowser: Native class hierarchy updated for 'WidgetCarousel' in 0.0005 seconds. Added 0 classes and 0 folders.
[2017.07.28-08.42.41:374][  0]LogContentBrowser: Native class hierarchy updated for 'AddContentDialog' in 0.0006 seconds. Added 0 classes and 0 folders.
[2017.07.28-08.42.41:405][  0]LogContentBrowser: Native class hierarchy updated for 'SceneOutliner' in 0.0006 seconds. Added 1 classes and 2 folders.
[2017.07.28-08.42.41:484][  0]LogCrashTracker: Crashtracker disabled due to settings.
[2017.07.28-08.42.41:489][  0]LogSlate: Took 0.000920 seconds to synchronously load lazily loaded font '../../../Engine/Content/Slate/Fonts/Roboto-Regular.ttf' (155K)
[2017.07.28-08.42.41:492][  0]LogSlate: Took 0.000991 seconds to synchronously load lazily loaded font '../../../Engine/Content/Slate/Fonts/Roboto-Bold.ttf' (160K)
[2017.07.28-08.42.41:500][  0]LogSlate: Took 0.000984 seconds to synchronously load lazily loaded font '../../../Engine/Content/Editor/Slate/Fonts/FontAwesome.ttf' (139K)
[2017.07.28-08.42.41:602][  0]LogRenderer: Reallocating scene render targets to support 1412x808 NumSamples 1 (Frame:1).
[2017.07.28-08.42.41:707][  0]LogUObjectGlobals:Warning: Failed to find object 'Class None.'
[2017.07.28-08.42.41:760][  0]LogContentBrowser: Native class hierarchy updated for 'HierarchicalLODOutliner' in 0.0006 seconds. Added 1 classes and 2 folders.
[2017.07.28-08.42.41:760][  0]LogLoad: (Engine Initialization) Total time: 26.29 seconds
[2017.07.28-08.42.41:760][  0]LogLoad: (Engine Initialization) Total Blueprint compile time: 0.21 seconds
[2017.07.28-08.42.41:760][  0]LogExternalProfiler: No external profilers were discovered.  External profiling features will not be available.
[2017.07.28-08.42.41:769][  0]LogOcInput: OculusInput pre-init called
[2017.07.28-08.42.41:769][  0]LogHMD: Starting GearVRController plugin
[2017.07.28-08.42.41:792][  0]LogContentStreaming: Texture pool size now 1000 MB
[2017.07.28-08.42.41:848][  1]LogAssetRegistry: Asset discovery search completed in 15.5047 seconds
[2017.07.28-08.42.41:849][  1]LogCollectionManager: Rebuilt the object cache for 0 collections in 0.000001 seconds (found 0 objects)
[2017.07.28-08.42.41:849][  1]LogCollectionManager: Fixed up redirectors for 0 collections in 0.000034 seconds (updated 0 objects)
[2017.07.28-09.53.52:092][677]LogTemp: Repeting last play command: Selected Viewport
[2017.07.28-09.53.52:147][677]LogPlayLevel: PlayLevel: No blueprints needed recompiling
[2017.07.28-09.53.52:148][677]PIE: New page: PIE session: PrototypeMap (Jul 28, 2017, 1:53:52 PM)
[2017.07.28-09.53.52:148][677]LogPlayLevel: Creating play world package: /Game/VirtualRealityBP/Maps/UEDPIE_0_PrototypeMap
[2017.07.28-09.53.52:151][677]LogPlayLevel: PIE: StaticDuplicateObject took: (0.003102s)
[2017.07.28-09.53.52:152][677]LogAIModule: Creating AISystem for world PrototypeMap
[2017.07.28-09.53.52:153][677]LogPlayLevel: PIE: World Init took: (0.001085s)
[2017.07.28-09.53.52:153][677]LogPlayLevel: PIE: Created PIE world by copying editor world from /Game/VirtualRealityBP/Maps/PrototypeMap.PrototypeMap to /Game/VirtualRealityBP/Maps/UEDPIE_0_PrototypeMap.PrototypeMap (0.004429s)
[2017.07.28-09.53.52:170][677]LogInit: XAudio2 using 'Lautsprecher (USB Audio Device)' : 2 channels at 44.1 kHz using 16 bits per sample (channel mask 0x3)
[2017.07.28-09.53.52:178][677]LogInit: FAudioDevice initialized.
[2017.07.28-09.53.52:224][677]LogLoad: Game class is 'Prototype_Gamemode_C'
[2017.07.28-09.53.52:229][677]LogWorld: Bringing World /Game/VirtualRealityBP/Maps/UEDPIE_0_PrototypeMap.PrototypeMap up for play (max tick rate 0) at 2017.07.28-11.53.52
[2017.07.28-09.53.52:230][677]LogWorld: Bringing up level for play took: 0.003177
[2017.07.28-09.53.52:231][677]LogSpawn:Warning: SpawnActor failed because no class was specified
[2017.07.28-09.53.52:261][677]LogContentBrowser: Native class hierarchy updated for 'MovieSceneCapture' in 0.0006 seconds. Added 11 classes and 0 folders.
[2017.07.28-09.53.52:263][677]PIE: Info Play in editor start time for /Game/VirtualRealityBP/Maps/UEDPIE_0_PrototypeMap 1.051
[2017.07.28-09.54.00:176][619]LogTemp: Repeting last play command: Selected Viewport
[2017.07.28-09.54.00:190][619]LogPlayLevel: PlayLevel: No blueprints needed recompiling
[2017.07.28-09.54.00:190][619]PIE: New page: PIE session: PrototypeMap (Jul 28, 2017, 1:54:00 PM)
[2017.07.28-09.54.00:190][619]LogPlayLevel: Creating play world package: /Game/VirtualRealityBP/Maps/UEDPIE_0_PrototypeMap
[2017.07.28-09.54.00:192][619]LogPlayLevel: PIE: StaticDuplicateObject took: (0.001964s)
[2017.07.28-09.54.00:193][619]LogAIModule: Creating AISystem for world PrototypeMap
[2017.07.28-09.54.00:193][619]LogPlayLevel: PIE: World Init took: (0.000556s)
[2017.07.28-09.54.00:193][619]LogPlayLevel: PIE: Created PIE world by copying editor world from /Game/VirtualRealityBP/Maps/PrototypeMap.PrototypeMap to /Game/VirtualRealityBP/Maps/UEDPIE_0_PrototypeMap.PrototypeMap (0.002683s)
[2017.07.28-09.54.00:208][619]LogInit: XAudio2 using 'Lautsprecher (USB Audio Device)' : 2 channels at 44.1 kHz using 16 bits per sample (channel mask 0x3)
[2017.07.28-09.54.00:215][619]LogInit: FAudioDevice initialized.
[2017.07.28-09.54.00:249][619]LogLoad: Game class is 'Prototype_Gamemode_C'
[2017.07.28-09.54.00:251][619]LogWorld: Bringing World /Game/VirtualRealityBP/Maps/UEDPIE_0_PrototypeMap.PrototypeMap up for play (max tick rate 0) at 2017.07.28-11.54.00
[2017.07.28-09.54.00:251][619]LogWorld: Bringing up level for play took: 0.001945
[2017.07.28-09.54.00:252][619]LogSpawn:Warning: SpawnActor failed because no class was specified
[2017.07.28-09.54.00:252][619]PIE: Info Play in editor start time for /Game/VirtualRealityBP/Maps/UEDPIE_0_PrototypeMap 1.041
[2017.07.28-09.54.03:527][ 11]LogBlueprintUserMessages: [TriggerBoxGoal_BP] tor
[2017.07.28-09.54.08:526][611]LogBlueprintUserMessages: [TriggerBoxGoal_BP] tor
[2017.07.28-09.54.08:526][611]LogBlueprintUserMessages: [ScoreHUD_C_1] challenge beendet
[2017.07.28-09.54.13:526][211]LogBlueprintUserMessages: [TriggerBoxGoal_BP] tor
[2017.07.28-09.54.16:234][536]LogNet: Browse: /Game/VirtualRealityBP/Maps/PrototypeMap2
[2017.07.28-09.54.16:234][536]LogLoad: LoadMap: /Game/VirtualRealityBP/Maps/PrototypeMap2
[2017.07.28-09.54.16:244][536]Cmd: MEM
[2017.07.28-09.54.16:251][536]LogMemory: Platform Memory Stats for Windows
[2017.07.28-09.54.16:251][536]LogMemory: Process Physical Memory: 887.47 MB used, 1194.20 MB peak
[2017.07.28-09.54.16:251][536]LogMemory: Process Virtual Memory: 1607.18 MB used, 1645.86 MB peak
[2017.07.28-09.54.16:251][536]LogMemory: Physical Memory: 3175.49 MB used,  13119.54 MB free, 16295.03 MB total
[2017.07.28-09.54.16:251][536]LogMemory: Virtual Memory: 2413.89 MB used,  13119.54 MB free, 134217728.00 MB total
[2017.07.28-09.54.16:251][536]LogMemory: 
[2017.07.28-09.54.16:251][536]Allocator Stats for TBB: (not implemented)
[2017.07.28-09.54.16:615][536]LogAIModule: Creating AISystem for world PrototypeMap2
[2017.07.28-09.54.16:615][536]LogLoad: Game class is 'Prototype_Gamemode_C'
[2017.07.28-09.54.16:620][536]LogWorld: Bringing World /Game/VirtualRealityBP/Maps/UEDPIE_0_PrototypeMap2.PrototypeMap2 up for play (max tick rate 0) at 2017.07.28-11.54.16
[2017.07.28-09.54.16:621][536]LogWorld: Bringing up level for play took: 0.004943
[2017.07.28-09.54.16:621][536]LogGameMode: FindPlayerStart: PATHS NOT DEFINED or NO PLAYERSTART with positive rating
[2017.07.28-09.54.16:621][536]LogSpawn:Warning: SpawnActor failed because no class was specified
[2017.07.28-09.54.16:622][536]LogLoad: Took 0.387152 seconds to LoadMap(/Game/VirtualRealityBP/Maps/PrototypeMap2)
[2017.07.28-09.54.17:117][585]LogBlueprintUserMessages: [TriggerBoxPass_Blueprint] trigger
[2017.07.28-09.54.22:576][240]LogBlueprintUserMessages: [TriggerBoxPass_Blueprint] trigger
[2017.07.28-09.54.27:144][788]LogBlueprintUserMessages: [ScoreHUD_Level_2_C_1] 1
[2017.07.28-09.54.32:734][459]LogBlueprintUserMessages: [ScoreHUD_Level_2_C_1] 2
[2017.07.28-09.54.41:142][468]LogBlueprintUserMessages: [ScoreHUD_Level_2_C_1] 3
[2017.07.28-09.54.46:734][139]LogBlueprintUserMessages: [ScoreHUD_Level_2_C_1] 4
[2017.07.28-09.54.55:143][148]LogBlueprintUserMessages: [ScoreHUD_Level_2_C_1] 5
[2017.07.28-09.55.00:734][819]LogBlueprintUserMessages: [ScoreHUD_Level_2_C_1] 6
[2017.07.28-09.55.09:143][828]LogBlueprintUserMessages: [ScoreHUD_Level_2_C_1] 7
[2017.07.28-09.55.14:735][499]LogBlueprintUserMessages: [ScoreHUD_Level_2_C_1] 8
[2017.07.28-09.55.23:148][508]LogBlueprintUserMessages: [ScoreHUD_Level_2_C_1] 9
[2017.07.28-09.55.28:740][179]LogBlueprintUserMessages: [ScoreHUD_Level_2_C_1] 10
[2017.07.28-09.55.37:149][188]LogBlueprintUserMessages: [ScoreHUD_Level_2_C_1] 11
[2017.07.28-09.55.42:740][859]LogBlueprintUserMessages: [ScoreHUD_Level_2_C_1] 12
[2017.07.28-09.55.50:989][822]LogEditorViewport: Clicking on Actor (LMB): Puck_BP_C (Puck_BP)
[2017.07.28-09.55.52:004][939]LogSlate: Took 0.002561 seconds to synchronously load lazily loaded font '../../../Engine/Content/Editor/Slate/Fonts/Roboto-Italic.ttf' (157K)
[2017.07.28-09.55.58:418][700]LogSlate: Took 0.002466 seconds to synchronously load lazily loaded font '../../../Engine/Content/Slate/Fonts/Roboto-Light.ttf' (159K)
[2017.07.28-09.55.58:744][700]LogContentBrowser: Native class hierarchy updated for 'BlueprintGraph' in 0.0009 seconds. Added 112 classes and 0 folders.
[2017.07.28-09.55.59:318][700]LogSlate: Took 0.000152 seconds to synchronously load lazily loaded font '../../../Engine/Content/Slate/Fonts/Roboto-Regular.ttf' (155K)
[2017.07.28-09.55.59:380][700]LogSlate: Took 0.001148 seconds to synchronously load lazily loaded font '../../../Engine/Content/Editor/Slate/Fonts/Roboto-BoldCondensed.ttf' (158K)
[2017.07.28-09.56.02:048][900]LogRenderer: Reallocating scene render targets to support 1528x1000 NumSamples 1 (Frame:1).
[2017.07.28-09.56.55:525][743]LogSlate: Took 0.000215 seconds to synchronously load lazily loaded font '../../../Engine/Content/Slate/Fonts/Roboto-Light.ttf' (159K)
[2017.07.28-09.57.04:581][819]LogSavePackage: Save=40.02ms
[2017.07.28-09.57.04:581][819]LogSavePackage: Moving '../../../../MA Daniel Schmidl/Masterarbeit/Saved/PrototypeMap_Auto1D45D88D949D2FC63E81C3AA1E38F91DD.tmp' to '../../../../MA Daniel Schmidl/Masterarbeit/Saved/Autosaves/Game/VirtualRealityBP/Maps/PrototypeMap_Auto1.umap'
[2017.07.28-09.57.04:582][819]LogSavePackage:Display: Finished SavePackage ../../../../MA Daniel Schmidl/Masterarbeit/Saved/Autosaves/Game/VirtualRealityBP/Maps/PrototypeMap_Auto1.umap
[2017.07.28-09.57.04:583][819]LogFileHelpers: Editor autosave (incl. sublevels) for '/Game/VirtualRealityBP/Maps/PrototypeMap' took 0.070
[2017.07.28-09.57.04:583][819]LogFileHelpers: Editor autosave (incl. sublevels) for all levels took 0.070
[2017.07.28-09.57.04:584][819]OBJ SavePackage: Generating thumbnails for [1] asset(s) in package [/Game/VirtualRealityBP/Blueprints/Puck_BP] ([1] browsable assets)...
[2017.07.28-09.57.04:595][819]OBJ SavePackage:     Rendered thumbnail for [Blueprint /Game/VirtualRealityBP/Blueprints/Puck_BP.Puck_BP]
[2017.07.28-09.57.04:595][819]OBJ SavePackage: Finished generating thumbnails for package [/Game/VirtualRealityBP/Blueprints/Puck_BP]
[2017.07.28-09.57.04:623][819]LogSavePackage: Save=16.87ms
[2017.07.28-09.57.04:623][819]LogSavePackage: Moving '../../../../MA Daniel Schmidl/Masterarbeit/Saved/Puck_BP_Auto10433022B44CD14527C68FD9177BE448D.tmp' to '../../../../MA Daniel Schmidl/Masterarbeit/Saved/Autosaves/Game/VirtualRealityBP/Blueprints/Puck_BP_Auto1.uasset'
[2017.07.28-09.57.04:624][819]LogSavePackage:Display: Finished SavePackage ../../../../MA Daniel Schmidl/Masterarbeit/Saved/Autosaves/Game/VirtualRealityBP/Blueprints/Puck_BP_Auto1.uasset
[2017.07.28-09.57.04:624][819]LogFileHelpers: Auto-saving content packages took 0.040
[2017.07.28-10.35.42:342][486]Cmd: QUIT_EDITOR
[2017.07.28-10.35.42:823][486]LogWindowsTextInputMethodSystem:Display: IME system now deactivated.
[2017.07.28-10.35.42:833][486]LogExit: Preparing to exit.
[2017.07.28-10.35.43:844][486]LogDirectoryWatcher: A directory notification for 'D:/MA Daniel Schmidl/Masterarbeit/Content/' was aborted.
[2017.07.28-10.35.43:879][486]LogExit: Editor shut down
[2017.07.28-10.35.43:892][486]LogExit: Transaction tracking system shut down
[2017.07.28-10.35.44:010][486]LogObj: Freed 0b from 0 cluster array pools.
[2017.07.28-10.35.44:010][486]LogExit: Object subsystem successfully closed.
[2017.07.28-10.35.44:030][486]LogD3D11RHI: Shutdown
[2017.07.28-10.35.44:030][486]LogD3D11RHI: CleanupD3DDevice
[2017.07.28-10.35.44:101][486]LogD3D11RHI: ~FD3D11DynamicRHI
[2017.07.28-10.35.44:108][486]LogModuleManager: Shutting down and abandoning module BlueprintGraph (530)
[2017.07.28-10.35.44:108][486]LogModuleManager: Shutting down and abandoning module BlueprintProfiler (528)
[2017.07.28-10.35.44:108][486]LogModuleManager: Shutting down and abandoning module MovieSceneCapture (526)
[2017.07.28-10.35.44:108][486]LogModuleManager: Shutting down and abandoning module HierarchicalLODOutliner (524)
[2017.07.28-10.35.44:108][486]LogModuleManager: Shutting down and abandoning module CrashTracker (522)
[2017.07.28-10.35.44:108][486]LogModuleManager: Shutting down and abandoning module SceneOutliner (520)
[2017.07.28-10.35.44:108][486]LogModuleManager: Shutting down and abandoning module AddContentDialog (518)
[2017.07.28-10.35.44:108][486]LogDirectoryWatcher: A directory notification for 'D:/UE_4.16/FeaturePacks/' was aborted.
[2017.07.28-10.35.44:109][486]LogModuleManager: Shutting down and abandoning module WidgetCarousel (517)
[2017.07.28-10.35.44:109][486]LogModuleManager: Shutting down and abandoning module EditorWidgets (514)
[2017.07.28-10.35.44:109][486]LogModuleManager: Shutting down and abandoning module CollectionManager (512)
[2017.07.28-10.35.44:109][486]LogDirectoryWatcher: A directory notification for 'D:/MA Daniel Schmidl/Masterarbeit/Content/Collections/' was aborted.
[2017.07.28-10.35.44:109][486]LogDirectoryWatcher: A directory notification for 'D:/MA Daniel Schmidl/Masterarbeit/Content/Developers/LocalAdmin/Collections/' was aborted.
[2017.07.28-10.35.44:109][486]LogDirectoryWatcher: A directory notification for 'D:/MA Daniel Schmidl/Masterarbeit/Saved/Collections/' was aborted.
[2017.07.28-10.35.44:109][486]LogModuleManager: Shutting down and abandoning module StatsViewer (510)
[2017.07.28-10.35.44:109][486]LogModuleManager: Shutting down and abandoning module FoliageEdit (508)
[2017.07.28-10.35.44:109][486]LogModuleManager: Shutting down and abandoning module LandscapeEditor (506)
[2017.07.28-10.35.44:109][486]LogModuleManager: Shutting down and abandoning module MeshPaintMode (504)
[2017.07.28-10.35.44:109][486]LogModuleManager: Shutting down and abandoning module SceneDepthPickerMode (502)
[2017.07.28-10.35.44:109][486]LogModuleManager: Shutting down and abandoning module ActorPickerMode (500)
[2017.07.28-10.35.44:109][486]LogModuleManager: Shutting down and abandoning module GeometryMode (498)
[2017.07.28-10.35.44:109][486]LogModuleManager: Shutting down and abandoning module TextureAlignMode (496)
[2017.07.28-10.35.44:109][486]LogModuleManager: Shutting down and abandoning module BspMode (494)
[2017.07.28-10.35.44:109][486]LogModuleManager: Shutting down and abandoning module HardwareSurvey (492)
[2017.07.28-10.35.44:109][486]LogModuleManager: Shutting down and abandoning module SequenceRecorderSections (490)
[2017.07.28-10.35.44:109][486]LogModuleManager: Shutting down and abandoning module AutomationWorker (488)
[2017.07.28-10.35.44:109][486]LogModuleManager: Shutting down and abandoning module MatineeToLevelSequence (486)
[2017.07.28-10.35.44:109][486]LogModuleManager: Shutting down and abandoning module LevelSequenceEditor (484)
[2017.07.28-10.35.44:110][486]LogModuleManager: Shutting down and abandoning module PlacementMode (483)
[2017.07.28-10.35.44:110][486]LogModuleManager: Shutting down and abandoning module WmfMediaFactory (480)
[2017.07.28-10.35.44:110][486]LogModuleManager: Shutting down and abandoning module WmfMediaEditor (478)
[2017.07.28-10.35.44:110][486]LogModuleManager: Shutting down and abandoning module AvfMediaFactory (476)
[2017.07.28-10.35.44:110][486]LogModuleManager: Shutting down and abandoning module AvfMediaEditor (474)
[2017.07.28-10.35.44:110][486]LogModuleManager: Shutting down and abandoning module AndroidMediaFactory (472)
[2017.07.28-10.35.44:110][486]LogModuleManager: Shutting down and abandoning module Media (471)
[2017.07.28-10.35.44:110][486]LogModuleManager: Shutting down and abandoning module AndroidMediaEditor (468)
[2017.07.28-10.35.44:110][486]LogModuleManager: Shutting down and abandoning module CharacterAI (466)
[2017.07.28-10.35.44:110][486]LogModuleManager: Shutting down and abandoning module AudioCapture (464)
[2017.07.28-10.35.44:110][486]LogModuleManager: Shutting down and abandoning module SequenceRecorder (463)
[2017.07.28-10.35.44:110][486]LogModuleManager: Shutting down and abandoning module SmartSnapping (460)
[2017.07.28-10.35.44:110][486]LogModuleManager: Shutting down and abandoning module SessionServices (458)
[2017.07.28-10.35.44:110][486]LogModuleManager: Shutting down and abandoning module ViewportSnapping (456)
[2017.07.28-10.35.44:110][486]LogModuleManager: Shutting down and abandoning module ViewportInteraction (454)
[2017.07.28-10.35.44:110][486]LogModuleManager: Shutting down and abandoning module ClothPainter (452)
[2017.07.28-10.35.44:110][486]LogModuleManager: Shutting down and abandoning module LogVisualizer (450)
[2017.07.28-10.35.44:110][486]LogModuleManager: Shutting down and abandoning module IntroTutorials (448)
[2017.07.28-10.35.44:110][486]LogModuleManager: Shutting down and abandoning module GameProjectGeneration (447)
[2017.07.28-10.35.44:110][486]LogModuleManager: Shutting down and abandoning module EditorLiveStreaming (444)
[2017.07.28-10.35.44:110][486]LogModuleManager: Shutting down and abandoning module IOSPlatformEditor (442)
[2017.07.28-10.35.44:110][486]LogModuleManager: Shutting down and abandoning module HTML5PlatformEditor (440)
[2017.07.28-10.35.44:110][486]LogModuleManager: Shutting down and abandoning module AndroidPlatformEditor (438)
[2017.07.28-10.35.44:110][486]LogModuleManager: Shutting down and abandoning module AndroidDeviceDetection (437)
[2017.07.28-10.35.44:955][486]LogModuleManager: Shutting down and abandoning module IOSRuntimeSettings (434)
[2017.07.28-10.35.44:955][486]LogModuleManager: Shutting down and abandoning module AndroidRuntimeSettings (432)
[2017.07.28-10.35.44:955][486]LogModuleManager: Shutting down and abandoning module InputBindingEditor (430)
[2017.07.28-10.35.44:955][486]LogModuleManager: Shutting down and abandoning module MergeActors (428)
[2017.07.28-10.35.44:955][486]LogModuleManager: Shutting down and abandoning module SizeMap (426)
[2017.07.28-10.35.44:955][486]LogModuleManager: Shutting down and abandoning module TreeMap (424)
[2017.07.28-10.35.44:955][486]LogModuleManager: Shutting down and abandoning module ReferenceViewer (422)
[2017.07.28-10.35.44:955][486]LogModuleManager: Shutting down and abandoning module LocalizationDashboard (420)
[2017.07.28-10.35.44:956][486]LogModuleManager: Shutting down and abandoning module LocalizationService (419)
[2017.07.28-10.35.44:956][486]LogModuleManager: Shutting down and abandoning module HardwareTargeting (416)
[2017.07.28-10.35.44:956][486]LogModuleManager: Shutting down and abandoning module DeviceProfileEditor (414)
[2017.07.28-10.35.44:956][486]LogModuleManager: Shutting down and abandoning module UndoHistory (412)
[2017.07.28-10.35.44:956][486]LogModuleManager: Shutting down and abandoning module UserFeedback (410)
[2017.07.28-10.35.44:956][486]LogModuleManager: Shutting down and abandoning module XmlParser (408)
[2017.07.28-10.35.44:956][486]LogModuleManager: Shutting down and abandoning module Blutility (406)
[2017.07.28-10.35.44:956][486]LogModuleManager: Shutting down and abandoning module ProjectSettingsViewer (404)
[2017.07.28-10.35.44:956][486]LogModuleManager: Shutting down and abandoning module ProjectTargetPlatformEditor (403)
[2017.07.28-10.35.44:956][486]LogModuleManager: Shutting down and abandoning module EditorSettingsViewer (400)
[2017.07.28-10.35.44:956][486]LogModuleManager: Shutting down and abandoning module SettingsEditor (398)
[2017.07.28-10.35.44:956][486]LogModuleManager: Shutting down and abandoning module ProjectLauncher (396)
[2017.07.28-10.35.44:956][486]LogModuleManager: Shutting down and abandoning module SessionFrontend (394)
[2017.07.28-10.35.44:956][486]LogModuleManager: Shutting down and abandoning module ProfilerClient (392)
[2017.07.28-10.35.44:956][486]LogModuleManager: Shutting down and abandoning module DeviceManager (390)
[2017.07.28-10.35.44:956][486]LogModuleManager: Shutting down and abandoning module TargetDeviceServices (389)
[2017.07.28-10.35.45:009][486]LogModuleManager: Shutting down and abandoning module AutomationController (386)
[2017.07.28-10.35.45:009][486]LogModuleManager: Shutting down and abandoning module AutomationWindow (384)
[2017.07.28-10.35.45:009][486]LogModuleManager: Shutting down and abandoning module Layers (382)
[2017.07.28-10.35.45:009][486]LogModuleManager: Shutting down and abandoning module ComponentVisualizers (380)
[2017.07.28-10.35.45:009][486]LogModuleManager: Shutting down and abandoning module DetailCustomizations (378)
[2017.07.28-10.35.45:009][486]LogModuleManager: Shutting down and abandoning module PackagesDialog (376)
[2017.07.28-10.35.45:009][486]LogModuleManager: Shutting down and abandoning module Persona (374)
[2017.07.28-10.35.45:009][486]LogModuleManager: Shutting down and abandoning module AdvancedPreviewScene (373)
[2017.07.28-10.35.45:009][486]LogModuleManager: Shutting down and abandoning module AnimGraph (371)
[2017.07.28-10.35.45:009][486]LogModuleManager: Shutting down and abandoning module Kismet (368)
[2017.07.28-10.35.45:017][486]LogModuleManager: Shutting down and abandoning module ClassViewer (366)
[2017.07.28-10.35.45:017][486]LogModuleManager: Shutting down and abandoning module Toolbox (364)
[2017.07.28-10.35.45:017][486]LogModuleManager: Shutting down and abandoning module ModuleUI (362)
[2017.07.28-10.35.45:017][486]LogModuleManager: Shutting down and abandoning module MovieSceneTools (360)
[2017.07.28-10.35.45:018][486]LogModuleManager: Shutting down and abandoning module OutputLog (358)
[2017.07.28-10.35.45:018][486]LogModuleManager: Shutting down and abandoning module GammaUI (356)
[2017.07.28-10.35.45:018][486]LogModuleManager: Shutting down and abandoning module Documentation (354)
[2017.07.28-10.35.45:018][486]LogModuleManager: Shutting down and abandoning module MovieSceneTracks (352)
[2017.07.28-10.35.45:018][486]LogModuleManager: Shutting down and abandoning module MovieScene (350)
[2017.07.28-10.35.45:018][486]LogModuleManager: Shutting down and abandoning module Niagara (348)
[2017.07.28-10.35.45:018][486]LogModuleManager: Shutting down and abandoning module NiagaraEditor (347)
[2017.07.28-10.35.45:018][486]LogModuleManager: Shutting down and abandoning module StreamingPauseRendering (344)
[2017.07.28-10.35.45:018][486]LogModuleManager: Shutting down and abandoning module AnalyticsET (342)
[2017.07.28-10.35.45:018][486]LogModuleManager: Shutting down and abandoning module PortalServices (340)
[2017.07.28-10.35.45:018][486]LogModuleManager: Shutting down and abandoning module PortalRpc (338)
[2017.07.28-10.35.45:018][486]LogModuleManager: Shutting down and abandoning module MessagingRpc (336)
[2017.07.28-10.35.45:018][486]LogModuleManager: Shutting down and abandoning module AIModule (334)
[2017.07.28-10.35.45:018][486]LogModuleManager: Shutting down and abandoning module GameplayDebugger (333)
[2017.07.28-10.35.45:018][486]LogModuleManager: Shutting down and abandoning module AITestSuite (331)
[2017.07.28-10.35.45:018][486]LogModuleManager: Shutting down and abandoning module ProfilerService (328)
[2017.07.28-10.35.45:176][486]LogModuleManager: Shutting down and abandoning module TaskGraph (326)
[2017.07.28-10.35.45:176][486]LogModuleManager: Shutting down and abandoning module SteamVRController (324)
[2017.07.28-10.35.45:176][486]LogModuleManager: Shutting down and abandoning module SteamVR (322)
[2017.07.28-10.35.45:176][486]LogModuleManager: Shutting down and abandoning module ProceduralMeshComponentEditor (320)
[2017.07.28-10.35.45:176][486]LogModuleManager: Shutting down and abandoning module ProceduralMeshComponent (318)
[2017.07.28-10.35.45:176][486]LogModuleManager: Shutting down and abandoning module OculusLibrary (316)
[2017.07.28-10.35.45:176][486]LogModuleManager: Shutting down and abandoning module OculusInput (314)
[2017.07.28-10.35.45:176][486]LogModuleManager: Shutting down and abandoning module MobilePatchingUtils (312)
[2017.07.28-10.35.45:176][486]LogModuleManager: Shutting down and abandoning module CustomMeshComponent (310)
[2017.07.28-10.35.45:176][486]LogModuleManager: Shutting down and abandoning module CableComponent (308)
[2017.07.28-10.35.45:176][486]LogModuleManager: Shutting down and abandoning module ArchVisCharacter (306)
[2017.07.28-10.35.45:176][486]LogModuleManager: Shutting down and abandoning module AndroidPermission (304)
[2017.07.28-10.35.45:176][486]LogModuleManager: Shutting down and abandoning module MediaPlayerEditor (300)
[2017.07.28-10.35.45:177][486]LogModuleManager: Shutting down and abandoning module HTML5Networking (298)
[2017.07.28-10.35.45:177][486]LogModuleManager: Shutting down and abandoning module AlembicImporter (296)
[2017.07.28-10.35.45:177][486]LogModuleManager: Shutting down and abandoning module AlembicLibrary (295)
[2017.07.28-10.35.45:177][486]LogModuleManager: Shutting down and abandoning module GeometryCache (294)
[2017.07.28-10.35.45:177][486]LogModuleManager: Shutting down and abandoning module GeometryCacheEd (293)
[2017.07.28-10.35.45:177][486]LogModuleManager: Shutting down and abandoning module SuperSearchEditor (288)
[2017.07.28-10.35.45:177][486]LogModuleManager: Shutting down and abandoning module SuperSearch (287)
[2017.07.28-10.35.45:177][486]LogModuleManager: Shutting down and abandoning module SpeedTreeImporter (284)
[2017.07.28-10.35.45:177][486]LogModuleManager: Shutting down and abandoning module PluginBrowser (282)
[2017.07.28-10.35.45:177][486]LogModuleManager: Shutting down and abandoning module MobileLauncherProfileWizard (280)
[2017.07.28-10.35.45:177][486]LogModuleManager: Shutting down and abandoning module VisualStudioSourceCodeAccess (278)
[2017.07.28-10.35.45:177][486]LogModuleManager: Shutting down and abandoning module DesktopPlatform (277)
[2017.07.28-10.35.45:177][486]LogModuleManager: Shutting down and abandoning module UObjectPlugin (274)
[2017.07.28-10.35.45:177][486]LogModuleManager: Shutting down and abandoning module SubversionSourceControl (272)
[2017.07.28-10.35.45:177][486]LogModuleManager: Shutting down and abandoning module PerforceSourceControl (270)
[2017.07.28-10.35.45:177][486]LogModuleManager: Shutting down and abandoning module GitSourceControl (268)
[2017.07.28-10.35.45:177][486]LogModuleManager: Shutting down and abandoning module SourceControl (267)
[2017.07.28-10.35.45:177][486]LogModuleManager: Shutting down and abandoning module LightPropagationVolumeEditor (264)
[2017.07.28-10.35.45:177][486]LogModuleManager: Shutting down and abandoning module PaperTiledImporter (262)
[2017.07.28-10.35.45:177][486]LogModuleManager: Shutting down and abandoning module PaperSpriteSheetImporter (260)
[2017.07.28-10.35.45:177][486]LogModuleManager: Shutting down and abandoning module Paper2DEditor (258)
[2017.07.28-10.35.45:177][486]LogModuleManager: Shutting down and abandoning module MeshPaint (257)
[2017.07.28-10.35.45:177][486]LogModuleManager: Shutting down and abandoning module LevelEditor (255)
[2017.07.28-10.35.45:178][486]LogModuleManager: Shutting down and abandoning module PixelInspectorModule (254)
[2017.07.28-10.35.45:178][486]LogModuleManager: Shutting down and abandoning module MainFrame (252)
[2017.07.28-10.35.45:178][486]LogModuleManager: Shutting down and abandoning module HotReload (251)
[2017.07.28-10.35.45:178][486]LogModuleManager: Shutting down and abandoning module PhysXVehiclesEditor (246)
[2017.07.28-10.35.45:178][486]LogModuleManager: Shutting down and abandoning module PhysXVehicles (244)
[2017.07.28-10.35.45:179][486]LogModuleManager: Shutting down and abandoning module LocationServicesBPLibrary (242)
[2017.07.28-10.35.45:179][486]LogModuleManager: Shutting down and abandoning module ImmediatePhysicsEditor (240)
[2017.07.28-10.35.45:179][486]LogModuleManager: Shutting down and abandoning module ImmediatePhysics (238)
[2017.07.28-10.35.45:179][486]LogModuleManager: Shutting down and abandoning module UdpMessaging (236)
[2017.07.28-10.35.45:280][486]LogModuleManager: Shutting down and abandoning module TcpMessaging (234)
[2017.07.28-10.35.45:380][486]LogModuleManager: Shutting down and abandoning module GameplayTagsEditor (232)
[2017.07.28-10.35.45:380][486]LogModuleManager: Shutting down and abandoning module FacialAnimationEditor (230)
[2017.07.28-10.35.45:380][486]LogModuleManager: Shutting down and abandoning module FacialAnimation (228)
[2017.07.28-10.35.45:380][486]LogModuleManager: Shutting down and abandoning module AssetManagerEditor (226)
[2017.07.28-10.35.45:380][486]LogModuleManager: Shutting down and abandoning module GraphEditor (225)
[2017.07.28-10.35.45:380][486]LogModuleManager: Shutting down and abandoning module ContentBrowser (223)
[2017.07.28-10.35.45:381][486]LogModuleManager: Shutting down and abandoning module LightPropagationVolumeRuntime (220)
[2017.07.28-10.35.45:381][486]LogModuleManager: Shutting down and abandoning module Paper2D (218)
[2017.07.28-10.35.45:381][486]LogModuleManager: Shutting down and abandoning module WindowsMoviePlayer (216)
[2017.07.28-10.35.45:381][486]LogModuleManager: Shutting down and abandoning module WmfMedia (214)
[2017.07.28-10.35.45:381][486]LogModuleManager: Shutting down and abandoning module ClothingSystemEditor (212)
[2017.07.28-10.35.45:381][486]LogModuleManager: Shutting down and abandoning module ClothingSystemRuntime (210)
[2017.07.28-10.35.45:383][486]LogModuleManager: Shutting down and abandoning module MediaAssets (208)
[2017.07.28-10.35.45:383][486]LogModuleManager: Shutting down and abandoning module GameLiveStreaming (206)
[2017.07.28-10.35.45:383][486]LogModuleManager: Shutting down and abandoning module VREditor (204)
[2017.07.28-10.35.45:384][486]LogModuleManager: Shutting down and abandoning module StringTableEditor (202)
[2017.07.28-10.35.45:384][486]LogModuleManager: Shutting down and abandoning module GameplayTasksEditor (200)
[2017.07.28-10.35.45:384][486]LogModuleManager: Shutting down and abandoning module BehaviorTreeEditor (198)
[2017.07.28-10.35.45:384][486]LogModuleManager: Shutting down and abandoning module FunctionalTesting (196)
[2017.07.28-10.35.45:384][486]LogModuleManager: Shutting down and abandoning module CollisionAnalyzer (194)
[2017.07.28-10.35.45:384][486]LogModuleManager: Shutting down and abandoning module UMG (192)
[2017.07.28-10.35.45:384][486]LogModuleManager: Shutting down and abandoning module UMGEditor (191)
[2017.07.28-10.35.45:384][486]LogModuleManager: Shutting down and abandoning module Sequencer (190)
[2017.07.28-10.35.45:384][486]LogModuleManager: Shutting down and abandoning module AssetTools (188)
[2017.07.28-10.35.45:384][486]LogModuleManager: Shutting down and abandoning module MessageLog (187)
[2017.07.28-10.35.45:384][486]LogModuleManager: Shutting down and abandoning module WorkspaceMenuStructure (186)
[2017.07.28-10.35.45:384][486]LogModuleManager: Shutting down and abandoning module SlateReflector (180)
[2017.07.28-10.35.45:384][486]LogModuleManager: Shutting down and abandoning module Slate (178)
[2017.07.28-10.35.45:384][486]LogModuleManager: Shutting down and abandoning module EditorStyle (176)
[2017.07.28-10.35.45:386][486]LogModuleManager: Shutting down and abandoning module SourceCodeAccess (174)
[2017.07.28-10.35.45:386][486]LogModuleManager: Shutting down and abandoning module HeadMountedDisplay (172)
[2017.07.28-10.35.45:386][486]LogModuleManager: Shutting down and abandoning module XAudio2 (170)
[2017.07.28-10.35.45:386][486]LogModuleManager: Shutting down and abandoning module Networking (168)
[2017.07.28-10.35.45:386][486]LogModuleManager: Shutting down and abandoning module Core (164)
[2017.07.28-10.35.45:386][486]LogModuleManager: Shutting down and abandoning module AssetRegistry (162)
[2017.07.28-10.35.45:504][486]LogDirectoryWatcher: A directory notification for '../../../Engine/Content/' was aborted.
[2017.07.28-10.35.45:504][486]LogDirectoryWatcher: A directory notification for '../../../../MA Daniel Schmidl/Masterarbeit/Content/' was aborted.
[2017.07.28-10.35.45:504][486]LogDirectoryWatcher: A directory notification for '../../../Engine/Plugins/2D/Paper2D/Content/' was aborted.
[2017.07.28-10.35.45:504][486]LogDirectoryWatcher: A directory notification for '../../../Engine/Plugins/Runtime/GearVR/Content/' was aborted.
[2017.07.28-10.35.45:507][486]LogModuleManager: Shutting down and abandoning module DirectoryWatcher (161)
[2017.07.28-10.35.45:509][486]LogModuleManager: Shutting down and abandoning module KismetCompiler (158)
[2017.07.28-10.35.45:509][486]LogModuleManager: Shutting down and abandoning module LevelSequence (156)
[2017.07.28-10.35.45:509][486]LogModuleManager: Shutting down and abandoning module PhysXFormats (154)
[2017.07.28-10.35.45:509][486]LogModuleManager: Shutting down and abandoning module MeshUtilities (152)
[2017.07.28-10.35.45:509][486]LogModuleManager: Shutting down and abandoning module SimplygonSwarm (151)
[2017.07.28-10.35.45:509][486]LogModuleManager: Shutting down and abandoning module SimplygonMeshReduction (149)
[2017.07.28-10.35.45:509][486]LogModuleManager: Shutting down and abandoning module QuadricMeshReduction (147)
[2017.07.28-10.35.45:509][486]LogModuleManager: Shutting down and abandoning module DerivedDataCache (144)
[2017.07.28-10.35.45:572][486]LogDerivedDataCache: Shutdown
[2017.07.28-10.35.45:572][486]LogModuleManager: Shutting down and abandoning module TargetPlatform (142)
[2017.07.28-10.35.45:572][486]LogModuleManager: Shutting down and abandoning module VulkanShaderFormat (141)
[2017.07.28-10.35.45:572][486]LogModuleManager: Shutting down and abandoning module ShaderFormatVectorVM (139)
[2017.07.28-10.35.45:572][486]LogModuleManager: Shutting down and abandoning module ShaderFormatOpenGL (137)
[2017.07.28-10.35.45:572][486]LogModuleManager: Shutting down and abandoning module ShaderFormatD3D (135)
[2017.07.28-10.35.45:572][486]LogModuleManager: Shutting down and abandoning module MetalShaderFormat (133)
[2017.07.28-10.35.45:572][486]LogModuleManager: Shutting down and abandoning module TextureFormatUncompressed (131)
[2017.07.28-10.35.45:572][486]LogModuleManager: Shutting down and abandoning module TextureFormatPVR (129)
[2017.07.28-10.35.45:572][486]LogModuleManager: Shutting down and abandoning module TextureFormatDXT (127)
[2017.07.28-10.35.45:572][486]LogModuleManager: Shutting down and abandoning module TextureFormatIntelISPCTexComp (125)
[2017.07.28-10.35.45:572][486]LogModuleManager: Shutting down and abandoning module TextureFormatASTC (123)
[2017.07.28-10.35.45:572][486]LogModuleManager: Shutting down and abandoning module ImageWrapper (122)
[2017.07.28-10.35.45:573][486]LogModuleManager: Shutting down and abandoning module TextureFormatAndroid (119)
[2017.07.28-10.35.45:573][486]LogModuleManager: Shutting down and abandoning module AudioFormatOpus (117)
[2017.07.28-10.35.45:573][486]LogModuleManager: Shutting down and abandoning module AudioFormatOgg (115)
[2017.07.28-10.35.45:573][486]LogModuleManager: Shutting down and abandoning module AudioFormatADPCM (113)
[2017.07.28-10.35.45:573][486]LogModuleManager: Shutting down and abandoning module LinuxTargetPlatform (111)
[2017.07.28-10.35.45:573][486]LogModuleManager: Shutting down and abandoning module LinuxServerTargetPlatform (109)
[2017.07.28-10.35.45:573][486]LogModuleManager: Shutting down and abandoning module LinuxNoEditorTargetPlatform (107)
[2017.07.28-10.35.45:573][486]LogModuleManager: Shutting down and abandoning module LinuxClientTargetPlatform (105)
[2017.07.28-10.35.45:573][486]LogModuleManager: Shutting down and abandoning module TVOSTargetPlatform (103)
[2017.07.28-10.35.45:573][486]LogModuleManager: Shutting down and abandoning module Messaging (101)
[2017.07.28-10.35.45:573][486]LogModuleManager: Shutting down and abandoning module IOSTargetPlatform (99)
[2017.07.28-10.35.45:573][486]LogModuleManager: Shutting down and abandoning module HTML5TargetPlatform (97)
[2017.07.28-10.35.45:573][486]LogModuleManager: Shutting down and abandoning module Android_PVRTCTargetPlatform (95)
[2017.07.28-10.35.45:573][486]LogModuleManager: Shutting down and abandoning module Android_MultiTargetPlatform (93)
[2017.07.28-10.35.45:573][486]LogModuleManager: Shutting down and abandoning module Android_ETC2TargetPlatform (91)
[2017.07.28-10.35.45:573][486]LogModuleManager: Shutting down and abandoning module Android_ETC1TargetPlatform (89)
[2017.07.28-10.35.45:573][486]LogModuleManager: Shutting down and abandoning module Android_DXTTargetPlatform (87)
[2017.07.28-10.35.45:573][486]LogModuleManager: Shutting down and abandoning module Android_ATCTargetPlatform (85)
[2017.07.28-10.35.45:573][486]LogModuleManager: Shutting down and abandoning module Android_ASTCTargetPlatform (83)
[2017.07.28-10.35.45:573][486]LogModuleManager: Shutting down and abandoning module AndroidTargetPlatform (81)
[2017.07.28-10.35.45:573][486]LogModuleManager: Shutting down and abandoning module WindowsTargetPlatform (79)
[2017.07.28-10.35.45:573][486]LogModuleManager: Shutting down and abandoning module WindowsServerTargetPlatform (77)
[2017.07.28-10.35.45:573][486]LogModuleManager: Shutting down and abandoning module WindowsNoEditorTargetPlatform (75)
[2017.07.28-10.35.45:573][486]LogModuleManager: Shutting down and abandoning module WindowsClientTargetPlatform (73)
[2017.07.28-10.35.45:573][486]LogModuleManager: Shutting down and abandoning module MacTargetPlatform (71)
[2017.07.28-10.35.45:573][486]LogModuleManager: Shutting down and abandoning module MacServerTargetPlatform (69)
[2017.07.28-10.35.45:573][486]LogModuleManager: Shutting down and abandoning module MacNoEditorTargetPlatform (67)
[2017.07.28-10.35.45:573][486]LogModuleManager: Shutting down and abandoning module MacClientTargetPlatform (65)
[2017.07.28-10.35.45:573][486]LogModuleManager: Shutting down and abandoning module AllDesktopTargetPlatform (63)
[2017.07.28-10.35.45:573][486]LogModuleManager: Shutting down and abandoning module InputCore (60)
[2017.07.28-10.35.45:573][486]LogModuleManager: Shutting down and abandoning module Settings (58)
[2017.07.28-10.35.45:573][486]LogModuleManager: Shutting down and abandoning module OculusRift (56)
[2017.07.28-10.35.45:573][486]LogModuleManager: Shutting down and abandoning module GearVRController (54)
[2017.07.28-10.35.45:573][486]LogModuleManager: Shutting down and abandoning module GearVR (52)
[2017.07.28-10.35.45:573][486]LogModuleManager: Shutting down and abandoning module ExampleDeviceProfileSelector (50)
[2017.07.28-10.35.45:573][486]LogModuleManager: Shutting down and abandoning module OnlineBlueprintSupport (48)
[2017.07.28-10.35.45:573][486]LogModuleManager: Shutting down and abandoning module OnlineSubsystem (44)
[2017.07.28-10.35.45:573][486]LogOnline:Display: Unloading online subsystem: NULL
[2017.07.28-10.35.45:573][486]LogModuleManager: Shutting down and abandoning module XMPP (43)
[2017.07.28-10.35.45:573][486]LogModuleManager: Shutting down and abandoning module HTTP (41)
[2017.07.28-10.35.45:573][486]LogHttp:Display: Http module shutting down, but needs to wait on 1 outstanding Http requests:
[2017.07.28-10.35.45:573][486]LogHttp:Display: 	verb=[POST] url=[https://datarouter.ol.epicgames.com/datarouter/api/v1/public/data?SessionID=%7B98BA0718-4502-838E-0EDB-3AB5BE113B8F%7D&AppID=UEEditor.Rocket.Release&AppVersion=4.16.2-3514769%2B%2B%2BUE4%2BRelease-4.16&UserID=f8179dad484facb1bbe537a2f6f6f875%7C6de05fa92587480fb7882ffc140bd849%7Ca8421cad-14d1-4c31-b419-d88541bd8cac&AppEnvironment=datacollector-binary&UploadType=eteventstream] status=Processing
[2017.07.28-10.35.45:607][486]LogModuleManager: Shutting down and abandoning module SSL (40)
[2017.07.28-10.35.45:608][486]LogModuleManager: Shutting down and abandoning module HTTPChunkInstaller (36)
[2017.07.28-10.35.45:608][486]LogModuleManager: Shutting down and abandoning module AnimationModifiers (34)
[2017.07.28-10.35.45:608][486]LogModuleManager: Shutting down and abandoning module PropertyEditor (33)
[2017.07.28-10.35.45:608][486]LogModuleManager: Shutting down and abandoning module AudioEditor (30)
[2017.07.28-10.35.45:608][486]LogModuleManager: Shutting down and abandoning module TextureCompressor (28)
[2017.07.28-10.35.45:608][486]LogModuleManager: Shutting down and abandoning module ShaderCore (26)
[2017.07.28-10.35.45:608][486]LogModuleManager: Shutting down and abandoning module Landscape (24)
[2017.07.28-10.35.45:608][486]LogModuleManager: Shutting down and abandoning module SlateRHIRenderer (22)
[2017.07.28-10.35.45:610][486]LogModuleManager: Shutting down and abandoning module OpenGLDrv (20)
[2017.07.28-10.35.45:610][486]LogModuleManager: Shutting down and abandoning module D3D11RHI (18)
[2017.07.28-10.35.45:610][486]LogModuleManager: Shutting down and abandoning module AnimGraphRuntime (16)
[2017.07.28-10.35.45:610][486]LogModuleManager: Shutting down and abandoning module Renderer (14)
[2017.07.28-10.35.45:610][486]LogModuleManager: Shutting down and abandoning module Engine (12)
[2017.07.28-10.35.45:610][486]LogModuleManager: Shutting down and abandoning module CoreUObject (10)
[2017.07.28-10.35.45:610][486]LogModuleManager: Shutting down and abandoning module NetworkFile (8)
[2017.07.28-10.35.45:610][486]LogModuleManager: Shutting down and abandoning module StreamingFile (6)
[2017.07.28-10.35.45:610][486]LogModuleManager: Shutting down and abandoning module SandboxFile (4)
[2017.07.28-10.35.45:610][486]LogModuleManager: Shutting down and abandoning module PakFile (2)
[2017.07.28-10.35.45:612][486]LogExit: Exiting.
[2017.07.28-10.35.45:625][486]Log file closed, 07/28/17 12:35:45
