Log file open, 09/01/17 11:55:17
LogWindows: LoadLibraryWithSearchPaths failed for file aqProf.dll. GetLastError=0
LogWindows: LoadLibraryWithSearchPaths failed for file VSPerf140.dll. GetLastError=0
LogWindows: LoadLibraryWithSearchPaths failed for file VtuneApi.dll. GetLastError=0
LogWindows: LoadLibraryWithSearchPaths failed for file VtuneApi32e.dll. GetLastError=0
LogInit: Display: Running engine for game: DSHockeyGame
LogPlatformFile: Not using cached read wrapper
LogInit: Display: RandInit(-1249612521) SRandInit(-1249612521).
LogTaskGraph: Started task graph with 5 named threads and 20 total threads with 3 sets of task threads.
LogStats: Stats thread started at 0.230461
LogD3D11RHI: Aftermath initialized
LogPluginManager: Mounting plugin Paper2D
LogPluginManager: Mounting plugin LightPropagationVolume
LogPluginManager: Mounting plugin CodeLiteSourceCodeAccess
LogPluginManager: Mounting plugin GitSourceControl
LogPluginManager: Mounting plugin KDevelopSourceCodeAccess
LogPluginManager: Mounting plugin NullSourceCodeAccess
LogPluginManager: Mounting plugin PerforceSourceControl
LogPluginManager: Mounting plugin SubversionSourceControl
LogPluginManager: Mounting plugin UObjectPlugin
LogPluginManager: Mounting plugin VisualStudioSourceCodeAccess
LogPluginManager: Mounting plugin XCodeSourceCodeAccess
LogPluginManager: Mounting plugin AssetManagerEditor
LogPluginManager: Mounting plugin AudioCapture
LogPluginManager: Mounting plugin FacialAnimation
LogPluginManager: Mounting plugin GameplayTagsEditor
LogPluginManager: Mounting plugin MobileLauncherProfileWizard
LogPluginManager: Mounting plugin PluginBrowser
LogPluginManager: Mounting plugin SpeedTreeImporter
LogPluginManager: Mounting plugin AlembicImporter
LogPluginManager: Mounting plugin CharacterAI
LogPluginManager: Mounting plugin HTML5Networking
LogPluginManager: Mounting plugin AndroidMedia
LogPluginManager: Mounting plugin AvfMedia
LogPluginManager: Mounting plugin MediaPlayerEditor
LogPluginManager: Mounting plugin WmfMedia
LogPluginManager: Mounting plugin TcpMessaging
LogPluginManager: Mounting plugin UdpMessaging
LogPluginManager: Mounting plugin LevelSequenceEditor
LogPluginManager: Mounting plugin MatineeToLevelSequence
LogPluginManager: Mounting plugin OnlineSubsystemGooglePlay
LogPluginManager: Mounting plugin OnlineSubsystemIOS
LogPluginManager: Mounting plugin OnlineSubsystem
LogPluginManager: Mounting plugin OnlineSubsystemNull
LogPluginManager: Mounting plugin OnlineSubsystemUtils
LogPluginManager: Mounting plugin AndroidDeviceProfileSelector
LogPluginManager: Mounting plugin AndroidMoviePlayer
LogPluginManager: Mounting plugin AndroidPermission
LogPluginManager: Mounting plugin AppleMoviePlayer
LogPluginManager: Mounting plugin ArchVisCharacter
LogPluginManager: Mounting plugin CableComponent
LogPluginManager: Mounting plugin CustomMeshComponent
LogPluginManager: Mounting plugin ExampleDeviceProfileSelector
LogPluginManager: Mounting plugin GoogleCloudMessaging
LogPluginManager: Mounting plugin ImmediatePhysics
LogPluginManager: Mounting plugin IOSDeviceProfileSelector
LogPluginManager: Mounting plugin LinuxDeviceProfileSelector
LogPluginManager: Mounting plugin LocationServicesBPLibrary
LogPluginManager: Mounting plugin MobilePatchingUtils
LogPluginManager: Mounting plugin OculusVR
LogPluginManager: Mounting plugin PhysXVehicles
LogPluginManager: Mounting plugin ProceduralMeshComponent
LogPluginManager: Mounting plugin RuntimePhysXCooking
LogPluginManager: Mounting plugin SteamVR
LogPluginManager: Mounting plugin WindowsMoviePlayer
LogInit: Using libcurl 7.47.1
LogInit:  - built for x86_64-pc-win32
LogInit:  - supports SSL with OpenSSL/1.0.2g
LogInit:  - supports HTTP deflate (compression) using libz 1.2.8
LogInit:  - other features:
LogInit:      CURL_VERSION_SSL
LogInit:      CURL_VERSION_LIBZ
LogInit:      CURL_VERSION_IPV6
LogInit:      CURL_VERSION_ASYNCHDNS
LogInit:      CURL_VERSION_LARGEFILE
LogInit:      CURL_VERSION_IDN
LogInit:  CurlRequestOptions (configurable via config and command line):
LogInit:  - bVerifyPeer = false  - Libcurl will NOT verify peer certificate
LogInit:  - bUseHttpProxy = false  - Libcurl will NOT use HTTP proxy
LogInit:  - bDontReuseConnections = false  - Libcurl will reuse connections
LogInit:  - CertBundlePath = nullptr  - Libcurl will use whatever was configured at build time.
LogInit: Build: ++UE4+Release-4.17-CL-3586342
LogInit: Engine Version: 4.17.1-3586342+++UE4+Release-4.17
LogInit: Compatible Engine Version: 4.17.0-3573198+++UE4+Release-4.17
LogInit: Net CL: 3573198
LogDevObjectVersion: Number of dev versions registered: 16
LogDevObjectVersion:   Dev-Blueprints (B0D832E4-1F89-4F0D-ACCF-7EB736FD4AA2): 10
LogDevObjectVersion:   Dev-Build (E1C64328-A22C-4D53-A36C-8E866417BD8C): 0
LogDevObjectVersion:   Dev-Core (375EC13C-06E4-48FB-B500-84F0262A717E): 2
LogDevObjectVersion:   Dev-Editor (E4B068ED-F494-42E9-A231-DA0B2E46BB41): 20
LogDevObjectVersion:   Dev-Framework (CFFC743F-43B0-4480-9391-14DF171D2073): 28
LogDevObjectVersion:   Dev-Mobile (B02B49B5-BB20-44E9-A304-32B752E40360): 0
LogDevObjectVersion:   Dev-Networking (A4E4105C-59A1-49B5-A7C5-40C4547EDFEE): 0
LogDevObjectVersion:   Dev-Online (39C831C9-5AE6-47DC-9A44-9C173E1C8E7C): 0
LogDevObjectVersion:   Dev-Physics (78F01B33-EBEA-4F98-B9B4-84EACCB95AA2): 0
LogDevObjectVersion:   Dev-Platform (6631380F-2D4D-43E0-8009-CF276956A95A): 0
LogDevObjectVersion:   Dev-Rendering (12F88B9F-8875-4AFC-A67C-D90C383ABD29): 19
LogDevObjectVersion:   Dev-Sequencer (7B5AE74C-D270-4C10-A958-57980B212A5A): 4
LogDevObjectVersion:   Dev-VR (D7296918-1DD6-4BDD-9DE2-64A83CC13884): 0
LogDevObjectVersion:   Dev-LoadTimes (C2A15278-BFE7-4AFE-6C17-90FF531DF755): 1
LogDevObjectVersion:   Private-Geometry (6EACA3D4-40EC-4CC1-B786-8BED09428FC5): 1
LogDevObjectVersion:   Dev-AnimPhys (29E575DD-E0A3-4627-9D10-D276232CDCEA): 7
LogInit: Compiled (64-bit): Aug 15 2017 02:05:26
LogInit: Compiled with Visual C++: 19.00.24215.01
LogInit: Build Configuration: Development
LogInit: Branch Name: ++UE4+Release-4.17
LogInit: Command line: 
LogInit: Base directory: D:/UE_4.17/Engine/Binaries/Win64/
LogInit: Installed Engine Build: 1
LogInit: Presizing for max 8388607 objects, including 0 objects not considered by GC, pre-allocating 0 bytes for permanent pool.
LogInit: Object subsystem initialized
[2017.09.01-09.55.18:026][  0]LogInit: Selected Device Profile: [Windows]
[2017.09.01-09.55.18:026][  0]LogInit: Applying CVar settings loaded from the selected device profile: [Windows]
[2017.09.01-09.55.18:038][  0]LogInit: Computer: PC1011604140
[2017.09.01-09.55.18:038][  0]LogInit: User: LocalAdmin
[2017.09.01-09.55.18:038][  0]LogInit: CPU Page size=4096, Cores=6
[2017.09.01-09.55.18:038][  0]LogInit: High frequency timer resolution =3.220788 MHz
[2017.09.01-09.55.18:038][  0]LogMemory: Memory total: Physical=15.9GB (16GB approx)
[2017.09.01-09.55.18:038][  0]LogMemory: Platform Memory Stats for Windows
[2017.09.01-09.55.18:038][  0]LogMemory: Process Physical Memory: 279.09 MB used, 279.09 MB peak
[2017.09.01-09.55.18:038][  0]LogMemory: Process Virtual Memory: 283.03 MB used, 283.03 MB peak
[2017.09.01-09.55.18:038][  0]LogMemory: Physical Memory: 3152.14 MB used,  13142.80 MB free, 16294.94 MB total
[2017.09.01-09.55.18:038][  0]LogMemory: Virtual Memory: 683.29 MB used,  13142.80 MB free, 134217728.00 MB total
[2017.09.01-09.55.18:172][  0]LogInit: Using OS detected language (de-DE).
[2017.09.01-09.55.18:172][  0]LogInit: Using OS detected locale (de-DE).
[2017.09.01-09.55.18:175][  0]LogTextLocalizationManager: No localization for 'de-DE' exists, so 'en' will be used for the language.
[2017.09.01-09.55.18:175][  0]LogTextLocalizationManager: No localization for 'de-DE' exists, so 'en' will be used for the locale.
[2017.09.01-09.55.18:785][  0]LogD3D11RHI: D3D11 adapters:
[2017.09.01-09.55.18:813][  0]LogD3D11RHI:    0. 'NVIDIA GeForce GTX 980 Ti' (Feature Level 11_0)
[2017.09.01-09.55.18:813][  0]LogD3D11RHI:       6102/0/8147 MB DedicatedVideo/DedicatedSystem/SharedSystem, Outputs:1, VendorId:0x10de
[2017.09.01-09.55.18:848][  0]LogD3D11RHI:    1. 'Microsoft Basic Render Driver' (Feature Level 11_0)
[2017.09.01-09.55.18:848][  0]LogD3D11RHI:       0/0/8147 MB DedicatedVideo/DedicatedSystem/SharedSystem, Outputs:0, VendorId:0x1414
[2017.09.01-09.55.18:848][  0]LogD3D11RHI: Chosen D3D11 Adapter: 0
[2017.09.01-09.55.18:851][  0]LogD3D11RHI: Creating new Direct3DDevice
[2017.09.01-09.55.18:851][  0]LogD3D11RHI:     GPU DeviceId: 0x17c8 (for the marketing name, search the web for "GPU Device Id")
[2017.09.01-09.55.18:851][  0]LogWindows: EnumDisplayDevices:
[2017.09.01-09.55.18:851][  0]LogWindows:    0. 'NVIDIA GeForce GTX 980 Ti' (P:1 D:1)
[2017.09.01-09.55.18:851][  0]LogWindows:    1. 'NVIDIA GeForce GTX 980 Ti' (P:0 D:0)
[2017.09.01-09.55.18:851][  0]LogWindows:    2. 'NVIDIA GeForce GTX 980 Ti' (P:0 D:0)
[2017.09.01-09.55.18:851][  0]LogWindows:    3. 'NVIDIA GeForce GTX 980 Ti' (P:0 D:0)
[2017.09.01-09.55.18:852][  0]LogWindows: DebugString: FoundDriverCount:4 
[2017.09.01-09.55.18:852][  0]LogD3D11RHI:     Adapter Name: NVIDIA GeForce GTX 980 Ti
[2017.09.01-09.55.18:852][  0]LogD3D11RHI:   Driver Version: 376.53 (internal:21.21.13.7653, unified:376.53)
[2017.09.01-09.55.18:852][  0]LogD3D11RHI:      Driver Date: 12-29-2016
[2017.09.01-09.55.18:852][  0]LogRHI: Texture pool is 1361 MB (70% of 1945 MB)
[2017.09.01-09.55.18:866][  0]LogD3D11RHI: Async texture creation enabled
[2017.09.01-09.55.18:876][  0]LogD3D11RHI: GPU Timing Frequency: 1000.000000 (Debug: 2 1)
[2017.09.01-09.55.18:925][  0]LogShaderCompilers: Guid format shader working directory is 4 characters bigger than the processId version (../../../../MA Daniel Schmidl/Masterarbeit 4.17/Intermediate/Shaders/WorkingDirectory/4780/).
[2017.09.01-09.55.18:925][  0]LogShaderCompilers: Cleaned the shader compiler working directory 'C:/Users/LocalAdmin/AppData/Local/Temp/UnrealShaderWorkingDir/3B02BC8346F9148174C84CA5358B2C44/'.
[2017.09.01-09.55.18:925][  0]LogShaderCompilers: Display: Using Local Shader Compiler.
[2017.09.01-09.55.20:179][  0]LogTemp: Display: Loaded TP AllDesktopTargetPlatform
[2017.09.01-09.55.20:216][  0]LogTemp: Display: Loaded TP MacClientTargetPlatform
[2017.09.01-09.55.20:252][  0]LogTemp: Display: Loaded TP MacNoEditorTargetPlatform
[2017.09.01-09.55.20:288][  0]LogTemp: Display: Loaded TP MacServerTargetPlatform
[2017.09.01-09.55.20:327][  0]LogTemp: Display: Loaded TP MacTargetPlatform
[2017.09.01-09.55.20:365][  0]LogTemp: Display: Loaded TP WindowsClientTargetPlatform
[2017.09.01-09.55.20:401][  0]LogTemp: Display: Loaded TP WindowsNoEditorTargetPlatform
[2017.09.01-09.55.20:438][  0]LogTemp: Display: Loaded TP WindowsServerTargetPlatform
[2017.09.01-09.55.20:468][  0]LogTemp: Display: Loaded TP WindowsTargetPlatform
[2017.09.01-09.55.20:506][  0]LogTemp: Display: Loaded TP AndroidTargetPlatform
[2017.09.01-09.55.20:543][  0]LogTemp: Display: Loaded TP Android_ASTCTargetPlatform
[2017.09.01-09.55.20:579][  0]LogTemp: Display: Loaded TP Android_ATCTargetPlatform
[2017.09.01-09.55.20:615][  0]LogTemp: Display: Loaded TP Android_DXTTargetPlatform
[2017.09.01-09.55.20:652][  0]LogTemp: Display: Loaded TP Android_ETC1TargetPlatform
[2017.09.01-09.55.20:689][  0]LogTemp: Display: Loaded TP Android_ETC2TargetPlatform
[2017.09.01-09.55.20:762][  0]LogTemp: Display: Loaded TP Android_MultiTargetPlatform
[2017.09.01-09.55.20:762][  0]LogTemp: Display: Loaded TP Android_PVRTCTargetPlatform
[2017.09.01-09.55.20:788][  0]LogTemp: Display: Loaded TP HTML5TargetPlatform
[2017.09.01-09.55.20:860][  0]LogTemp: Display: Loaded TP IOSTargetPlatform
[2017.09.01-09.55.20:882][  0]LogTemp: Display: Loaded TP TVOSTargetPlatform
[2017.09.01-09.55.20:917][  0]LogTemp: Display: Loaded TP LinuxClientTargetPlatform
[2017.09.01-09.55.20:954][  0]LogTemp: Display: Loaded TP LinuxNoEditorTargetPlatform
[2017.09.01-09.55.20:991][  0]LogTemp: Display: Loaded TP LinuxServerTargetPlatform
[2017.09.01-09.55.21:028][  0]LogTemp: Display: Loaded TP LinuxTargetPlatform
[2017.09.01-09.55.21:028][  0]LogTargetPlatformManager: Display: Building Assets For Windows
[2017.09.01-09.55.21:329][  0]LogDerivedDataCache: Display: Max Cache Size: 512 MB
[2017.09.01-09.55.21:408][  0]LogDerivedDataCache: Loaded boot cache 0.08s 93MB C:/Users/LocalAdmin/AppData/Local/UnrealEngine/4.17/DerivedDataCache/Boot.ddc.
[2017.09.01-09.55.21:408][  0]LogDerivedDataCache: Display: Loaded Boot cache: C:/Users/LocalAdmin/AppData/Local/UnrealEngine/4.17/DerivedDataCache/Boot.ddc
[2017.09.01-09.55.21:408][  0]LogDerivedDataCache: FDerivedDataBackendGraph:  Pak pak cache file ../../../../MA Daniel Schmidl/Masterarbeit 4.17/DerivedDataCache/DDC.ddp not found, will not use a pak cache.
[2017.09.01-09.55.21:408][  0]LogDerivedDataCache: Unable to find inner node Pak for hierarchical cache Hierarchy.
[2017.09.01-09.55.21:408][  0]LogDerivedDataCache: FDerivedDataBackendGraph:  CompressedPak pak cache file ../../../../MA Daniel Schmidl/Masterarbeit 4.17/DerivedDataCache/Compressed.ddp not found, will not use a pak cache.
[2017.09.01-09.55.21:408][  0]LogDerivedDataCache: Unable to find inner node CompressedPak for hierarchical cache Hierarchy.
[2017.09.01-09.55.21:426][  0]LogDerivedDataCache: Display: Pak cache opened for reading ../../../Engine/DerivedDataCache/Compressed.ddp.
[2017.09.01-09.55.21:438][  0]LogDerivedDataCache: Using Local data cache path C:/Users/LocalAdmin/AppData/Local/UnrealEngine/Common/DerivedDataCache: Writable
[2017.09.01-09.55.21:448][  0]LogMaterial: Verifying Global Shaders for PCD3D_SM5
[2017.09.01-09.55.21:449][  0]LogSlate: Using Freetype 2.6.0
[2017.09.01-09.55.21:449][  0]LogSlate: SlateFontCache - WITH_FREETYPE: 1, WITH_HARFBUZZ: 1
[2017.09.01-09.55.21:449][  0]LogSlate: SlateFontCache - WITH_FREETYPE: 1, WITH_HARFBUZZ: 1
[2017.09.01-09.55.22:310][  0]LogAssetRegistry: FAssetRegistry took 0.0258 seconds to start up
[2017.09.01-09.55.22:413][  0]LogInit: Selected Device Profile: [Windows]
[2017.09.01-09.55.22:526][  0]LogContentStreaming: Texture pool size is 0.00 MB
[2017.09.01-09.55.22:740][  0]LogSimplygon: Simplygon DLL not present - disabling.
[2017.09.01-09.55.22:766][  0]LogMeshReduction: Using SimplygonSwarm for distributed automatic mesh merging
[2017.09.01-09.55.22:766][  0]LogMeshReduction: Using QuadricMeshReduction for automatic static mesh reduction
[2017.09.01-09.55.22:766][  0]LogMeshReduction: No automatic skeletal mesh reduction module available
[2017.09.01-09.55.22:766][  0]LogMeshReduction: No automatic mesh merging module available
[2017.09.01-09.55.22:766][  0]LogMeshMerging: No automatic mesh merging module available
[2017.09.01-09.55.23:053][  0]LogNetVersion: DSHockeyGame , NetCL: 3573198, EngineNetVer: 2, GameNetVer: 0 (Checksum: 4108346606)
[2017.09.01-09.55.23:189][  0]LogPackageLocalizationCache: Processed 5 localized package path(s) for 1 prioritized culture(s) in 0.013740 seconds
[2017.09.01-09.55.23:194][  0]LogUObjectArray: 35825 objects as part of root set at end of initial load.
[2017.09.01-09.55.23:194][  0]LogUObjectAllocator: 7529112 out of 0 bytes used by permanent object pool.
[2017.09.01-09.55.23:194][  0]LogUObjectArray: CloseDisregardForGC: 0/0 objects in disregard for GC pool
[2017.09.01-09.55.23:229][  0]LogInit: WinSock: version 1.1 (2.2), MaxSocks=32767, MaxUdp=65467
[2017.09.01-09.55.25:211][  0]LogTcpMessaging: Initializing TcpMessaging bridge
[2017.09.01-09.55.25:243][  0]LogUdpMessaging: Initializing bridge on interface 0.0.0.0:0 to multicast group 230.0.0.1:6666.
[2017.09.01-09.55.25:686][  0]LogMaterial: Uniform references updated for custom material expression Custom.
[2017.09.01-09.55.25:976][  0]SourceControl: Source control is disabled
[2017.09.01-09.55.25:976][  0]SourceControl: Source control is disabled
[2017.09.01-09.55.26:033][  0]SourceControl: Source control is disabled
[2017.09.01-09.55.26:079][  0]SourceControl: Source control is disabled
[2017.09.01-09.55.26:494][  0]LogAndroidPermission: UAndroidPermissionCallbackProxy::GetInstance
[2017.09.01-09.55.26:658][  0]LogOcInput: OculusInput pre-init called
[2017.09.01-09.55.26:849][  0]LogEngine: Initializing Engine...
[2017.09.01-09.55.29:390][  0]LogHMD: SteamVR initialized.  Driver: lighthouse  Display: LHR-7E24A3A3
[2017.09.01-09.55.29:632][  0]LogStats: UGameplayTagsManager::ConstructGameplayTagTree: Construct from data asset -  0.000 s
[2017.09.01-09.55.29:632][  0]LogStats: UGameplayTagsManager::ConstructGameplayTagTree: GameplayTagTreeChangedEvent.Broadcast -  0.000 s
[2017.09.01-09.55.29:729][  0]LogAIModule: Creating AISystem for world Untitled
[2017.09.01-09.55.29:752][  0]LogInit: XAudio2 using 'HTC-VIVE-4 (NVIDIA High Definition Audio)' : 2 channels at 48 kHz using 16 bits per sample (channel mask 0x3)
[2017.09.01-09.55.29:770][  0]LogInit: FAudioDevice initialized.
[2017.09.01-09.55.29:850][  0]LogDerivedDataCache: Saved boot cache 0.08s 93MB C:/Users/LocalAdmin/AppData/Local/UnrealEngine/4.17/DerivedDataCache/Boot.ddc.
[2017.09.01-09.55.29:861][  0]LogInit: Texture streaming: Enabled
[2017.09.01-09.55.29:939][  0]LogEngineSessionManager: EngineSessionManager initialized
[2017.09.01-09.55.29:939][  0]LogEngineSessionManager: EngineSessionManager sent abnormal shutdown report. Type=Crashed, SessionId={DBB2C6F0-4F3E-4FE1-65A2-33902A0E2FAE}
[2017.09.01-09.55.30:107][  0]LogInit: Transaction tracking system initialized
[2017.09.01-09.55.30:314][  0]BlueprintLog: New page: Editor Load
[2017.09.01-09.55.30:911][  0]LocalizationService: Localization service is disabled
[2017.09.01-09.55.31:377][  0]LogConsoleResponse: Display: 
[2017.09.01-09.55.31:520][  0]LogCook: Display: Max memory allowance for cook 16384mb min free memory 0mb
[2017.09.01-09.55.31:520][  0]LogCook: Display: Mobile HDR setting 1
[2017.09.01-09.55.31:520][  0]LogGameplayTags: Display: UGameplayTagsManager::DoneAddingNativeTags. DelegateIsBound: 0
[2017.09.01-09.55.31:669][  0]LogFileCache: Scanning file cache for directory 'D:/MA Daniel Schmidl/Masterarbeit 4.17/Content/' took 0.01s
[2017.09.01-09.55.32:229][  0]SourceControl: Source control is disabled
[2017.09.01-09.55.32:273][  0]LogWindowsTextInputMethodSystem: Display: IME system now deactivated.
[2017.09.01-09.55.32:297][  0]LogSlate: Took 0.000320 seconds to synchronously load lazily loaded font '../../../Engine/Content/Slate/Fonts/Roboto-Regular.ttf' (155K)
[2017.09.01-09.55.38:853][  0]LogWindowsTextInputMethodSystem: Display: IME system now deactivated.
[2017.09.01-09.55.38:854][  0]LogWindowsTextInputMethodSystem: Display: IME system now deactivated.
[2017.09.01-09.55.39:821][  0]LogWindowsTextInputMethodSystem: Display: IME system now deactivated.
[2017.09.01-09.55.39:822][  0]LogWindowsTextInputMethodSystem: Display: IME system now deactivated.
[2017.09.01-09.55.39:826][  0]Cmd: MAP LOAD FILE="../../../../MA Daniel Schmidl/Masterarbeit 4.17/Content/VirtualRealityBP/Maps/PrototypeMap.umap" TEMPLATE=0 SHOWPROGRESS=1 FEATURELEVEL=3
[2017.09.01-09.55.39:826][  0]LightingResults: New page: Lighting Build
[2017.09.01-09.55.39:854][  0]MapCheck: New page: Map Check
[2017.09.01-09.55.39:854][  0]LightingResults: New page: Lighting Build
[2017.09.01-09.55.40:031][  0]LogBlueprint: Warning: [Compiler BP_MotionController] ProjectPointToNavigation_DEPRECATED  is deprecated; This version of ProjectPointToNavigation is deprecated. Please use the new version
[2017.09.01-09.55.40:048][  0]LogBlueprint: Warning: [Compiler BP_MotionController] [0023.40] Compile of BP_MotionController successful, but with 1 Warning(s) [in 38 ms] (/Game/VirtualRealityBP/Blueprints/BP_MotionController.BP_MotionController)
[2017.09.01-09.55.40:436][  0]LogAIModule: Creating AISystem for world PrototypeMap
[2017.09.01-09.55.40:448][  0]LogEditorServer: Finished looking for orphan Actors (0.000 secs)
[2017.09.01-09.55.40:467][  0]Cmd: MAP CHECKDEP NOCLEARLOG
[2017.09.01-09.55.40:522][  0]MapCheck: Map check complete: 0 Error(s), 0 Warning(s), took 54.999ms to complete.
[2017.09.01-09.55.40:522][  0]LogFileHelpers: Loading map 'PrototypeMap' took 0.697
[2017.09.01-09.55.40:594][  0]LogStats: Warning: MetaData mismatch. Did you assign a stat to two groups? New //STATGROUP_Threads//SplashScreenThread///Thread_1a8c_0///####STATCAT_Advanced#### old //STATGROUP_Threads//SplashScreenThread///Thread_195c_0///####STATCAT_Advanced####
[2017.09.01-09.55.40:594][  0]LogCollectionManager: Loaded 0 collections in 0.000875 seconds
[2017.09.01-09.55.40:658][  0]LogFileCache: Scanning file cache for directory 'D:/MA Daniel Schmidl/Masterarbeit 4.17/Saved/Collections/' took 0.01s
[2017.09.01-09.55.40:658][  0]LogFileCache: Scanning file cache for directory 'D:/MA Daniel Schmidl/Masterarbeit 4.17/Content/Developers/LocalAdmin/Collections/' took 0.01s
[2017.09.01-09.55.40:658][  0]LogFileCache: Scanning file cache for directory 'D:/MA Daniel Schmidl/Masterarbeit 4.17/Content/Collections/' took 0.01s
[2017.09.01-09.55.40:658][  0]LogCollectionManager: Rebuilt the GUID cache for 0 collections in 0.000000 seconds
[2017.09.01-09.55.40:666][  0]LogContentBrowser: Native class hierarchy populated in 0.0085 seconds. Added 2386 classes and 500 folders.
[2017.09.01-09.55.40:709][  0]LogContentBrowser: Native class hierarchy updated for 'WidgetCarousel' in 0.0006 seconds. Added 0 classes and 0 folders.
[2017.09.01-09.55.40:748][  0]LogContentBrowser: Native class hierarchy updated for 'AddContentDialog' in 0.0007 seconds. Added 0 classes and 0 folders.
[2017.09.01-09.55.40:779][  0]LogContentBrowser: Native class hierarchy updated for 'SceneOutliner' in 0.0009 seconds. Added 1 classes and 2 folders.
[2017.09.01-09.55.40:799][  0]LogSlate: Took 0.000241 seconds to synchronously load lazily loaded font '../../../Engine/Content/Slate/Fonts/Roboto-Bold.ttf' (160K)
[2017.09.01-09.55.40:803][  0]LogSlate: Took 0.000168 seconds to synchronously load lazily loaded font '../../../Engine/Content/Editor/Slate/Fonts/FontAwesome.ttf' (139K)
[2017.09.01-09.55.40:909][  0]LogRenderer: Reallocating scene render targets to support 1208x576 Format 26 NumSamples 1 (Frame:1).
[2017.09.01-09.55.41:056][  0]LogContentBrowser: Native class hierarchy updated for 'HierarchicalLODOutliner' in 0.0007 seconds. Added 1 classes and 2 folders.
[2017.09.01-09.55.41:056][  0]LogLoad: (Engine Initialization) Total time: 24.40 seconds
[2017.09.01-09.55.41:056][  0]LogLoad: (Engine Initialization) Total Blueprint compile time: 0.00 seconds
[2017.09.01-09.55.41:056][  0]LogExternalProfiler: No external profilers were discovered.  External profiling features will not be available.
[2017.09.01-09.55.41:086][  0]LogContentStreaming: Texture pool size now 1000 MB
[2017.09.01-09.55.41:150][  1]LogAssetRegistry: Asset discovery search completed in 18.8618 seconds
[2017.09.01-09.55.41:152][  1]LogCollectionManager: Rebuilt the object cache for 0 collections in 0.000001 seconds (found 0 objects)
[2017.09.01-09.55.41:152][  1]LogCollectionManager: Fixed up redirectors for 0 collections in 0.000044 seconds (updated 0 objects)
[2017.09.01-09.55.45:263][475]LogSlate: Took 0.000365 seconds to synchronously load lazily loaded font '../../../Engine/Content/Slate/Fonts/Roboto-Light.ttf' (159K)
[2017.09.01-09.55.46:854][658]Cmd: MAP LOAD FILE="../../../../MA Daniel Schmidl/Masterarbeit 4.17/Content/VirtualRealityBP/Maps/EVR_Map.umap" TEMPLATE=0 SHOWPROGRESS=1 FEATURELEVEL=3
[2017.09.01-09.55.46:858][658]LogSlate: Took 0.000272 seconds to synchronously load lazily loaded font '../../../Engine/Content/Slate/Fonts/Roboto-Light.ttf' (159K)
[2017.09.01-09.55.46:863][658]LightingResults: New page: Lighting Build
[2017.09.01-09.55.46:864][658]LoadErrors: New page: Loading map: EVR_Map.umap
[2017.09.01-09.55.46:865][658]MapCheck: New page: Map Check
[2017.09.01-09.55.46:865][658]LightingResults: New page: Lighting Build
[2017.09.01-09.55.47:341][658]LogAIModule: Creating AISystem for world EVR_Map
[2017.09.01-09.55.47:360][658]LogEditorServer: Finished looking for orphan Actors (0.000 secs)
[2017.09.01-09.55.47:405][658]Cmd: MAP CHECKDEP NOCLEARLOG
[2017.09.01-09.55.47:467][658]MapCheck: Map check complete: 0 Error(s), 0 Warning(s), took 62.142ms to complete.
[2017.09.01-09.55.47:467][658]LogFileHelpers: Loading map 'EVR_Map' took 0.614
[2017.09.01-09.55.50:734][ 26]LogPlayLevel: PlayLevel: No blueprints needed recompiling
[2017.09.01-09.55.50:734][ 26]PIE: New page: PIE session: EVR_Map (Sep 1, 2017, 1:55:50 PM)
[2017.09.01-09.55.50:735][ 26]LogPlayLevel: Creating play world package: /Game/VirtualRealityBP/Maps/UEDPIE_0_EVR_Map
[2017.09.01-09.55.50:738][ 26]LogPlayLevel: PIE: StaticDuplicateObject took: (0.002999s)
[2017.09.01-09.55.50:738][ 26]LogAIModule: Creating AISystem for world EVR_Map
[2017.09.01-09.55.50:738][ 26]LogPlayLevel: PIE: World Init took: (0.000606s)
[2017.09.01-09.55.50:738][ 26]LogPlayLevel: PIE: Created PIE world by copying editor world from /Game/VirtualRealityBP/Maps/EVR_Map.EVR_Map to /Game/VirtualRealityBP/Maps/UEDPIE_0_EVR_Map.EVR_Map (0.003832s)
[2017.09.01-09.55.50:770][ 26]LogInit: XAudio2 using 'HTC-VIVE-4 (NVIDIA High Definition Audio)' : 2 channels at 48 kHz using 16 bits per sample (channel mask 0x3)
[2017.09.01-09.55.50:774][ 26]LogInit: FAudioDevice initialized.
[2017.09.01-09.55.50:817][ 26]LogLoad: Game class is 'Prototype_Gamemode_C'
[2017.09.01-09.55.50:821][ 26]LogWorld: Bringing World /Game/VirtualRealityBP/Maps/UEDPIE_0_EVR_Map.EVR_Map up for play (max tick rate 0) at 2017.09.01-11.55.50
[2017.09.01-09.55.50:822][ 26]LogWorld: Bringing up level for play took: 0.003104
[2017.09.01-09.55.50:822][ 26]LogSpawn: Warning: SpawnActor failed because no class was specified
[2017.09.01-09.55.50:851][ 26]LogContentBrowser: Native class hierarchy updated for 'MovieSceneCapture' in 0.0007 seconds. Added 11 classes and 0 folders.
[2017.09.01-09.55.50:853][ 26]PIE: Play in editor start time for /Game/VirtualRealityBP/Maps/UEDPIE_0_EVR_Map -0.857
[2017.09.01-09.55.50:862][ 26]LogWindows: Windows GetLastError: Der Vorgang wurde erfolgreich beendet. (0)
[2017.09.01-09.55.51:198][ 26]LogWindows: Error: === Critical error: ===
[2017.09.01-09.55.51:198][ 26]LogWindows: Error: 
[2017.09.01-09.55.51:198][ 26]LogWindows: Error: Assertion failed: VROverlay [File:D:\Build\++UE4+Release-4.17+Compile\Sync\Engine\Plugins\Runtime\Steam\SteamVR\Source\SteamVR\Private\SteamVRStereoLayers.cpp] [Line: 311] 
[2017.09.01-09.55.51:198][ 26]LogWindows: Error: 
[2017.09.01-09.55.51:198][ 26]LogWindows: Error: 
[2017.09.01-09.55.51:198][ 26]LogWindows: Error: 
[2017.09.01-09.55.51:198][ 26]LogWindows: Error: KERNELBASE.dll!0x000000008AAE3C58
[2017.09.01-09.55.51:198][ 26]LogWindows: Error: UE4Editor-Core.dll!0x0000000069AC14B4
[2017.09.01-09.55.51:198][ 26]LogWindows: Error: UE4Editor-Core.dll!0x00000000698AAD5B
[2017.09.01-09.55.51:198][ 26]LogWindows: Error: UE4Editor-Core.dll!0x0000000069840179
[2017.09.01-09.55.51:199][ 26]LogWindows: Error: UE4Editor-SteamVR.dll!0x00000000566C68A2
[2017.09.01-09.55.51:199][ 26]LogWindows: Error: UE4Editor-Engine.dll!0x00000000667F5067
[2017.09.01-09.55.51:199][ 26]LogWindows: Error: UE4Editor-Engine.dll!0x00000000666592E4
[2017.09.01-09.55.51:199][ 26]LogWindows: Error: UE4Editor-Engine.dll!0x000000006668E9B5
[2017.09.01-09.55.51:199][ 26]LogWindows: Error: UE4Editor-Engine.dll!0x000000006729AB9B
[2017.09.01-09.55.51:199][ 26]LogWindows: Error: UE4Editor-Engine.dll!0x00000000672A163B
[2017.09.01-09.55.51:199][ 26]LogWindows: Error: UE4Editor-Core.dll!0x00000000697124F5
[2017.09.01-09.55.51:199][ 26]LogWindows: Error: UE4Editor-Core.dll!0x0000000069712ADA
[2017.09.01-09.55.51:199][ 26]LogWindows: Error: UE4Editor-Core.dll!0x00000000697329CE
[2017.09.01-09.55.51:199][ 26]LogWindows: Error: UE4Editor-Engine.dll!0x00000000672BDD22
[2017.09.01-09.55.51:199][ 26]LogWindows: Error: UE4Editor-Engine.dll!0x00000000672C32B2
[2017.09.01-09.55.51:199][ 26]LogWindows: Error: UE4Editor-Engine.dll!0x0000000066BC21D4
[2017.09.01-09.55.51:199][ 26]LogWindows: Error: UE4Editor-Engine.dll!0x0000000066BCAEB6
[2017.09.01-09.55.51:199][ 26]LogWindows: Error: UE4Editor-UnrealEd.dll!0x000000006342C942
[2017.09.01-09.55.51:199][ 26]LogWindows: Error: UE4Editor-UnrealEd.dll!0x0000000063CBCEE6
[2017.09.01-09.55.51:199][ 26]LogWindows: Error: UE4Editor.exe!0x000000006A39534A
[2017.09.01-09.55.51:199][ 26]LogWindows: Error: UE4Editor.exe!0x000000006A3A3970
[2017.09.01-09.55.51:199][ 26]LogWindows: Error: UE4Editor.exe!0x000000006A3A39EA
[2017.09.01-09.55.51:199][ 26]LogWindows: Error: UE4Editor.exe!0x000000006A3B02D9
[2017.09.01-09.55.51:199][ 26]LogWindows: Error: UE4Editor.exe!0x000000006A3B1C47
[2017.09.01-09.55.51:199][ 26]LogWindows: Error: KERNEL32.DLL!0x000000008B3E8364
[2017.09.01-09.55.51:199][ 26]LogWindows: Error: ntdll.dll!0x000000008DCA70D1
[2017.09.01-09.55.51:199][ 26]LogWindows: Error: ntdll.dll!0x000000008DCA70D1
[2017.09.01-09.55.51:199][ 26]LogWindows: Error: 
[2017.09.01-09.55.51:212][ 26]LogExit: Executing StaticShutdownAfterError
[2017.09.01-09.55.51:216][ 26]LogWindows: FPlatformMisc::RequestExit(1)
[2017.09.01-09.55.51:216][ 26]Log file closed, 09/01/17 11:55:51
