Log file open, 07/12/17 13:51:03
LogInit:Display: Running engine for game: DSHockeyGame
LogPlatformFile: Not using cached read wrapper
LogInit:Display: RandInit(2089534122) SRandInit(2089534122).
LogTaskGraph: Started task graph with 5 named threads and 10 total threads with 1 sets of task threads.
LogStats: Stats thread started at 0.096502
LogInit: Using libcurl 7.47.1
LogInit:  - built for x86_64-pc-win32
LogInit:  - supports SSL with OpenSSL/1.0.2g
LogInit:  - supports HTTP deflate (compression) using libz 1.2.8
LogInit:  - other features:
LogInit:      CURL_VERSION_SSL
LogInit:      CURL_VERSION_LIBZ
LogInit:      CURL_VERSION_IPV6
LogInit:      CURL_VERSION_ASYNCHDNS
LogInit:      CURL_VERSION_LARGEFILE
LogInit:      CURL_VERSION_IDN
LogInit:  CurlRequestOptions (configurable via config and command line):
LogInit:  - bVerifyPeer = false  - Libcurl will NOT verify peer certificate
LogInit:  - bUseHttpProxy = false  - Libcurl will NOT use HTTP proxy
LogInit:  - bDontReuseConnections = false  - Libcurl will reuse connections
LogInit:  - CertBundlePath = nullptr  - Libcurl will use whatever was configured at build time.
LogInit: Build: ++UE4+Release-4.15-CL-3299760
LogInit: Engine Version: 4.15.0-3299760+++UE4+Release-4.15
LogInit: Compatible Engine Version: 4.15.0-3299760+++UE4+Release-4.15
LogInit: Net CL: 3299760
LogDevObjectVersion: Number of dev versions registered: 14
LogDevObjectVersion:   Dev-Blueprints (B0D832E4-1F89-4F0D-ACCF-7EB736FD4AA2): 8
LogDevObjectVersion:   Dev-Build (E1C64328-A22C-4D53-A36C-8E866417BD8C): 0
LogDevObjectVersion:   Dev-Core (375EC13C-06E4-48FB-B500-84F0262A717E): 2
LogDevObjectVersion:   Dev-Editor (E4B068ED-F494-42E9-A231-DA0B2E46BB41): 14
LogDevObjectVersion:   Dev-Framework (CFFC743F-43B0-4480-9391-14DF171D2073): 22
LogDevObjectVersion:   Dev-Mobile (B02B49B5-BB20-44E9-A304-32B752E40360): 0
LogDevObjectVersion:   Dev-Networking (A4E4105C-59A1-49B5-A7C5-40C4547EDFEE): 0
LogDevObjectVersion:   Dev-Online (39C831C9-5AE6-47DC-9A44-9C173E1C8E7C): 0
LogDevObjectVersion:   Dev-Physics (78F01B33-EBEA-4F98-B9B4-84EACCB95AA2): 0
LogDevObjectVersion:   Dev-Platform (6631380F-2D4D-43E0-8009-CF276956A95A): 0
LogDevObjectVersion:   Dev-Rendering (12F88B9F-8875-4AFC-A67C-D90C383ABD29): 12
LogDevObjectVersion:   Dev-Sequencer (7B5AE74C-D270-4C10-A958-57980B212A5A): 3
LogDevObjectVersion:   Dev-VR (D7296918-1DD6-4BDD-9DE2-64A83CC13884): 0
LogDevObjectVersion:   Dev-LoadTimes (C2A15278-BFE7-4AFE-6C17-90FF531DF755): 1
LogInit: Compiled (64-bit): Feb 14 2017 02:04:14
LogInit: Compiled with Visual C++: 19.00.23026.00
LogInit: Build Configuration: Development
LogInit: Branch Name: ++UE4+Release-4.15
LogInit: Command line: -EpicPortal 
LogInit: Base directory: D:/Program Files/Epic Games/UE_4.15/Engine/Binaries/Win64/
LogInit: Installed Engine Build: 1
LogInit: Presizing for max 8388607 objects, including 0 objects not considered by GC, pre-allocating 0 bytes for permanent pool.
LogInit: Object subsystem initialized
[2017.07.12-11.51.04:198][  0]LogConsoleManager:Display: Setting the console variable 'r.RHICmdBypass' with 'SetByProjectSetting' was ignored as it is lower priority than the previous 'SetBySystemSettingsIni'. Value remains '1'
[2017.07.12-11.51.04:201][  0]LogInit: Selected Device Profile: [Windows]
[2017.07.12-11.51.04:201][  0]LogInit: Applying CVar settings loaded from the selected device profile: [Windows]
[2017.07.12-11.51.04:210][  0]LogInit: Computer: PC1011604132
[2017.07.12-11.51.04:210][  0]LogInit: User: fil
[2017.07.12-11.51.04:210][  0]LogInit: CPU Page size=65536, Cores=6
[2017.07.12-11.51.04:210][  0]LogInit: High frequency timer resolution =3.220793 MHz
[2017.07.12-11.51.04:211][  0]LogMemory: Memory total: Physical=15.9GB (16GB approx)
[2017.07.12-11.51.04:211][  0]LogMemory: Platform Memory Stats for Windows
[2017.07.12-11.51.04:211][  0]LogMemory: Process Physical Memory: 264.00 MB used, 264.00 MB peak
[2017.07.12-11.51.04:211][  0]LogMemory: Process Virtual Memory: 260.20 MB used, 260.20 MB peak
[2017.07.12-11.51.04:211][  0]LogMemory: Physical Memory: 5798.93 MB used,  10496.10 MB free, 16295.03 MB total
[2017.07.12-11.51.04:211][  0]LogMemory: Virtual Memory: 642.99 MB used,  10496.10 MB free, 134217728.00 MB total
[2017.07.12-11.51.04:274][  0]LogTextLocalizationManager: No translations for ('de-DE') exist, falling back to 'en' for localization and internationalization data.
[2017.07.12-11.51.04:877][  0]LogD3D11RHI: D3D11 adapters:
[2017.07.12-11.51.04:905][  0]LogD3D11RHI:    0. 'NVIDIA GeForce GTX 980 Ti' (Feature Level 11_0)
[2017.07.12-11.51.04:905][  0]LogD3D11RHI:       6103/0/8147 MB DedicatedVideo/DedicatedSystem/SharedSystem, Outputs:1, VendorId:0x10de
[2017.07.12-11.51.04:907][  0]LogD3D11RHI:    1. 'Microsoft Basic Render Driver' (Feature Level 11_0)
[2017.07.12-11.51.04:907][  0]LogD3D11RHI:       0/0/8147 MB DedicatedVideo/DedicatedSystem/SharedSystem, Outputs:0, VendorId:0x1414
[2017.07.12-11.51.04:907][  0]LogD3D11RHI: Chosen D3D11 Adapter: 0
[2017.07.12-11.51.04:910][  0]LogD3D11RHI: Creating new Direct3DDevice
[2017.07.12-11.51.04:910][  0]LogD3D11RHI:     GPU DeviceId: 0x17c8 (for the marketing name, search the web for "GPU Device Id")
[2017.07.12-11.51.04:910][  0]LogWindows: EnumDisplayDevices:
[2017.07.12-11.51.04:911][  0]LogWindows:    0. 'NVIDIA GeForce GTX 980 Ti' (P:1 D:1)
[2017.07.12-11.51.04:911][  0]LogWindows:    1. 'NVIDIA GeForce GTX 980 Ti' (P:0 D:0)
[2017.07.12-11.51.04:911][  0]LogWindows:    2. 'NVIDIA GeForce GTX 980 Ti' (P:0 D:0)
[2017.07.12-11.51.04:911][  0]LogWindows:    3. 'NVIDIA GeForce GTX 980 Ti' (P:0 D:0)
[2017.07.12-11.51.04:912][  0]LogWindows: DebugString: FoundDriverCount:4 
[2017.07.12-11.51.04:912][  0]LogD3D11RHI:     Adapter Name: NVIDIA GeForce GTX 980 Ti
[2017.07.12-11.51.04:912][  0]LogD3D11RHI:   Driver Version: 378.78 (internal:21.21.13.7878, unified:378.78)
[2017.07.12-11.51.04:912][  0]LogD3D11RHI:      Driver Date: 2-23-2017
[2017.07.12-11.51.04:912][  0]LogRHI: Texture pool is 1361 MB (70% of 1945 MB)
[2017.07.12-11.51.04:926][  0]LogD3D11RHI: Async texture creation enabled
[2017.07.12-11.51.04:936][  0]LogD3D11RHI: GPU Timing Frequency: 1000.000000 (Debug: 2 1)
[2017.07.12-11.51.04:979][  0]LogShaderCompilers: Guid format shader working directory is -2 characters bigger than the processId version (../../../../../../Unreal Projects/DSHockeyGame/Intermediate/Shaders/WorkingDirectory/2804/).
[2017.07.12-11.51.04:980][  0]LogShaderCompilers: Cleaned the shader compiler working directory 'C:/Users/fil/AppData/Local/Temp/UnrealShaderWorkingDir/C5EF986E437FA56C2DDFF3BF074B5B0A/'.
[2017.07.12-11.51.04:980][  0]LogShaderCompilers:Display: Using Local Shader Compiler.
[2017.07.12-11.51.06:025][  0]LogTemp:Display: Loaded TP AllDesktopTargetPlatform
[2017.07.12-11.51.06:069][  0]LogTemp:Display: Loaded TP MacClientTargetPlatform
[2017.07.12-11.51.06:112][  0]LogTemp:Display: Loaded TP MacNoEditorTargetPlatform
[2017.07.12-11.51.06:156][  0]LogTemp:Display: Loaded TP MacServerTargetPlatform
[2017.07.12-11.51.06:200][  0]LogTemp:Display: Loaded TP MacTargetPlatform
[2017.07.12-11.51.06:244][  0]LogTemp:Display: Loaded TP WindowsClientTargetPlatform
[2017.07.12-11.51.06:290][  0]LogTemp:Display: Loaded TP WindowsNoEditorTargetPlatform
[2017.07.12-11.51.06:335][  0]LogTemp:Display: Loaded TP WindowsServerTargetPlatform
[2017.07.12-11.51.06:370][  0]LogTemp:Display: Loaded TP WindowsTargetPlatform
[2017.07.12-11.51.06:415][  0]LogTemp:Display: Loaded TP AndroidTargetPlatform
[2017.07.12-11.51.06:458][  0]LogTemp:Display: Loaded TP Android_ASTCTargetPlatform
[2017.07.12-11.51.06:502][  0]LogTemp:Display: Loaded TP Android_ATCTargetPlatform
[2017.07.12-11.51.06:545][  0]LogTemp:Display: Loaded TP Android_DXTTargetPlatform
[2017.07.12-11.51.06:589][  0]LogTemp:Display: Loaded TP Android_ETC1TargetPlatform
[2017.07.12-11.51.06:633][  0]LogTemp:Display: Loaded TP Android_ETC2TargetPlatform
[2017.07.12-11.51.06:723][  0]LogTemp:Display: Loaded TP Android_MultiTargetPlatform
[2017.07.12-11.51.06:723][  0]LogTemp:Display: Loaded TP Android_PVRTCTargetPlatform
[2017.07.12-11.51.06:750][  0]LogTemp:Display: Loaded TP HTML5TargetPlatform
[2017.07.12-11.51.06:831][  0]LogTemp:Display: Loaded TP IOSTargetPlatform
[2017.07.12-11.51.06:859][  0]LogTemp:Display: Loaded TP TVOSTargetPlatform
[2017.07.12-11.51.06:901][  0]LogTemp:Display: Loaded TP LinuxClientTargetPlatform
[2017.07.12-11.51.06:944][  0]LogTemp:Display: Loaded TP LinuxNoEditorTargetPlatform
[2017.07.12-11.51.06:988][  0]LogTemp:Display: Loaded TP LinuxServerTargetPlatform
[2017.07.12-11.51.07:031][  0]LogTemp:Display: Loaded TP LinuxTargetPlatform
[2017.07.12-11.51.07:031][  0]LogTargetPlatformManager:Display: Building Assets For Windows
[2017.07.12-11.51.07:336][  0]LogDerivedDataCache:Display: Max Cache Size: 512 MB
[2017.07.12-11.51.07:397][  0]LogDerivedDataCache: Loaded boot cache 0.06s 61MB C:/Users/fil/AppData/Local/UnrealEngine/4.15/DerivedDataCache/Boot.ddc.
[2017.07.12-11.51.07:397][  0]LogDerivedDataCache:Display: Loaded Boot cache: C:/Users/fil/AppData/Local/UnrealEngine/4.15/DerivedDataCache/Boot.ddc
[2017.07.12-11.51.07:397][  0]LogDerivedDataCache: FDerivedDataBackendGraph:  Pak pak cache file ../../../../../../Unreal Projects/DSHockeyGame/DerivedDataCache/DDC.ddp not found, will not use a pak cache.
[2017.07.12-11.51.07:397][  0]LogDerivedDataCache: Unable to find inner node Pak for hierarchical cache Hierarchy.
[2017.07.12-11.51.07:397][  0]LogDerivedDataCache: FDerivedDataBackendGraph:  CompressedPak pak cache file ../../../../../../Unreal Projects/DSHockeyGame/DerivedDataCache/Compressed.ddp not found, will not use a pak cache.
[2017.07.12-11.51.07:397][  0]LogDerivedDataCache: Unable to find inner node CompressedPak for hierarchical cache Hierarchy.
[2017.07.12-11.51.07:415][  0]LogDerivedDataCache:Display: Pak cache opened for reading ../../../Engine/DerivedDataCache/Compressed.ddp.
[2017.07.12-11.51.07:428][  0]LogDerivedDataCache: Using Local data cache path C:/Users/fil/AppData/Local/UnrealEngine/Common/DerivedDataCache: Writable
[2017.07.12-11.51.08:242][  0]LogSlate: Using Freetype 2.6.0
[2017.07.12-11.51.08:243][  0]LogSlate: SlateFontCache - WITH_FREETYPE: 1, WITH_HARFBUZZ: 1
[2017.07.12-11.51.08:243][  0]LogSlate: SlateFontCache - WITH_FREETYPE: 1, WITH_HARFBUZZ: 1
[2017.07.12-11.51.08:579][  0]LogInit: Selected Device Profile: [Windows]
[2017.07.12-11.51.08:582][  0]LogContentStreaming: Texture pool size is 0.00 MB
[2017.07.12-11.51.08:865][  0]LogMeshUtilities: Using QuadricMeshReduction for automatic static mesh reduction
[2017.07.12-11.51.08:920][  0]LogSimplygon: Simplygon DLL not present - disabling.
[2017.07.12-11.51.08:979][  0]LogMeshUtilities: Using SimplygonSwarm for distributed automatic mesh merging
[2017.07.12-11.51.08:979][  0]LogMeshUtilities: No automatic skeletal mesh reduction module available
[2017.07.12-11.51.08:979][  0]LogMeshUtilities: No automatic mesh merging module available
[2017.07.12-11.51.09:149][  0]LogLinker:Warning: Can't find file '/Game/VirtualRealityBP/Materials/M_FontColor_Book'
[2017.07.12-11.51.09:149][  0]LogLinker:Warning: Can't find file for asset '/Game/VirtualRealityBP/Materials/M_FontColor_Book' while loading ../../../Engine/Content/EngineMaterials/DefaultTextMaterialOpaque.uasset.
[2017.07.12-11.51.09:150][  0]LoadErrors:Error: Error /Engine/EngineMaterials/DefaultTextMaterialOpaque : Can't find file for asset. /Game/VirtualRealityBP/Materials/M_FontColor_Book
[2017.07.12-11.51.09:150][  0]LogLinker:Warning: Can't find file '/Game/VirtualRealityBP/Materials/M_FontColor_Book'
[2017.07.12-11.51.09:150][  0]LogLinker:Warning: Can't find file for asset '/Game/VirtualRealityBP/Materials/M_FontColor_Book' while loading ../../../Engine/Content/EngineMaterials/DefaultTextMaterialOpaque.uasset.
[2017.07.12-11.51.09:150][  0]LoadErrors:Error: Error /Engine/EngineMaterials/DefaultTextMaterialOpaque : Can't find file for asset. /Game/VirtualRealityBP/Materials/M_FontColor_Book
[2017.07.12-11.51.09:150][  0]LogLinker:Warning: Can't find file '/Game/VirtualRealityBP/Materials/M_FontColor_Book'
[2017.07.12-11.51.09:150][  0]LoadErrors: Info Failed to load /Game/VirtualRealityBP/Materials/M_FontColor_Book.M_FontColor_Book Referenced by DefaultTextMaterialOpaque
[2017.07.12-11.51.09:150][  0]LogLinker:Warning: Can't find file for asset '/Game/VirtualRealityBP/Materials/M_FontColor_Book' while loading NULL.
[2017.07.12-11.51.09:150][  0]LoadErrors: Info Failed to load /Game/VirtualRealityBP/Materials/M_FontColor_Book.M_FontColor_Book Referenced by DefaultTextMaterialOpaque
[2017.07.12-11.51.09:151][  0]LogLinker:Warning: Can't find file '/Game/VirtualRealityBP/Materials/M_FontColor_Book'
[2017.07.12-11.51.09:151][  0]LoadErrors: Info Failed to load /Game/VirtualRealityBP/Materials/M_FontColor_Book.M_FontColor_Book Referenced by MaterialExpressionMaterialFunctionCall_1
[2017.07.12-11.51.09:151][  0]LogLinker:Warning: Can't find file for asset '/Game/VirtualRealityBP/Materials/M_FontColor_Book' while loading NULL.
[2017.07.12-11.51.09:151][  0]LoadErrors: Info Failed to load /Game/VirtualRealityBP/Materials/M_FontColor_Book.M_FontColor_Book Referenced by MaterialExpressionMaterialFunctionCall_1
[2017.07.12-11.51.09:154][  0]LogMaterial: Missing cached shader map for material DefaultTextMaterialOpaque, compiling. 
[2017.07.12-11.51.09:154][  0]LogMaterial:Warning: Failed to compile Material /Engine/EngineMaterials/DefaultTextMaterialOpaque.DefaultTextMaterialOpaque for platform PCD3D_SM5, Default Material will be used in game.
[2017.07.12-11.51.09:154][  0]LogMaterial:Warning: 	Missing Material Function
[2017.07.12-11.51.09:734][  0]LogNetVersion: GetLocalNetworkVersion: CL: 3299760, ProjectName: dshockeygame, ProjectVersion: , EngineNetworkVersion: 2, GameNetworkVersion: 0, NetworkChecksum: 77995874
[2017.07.12-11.51.09:783][  0]LogAssetRegistry: FAssetRegistry took 0.0212 seconds to start up
[2017.07.12-11.51.09:826][  0]LogPackageLocalizationCache: Processed 3 localized package path(s) for 1 prioritized culture(s) in 0.017958 seconds
[2017.07.12-11.51.09:834][  0]LogUObjectArray: 32419 objects as part of root set at end of initial load.
[2017.07.12-11.51.09:834][  0]LogUObjectAllocator: 7063256 out of 0 bytes used by permanent object pool.
[2017.07.12-11.51.09:834][  0]LogUObjectArray: CloseDisregardForGC: 0/0 objects in disregard for GC pool
[2017.07.12-11.51.09:903][  0]LogInit: WinSock: version 1.1 (2.2), MaxSocks=32767, MaxUdp=65467
[2017.07.12-11.51.12:790][  0]LogTcpMessaging: Initializing TcpMessaging bridge
[2017.07.12-11.51.12:845][  0]LogUdpMessaging: Initializing bridge on interface 0.0.0.0:0 to multicast group 230.0.0.1:6666.
[2017.07.12-11.51.13:673][  0]LogMaterial: Uniform references updated for custom material expression Custom.
[2017.07.12-11.51.14:362][  0]SourceControl: Info Source control is disabled
[2017.07.12-11.51.14:465][  0]SourceControl: Info Source control is disabled
[2017.07.12-11.51.14:542][  0]SourceControl: Info Source control is disabled
[2017.07.12-11.51.14:615][  0]SourceControl: Info Source control is disabled
[2017.07.12-11.51.16:405][  0]LogEngine: Initializing Engine...
[2017.07.12-11.51.16:465][  0]LogHMD: SteamVR initialized.  Driver: lighthouse  Display: LHR-F79729DE
[2017.07.12-11.51.16:875][  0]LogAIModule: Creating AISystem for world Untitled
[2017.07.12-11.51.16:913][  0]LogInit: XAudio2 using 'HTC-VIVE-0 (NVIDIA High Definition Audio)' : 2 channels at 48 kHz using 16 bits per sample (channel mask 0x3)
[2017.07.12-11.51.16:940][  0]LogInit: FAudioDevice initialized.
[2017.07.12-11.51.16:996][  0]LogDerivedDataCache: Saved boot cache 0.06s 61MB C:/Users/fil/AppData/Local/UnrealEngine/4.15/DerivedDataCache/Boot.ddc.
[2017.07.12-11.51.17:004][  0]LogInit: Texture streaming: Enabled
[2017.07.12-11.51.17:158][  0]LogEngineSessionManager: EngineSessionManager initialized
[2017.07.12-11.51.17:294][  0]LogInit: Transaction tracking system initialized
[2017.07.12-11.51.17:827][  0]BlueprintLog: New page: Editor Load
[2017.07.12-11.51.19:197][  0]LocalizationService: Info Localization service is disabled
[2017.07.12-11.51.20:234][  0]LogConsoleResponse:Display: 
[2017.07.12-11.51.20:445][  0]LogCook:Display: Max memory allowance for cook 16384mb min free memory 0mb
[2017.07.12-11.51.20:445][  0]LogCook:Display: Mobile HDR setting 1
[2017.07.12-11.51.21:348][  0]LogFileCache: Scanning file cache for directory 'D:/Unreal Projects/DSHockeyGame/Content/' took 0.02s
[2017.07.12-11.51.22:088][  0]SourceControl: Info Source control is disabled
[2017.07.12-11.51.22:088][  0]Cmd: MAP LOAD FILE="../../../../../../Unreal Projects/DSHockeyGame/Content/VirtualRealityBP/Maps/StartupMap.umap" TEMPLATE=0 SHOWPROGRESS=1 FEATURELEVEL=3
[2017.07.12-11.51.22:089][  0]LightingResults: New page: Lighting Build
[2017.07.12-11.51.22:156][  0]MapCheck: New page: Map Check
[2017.07.12-11.51.22:156][  0]LightingResults: New page: Lighting Build
[2017.07.12-11.51.22:282][  0]LogAIModule: Creating AISystem for world StartupMap
[2017.07.12-11.51.45:291][  0]LogEditorServer: Finished looking for orphan Actors (0.000 secs)
[2017.07.12-11.51.45:291][  0]Cmd: MAP CHECKDEP NOCLEARLOG
[2017.07.12-11.51.45:359][  0]MapCheck: Info Map check complete: 0 Error(s), 0 Warning(s), took 67.641ms to complete.
[2017.07.12-11.51.45:359][  0]LogFileHelpers: Loading map 'StartupMap' took 23.272
[2017.07.12-11.51.45:415][  0]LogWindowsTextInputMethodSystem:Display: IME system now deactivated.
[2017.07.12-11.51.45:524][  0]LogCollectionManager: Loaded 0 collections in 0.001436 seconds
[2017.07.12-11.51.45:591][  0]LogFileCache: Scanning file cache for directory 'D:/Unreal Projects/DSHockeyGame/Saved/Collections/' took 0.01s
[2017.07.12-11.51.45:591][  0]LogFileCache: Scanning file cache for directory 'D:/Unreal Projects/DSHockeyGame/Content/Developers/fil/Collections/' took 0.01s
[2017.07.12-11.51.45:591][  0]LogFileCache: Scanning file cache for directory 'D:/Unreal Projects/DSHockeyGame/Content/Collections/' took 0.01s
[2017.07.12-11.51.45:591][  0]LogCollectionManager: Rebuilt the GUID cache for 0 collections in 0.000002 seconds
[2017.07.12-11.51.45:599][  0]LogContentBrowser: Native class hierarchy populated in 0.0080 seconds. Added 2241 classes and 443 folders.
[2017.07.12-11.51.45:603][  0]LogStats: UGameplayTagsManager::ConstructGameplayTagTree: Construct from data asset -  0.000 s
[2017.07.12-11.51.45:603][  0]LogStats: UGameplayTagsManager::ConstructGameplayTagTree: GameplayTagTreeChangedEvent.Broadcast -  0.000 s
[2017.07.12-11.51.45:647][  0]LogContentBrowser: Native class hierarchy updated for 'WidgetCarousel' in 0.0005 seconds. Added 0 classes and 0 folders.
[2017.07.12-11.51.45:690][  0]LogContentBrowser: Native class hierarchy updated for 'AddContentDialog' in 0.0005 seconds. Added 0 classes and 0 folders.
[2017.07.12-11.51.45:725][  0]LogContentBrowser: Native class hierarchy updated for 'SceneOutliner' in 0.0005 seconds. Added 1 classes and 2 folders.
[2017.07.12-11.51.45:813][  0]LogCrashTracker: Crashtracker disabled due to settings.
[2017.07.12-11.51.45:821][  0]LogDirectoryWatcher:Warning: Failed to begin reading directory changes for ../../../../../../Unreal Projects/DSHockeyGame/Plugins/. Error: Das System kann die angegebene Datei nicht finden. (0x00000002)
[2017.07.12-11.51.45:826][  0]LogUObjectGlobals:Warning: Failed to find object 'Class None.'
[2017.07.12-11.51.45:880][  0]LogContentBrowser: Native class hierarchy updated for 'HierarchicalLODOutliner' in 0.0006 seconds. Added 1 classes and 2 folders.
[2017.07.12-11.51.45:880][  0]LogLoad: (Engine Initialization) Total time: 43.36 seconds
[2017.07.12-11.51.45:880][  0]LogLoad: (Engine Initialization) Total Blueprint compile time: 0.05 seconds
[2017.07.12-11.51.45:880][  0]LogExternalProfiler: Found external profiler: VSPerf
[2017.07.12-11.51.45:880][  0]LogExternalProfiler: Using external profiler: VSPerf
[2017.07.12-11.51.45:889][  0]LogSteamVRController: Controller role for device 1 is 2 (invalid=0, left=1, right=2).
[2017.07.12-11.51.45:889][  0]LogSteamVRController:Warning: Controller device 1 is being assigned to its prefered role 'right'.
[2017.07.12-11.51.45:889][  0]LogSteamVRController: Controller device 1 is being assigned unreal hand 1 (left=0, right=1).
[2017.07.12-11.51.45:909][  0]LogContentStreaming: Texture pool size now 1000 MB
[2017.07.12-11.51.45:911][  0]LogSlate: Took 0.000680 seconds to synchronously load lazily loaded font '../../../Engine/Content/Slate/Fonts/Roboto-Regular.ttf' (155K)
[2017.07.12-11.51.45:915][  0]LogSlate: Took 0.000673 seconds to synchronously load lazily loaded font '../../../Engine/Content/Slate/Fonts/Roboto-Bold.ttf' (160K)
[2017.07.12-11.51.45:921][  0]LogSlate: Took 0.000443 seconds to synchronously load lazily loaded font '../../../Engine/Content/Editor/Slate/Fonts/FontAwesome.ttf' (139K)
[2017.07.12-11.51.46:077][  0]LogRenderer: Reallocating scene render targets to support 1644x960 NumSamples 1 (Frame:2).
[2017.07.12-11.51.46:129][  1]LogAssetRegistry: Asset discovery search completed in 36.3672 seconds
[2017.07.12-11.51.46:129][  1]LogCollectionManager: Rebuilt the object cache for 0 collections in 0.000005 seconds (found 0 objects)
[2017.07.12-11.51.46:129][  1]LogCollectionManager: Fixed up redirectors for 0 collections in 0.000025 seconds (updated 0 objects)
[2017.07.12-11.51.56:069][180]LogDirectoryWatcher: A directory notification for '../../../Engine/Plugins/' was aborted.
[2017.07.12-11.51.58:405][460]LogTemp: Repeting last play command: Selected Viewport
[2017.07.12-11.51.58:413][460]LogPlayLevel: PlayLevel: No blueprints needed recompiling
[2017.07.12-11.51.58:413][460]PIE: New page: PIE session: StartupMap (Jul 12, 2017, 3:51:58 PM)
[2017.07.12-11.51.58:413][460]LogPlayLevel: Creating play world package: /Game/VirtualRealityBP/Maps/UEDPIE_0_StartupMap
[2017.07.12-11.51.58:417][460]LogPlayLevel: PIE: StaticDuplicateObject took: (0.004008s)
[2017.07.12-11.51.58:418][460]LogAIModule: Creating AISystem for world StartupMap
[2017.07.12-11.51.58:418][460]LogPlayLevel: PIE: World Init took: (0.000621s)
[2017.07.12-11.51.58:418][460]LogPlayLevel: PIE: Created PIE world by copying editor world from /Game/VirtualRealityBP/Maps/StartupMap.StartupMap to /Game/VirtualRealityBP/Maps/UEDPIE_0_StartupMap.StartupMap (0.004825s)
[2017.07.12-11.51.58:440][460]LogInit: XAudio2 using 'HTC-VIVE-0 (NVIDIA High Definition Audio)' : 2 channels at 48 kHz using 16 bits per sample (channel mask 0x3)
[2017.07.12-11.51.58:449][460]LogInit: FAudioDevice initialized.
[2017.07.12-11.51.58:495][460]LogUObjectGlobals:Warning: Failed to find object 'Class None.'
[2017.07.12-11.51.58:495][460]LogLoad: Game class is 'GameModeBase'
[2017.07.12-11.51.58:498][460]LogWorld: Bringing World /Game/VirtualRealityBP/Maps/UEDPIE_0_StartupMap.StartupMap up for play (max tick rate 0) at 2017.07.12-13.51.58
[2017.07.12-11.51.58:498][460]LogWorld: Bringing up level for play took: 0.001659
[2017.07.12-11.51.58:529][460]LogContentBrowser: Native class hierarchy updated for 'MovieSceneCapture' in 0.0006 seconds. Added 11 classes and 0 folders.
[2017.07.12-11.51.58:530][460]PIE: Info Play in editor start time for /Game/VirtualRealityBP/Maps/UEDPIE_0_StartupMap 1.094
[2017.07.12-11.51.58:566][461]LogRenderer: Reallocating scene render targets to support 2304x1344 NumSamples 1 (Frame:1444).
[2017.07.12-11.52.11:787][ 35]LogUProjectInfo: Found projects:
[2017.07.12-11.52.16:408][582]LogSlate: Took 0.000149 seconds to synchronously load lazily loaded font '../../../Engine/Content/Slate/Fonts/Roboto-Light.ttf' (159K)
[2017.07.12-11.52.19:060][899]Cmd: MAP LOAD FILE="../../../../../../Unreal Projects/DSHockeyGame/Content/VirtualRealityBP/Maps/StartupMap.umap" TEMPLATE=0 SHOWPROGRESS=1 FEATURELEVEL=3
[2017.07.12-11.52.19:063][899]LogSlate: Took 0.000195 seconds to synchronously load lazily loaded font '../../../Engine/Content/Slate/Fonts/Roboto-Light.ttf' (159K)
[2017.07.12-11.52.19:069][899]LightingResults: New page: Lighting Build
[2017.07.12-11.52.19:071][899]LoadErrors: New page: Loading map: StartupMap.umap
[2017.07.12-11.52.19:072][899]MapCheck: New page: Map Check
[2017.07.12-11.52.19:072][899]LightingResults: New page: Lighting Build
[2017.07.12-11.52.19:094][899]LogAIModule: Creating AISystem for world StartupMap
[2017.07.12-11.52.19:151][899]LogEditorServer: Finished looking for orphan Actors (0.000 secs)
[2017.07.12-11.52.19:167][899]Cmd: MAP CHECKDEP NOCLEARLOG
[2017.07.12-11.52.19:208][899]MapCheck: Info Map check complete: 0 Error(s), 0 Warning(s), took 41.04ms to complete.
[2017.07.12-11.52.19:208][899]LogFileHelpers: Loading map 'StartupMap' took 0.149
[2017.07.12-11.52.23:281][377]Cmd: MAP LOAD FILE="../../../../../../Unreal Projects/DSHockeyGame/Content/VirtualRealityBP/Maps/MotionControllerMap.umap" TEMPLATE=0 SHOWPROGRESS=1 FEATURELEVEL=3
[2017.07.12-11.52.23:288][377]LightingResults: New page: Lighting Build
[2017.07.12-11.52.23:290][377]LoadErrors: New page: Loading map: MotionControllerMap.umap
[2017.07.12-11.52.23:291][377]MapCheck: New page: Map Check
[2017.07.12-11.52.23:291][377]LightingResults: New page: Lighting Build
[2017.07.12-11.52.23:837][377]LogAIModule: Creating AISystem for world MotionControllerMap
[2017.07.12-11.52.23:930][377]LogEditorServer: Finished looking for orphan Actors (0.000 secs)
[2017.07.12-11.52.23:945][377]Cmd: MAP CHECKDEP NOCLEARLOG
[2017.07.12-11.52.23:994][377]MapCheck: Info Map check complete: 0 Error(s), 0 Warning(s), took 48.577ms to complete.
[2017.07.12-11.52.23:994][377]LogFileHelpers: Loading map 'MotionControllerMap' took 0.714
[2017.07.12-11.52.26:191][635]LogTemp: Repeting last play command: Selected Viewport
[2017.07.12-11.52.26:199][635]LogBlueprintUserMessages: Early PlayInEditor Detection: Level '/Game/VirtualRealityBP/Maps/MotionControllerMap.MotionControllerMap:PersistentLevel' has LevelScriptBlueprint '/Game/VirtualRealityBP/Maps/MotionControllerMap.MotionControllerMap:PersistentLevel.MotionControllerMap' with GeneratedClass '/Game/VirtualRealityBP/Maps/MotionControllerMap.MotionControllerMap_C' with ClassGeneratedBy '/Game/VirtualRealityBP/Maps/MotionControllerMap.MotionControllerMap:PersistentLevel.MotionControllerMap'
[2017.07.12-11.52.26:199][635]LogPlayLevel: PlayLevel: No blueprints needed recompiling
[2017.07.12-11.52.26:199][635]PIE: New page: PIE session: MotionControllerMap (Jul 12, 2017, 3:52:26 PM)
[2017.07.12-11.52.26:199][635]LogPlayLevel: Creating play world package: /Game/VirtualRealityBP/Maps/UEDPIE_0_MotionControllerMap
[2017.07.12-11.52.26:207][635]LogPlayLevel: PIE: StaticDuplicateObject took: (0.007953s)
[2017.07.12-11.52.26:208][635]LogAIModule: Creating AISystem for world MotionControllerMap
[2017.07.12-11.52.26:208][635]LogPlayLevel: PIE: World Init took: (0.000625s)
[2017.07.12-11.52.26:208][635]LogPlayLevel: PIE: Created PIE world by copying editor world from /Game/VirtualRealityBP/Maps/MotionControllerMap.MotionControllerMap to /Game/VirtualRealityBP/Maps/UEDPIE_0_MotionControllerMap.MotionControllerMap (0.008842s)
[2017.07.12-11.52.26:238][635]LogInit: XAudio2 using 'HTC-VIVE-0 (NVIDIA High Definition Audio)' : 2 channels at 48 kHz using 16 bits per sample (channel mask 0x3)
[2017.07.12-11.52.26:246][635]LogInit: FAudioDevice initialized.
[2017.07.12-11.52.26:274][635]LogUObjectGlobals:Warning: Failed to find object 'Class None.'
[2017.07.12-11.52.26:274][635]LogLoad: Game class is 'GameModeBase'
[2017.07.12-11.52.26:276][635]LogWorld: Bringing World /Game/VirtualRealityBP/Maps/UEDPIE_0_MotionControllerMap.MotionControllerMap up for play (max tick rate 0) at 2017.07.12-13.52.26
[2017.07.12-11.52.26:277][635]LogWorld: Bringing up level for play took: 0.002113
[2017.07.12-11.52.26:280][635]PIE: Info Play in editor start time for /Game/VirtualRealityBP/Maps/UEDPIE_0_MotionControllerMap 0.843
[2017.07.12-11.52.26:280][635]LogBlueprintUserMessages: Late PlayInEditor Detection: Level '/Game/VirtualRealityBP/Maps/MotionControllerMap.MotionControllerMap:PersistentLevel' has LevelScriptBlueprint '/Game/VirtualRealityBP/Maps/MotionControllerMap.MotionControllerMap:PersistentLevel.MotionControllerMap' with GeneratedClass '/Game/VirtualRealityBP/Maps/MotionControllerMap.MotionControllerMap_C' with ClassGeneratedBy '/Game/VirtualRealityBP/Maps/MotionControllerMap.MotionControllerMap:PersistentLevel.MotionControllerMap'
[2017.07.12-11.52.30:319][116]LogBlueprintUserMessages: Early EndPlayMap Detection: Level '/Game/VirtualRealityBP/Maps/MotionControllerMap.MotionControllerMap:PersistentLevel' has LevelScriptBlueprint '/Game/VirtualRealityBP/Maps/MotionControllerMap.MotionControllerMap:PersistentLevel.MotionControllerMap' with GeneratedClass '/Game/VirtualRealityBP/Maps/MotionControllerMap.MotionControllerMap_C' with ClassGeneratedBy '/Game/VirtualRealityBP/Maps/MotionControllerMap.MotionControllerMap:PersistentLevel.MotionControllerMap'
[2017.07.12-11.52.30:352][116]LogBlueprintUserMessages: Late EndPlayMap Detection: Level '/Game/VirtualRealityBP/Maps/MotionControllerMap.MotionControllerMap:PersistentLevel' has LevelScriptBlueprint '/Game/VirtualRealityBP/Maps/MotionControllerMap.MotionControllerMap:PersistentLevel.MotionControllerMap' with GeneratedClass '/Game/VirtualRealityBP/Maps/MotionControllerMap.MotionControllerMap_C' with ClassGeneratedBy '/Game/VirtualRealityBP/Maps/MotionControllerMap.MotionControllerMap:PersistentLevel.MotionControllerMap'
[2017.07.12-11.53.47:576][358]LogWindowsTextInputMethodSystem:Display: IME system now deactivated.
[2017.07.12-11.53.47:760][359]Cmd: QUIT_EDITOR
[2017.07.12-11.53.47:826][359]LogExit: Preparing to exit.
[2017.07.12-11.53.48:983][359]LogDirectoryWatcher: A directory notification for 'D:/Unreal Projects/DSHockeyGame/Content/' was aborted.
[2017.07.12-11.53.48:999][359]LogExit: Editor shut down
[2017.07.12-11.53.49:000][359]LogExit: Transaction tracking system shut down
[2017.07.12-11.53.49:050][359]LogObj: Freed 0b from 0 cluster array pools.
[2017.07.12-11.53.49:050][359]LogExit: Object subsystem successfully closed.
[2017.07.12-11.53.49:071][359]LogD3D11RHI: Shutdown
[2017.07.12-11.53.49:071][359]LogD3D11RHI: CleanupD3DDevice
[2017.07.12-11.53.49:133][359]LogD3D11RHI: ~FD3D11DynamicRHI
[2017.07.12-11.53.49:139][359]LogModuleManager: Shutting down and abandoning module MovieSceneCapture (492)
[2017.07.12-11.53.49:139][359]LogModuleManager: Shutting down and abandoning module HierarchicalLODOutliner (490)
[2017.07.12-11.53.49:139][359]LogModuleManager: Shutting down and abandoning module CrashTracker (488)
[2017.07.12-11.53.49:139][359]LogModuleManager: Shutting down and abandoning module SceneOutliner (486)
[2017.07.12-11.53.49:139][359]LogModuleManager: Shutting down and abandoning module AddContentDialog (484)
[2017.07.12-11.53.49:139][359]LogDirectoryWatcher: A directory notification for 'D:/Program Files/Epic Games/UE_4.15/FeaturePacks/' was aborted.
[2017.07.12-11.53.49:140][359]LogModuleManager: Shutting down and abandoning module WidgetCarousel (483)
[2017.07.12-11.53.49:140][359]LogModuleManager: Shutting down and abandoning module EditorWidgets (480)
[2017.07.12-11.53.49:140][359]LogModuleManager: Shutting down and abandoning module CollectionManager (478)
[2017.07.12-11.53.49:140][359]LogDirectoryWatcher: A directory notification for 'D:/Unreal Projects/DSHockeyGame/Content/Collections/' was aborted.
[2017.07.12-11.53.49:140][359]LogDirectoryWatcher: A directory notification for 'D:/Unreal Projects/DSHockeyGame/Content/Developers/fil/Collections/' was aborted.
[2017.07.12-11.53.49:140][359]LogDirectoryWatcher: A directory notification for 'D:/Unreal Projects/DSHockeyGame/Saved/Collections/' was aborted.
[2017.07.12-11.53.49:140][359]LogModuleManager: Shutting down and abandoning module StatsViewer (476)
[2017.07.12-11.53.49:140][359]LogModuleManager: Shutting down and abandoning module FoliageEdit (474)
[2017.07.12-11.53.49:141][359]LogModuleManager: Shutting down and abandoning module LandscapeEditor (472)
[2017.07.12-11.53.49:141][359]LogModuleManager: Shutting down and abandoning module SceneDepthPickerMode (470)
[2017.07.12-11.53.49:141][359]LogModuleManager: Shutting down and abandoning module ActorPickerMode (468)
[2017.07.12-11.53.49:141][359]LogModuleManager: Shutting down and abandoning module GeometryMode (466)
[2017.07.12-11.53.49:141][359]LogModuleManager: Shutting down and abandoning module TextureAlignMode (464)
[2017.07.12-11.53.49:141][359]LogModuleManager: Shutting down and abandoning module BspMode (462)
[2017.07.12-11.53.49:141][359]LogModuleManager: Shutting down and abandoning module HardwareSurvey (460)
[2017.07.12-11.53.49:141][359]LogModuleManager: Shutting down and abandoning module SequenceRecorderSections (458)
[2017.07.12-11.53.49:141][359]LogModuleManager: Shutting down and abandoning module AutomationWorker (456)
[2017.07.12-11.53.49:141][359]LogModuleManager: Shutting down and abandoning module MatineeToLevelSequence (454)
[2017.07.12-11.53.49:141][359]LogModuleManager: Shutting down and abandoning module LevelSequenceEditor (452)
[2017.07.12-11.53.49:141][359]LogModuleManager: Shutting down and abandoning module PlacementMode (451)
[2017.07.12-11.53.49:141][359]LogModuleManager: Shutting down and abandoning module WmfMediaFactory (448)
[2017.07.12-11.53.49:141][359]LogModuleManager: Shutting down and abandoning module WmfMediaEditor (446)
[2017.07.12-11.53.49:141][359]LogModuleManager: Shutting down and abandoning module MfMediaFactory (444)
[2017.07.12-11.53.49:141][359]LogModuleManager: Shutting down and abandoning module MfMediaEditor (442)
[2017.07.12-11.53.49:141][359]LogModuleManager: Shutting down and abandoning module AvfMediaFactory (440)
[2017.07.12-11.53.49:141][359]LogModuleManager: Shutting down and abandoning module AvfMediaEditor (438)
[2017.07.12-11.53.49:141][359]LogModuleManager: Shutting down and abandoning module AndroidMediaFactory (436)
[2017.07.12-11.53.49:141][359]LogModuleManager: Shutting down and abandoning module Media (435)
[2017.07.12-11.53.49:141][359]LogModuleManager: Shutting down and abandoning module AndroidMediaEditor (432)
[2017.07.12-11.53.49:141][359]LogModuleManager: Shutting down and abandoning module CharacterAI (430)
[2017.07.12-11.53.49:141][359]LogModuleManager: Shutting down and abandoning module AudioCapture (428)
[2017.07.12-11.53.49:141][359]LogModuleManager: Shutting down and abandoning module SequenceRecorder (427)
[2017.07.12-11.53.49:141][359]LogModuleManager: Shutting down and abandoning module SmartSnapping (424)
[2017.07.12-11.53.49:141][359]LogModuleManager: Shutting down and abandoning module SessionServices (422)
[2017.07.12-11.53.49:141][359]LogModuleManager: Shutting down and abandoning module ViewportSnapping (420)
[2017.07.12-11.53.49:141][359]LogModuleManager: Shutting down and abandoning module ViewportInteraction (418)
[2017.07.12-11.53.49:141][359]LogModuleManager: Shutting down and abandoning module LogVisualizer (416)
[2017.07.12-11.53.49:141][359]LogModuleManager: Shutting down and abandoning module IntroTutorials (414)
[2017.07.12-11.53.49:141][359]LogModuleManager: Shutting down and abandoning module GameProjectGeneration (413)
[2017.07.12-11.53.49:141][359]LogModuleManager: Shutting down and abandoning module EditorLiveStreaming (410)
[2017.07.12-11.53.49:141][359]LogModuleManager: Shutting down and abandoning module IOSPlatformEditor (408)
[2017.07.12-11.53.49:141][359]LogModuleManager: Shutting down and abandoning module HTML5PlatformEditor (406)
[2017.07.12-11.53.49:141][359]LogModuleManager: Shutting down and abandoning module AndroidPlatformEditor (404)
[2017.07.12-11.53.49:141][359]LogModuleManager: Shutting down and abandoning module AndroidDeviceDetection (403)
[2017.07.12-11.53.49:801][359]LogModuleManager: Shutting down and abandoning module IOSRuntimeSettings (400)
[2017.07.12-11.53.49:801][359]LogModuleManager: Shutting down and abandoning module AndroidRuntimeSettings (398)
[2017.07.12-11.53.49:801][359]LogModuleManager: Shutting down and abandoning module InputBindingEditor (396)
[2017.07.12-11.53.49:801][359]LogModuleManager: Shutting down and abandoning module NiagaraEditor (394)
[2017.07.12-11.53.49:801][359]LogModuleManager: Shutting down and abandoning module MergeActors (392)
[2017.07.12-11.53.49:801][359]LogModuleManager: Shutting down and abandoning module SizeMap (390)
[2017.07.12-11.53.49:801][359]LogModuleManager: Shutting down and abandoning module TreeMap (388)
[2017.07.12-11.53.49:801][359]LogModuleManager: Shutting down and abandoning module ReferenceViewer (386)
[2017.07.12-11.53.49:801][359]LogModuleManager: Shutting down and abandoning module LocalizationDashboard (384)
[2017.07.12-11.53.49:801][359]LogModuleManager: Shutting down and abandoning module LocalizationService (383)
[2017.07.12-11.53.49:801][359]LogModuleManager: Shutting down and abandoning module HardwareTargeting (380)
[2017.07.12-11.53.49:801][359]LogModuleManager: Shutting down and abandoning module DeviceProfileEditor (378)
[2017.07.12-11.53.49:801][359]LogModuleManager: Shutting down and abandoning module UndoHistory (376)
[2017.07.12-11.53.49:801][359]LogModuleManager: Shutting down and abandoning module UserFeedback (374)
[2017.07.12-11.53.49:801][359]LogModuleManager: Shutting down and abandoning module XmlParser (372)
[2017.07.12-11.53.49:801][359]LogModuleManager: Shutting down and abandoning module Blutility (370)
[2017.07.12-11.53.49:801][359]LogModuleManager: Shutting down and abandoning module ProjectSettingsViewer (368)
[2017.07.12-11.53.49:801][359]LogModuleManager: Shutting down and abandoning module ProjectTargetPlatformEditor (367)
[2017.07.12-11.53.49:801][359]LogModuleManager: Shutting down and abandoning module EditorSettingsViewer (364)
[2017.07.12-11.53.49:801][359]LogModuleManager: Shutting down and abandoning module SettingsEditor (362)
[2017.07.12-11.53.49:801][359]LogModuleManager: Shutting down and abandoning module ProjectLauncher (360)
[2017.07.12-11.53.49:801][359]LogModuleManager: Shutting down and abandoning module SessionFrontend (358)
[2017.07.12-11.53.49:802][359]LogModuleManager: Shutting down and abandoning module ProfilerClient (356)
[2017.07.12-11.53.49:802][359]LogModuleManager: Shutting down and abandoning module DeviceManager (354)
[2017.07.12-11.53.49:802][359]LogModuleManager: Shutting down and abandoning module TargetDeviceServices (353)
[2017.07.12-11.53.49:855][359]LogModuleManager: Shutting down and abandoning module AutomationController (350)
[2017.07.12-11.53.49:855][359]LogModuleManager: Shutting down and abandoning module AutomationWindow (348)
[2017.07.12-11.53.49:855][359]LogModuleManager: Shutting down and abandoning module Layers (346)
[2017.07.12-11.53.49:855][359]LogModuleManager: Shutting down and abandoning module ComponentVisualizers (344)
[2017.07.12-11.53.49:855][359]LogModuleManager: Shutting down and abandoning module DetailCustomizations (342)
[2017.07.12-11.53.49:855][359]LogModuleManager: Shutting down and abandoning module PackagesDialog (340)
[2017.07.12-11.53.49:855][359]LogModuleManager: Shutting down and abandoning module Persona (338)
[2017.07.12-11.53.49:855][359]LogModuleManager: Shutting down and abandoning module AnimGraph (337)
[2017.07.12-11.53.49:855][359]LogModuleManager: Shutting down and abandoning module Kismet (334)
[2017.07.12-11.53.49:856][359]LogModuleManager: Shutting down and abandoning module GraphEditor (332)
[2017.07.12-11.53.49:856][359]LogModuleManager: Shutting down and abandoning module ClassViewer (330)
[2017.07.12-11.53.49:856][359]LogModuleManager: Shutting down and abandoning module Toolbox (328)
[2017.07.12-11.53.49:856][359]LogModuleManager: Shutting down and abandoning module ModuleUI (326)
[2017.07.12-11.53.49:856][359]LogModuleManager: Shutting down and abandoning module MovieSceneTools (324)
[2017.07.12-11.53.49:856][359]LogModuleManager: Shutting down and abandoning module OutputLog (322)
[2017.07.12-11.53.49:856][359]LogModuleManager: Shutting down and abandoning module GammaUI (320)
[2017.07.12-11.53.49:856][359]LogModuleManager: Shutting down and abandoning module Documentation (318)
[2017.07.12-11.53.49:856][359]LogModuleManager: Shutting down and abandoning module Niagara (316)
[2017.07.12-11.53.49:856][359]LogModuleManager: Shutting down and abandoning module StreamingPauseRendering (314)
[2017.07.12-11.53.49:856][359]LogModuleManager: Shutting down and abandoning module AnalyticsET (312)
[2017.07.12-11.53.49:856][359]LogModuleManager: Shutting down and abandoning module PortalServices (310)
[2017.07.12-11.53.49:856][359]LogModuleManager: Shutting down and abandoning module PortalRpc (308)
[2017.07.12-11.53.49:856][359]LogModuleManager: Shutting down and abandoning module MessagingRpc (306)
[2017.07.12-11.53.49:856][359]LogModuleManager: Shutting down and abandoning module AIModule (304)
[2017.07.12-11.53.49:856][359]LogModuleManager: Shutting down and abandoning module GameplayDebugger (303)
[2017.07.12-11.53.49:856][359]LogModuleManager: Shutting down and abandoning module AITestSuite (301)
[2017.07.12-11.53.49:856][359]LogModuleManager: Shutting down and abandoning module ProfilerService (298)
[2017.07.12-11.53.49:880][359]LogModuleManager: Shutting down and abandoning module TaskGraph (296)
[2017.07.12-11.53.49:880][359]LogModuleManager: Shutting down and abandoning module SteamVRController (294)
[2017.07.12-11.53.49:880][359]LogModuleManager: Shutting down and abandoning module SteamVR (292)
[2017.07.12-11.53.49:880][359]LogModuleManager: Shutting down and abandoning module ProceduralMeshComponentEditor (290)
[2017.07.12-11.53.49:880][359]LogModuleManager: Shutting down and abandoning module ProceduralMeshComponent (288)
[2017.07.12-11.53.49:880][359]LogModuleManager: Shutting down and abandoning module MobilePatchingUtils (286)
[2017.07.12-11.53.49:880][359]LogModuleManager: Shutting down and abandoning module CustomMeshComponent (284)
[2017.07.12-11.53.49:880][359]LogModuleManager: Shutting down and abandoning module CableComponent (282)
[2017.07.12-11.53.49:880][359]LogModuleManager: Shutting down and abandoning module ArchVisCharacter (280)
[2017.07.12-11.53.49:880][359]LogModuleManager: Shutting down and abandoning module MediaPlayerEditor (276)
[2017.07.12-11.53.49:880][359]LogModuleManager: Shutting down and abandoning module HTML5Networking (274)
[2017.07.12-11.53.49:880][359]LogModuleManager: Shutting down and abandoning module AlembicImporter (272)
[2017.07.12-11.53.49:880][359]LogModuleManager: Shutting down and abandoning module AlembicLibrary (271)
[2017.07.12-11.53.49:880][359]LogModuleManager: Shutting down and abandoning module GeometryCache (270)
[2017.07.12-11.53.49:880][359]LogModuleManager: Shutting down and abandoning module GeometryCacheEd (269)
[2017.07.12-11.53.49:880][359]LogModuleManager: Shutting down and abandoning module SuperSearchEditor (264)
[2017.07.12-11.53.49:880][359]LogModuleManager: Shutting down and abandoning module SuperSearch (263)
[2017.07.12-11.53.49:880][359]LogModuleManager: Shutting down and abandoning module SpeedTreeImporter (260)
[2017.07.12-11.53.49:880][359]LogModuleManager: Shutting down and abandoning module PluginBrowser (258)
[2017.07.12-11.53.49:880][359]LogModuleManager: Shutting down and abandoning module MobileLauncherProfileWizard (256)
[2017.07.12-11.53.49:880][359]LogModuleManager: Shutting down and abandoning module EpicSurvey (254)
[2017.07.12-11.53.49:880][359]LogModuleManager: Shutting down and abandoning module VisualStudioSourceCodeAccess (252)
[2017.07.12-11.53.49:880][359]LogModuleManager: Shutting down and abandoning module DesktopPlatform (251)
[2017.07.12-11.53.49:880][359]LogModuleManager: Shutting down and abandoning module UObjectPlugin (248)
[2017.07.12-11.53.49:880][359]LogModuleManager: Shutting down and abandoning module SubversionSourceControl (246)
[2017.07.12-11.53.49:880][359]LogModuleManager: Shutting down and abandoning module PerforceSourceControl (244)
[2017.07.12-11.53.49:880][359]LogModuleManager: Shutting down and abandoning module GitSourceControl (242)
[2017.07.12-11.53.49:880][359]LogModuleManager: Shutting down and abandoning module SourceControl (241)
[2017.07.12-11.53.49:880][359]LogModuleManager: Shutting down and abandoning module LightPropagationVolumeEditor (238)
[2017.07.12-11.53.49:880][359]LogModuleManager: Shutting down and abandoning module PaperTiledImporter (236)
[2017.07.12-11.53.49:880][359]LogModuleManager: Shutting down and abandoning module PaperSpriteSheetImporter (234)
[2017.07.12-11.53.49:880][359]LogModuleManager: Shutting down and abandoning module Paper2DEditor (232)
[2017.07.12-11.53.49:880][359]LogModuleManager: Shutting down and abandoning module MeshPaint (231)
[2017.07.12-11.53.49:880][359]LogModuleManager: Shutting down and abandoning module LevelEditor (229)
[2017.07.12-11.53.49:881][359]LogModuleManager: Shutting down and abandoning module PixelInspectorModule (228)
[2017.07.12-11.53.49:881][359]LogModuleManager: Shutting down and abandoning module MainFrame (226)
[2017.07.12-11.53.49:881][359]LogModuleManager: Shutting down and abandoning module HotReload (225)
[2017.07.12-11.53.49:881][359]LogModuleManager: Shutting down and abandoning module ContentBrowser (221)
[2017.07.12-11.53.49:882][359]LogModuleManager: Shutting down and abandoning module PhysXVehiclesEditor (218)
[2017.07.12-11.53.49:882][359]LogModuleManager: Shutting down and abandoning module PhysXVehicles (216)
[2017.07.12-11.53.49:882][359]LogModuleManager: Shutting down and abandoning module LocationServicesBPLibrary (214)
[2017.07.12-11.53.49:882][359]LogModuleManager: Shutting down and abandoning module UdpMessaging (212)
[2017.07.12-11.53.49:983][359]LogModuleManager: Shutting down and abandoning module TcpMessaging (210)
[2017.07.12-11.53.50:083][359]LogModuleManager: Shutting down and abandoning module GameplayTagsEditor (208)
[2017.07.12-11.53.50:083][359]LogModuleManager: Shutting down and abandoning module FacialAnimationEditor (206)
[2017.07.12-11.53.50:083][359]LogModuleManager: Shutting down and abandoning module FacialAnimation (204)
[2017.07.12-11.53.50:083][359]LogModuleManager: Shutting down and abandoning module LightPropagationVolumeRuntime (202)
[2017.07.12-11.53.50:083][359]LogModuleManager: Shutting down and abandoning module Paper2D (200)
[2017.07.12-11.53.50:083][359]LogModuleManager: Shutting down and abandoning module WindowsMoviePlayer (198)
[2017.07.12-11.53.50:083][359]LogModuleManager: Shutting down and abandoning module WmfMedia (196)
[2017.07.12-11.53.50:083][359]LogModuleManager: Shutting down and abandoning module MfMedia (194)
[2017.07.12-11.53.50:083][359]LogModuleManager: Shutting down and abandoning module MediaAssets (192)
[2017.07.12-11.53.50:083][359]LogModuleManager: Shutting down and abandoning module GameLiveStreaming (190)
[2017.07.12-11.53.50:083][359]LogModuleManager: Shutting down and abandoning module VREditor (188)
[2017.07.12-11.53.50:083][359]LogModuleManager: Shutting down and abandoning module GameplayTasksEditor (186)
[2017.07.12-11.53.50:083][359]LogModuleManager: Shutting down and abandoning module BehaviorTreeEditor (184)
[2017.07.12-11.53.50:083][359]LogModuleManager: Shutting down and abandoning module FunctionalTesting (182)
[2017.07.12-11.53.50:083][359]LogModuleManager: Shutting down and abandoning module CollisionAnalyzer (180)
[2017.07.12-11.53.50:083][359]LogModuleManager: Shutting down and abandoning module UMG (178)
[2017.07.12-11.53.50:083][359]LogModuleManager: Shutting down and abandoning module UMGEditor (177)
[2017.07.12-11.53.50:083][359]LogModuleManager: Shutting down and abandoning module Sequencer (176)
[2017.07.12-11.53.50:084][359]LogModuleManager: Shutting down and abandoning module AssetTools (174)
[2017.07.12-11.53.50:084][359]LogModuleManager: Shutting down and abandoning module MessageLog (173)
[2017.07.12-11.53.50:084][359]LogModuleManager: Shutting down and abandoning module WorkspaceMenuStructure (172)
[2017.07.12-11.53.50:084][359]LogModuleManager: Shutting down and abandoning module SlateReflector (166)
[2017.07.12-11.53.50:084][359]LogModuleManager: Shutting down and abandoning module Slate (164)
[2017.07.12-11.53.50:084][359]LogModuleManager: Shutting down and abandoning module EditorStyle (162)
[2017.07.12-11.53.50:085][359]LogModuleManager: Shutting down and abandoning module SourceCodeAccess (160)
[2017.07.12-11.53.50:085][359]LogModuleManager: Shutting down and abandoning module HeadMountedDisplay (158)
[2017.07.12-11.53.50:085][359]LogModuleManager: Shutting down and abandoning module XAudio2 (156)
[2017.07.12-11.53.50:085][359]LogModuleManager: Shutting down and abandoning module Networking (154)
[2017.07.12-11.53.50:085][359]LogModuleManager: Shutting down and abandoning module Core (150)
[2017.07.12-11.53.50:085][359]LogModuleManager: Shutting down and abandoning module AssetRegistry (148)
[2017.07.12-11.53.50:247][359]LogDirectoryWatcher: A directory notification for '../../../Engine/Content/' was aborted.
[2017.07.12-11.53.50:247][359]LogDirectoryWatcher: A directory notification for '../../../../../../Unreal Projects/DSHockeyGame/Content/' was aborted.
[2017.07.12-11.53.50:247][359]LogDirectoryWatcher: A directory notification for '../../../Engine/Plugins/2D/Paper2D/Content/' was aborted.
[2017.07.12-11.53.50:247][359]LogModuleManager: Shutting down and abandoning module DirectoryWatcher (147)
[2017.07.12-11.53.50:247][359]LogModuleManager: Shutting down and abandoning module KismetCompiler (144)
[2017.07.12-11.53.50:247][359]LogModuleManager: Shutting down and abandoning module PhysXFormats (142)
[2017.07.12-11.53.50:247][359]LogModuleManager: Shutting down and abandoning module MeshUtilities (140)
[2017.07.12-11.53.50:247][359]LogModuleManager: Shutting down and abandoning module SimplygonSwarm (139)
[2017.07.12-11.53.50:247][359]LogModuleManager: Shutting down and abandoning module SimplygonMeshReduction (137)
[2017.07.12-11.53.50:247][359]LogModuleManager: Shutting down and abandoning module QuadricMeshReduction (135)
[2017.07.12-11.53.50:247][359]LogModuleManager: Shutting down and abandoning module PropertyEditor (133)
[2017.07.12-11.53.50:247][359]LogModuleManager: Shutting down and abandoning module DerivedDataCache (130)
[2017.07.12-11.53.50:283][359]LogDerivedDataCache: Shutdown
[2017.07.12-11.53.50:283][359]LogModuleManager: Shutting down and abandoning module TargetPlatform (128)
[2017.07.12-11.53.50:283][359]LogModuleManager: Shutting down and abandoning module VulkanShaderFormat (127)
[2017.07.12-11.53.50:283][359]LogModuleManager: Shutting down and abandoning module ShaderFormatOpenGL (125)
[2017.07.12-11.53.50:283][359]LogModuleManager: Shutting down and abandoning module ShaderFormatD3D (123)
[2017.07.12-11.53.50:283][359]LogModuleManager: Shutting down and abandoning module MetalShaderFormat (121)
[2017.07.12-11.53.50:283][359]LogModuleManager: Shutting down and abandoning module TextureFormatUncompressed (119)
[2017.07.12-11.53.50:283][359]LogModuleManager: Shutting down and abandoning module TextureFormatPVR (117)
[2017.07.12-11.53.50:283][359]LogModuleManager: Shutting down and abandoning module TextureFormatDXT (115)
[2017.07.12-11.53.50:283][359]LogModuleManager: Shutting down and abandoning module TextureFormatIntelISPCTexComp (113)
[2017.07.12-11.53.50:283][359]LogModuleManager: Shutting down and abandoning module TextureFormatASTC (111)
[2017.07.12-11.53.50:283][359]LogModuleManager: Shutting down and abandoning module ImageWrapper (110)
[2017.07.12-11.53.50:283][359]LogModuleManager: Shutting down and abandoning module TextureFormatAndroid (107)
[2017.07.12-11.53.50:283][359]LogModuleManager: Shutting down and abandoning module AudioFormatOpus (105)
[2017.07.12-11.53.50:283][359]LogModuleManager: Shutting down and abandoning module AudioFormatOgg (103)
[2017.07.12-11.53.50:283][359]LogModuleManager: Shutting down and abandoning module AudioFormatADPCM (101)
[2017.07.12-11.53.50:283][359]LogModuleManager: Shutting down and abandoning module LinuxTargetPlatform (99)
[2017.07.12-11.53.50:283][359]LogModuleManager: Shutting down and abandoning module LinuxServerTargetPlatform (97)
[2017.07.12-11.53.50:283][359]LogModuleManager: Shutting down and abandoning module LinuxNoEditorTargetPlatform (95)
[2017.07.12-11.53.50:283][359]LogModuleManager: Shutting down and abandoning module LinuxClientTargetPlatform (93)
[2017.07.12-11.53.50:283][359]LogModuleManager: Shutting down and abandoning module TVOSTargetPlatform (91)
[2017.07.12-11.53.50:283][359]LogModuleManager: Shutting down and abandoning module Messaging (89)
[2017.07.12-11.53.50:283][359]LogModuleManager: Shutting down and abandoning module IOSTargetPlatform (87)
[2017.07.12-11.53.50:283][359]LogModuleManager: Shutting down and abandoning module HTML5TargetPlatform (85)
[2017.07.12-11.53.50:283][359]LogModuleManager: Shutting down and abandoning module Android_PVRTCTargetPlatform (83)
[2017.07.12-11.53.50:283][359]LogModuleManager: Shutting down and abandoning module Android_MultiTargetPlatform (81)
[2017.07.12-11.53.50:283][359]LogModuleManager: Shutting down and abandoning module Android_ETC2TargetPlatform (79)
[2017.07.12-11.53.50:283][359]LogModuleManager: Shutting down and abandoning module Android_ETC1TargetPlatform (77)
[2017.07.12-11.53.50:283][359]LogModuleManager: Shutting down and abandoning module Android_DXTTargetPlatform (75)
[2017.07.12-11.53.50:283][359]LogModuleManager: Shutting down and abandoning module Android_ATCTargetPlatform (73)
[2017.07.12-11.53.50:283][359]LogModuleManager: Shutting down and abandoning module Android_ASTCTargetPlatform (71)
[2017.07.12-11.53.50:283][359]LogModuleManager: Shutting down and abandoning module AndroidTargetPlatform (69)
[2017.07.12-11.53.50:283][359]LogModuleManager: Shutting down and abandoning module WindowsTargetPlatform (67)
[2017.07.12-11.53.50:283][359]LogModuleManager: Shutting down and abandoning module WindowsServerTargetPlatform (65)
[2017.07.12-11.53.50:283][359]LogModuleManager: Shutting down and abandoning module WindowsNoEditorTargetPlatform (63)
[2017.07.12-11.53.50:283][359]LogModuleManager: Shutting down and abandoning module WindowsClientTargetPlatform (61)
[2017.07.12-11.53.50:283][359]LogModuleManager: Shutting down and abandoning module MacTargetPlatform (59)
[2017.07.12-11.53.50:283][359]LogModuleManager: Shutting down and abandoning module MacServerTargetPlatform (57)
[2017.07.12-11.53.50:284][359]LogModuleManager: Shutting down and abandoning module MacNoEditorTargetPlatform (55)
[2017.07.12-11.53.50:284][359]LogModuleManager: Shutting down and abandoning module MacClientTargetPlatform (53)
[2017.07.12-11.53.50:284][359]LogModuleManager: Shutting down and abandoning module AllDesktopTargetPlatform (51)
[2017.07.12-11.53.50:284][359]LogModuleManager: Shutting down and abandoning module InputCore (48)
[2017.07.12-11.53.50:284][359]LogModuleManager: Shutting down and abandoning module Settings (46)
[2017.07.12-11.53.50:284][359]LogModuleManager: Shutting down and abandoning module ExampleDeviceProfileSelector (44)
[2017.07.12-11.53.50:284][359]LogModuleManager: Shutting down and abandoning module OnlineBlueprintSupport (42)
[2017.07.12-11.53.50:284][359]LogModuleManager: Shutting down and abandoning module OnlineSubsystem (38)
[2017.07.12-11.53.50:284][359]LogOnline:Display: Unloading online subsystem: NULL
[2017.07.12-11.53.50:284][359]LogModuleManager: Shutting down and abandoning module XMPP (37)
[2017.07.12-11.53.50:284][359]LogModuleManager: Shutting down and abandoning module HTTP (35)
[2017.07.12-11.53.50:284][359]LogHttp:Display: Http module shutting down, but needs to wait on 1 outstanding Http requests:
[2017.07.12-11.53.50:284][359]LogHttp:Display: 	verb=[POST] url=[https://datarouter.ol.epicgames.com/datarouter/api/v1/public/data?SessionID=%7BD7A66149-4782-207B-B0D5-F9A59172EF93%7D&AppID=UEEditor.Rocket.Release&AppVersion=4.15.0-3299760%2B%2B%2BUE4%2BRelease-4.15&UserID=9fc6be7249b4dd4e971358a79c5d3ca6%7Cda5e8e5ee56f472eb12f7f388908bd73%7Cda5e9fe5-2dba-4968-8159-cdb95a48aa59&AppEnvironment=datacollector-binary&UploadType=eteventstream] status=Processing
[2017.07.12-11.53.50:303][359]LogModuleManager: Shutting down and abandoning module SSL (34)
[2017.07.12-11.53.50:304][359]LogModuleManager: Shutting down and abandoning module AudioEditor (30)
[2017.07.12-11.53.50:304][359]LogModuleManager: Shutting down and abandoning module TextureCompressor (28)
[2017.07.12-11.53.50:304][359]LogModuleManager: Shutting down and abandoning module ShaderCore (26)
[2017.07.12-11.53.50:304][359]LogModuleManager: Shutting down and abandoning module Landscape (24)
[2017.07.12-11.53.50:304][359]LogModuleManager: Shutting down and abandoning module SlateRHIRenderer (22)
[2017.07.12-11.53.50:305][359]LogModuleManager: Shutting down and abandoning module OpenGLDrv (20)
[2017.07.12-11.53.50:305][359]LogModuleManager: Shutting down and abandoning module D3D11RHI (18)
[2017.07.12-11.53.50:305][359]LogModuleManager: Shutting down and abandoning module AnimGraphRuntime (16)
[2017.07.12-11.53.50:305][359]LogModuleManager: Shutting down and abandoning module Renderer (14)
[2017.07.12-11.53.50:305][359]LogModuleManager: Shutting down and abandoning module Engine (12)
[2017.07.12-11.53.50:305][359]LogModuleManager: Shutting down and abandoning module CoreUObject (10)
[2017.07.12-11.53.50:305][359]LogModuleManager: Shutting down and abandoning module NetworkFile (8)
[2017.07.12-11.53.50:305][359]LogModuleManager: Shutting down and abandoning module StreamingFile (6)
[2017.07.12-11.53.50:305][359]LogModuleManager: Shutting down and abandoning module SandboxFile (4)
[2017.07.12-11.53.50:305][359]LogModuleManager: Shutting down and abandoning module PakFile (2)
[2017.07.12-11.53.50:306][359]LogExit: Exiting.
[2017.07.12-11.53.50:308][359]Log file closed, 07/12/17 13:53:50
